"../../../Engine/Content/ArtTools/RenderToTexture/Enums/RenderToTexture_Enum.uasset" 0
"../../../Engine/Content/ArtTools/RenderToTexture/Enums/RenderToTexture_Enum.uexp" 1
"../../../Engine/Content/ArtTools/RenderToTexture/Enums/RenderToTexture_Flipbook_Enum.uasset" 2
"../../../Engine/Content/ArtTools/RenderToTexture/Enums/RenderToTexture_Flipbook_Enum.uexp" 3
"../../../Engine/Content/ArtTools/RenderToTexture/Enums/RenderToTexture_Imposter_Enum.uasset" 4
"../../../Engine/Content/ArtTools/RenderToTexture/Enums/RenderToTexture_Imposter_Enum.uexp" 5
"../../../Engine/Content/EditorBlueprintResources/StandardMacros.uasset" 6
"../../../Engine/Content/EditorBlueprintResources/StandardMacros.uexp" 7
"../../../Engine/Content/ArtTools/RenderToTexture/Enums/EIntTypes.uasset" 8
"../../../Engine/Content/ArtTools/RenderToTexture/Enums/EIntTypes.uexp" 9
"../../../Engine/Content/ArtTools/RenderToTexture/Macros/RenderToTextureFunctionLibrary.uasset" 10
"../../../Engine/Content/ArtTools/RenderToTexture/Macros/RenderToTextureFunctionLibrary.uexp" 11
"../../../Engine/Content/ArtTools/RenderToTexture/Enums/EFloatTypes.uasset" 12
"../../../Engine/Content/ArtTools/RenderToTexture/Enums/EFloatTypes.uexp" 13
"../../../Engine/Content/ArtTools/RenderToTexture/Macros/RenderToTextureMacros.uasset" 14
"../../../Engine/Content/ArtTools/RenderToTexture/Macros/RenderToTextureMacros.uexp" 15
"../../../Engine/Content/Functions/Engine_MaterialFunctions01/Opacity/CameraDepthFade.uasset" 16
"../../../Engine/Content/Functions/Engine_MaterialFunctions01/Opacity/CameraDepthFade.uexp" 17
"../../../Engine/Content/EngineMaterials/T_Default_Material_Grid_M.uasset" 18
"../../../Engine/Content/EngineMaterials/T_Default_Material_Grid_M.uexp" 19
"../../../Engine/Content/EngineMaterials/T_Default_Material_Grid_M.ubulk" 20
"../../../Engine/Content/EngineMaterials/T_Default_Material_Grid_N.uasset" 21
"../../../Engine/Content/EngineMaterials/T_Default_Material_Grid_N.uexp" 22
"../../../Engine/Content/EngineMaterials/T_Default_Material_Grid_N.ubulk" 23
"../../../Engine/Content/EngineMaterials/WorldGridMaterial.uasset" 24
"../../../Engine/Content/EngineMaterials/WorldGridMaterial.uexp" 25
"../../../Engine/Content/ArtTools/RenderToTexture/Meshes/S_1_Unit_Plane.uasset" 26
"../../../Engine/Content/ArtTools/RenderToTexture/Meshes/S_1_Unit_Plane.uexp" 27
"../../../Engine/Content/ArtTools/RenderToTexture/Meshes/S_1_Unit_Plane.ubulk" 28
"../../../Engine/Content/EngineMaterials/DefaultMaterial.uasset" 29
"../../../Engine/Content/EngineMaterials/DefaultMaterial.uexp" 30
"../../../Engine/Content/BasicShapes/Cone.uasset" 31
"../../../Engine/Content/BasicShapes/Cone.uexp" 32
"../../../Engine/Content/BasicShapes/Cone.ubulk" 33
"../../../Engine/Content/BasicShapes/Cube.uasset" 34
"../../../Engine/Content/BasicShapes/Cube.uexp" 35
"../../../Engine/Content/BasicShapes/Cube.ubulk" 36
"../../../Engine/Content/BasicShapes/Plane.uasset" 37
"../../../Engine/Content/BasicShapes/Plane.uexp" 38
"../../../Engine/Content/BasicShapes/Plane.ubulk" 39
"../../../Engine/Content/BasicShapes/Sphere.uasset" 40
"../../../Engine/Content/BasicShapes/Sphere.uexp" 41
"../../../Engine/Content/BasicShapes/Sphere.ubulk" 42
"../../../Engine/Content/EngineMaterials/DefaultPhysicalMaterial.uasset" 43
"../../../Engine/Content/EngineMaterials/DefaultPhysicalMaterial.uexp" 44
"../../../Engine/Content/BufferVisualization/AmbientOcclusion.uasset" 45
"../../../Engine/Content/BufferVisualization/AmbientOcclusion.uexp" 46
"../../../Engine/Content/Functions/Engine_MaterialFunctions02/Utility/AppendMany.uasset" 47
"../../../Engine/Content/Functions/Engine_MaterialFunctions02/Utility/AppendMany.uexp" 48
"../../../Engine/Content/BufferVisualization/Anisotropy.uasset" 49
"../../../Engine/Content/BufferVisualization/Anisotropy.uexp" 50
"../../../Engine/Content/BufferVisualization/BaseColor.uasset" 51
"../../../Engine/Content/BufferVisualization/BaseColor.uexp" 52
"../../../Engine/Content/BufferVisualization/CustomDepth.uasset" 53
"../../../Engine/Content/BufferVisualization/CustomDepth.uexp" 54
"../../../Engine/Content/Functions/Engine_MaterialFunctions02/Utility/VectorLength.uasset" 55
"../../../Engine/Content/Functions/Engine_MaterialFunctions02/Utility/VectorLength.uexp" 56
"../../../Engine/Content/BufferVisualization/CustomDepthWorldUnits.uasset" 57
"../../../Engine/Content/BufferVisualization/CustomDepthWorldUnits.uexp" 58
"../../../Engine/Content/Functions/Engine_MaterialFunctions02/Utility/BreakOutFloat2Components.uasset" 59
"../../../Engine/Content/Functions/Engine_MaterialFunctions02/Utility/BreakOutFloat2Components.uexp" 60
"../../../Engine/Content/Functions/Engine_MaterialFunctions01/Texturing/ScaleUVsByCenter.uasset" 61
"../../../Engine/Content/Functions/Engine_MaterialFunctions01/Texturing/ScaleUVsByCenter.uexp" 62
"../../../Engine/Content/Functions/Engine_MaterialFunctions02/Utility/MakeFloat3.uasset" 63
"../../../Engine/Content/Functions/Engine_MaterialFunctions02/Utility/MakeFloat3.uexp" 64
"../../../Engine/Content/EngineMaterials/MiniFont.uasset" 65
"../../../Engine/Content/EngineMaterials/MiniFont.uexp" 66
"../../../Engine/Content/Functions/Engine_MaterialFunctions02/ScreenResolution.uasset" 67
"../../../Engine/Content/Functions/Engine_MaterialFunctions02/ScreenResolution.uexp" 68
"../../../Engine/Content/Functions/Engine_MaterialFunctions02/Texturing/ScreenAlignedUVs.uasset" 69
"../../../Engine/Content/Functions/Engine_MaterialFunctions02/Texturing/ScreenAlignedUVs.uexp" 70
"../../../Engine/Content/Functions/Engine_MaterialFunctions02/Utility/MakeFloat2.uasset" 71
"../../../Engine/Content/Functions/Engine_MaterialFunctions02/Utility/MakeFloat2.uexp" 72
"../../../Engine/Content/BufferVisualization/CustomStencil.uasset" 73
"../../../Engine/Content/BufferVisualization/CustomStencil.uexp" 74
"../../../Engine/Content/BufferVisualization/FinalImage.uasset" 75
"../../../Engine/Content/BufferVisualization/FinalImage.uexp" 76
"../../../Engine/Content/BufferVisualization/LightingModel.uasset" 77
"../../../Engine/Content/BufferVisualization/LightingModel.uexp" 78
"../../../Engine/Content/BufferVisualization/MaterialAO.uasset" 79
"../../../Engine/Content/BufferVisualization/MaterialAO.uexp" 80
"../../../Engine/Content/BufferVisualization/Metallic.uasset" 81
"../../../Engine/Content/BufferVisualization/Metallic.uexp" 82
"../../../Engine/Content/BufferVisualization/Opacity.uasset" 83
"../../../Engine/Content/BufferVisualization/Opacity.uexp" 84
"../../../Engine/Content/BufferVisualization/PostTonemapHDRColor.uasset" 85
"../../../Engine/Content/BufferVisualization/PostTonemapHDRColor.uexp" 86
"../../../Engine/Content/BufferVisualization/PreTonemapHDRColor.uasset" 87
"../../../Engine/Content/BufferVisualization/PreTonemapHDRColor.uexp" 88
"../../../Engine/Content/BufferVisualization/Roughness.uasset" 89
"../../../Engine/Content/BufferVisualization/Roughness.uexp" 90
"../../../Engine/Content/BufferVisualization/SceneColor.uasset" 91
"../../../Engine/Content/BufferVisualization/SceneColor.uexp" 92
"../../../Engine/Content/BufferVisualization/SceneDepth.uasset" 93
"../../../Engine/Content/BufferVisualization/SceneDepth.uexp" 94
"../../../Engine/Content/BufferVisualization/SceneDepthWorldUnits.uasset" 95
"../../../Engine/Content/BufferVisualization/SceneDepthWorldUnits.uexp" 96
"../../../Engine/Content/BufferVisualization/SeparateTranslucencyA.uasset" 97
"../../../Engine/Content/BufferVisualization/SeparateTranslucencyA.uexp" 98
"../../../Engine/Content/BufferVisualization/SeparateTranslucencyRGB.uasset" 99
"../../../Engine/Content/BufferVisualization/SeparateTranslucencyRGB.uexp" 100
"../../../Engine/Content/BufferVisualization/Specular.uasset" 101
"../../../Engine/Content/BufferVisualization/Specular.uexp" 102
"../../../Engine/Content/BufferVisualization/SubsurfaceColor.uasset" 103
"../../../Engine/Content/BufferVisualization/SubsurfaceColor.uexp" 104
"../../../Engine/Content/BufferVisualization/Velocity.uasset" 105
"../../../Engine/Content/BufferVisualization/Velocity.uexp" 106
"../../../Engine/Content/BufferVisualization/WorldNormal.uasset" 107
"../../../Engine/Content/BufferVisualization/WorldNormal.uexp" 108
"../../../Engine/Content/BufferVisualization/WorldTangent.uasset" 109
"../../../Engine/Content/BufferVisualization/WorldTangent.uexp" 110
"../../../Engine/Content/EditorBlueprintResources/ActorMacros.uasset" 111
"../../../Engine/Content/EditorBlueprintResources/ActorMacros.uexp" 112
"../../../Engine/Content/EditorLandscapeResources/DataLayer.uasset" 113
"../../../Engine/Content/EditorLandscapeResources/DataLayer.uexp" 114
"../../../Engine/Content/EditorLandscapeResources/DefaultAlphaTexture.uasset" 115
"../../../Engine/Content/EditorLandscapeResources/DefaultAlphaTexture.uexp" 116
"../../../Engine/Content/EditorLandscapeResources/LandscapeGizmoHeight_Mat.uasset" 117
"../../../Engine/Content/EditorLandscapeResources/LandscapeGizmoHeight_Mat.uexp" 118
"../../../Engine/Content/EditorLandscapeResources/LandscapeGizmo_Mat.uasset" 119
"../../../Engine/Content/EditorLandscapeResources/LandscapeGizmo_Mat.uexp" 120
"../../../Engine/Content/EditorLandscapeResources/LandscapeGizmo_Mat_Copied.uasset" 121
"../../../Engine/Content/EditorLandscapeResources/LandscapeGizmo_Mat_Copied.uexp" 122
"../../../Engine/Content/EditorLandscapeResources/SplineEditorMeshMat.uasset" 123
"../../../Engine/Content/EditorLandscapeResources/SplineEditorMeshMat.uexp" 124
"../../../Engine/Content/EditorLandscapeResources/SplineEditorMesh.uasset" 125
"../../../Engine/Content/EditorLandscapeResources/SplineEditorMesh.uexp" 126
"../../../Engine/Content/EditorLandscapeResources/SplineEditorMesh.ubulk" 127
"../../../Engine/Content/EditorMaterials/Cross.uasset" 128
"../../../Engine/Content/EditorMaterials/Cross.uexp" 129
"../../../Engine/Content/EditorMaterials/Cross_Mat.uasset" 130
"../../../Engine/Content/EditorMaterials/Cross_Mat.uexp" 131
"../../../Engine/Content/Functions/Engine_MaterialFunctions02/Utility/Sign.uasset" 132
"../../../Engine/Content/Functions/Engine_MaterialFunctions02/Utility/Sign.uexp" 133
"../../../Engine/Content/Functions/Engine_MaterialFunctions02/Utility/Round.uasset" 134
"../../../Engine/Content/Functions/Engine_MaterialFunctions02/Utility/Round.uexp" 135
"../../../Engine/Content/Functions/Engine_MaterialFunctions02/ExampleContent/Textures/flipbook.uasset" 136
"../../../Engine/Content/Functions/Engine_MaterialFunctions02/ExampleContent/Textures/flipbook.uexp" 137
"../../../Engine/Content/Functions/Engine_MaterialFunctions02/ExampleContent/Textures/flipbook.ubulk" 138
"../../../Engine/Content/EngineMaterials/DefaultDiffuse.uasset" 139
"../../../Engine/Content/EngineMaterials/DefaultDiffuse.uexp" 140
"../../../Engine/Content/EngineMaterials/DefaultDiffuse.ubulk" 141
"../../../Engine/Content/Functions/Engine_MaterialFunctions01/Texturing/TextureCropping.uasset" 142
"../../../Engine/Content/Functions/Engine_MaterialFunctions01/Texturing/TextureCropping.uexp" 143
"../../../Engine/Content/Functions/Engine_MaterialFunctions01/Texturing/ComputeMipLevel.uasset" 144
"../../../Engine/Content/Functions/Engine_MaterialFunctions01/Texturing/ComputeMipLevel.uexp" 145
"../../../Engine/Content/Functions/Engine_MaterialFunctions02/ExampleContent/Textures/DebugNumberPeriod.uasset" 146
"../../../Engine/Content/Functions/Engine_MaterialFunctions02/ExampleContent/Textures/DebugNumberPeriod.uexp" 147
"../../../Engine/Content/Functions/Engine_MaterialFunctions02/ExampleContent/DebugNumberStrip.uasset" 148
"../../../Engine/Content/Functions/Engine_MaterialFunctions02/ExampleContent/DebugNumberStrip.uexp" 149
"../../../Engine/Content/Functions/Engine_MaterialFunctions02/Utility/DebugScalarValues.uasset" 150
"../../../Engine/Content/Functions/Engine_MaterialFunctions02/Utility/DebugScalarValues.uexp" 151
"../../../Engine/Content/Functions/Engine_MaterialFunctions02/Utility/DebugFloat2Values.uasset" 152
"../../../Engine/Content/Functions/Engine_MaterialFunctions02/Utility/DebugFloat2Values.uexp" 153
"../../../Engine/Content/Functions/Engine_MaterialFunctions02/Texturing/FlipBook.uasset" 154
"../../../Engine/Content/Functions/Engine_MaterialFunctions02/Texturing/FlipBook.uexp" 155
"../../../Engine/Content/EditorResources/T_EditorHelp.uasset" 156
"../../../Engine/Content/EditorResources/T_EditorHelp.uexp" 157
"../../../Engine/Content/EditorResources/T_EditorHelp.ubulk" 158
"../../../Engine/Content/EditorMaterials/HelpActorMaterial.uasset" 159
"../../../Engine/Content/EditorMaterials/HelpActorMaterial.uexp" 160
"../../../Engine/Content/EditorMaterials/CompositeARGBLayer.uasset" 161
"../../../Engine/Content/EditorMaterials/CompositeARGBLayer.uexp" 162
"../../../Engine/Content/EngineMaterials/BlendFunc_DefBase.uasset" 163
"../../../Engine/Content/EngineMaterials/BlendFunc_DefBase.uexp" 164
"../../../Engine/Content/EngineMaterials/BlendFunc_DefBlend.uasset" 165
"../../../Engine/Content/EngineMaterials/BlendFunc_DefBlend.uexp" 166
"../../../Engine/Content/Functions/Engine_MaterialFunctions03/Blends/Blend_Screen.uasset" 167
"../../../Engine/Content/Functions/Engine_MaterialFunctions03/Blends/Blend_Screen.uexp" 168
"../../../Engine/Content/Functions/Engine_MaterialFunctions03/Procedurals/ComputeFilterWidth.uasset" 169
"../../../Engine/Content/Functions/Engine_MaterialFunctions03/Procedurals/ComputeFilterWidth.uexp" 170
"../../../Engine/Content/EditorMaterials/TilingAALineIntegral.uasset" 171
"../../../Engine/Content/EditorMaterials/TilingAALineIntegral.uexp" 172
"../../../Engine/Content/EditorMaterials/TilingAALineBoxFiltered.uasset" 173
"../../../Engine/Content/EditorMaterials/TilingAALineBoxFiltered.uexp" 174
"../../../Engine/Content/EditorMaterials/TilingAADots.uasset" 175
"../../../Engine/Content/EditorMaterials/TilingAADots.uexp" 176
"../../../Engine/Content/EditorMaterials/TilingAAGrid.uasset" 177
"../../../Engine/Content/EditorMaterials/TilingAAGrid.uexp" 178
"../../../Engine/Content/EditorMaterials/LevelGridMaterial.uasset" 179
"../../../Engine/Content/EditorMaterials/LevelGridMaterial.uexp" 180
"../../../Engine/Content/EditorMaterials/MakeCompositeARGBLayer.uasset" 181
"../../../Engine/Content/EditorMaterials/MakeCompositeARGBLayer.uexp" 182
"../../../Engine/Content/EditorResources/LevelGrid1DStripes.uasset" 183
"../../../Engine/Content/EditorResources/LevelGrid1DStripes.uexp" 184
"../../../Engine/Content/EditorMaterials/TextureGridCascaded1D.uasset" 185
"../../../Engine/Content/EditorMaterials/TextureGridCascaded1D.uexp" 186
"../../../Engine/Content/EditorMaterials/TextureGridCascaded2D.uasset" 187
"../../../Engine/Content/EditorMaterials/TextureGridCascaded2D.uexp" 188
"../../../Engine/Content/EditorMaterials/LevelGridMaterial2.uasset" 189
"../../../Engine/Content/EditorMaterials/LevelGridMaterial2.uexp" 190
"../../../Engine/Content/EditorMaterials/MAT_Groups_Toggle.uasset" 191
"../../../Engine/Content/EditorMaterials/MAT_Groups_Toggle.uexp" 192
"../../../Engine/Content/EditorMaterials/MAT_Groups_Visibility.uasset" 193
"../../../Engine/Content/EditorMaterials/MAT_Groups_Visibility.uexp" 194
"../../../Engine/Content/EditorMaterials/AntialiasedGridFloor.uasset" 195
"../../../Engine/Content/EditorMaterials/AntialiasedGridFloor.uexp" 196
"../../../Engine/Content/EditorResources/TilePatine_D.uasset" 197
"../../../Engine/Content/EditorResources/TilePatine_D.uexp" 198
"../../../Engine/Content/EditorResources/TilePatine_D.ubulk" 199
"../../../Engine/Content/EditorResources/TilePatine_N.uasset" 200
"../../../Engine/Content/EditorResources/TilePatine_N.uexp" 201
"../../../Engine/Content/EditorResources/TilePatine_N.ubulk" 202
"../../../Engine/Content/EngineMaterials/Grid.uasset" 203
"../../../Engine/Content/EngineMaterials/Grid.uexp" 204
"../../../Engine/Content/EngineMaterials/Grid.ubulk" 205
"../../../Engine/Content/EditorMaterials/PersonaFloorMat.uasset" 206
"../../../Engine/Content/EditorMaterials/PersonaFloorMat.uexp" 207
"../../../Engine/Content/EditorMaterials/PhAT_BoneSelectedMaterial.uasset" 208
"../../../Engine/Content/EditorMaterials/PhAT_BoneSelectedMaterial.uexp" 209
"../../../Engine/Content/EditorMaterials/PhAT_ElemSelectedMaterial.uasset" 210
"../../../Engine/Content/EditorMaterials/PhAT_ElemSelectedMaterial.uexp" 211
"../../../Engine/Content/EditorMaterials/PhAT_NoCollisionMaterial.uasset" 212
"../../../Engine/Content/EditorMaterials/PhAT_NoCollisionMaterial.uexp" 213
"../../../Engine/Content/EditorMaterials/PhAT_UnselectedMaterial.uasset" 214
"../../../Engine/Content/EditorMaterials/PhAT_UnselectedMaterial.uexp" 215
"../../../Engine/Content/EditorMaterials/PreviewShadowIndicator.uasset" 216
"../../../Engine/Content/EditorMaterials/PreviewShadowIndicator.uexp" 217
"../../../Engine/Content/EditorMaterials/PreviewShadowIndicator.ubulk" 218
"../../../Engine/Content/EditorMaterials/PreviewShadowIndicatorMaterial.uasset" 219
"../../../Engine/Content/EditorMaterials/PreviewShadowIndicatorMaterial.uexp" 220
"../../../Engine/Content/EditorMaterials/TargetIcon.uasset" 221
"../../../Engine/Content/EditorMaterials/TargetIcon.uexp" 222
"../../../Engine/Content/EditorMaterials/TargetIcon.ubulk" 223
"../../../Engine/Content/EditorMaterials/Tick.uasset" 224
"../../../Engine/Content/EditorMaterials/Tick.uexp" 225
"../../../Engine/Content/EditorMaterials/Tick_Mat.uasset" 226
"../../../Engine/Content/EditorMaterials/Tick_Mat.uexp" 227
"../../../Engine/Content/EditorMaterials/WidgetGridVertexColorMaterial.uasset" 228
"../../../Engine/Content/EditorMaterials/WidgetGridVertexColorMaterial.uexp" 229
"../../../Engine/Content/EditorMaterials/WidgetGridVertexColorMaterial.ubulk" 230
"../../../Engine/Content/EditorMaterials/WidgetGridVertexColorMaterial_Ma.uasset" 231
"../../../Engine/Content/EditorMaterials/WidgetGridVertexColorMaterial_Ma.uexp" 232
"../../../Engine/Content/EditorMaterials/WidgetMaterial.uasset" 233
"../../../Engine/Content/EditorMaterials/WidgetMaterial.uexp" 234
"../../../Engine/Content/EditorMaterials/WidgetMaterial_Current.uasset" 235
"../../../Engine/Content/EditorMaterials/WidgetMaterial_Current.uexp" 236
"../../../Engine/Content/EditorMaterials/WidgetMaterial_X.uasset" 237
"../../../Engine/Content/EditorMaterials/WidgetMaterial_X.uexp" 238
"../../../Engine/Content/EditorMaterials/WidgetMaterial_Y.uasset" 239
"../../../Engine/Content/EditorMaterials/WidgetMaterial_Y.uexp" 240
"../../../Engine/Content/EditorMaterials/WidgetMaterial_Z.uasset" 241
"../../../Engine/Content/EditorMaterials/WidgetMaterial_Z.uexp" 242
"../../../Engine/Content/EditorMaterials/WidgetVertexColorMaterial.uasset" 243
"../../../Engine/Content/EditorMaterials/WidgetVertexColorMaterial.uexp" 244
"../../../Engine/Content/EditorMaterials/MatineeGroups/MAT_ColorTrack.uasset" 245
"../../../Engine/Content/EditorMaterials/MatineeGroups/MAT_ColorTrack.uexp" 246
"../../../Engine/Content/EditorMaterials/MatineeGroups/MAT_Groups_Anim.uasset" 247
"../../../Engine/Content/EditorMaterials/MatineeGroups/MAT_Groups_Anim.uexp" 248
"../../../Engine/Content/EditorMaterials/MatineeGroups/MAT_Groups_AudioMaster.uasset" 249
"../../../Engine/Content/EditorMaterials/MatineeGroups/MAT_Groups_AudioMaster.uexp" 250
"../../../Engine/Content/EditorMaterials/MatineeGroups/MAT_Groups_Director.uasset" 251
"../../../Engine/Content/EditorMaterials/MatineeGroups/MAT_Groups_Director.uexp" 252
"../../../Engine/Content/EditorMaterials/MatineeGroups/MAT_Groups_Event.uasset" 253
"../../../Engine/Content/EditorMaterials/MatineeGroups/MAT_Groups_Event.uexp" 254
"../../../Engine/Content/EditorMaterials/MatineeGroups/MAT_Groups_Fade.uasset" 255
"../../../Engine/Content/EditorMaterials/MatineeGroups/MAT_Groups_Fade.uexp" 256
"../../../Engine/Content/EditorMaterials/MatineeGroups/MAT_Groups_Float.uasset" 257
"../../../Engine/Content/EditorMaterials/MatineeGroups/MAT_Groups_Float.uexp" 258
"../../../Engine/Content/EditorMaterials/MatineeGroups/MAT_Groups_Move.uasset" 259
"../../../Engine/Content/EditorMaterials/MatineeGroups/MAT_Groups_Move.uexp" 260
"../../../Engine/Content/EditorMaterials/MatineeGroups/MAT_Groups_Slomo.uasset" 261
"../../../Engine/Content/EditorMaterials/MatineeGroups/MAT_Groups_Slomo.uexp" 262
"../../../Engine/Content/EditorMaterials/MatineeGroups/MAT_Groups_Sound.uasset" 263
"../../../Engine/Content/EditorMaterials/MatineeGroups/MAT_Groups_Sound.uexp" 264
"../../../Engine/Content/EditorMaterials/MatineeGroups/MAT_Groups_Vector.uasset" 265
"../../../Engine/Content/EditorMaterials/MatineeGroups/MAT_Groups_Vector.uexp" 266
"../../../Engine/Content/EditorMaterials/ParticleSystems/PSysThumbnail_NoImage.uasset" 267
"../../../Engine/Content/EditorMaterials/ParticleSystems/PSysThumbnail_NoImage.uexp" 268
"../../../Engine/Content/EditorMaterials/ParticleSystems/PSysThumbnail_NoImage.ubulk" 269
"../../../Engine/Content/EditorMaterials/ParticleSystems/PSysThumbnail_OOD.uasset" 270
"../../../Engine/Content/EditorMaterials/ParticleSystems/PSysThumbnail_OOD.uexp" 271
"../../../Engine/Content/EditorMaterials/ParticleSystems/PSysThumbnail_OOD.ubulk" 272
"../../../Engine/Content/ArtTools/RenderToTexture/MaterialFunctions/CheckerPattern.uasset" 273
"../../../Engine/Content/ArtTools/RenderToTexture/MaterialFunctions/CheckerPattern.uexp" 274
"../../../Engine/Content/EditorMaterials/Thumbnails/FloorPlaneMaterial.uasset" 275
"../../../Engine/Content/EditorMaterials/Thumbnails/FloorPlaneMaterial.uexp" 276
"../../../Engine/Content/Functions/Engine_MaterialFunctions02/Utility/BreakOutFloat3Components.uasset" 277
"../../../Engine/Content/Functions/Engine_MaterialFunctions02/Utility/BreakOutFloat3Components.uexp" 278
"../../../Engine/Content/Functions/Engine_MaterialFunctions02/Utility/MakeFloat4.uasset" 279
"../../../Engine/Content/Functions/Engine_MaterialFunctions02/Utility/MakeFloat4.uexp" 280
"../../../Engine/Content/EditorMaterials/WorldPartition/WorldPartitionSpatialHashGridPreviewMaterial.uasset" 281
"../../../Engine/Content/EditorMaterials/WorldPartition/WorldPartitionSpatialHashGridPreviewMaterial.uexp" 282
"../../../Engine/Content/EditorMeshes/EditorCube.uasset" 283
"../../../Engine/Content/EditorMeshes/EditorCube.uexp" 284
"../../../Engine/Content/EditorMeshes/EditorCube.ubulk" 285
"../../../Engine/Content/EditorMeshes/EditorCylinder.uasset" 286
"../../../Engine/Content/EditorMeshes/EditorCylinder.uexp" 287
"../../../Engine/Content/EditorMeshes/EditorCylinder.ubulk" 288
"../../../Engine/Content/EditorMeshes/EditorPlane.uasset" 289
"../../../Engine/Content/EditorMeshes/EditorPlane.uexp" 290
"../../../Engine/Content/EditorMeshes/EditorPlane.ubulk" 291
"../../../Engine/Content/EditorMaterials/Thumbnails/SkySphereMaterial.uasset" 292
"../../../Engine/Content/EditorMaterials/Thumbnails/SkySphereMaterial.uexp" 293
"../../../Engine/Content/EditorMeshes/EditorSkySphere.uasset" 294
"../../../Engine/Content/EditorMeshes/EditorSkySphere.uexp" 295
"../../../Engine/Content/EditorMeshes/EditorSkySphere.ubulk" 296
"../../../Engine/Content/EditorMeshes/EditorSphere.uasset" 297
"../../../Engine/Content/EditorMeshes/EditorSphere.uexp" 298
"../../../Engine/Content/EditorMeshes/EditorSphere.ubulk" 299
"../../../Engine/Content/EditorResources/MatineeCam_D.uasset" 300
"../../../Engine/Content/EditorResources/MatineeCam_D.uexp" 301
"../../../Engine/Content/EditorMaterials/MatineeCam_mat.uasset" 302
"../../../Engine/Content/EditorMaterials/MatineeCam_mat.uexp" 303
"../../../Engine/Content/EditorMeshes/MatineeCam_SM.uasset" 304
"../../../Engine/Content/EditorMeshes/MatineeCam_SM.uexp" 305
"../../../Engine/Content/EditorMeshes/MatineeCam_SM.ubulk" 306
"../../../Engine/Content/Functions/Engine_MaterialFunctions01/Shading/ConvertFromDiffSpec.uasset" 307
"../../../Engine/Content/Functions/Engine_MaterialFunctions01/Shading/ConvertFromDiffSpec.uexp" 308
"../../../Engine/Content/EditorMaterials/GridMaterial.uasset" 309
"../../../Engine/Content/EditorMaterials/GridMaterial.uexp" 310
"../../../Engine/Content/EditorMeshes/PhAT_FloorBox.uasset" 311
"../../../Engine/Content/EditorMeshes/PhAT_FloorBox.uexp" 312
"../../../Engine/Content/EditorMeshes/PhAT_FloorBox.ubulk" 313
"../../../Engine/Content/EditorMeshes/PlanarReflectionPlane.uasset" 314
"../../../Engine/Content/EditorMeshes/PlanarReflectionPlane.uexp" 315
"../../../Engine/Content/EditorMeshes/PlanarReflectionPlane.ubulk" 316
"../../../Engine/Content/EditorMaterials/Camera/CineMat.uasset" 317
"../../../Engine/Content/EditorMaterials/Camera/CineMat.uexp" 318
"../../../Engine/Content/EditorMaterials/Camera/MI_CineMat_CameraBody.uasset" 319
"../../../Engine/Content/EditorMaterials/Camera/MI_CineMat_CameraBody.uexp" 320
"../../../Engine/Content/EngineDebugMaterials/M_SimpleOpaque.uasset" 321
"../../../Engine/Content/EngineDebugMaterials/M_SimpleOpaque.uexp" 322
"../../../Engine/Content/EditorMaterials/Camera/MI_CineMat_CamViewFinder.uasset" 323
"../../../Engine/Content/EditorMaterials/Camera/MI_CineMat_CamViewFinder.uexp" 324
"../../../Engine/Content/EditorMeshes/Camera/SM_CineCam.uasset" 325
"../../../Engine/Content/EditorMeshes/Camera/SM_CineCam.uexp" 326
"../../../Engine/Content/EditorMeshes/Camera/SM_CineCam.ubulk" 327
"../../../Engine/Content/EditorMaterials/Camera/MI_CineMat_Rig.uasset" 328
"../../../Engine/Content/EditorMaterials/Camera/MI_CineMat_Rig.uexp" 329
"../../../Engine/Content/EditorMeshes/Camera/SM_CraneRig_Arm.uasset" 330
"../../../Engine/Content/EditorMeshes/Camera/SM_CraneRig_Arm.uexp" 331
"../../../Engine/Content/EditorMeshes/Camera/SM_CraneRig_Arm.ubulk" 332
"../../../Engine/Content/EditorMeshes/Camera/SM_CraneRig_Base.uasset" 333
"../../../Engine/Content/EditorMeshes/Camera/SM_CraneRig_Base.uexp" 334
"../../../Engine/Content/EditorMeshes/Camera/SM_CraneRig_Base.ubulk" 335
"../../../Engine/Content/EditorMeshes/Camera/SM_CraneRig_Body.uasset" 336
"../../../Engine/Content/EditorMeshes/Camera/SM_CraneRig_Body.uexp" 337
"../../../Engine/Content/EditorMeshes/Camera/SM_CraneRig_Body.ubulk" 338
"../../../Engine/Content/EditorMeshes/Camera/SM_CraneRig_Mount.uasset" 339
"../../../Engine/Content/EditorMeshes/Camera/SM_CraneRig_Mount.uexp" 340
"../../../Engine/Content/EditorMeshes/Camera/SM_CraneRig_Mount.ubulk" 341
"../../../Engine/Content/EditorMeshes/Camera/SM_RailRig_Mount.uasset" 342
"../../../Engine/Content/EditorMeshes/Camera/SM_RailRig_Mount.uexp" 343
"../../../Engine/Content/EditorMeshes/Camera/SM_RailRig_Mount.ubulk" 344
"../../../Engine/Content/EditorMeshes/Camera/SM_RailRig_Track.uasset" 345
"../../../Engine/Content/EditorMeshes/Camera/SM_RailRig_Track.uexp" 346
"../../../Engine/Content/EditorMeshes/Camera/SM_RailRig_Track.ubulk" 347
"../../../Engine/Content/EditorMeshes/ColorCalibrator/M_ChromeBall.uasset" 348
"../../../Engine/Content/EditorMeshes/ColorCalibrator/M_ChromeBall.uexp" 349
"../../../Engine/Content/EditorResources/Bad.uasset" 350
"../../../Engine/Content/EditorResources/Bad.uexp" 351
"../../../Engine/Content/EditorResources/Bad.ubulk" 352
"../../../Engine/Content/EditorResources/BSPVertex.uasset" 353
"../../../Engine/Content/EditorResources/BSPVertex.uexp" 354
"../../../Engine/Content/EditorResources/EmptyActor.uasset" 355
"../../../Engine/Content/EditorResources/EmptyActor.uexp" 356
"../../../Engine/Content/EditorResources/MatInstActSprite.uasset" 357
"../../../Engine/Content/EditorResources/MatInstActSprite.uexp" 358
"../../../Engine/Content/EditorResources/SceneManager.uasset" 359
"../../../Engine/Content/EditorResources/SceneManager.uexp" 360
"../../../Engine/Content/EditorResources/SceneManager.ubulk" 361
"../../../Engine/Content/EditorResources/SmallFont.uasset" 362
"../../../Engine/Content/EditorResources/SmallFont.uexp" 363
"../../../Engine/Content/EditorResources/S_Actor.uasset" 364
"../../../Engine/Content/EditorResources/S_Actor.uexp" 365
"../../../Engine/Content/EditorResources/S_Actor.ubulk" 366
"../../../Engine/Content/EditorResources/S_AtmosphericHeightFog.uasset" 367
"../../../Engine/Content/EditorResources/S_AtmosphericHeightFog.uexp" 368
"../../../Engine/Content/EditorResources/S_BoxReflectionCapture.uasset" 369
"../../../Engine/Content/EditorResources/S_BoxReflectionCapture.uexp" 370
"../../../Engine/Content/EditorResources/S_CameraShakeSource.uasset" 371
"../../../Engine/Content/EditorResources/S_CameraShakeSource.uexp" 372
"../../../Engine/Content/EditorResources/S_DecalActorIcon.uasset" 373
"../../../Engine/Content/EditorResources/S_DecalActorIcon.uexp" 374
"../../../Engine/Content/EditorResources/S_Emitter.uasset" 375
"../../../Engine/Content/EditorResources/S_Emitter.uexp" 376
"../../../Engine/Content/EditorResources/S_ExpoHeightFog.uasset" 377
"../../../Engine/Content/EditorResources/S_ExpoHeightFog.uexp" 378
"../../../Engine/Content/EditorResources/S_FTest.uasset" 379
"../../../Engine/Content/EditorResources/S_FTest.uexp" 380
"../../../Engine/Content/EditorResources/S_KBSJoint.uasset" 381
"../../../Engine/Content/EditorResources/S_KBSJoint.uexp" 382
"../../../Engine/Content/EditorResources/S_KBSJoint.ubulk" 383
"../../../Engine/Content/EditorResources/S_KHinge.uasset" 384
"../../../Engine/Content/EditorResources/S_KHinge.uexp" 385
"../../../Engine/Content/EditorResources/S_KHinge.ubulk" 386
"../../../Engine/Content/EditorResources/S_KPrismatic.uasset" 387
"../../../Engine/Content/EditorResources/S_KPrismatic.uexp" 388
"../../../Engine/Content/EditorResources/S_KPrismatic.ubulk" 389
"../../../Engine/Content/EditorResources/S_LevelSequence.uasset" 390
"../../../Engine/Content/EditorResources/S_LevelSequence.uexp" 391
"../../../Engine/Content/EditorResources/S_LevelSequence.ubulk" 392
"../../../Engine/Content/EditorResources/S_NavP.uasset" 393
"../../../Engine/Content/EditorResources/S_NavP.uexp" 394
"../../../Engine/Content/EditorResources/S_NavP.ubulk" 395
"../../../Engine/Content/EditorResources/S_Note.uasset" 396
"../../../Engine/Content/EditorResources/S_Note.uexp" 397
"../../../Engine/Content/EditorResources/S_Player.uasset" 398
"../../../Engine/Content/EditorResources/S_Player.uexp" 399
"../../../Engine/Content/EditorResources/S_PortalActorIcon2.uasset" 400
"../../../Engine/Content/EditorResources/S_PortalActorIcon2.uexp" 401
"../../../Engine/Content/EditorResources/S_PortalActorIcon2.ubulk" 402
"../../../Engine/Content/EditorResources/S_RadForce.uasset" 403
"../../../Engine/Content/EditorResources/S_RadForce.uexp" 404
"../../../Engine/Content/EditorResources/S_ReflActorIcon.uasset" 405
"../../../Engine/Content/EditorResources/S_ReflActorIcon.uexp" 406
"../../../Engine/Content/EditorResources/S_SkyAtmosphere.uasset" 407
"../../../Engine/Content/EditorResources/S_SkyAtmosphere.uexp" 408
"../../../Engine/Content/EditorResources/S_Solver.uasset" 409
"../../../Engine/Content/EditorResources/S_Solver.uexp" 410
"../../../Engine/Content/EditorResources/S_Solver.ubulk" 411
"../../../Engine/Content/EditorResources/S_TargetPoint.uasset" 412
"../../../Engine/Content/EditorResources/S_TargetPoint.uexp" 413
"../../../Engine/Content/EditorResources/S_Terrain.uasset" 414
"../../../Engine/Content/EditorResources/S_Terrain.uexp" 415
"../../../Engine/Content/EditorResources/S_Terrain.ubulk" 416
"../../../Engine/Content/EditorResources/S_TextRenderActorIcon.uasset" 417
"../../../Engine/Content/EditorResources/S_TextRenderActorIcon.uexp" 418
"../../../Engine/Content/EditorResources/S_Thruster.uasset" 419
"../../../Engine/Content/EditorResources/S_Thruster.uexp" 420
"../../../Engine/Content/EditorResources/S_Trigger.uasset" 421
"../../../Engine/Content/EditorResources/S_Trigger.uexp" 422
"../../../Engine/Content/EditorResources/S_Trigger.ubulk" 423
"../../../Engine/Content/EditorResources/S_TriggerBox.uasset" 424
"../../../Engine/Content/EditorResources/S_TriggerBox.uexp" 425
"../../../Engine/Content/EditorResources/S_TriggerCapsule.uasset" 426
"../../../Engine/Content/EditorResources/S_TriggerCapsule.uexp" 427
"../../../Engine/Content/EditorResources/S_TriggerSphere.uasset" 428
"../../../Engine/Content/EditorResources/S_TriggerSphere.uexp" 429
"../../../Engine/Content/EditorResources/S_VectorFieldVol.uasset" 430
"../../../Engine/Content/EditorResources/S_VectorFieldVol.uexp" 431
"../../../Engine/Content/EditorResources/S_VolumetricCloud.uasset" 432
"../../../Engine/Content/EditorResources/S_VolumetricCloud.uexp" 433
"../../../Engine/Content/EditorResources/S_VolumetricCloud.ubulk" 434
"../../../Engine/Content/EditorResources/S_WindDirectional.uasset" 435
"../../../Engine/Content/EditorResources/S_WindDirectional.uexp" 436
"../../../Engine/Content/EditorResources/AI/S_NavLink.uasset" 437
"../../../Engine/Content/EditorResources/AI/S_NavLink.uexp" 438
"../../../Engine/Content/EditorResources/LightIcons/SkyLight.uasset" 439
"../../../Engine/Content/EditorResources/LightIcons/SkyLight.uexp" 440
"../../../Engine/Content/EditorResources/LightIcons/S_LightDirectional.uasset" 441
"../../../Engine/Content/EditorResources/LightIcons/S_LightDirectional.uexp" 442
"../../../Engine/Content/EditorResources/LightIcons/S_LightDirectionalMove.uasset" 443
"../../../Engine/Content/EditorResources/LightIcons/S_LightDirectionalMove.uexp" 444
"../../../Engine/Content/EditorResources/LightIcons/S_LightError.uasset" 445
"../../../Engine/Content/EditorResources/LightIcons/S_LightError.uexp" 446
"../../../Engine/Content/EditorResources/LightIcons/S_LightPoint.uasset" 447
"../../../Engine/Content/EditorResources/LightIcons/S_LightPoint.uexp" 448
"../../../Engine/Content/EditorResources/LightIcons/S_LightPointMove.uasset" 449
"../../../Engine/Content/EditorResources/LightIcons/S_LightPointMove.uexp" 450
"../../../Engine/Content/EditorResources/LightIcons/S_LightRect.uasset" 451
"../../../Engine/Content/EditorResources/LightIcons/S_LightRect.uexp" 452
"../../../Engine/Content/EditorResources/LightIcons/S_LightSpot.uasset" 453
"../../../Engine/Content/EditorResources/LightIcons/S_LightSpot.uexp" 454
"../../../Engine/Content/EditorResources/LightIcons/S_LightSpotMove.uasset" 455
"../../../Engine/Content/EditorResources/LightIcons/S_LightSpotMove.uexp" 456
"../../../Engine/Content/EditorResources/SequenceRecorder/Countdown.uasset" 457
"../../../Engine/Content/EditorResources/SequenceRecorder/Countdown.uexp" 458
"../../../Engine/Content/EditorResources/SequenceRecorder/RecordingIndicator.uasset" 459
"../../../Engine/Content/EditorResources/SequenceRecorder/RecordingIndicator.uexp" 460
"../../../Engine/Content/EditorSounds/Notifications/CompileFailed.uasset" 461
"../../../Engine/Content/EditorSounds/Notifications/CompileFailed.uexp" 462
"../../../Engine/Content/EditorSounds/Notifications/CompileFailed.ubulk" 463
"../../../Engine/Content/EditorSounds/Notifications/CompileFailed_Cue.uasset" 464
"../../../Engine/Content/EditorSounds/Notifications/CompileFailed_Cue.uexp" 465
"../../../Engine/Content/EditorSounds/Notifications/CompileSuccess.uasset" 466
"../../../Engine/Content/EditorSounds/Notifications/CompileSuccess.uexp" 467
"../../../Engine/Content/EditorSounds/Notifications/CompileSuccess.ubulk" 468
"../../../Engine/Content/EditorSounds/Notifications/CompileStart_Cue.uasset" 469
"../../../Engine/Content/EditorSounds/Notifications/CompileStart_Cue.uexp" 470
"../../../Engine/Content/EngineDamageTypes/DmgTypeBP_Environmental.uasset" 471
"../../../Engine/Content/EngineDamageTypes/DmgTypeBP_Environmental.uexp" 472
"../../../Engine/Content/EngineDebugMaterials/HeatmapGradient.uasset" 473
"../../../Engine/Content/EngineDebugMaterials/HeatmapGradient.uexp" 474
"../../../Engine/Content/EngineDebugMaterials/HeatmapGradient.ubulk" 475
"../../../Engine/Content/EngineDebugMaterials/BoneWeightMaterial.uasset" 476
"../../../Engine/Content/EngineDebugMaterials/BoneWeightMaterial.uexp" 477
"../../../Engine/Content/EngineDebugMaterials/ClothMaterial.uasset" 478
"../../../Engine/Content/EngineDebugMaterials/ClothMaterial.uexp" 479
"../../../Engine/Content/EngineDebugMaterials/ClothMaterial_WF.uasset" 480
"../../../Engine/Content/EngineDebugMaterials/ClothMaterial_WF.uexp" 481
"../../../Engine/Content/EngineDebugMaterials/DebugEditorMaterial.uasset" 482
"../../../Engine/Content/EngineDebugMaterials/DebugEditorMaterial.uexp" 483
"../../../Engine/Content/EngineDebugMaterials/DebugMeshMaterial.uasset" 484
"../../../Engine/Content/EngineDebugMaterials/DebugMeshMaterial.uexp" 485
"../../../Engine/Content/EngineDebugMaterials/GeomMaterial.uasset" 486
"../../../Engine/Content/EngineDebugMaterials/GeomMaterial.uexp" 487
"../../../Engine/Content/EngineDebugMaterials/LevelColorationLitMaterial.uasset" 488
"../../../Engine/Content/EngineDebugMaterials/LevelColorationLitMaterial.uexp" 489
"../../../Engine/Content/EngineDebugMaterials/LevelColorationUnlitMaterial.uasset" 490
"../../../Engine/Content/EngineDebugMaterials/LevelColorationUnlitMaterial.uexp" 491
"../../../Engine/Content/EngineMaterials/DefaultWhiteGrid.uasset" 492
"../../../Engine/Content/EngineMaterials/DefaultWhiteGrid.uexp" 493
"../../../Engine/Content/EngineMaterials/DefaultWhiteGrid.ubulk" 494
"../../../Engine/Content/EngineDebugMaterials/MAT_LevelColorationLitLightmapUV.uasset" 495
"../../../Engine/Content/EngineDebugMaterials/MAT_LevelColorationLitLightmapUV.uexp" 496
"../../../Engine/Content/EngineDebugMaterials/M_SimpleUnlitTranslucent.uasset" 497
"../../../Engine/Content/EngineDebugMaterials/M_SimpleUnlitTranslucent.uexp" 498
"../../../Engine/Content/Functions/Engine_MaterialFunctions02/Utility/CameraDirectionVector.uasset" 499
"../../../Engine/Content/Functions/Engine_MaterialFunctions02/Utility/CameraDirectionVector.uexp" 500
"../../../Engine/Content/EngineDebugMaterials/VolumeToRender.uasset" 501
"../../../Engine/Content/EngineDebugMaterials/VolumeToRender.uexp" 502
"../../../Engine/Content/EngineDebugMaterials/M_VolumeRenderSphereTracePP.uasset" 503
"../../../Engine/Content/EngineDebugMaterials/M_VolumeRenderSphereTracePP.uexp" 504
"../../../Engine/Content/EngineMaterials/DefaultWhiteGrid_Low.uasset" 505
"../../../Engine/Content/EngineMaterials/DefaultWhiteGrid_Low.uexp" 506
"../../../Engine/Content/EngineDebugMaterials/PhysicalMaterialMaskMaterial.uasset" 507
"../../../Engine/Content/EngineDebugMaterials/PhysicalMaterialMaskMaterial.uexp" 508
"../../../Engine/Content/EngineDebugMaterials/ShadedLevelColorationLitMaterial.uasset" 509
"../../../Engine/Content/EngineDebugMaterials/ShadedLevelColorationLitMaterial.uexp" 510
"../../../Engine/Content/EngineDebugMaterials/ShadedLevelColorationUnlitMateri.uasset" 511
"../../../Engine/Content/EngineDebugMaterials/ShadedLevelColorationUnlitMateri.uexp" 512
"../../../Engine/Content/EngineDebugMaterials/VertexColorMaterial.uasset" 513
"../../../Engine/Content/EngineDebugMaterials/VertexColorMaterial.uexp" 514
"../../../Engine/Content/EngineDebugMaterials/VertexColorViewMode_AlphaAsColor.uasset" 515
"../../../Engine/Content/EngineDebugMaterials/VertexColorViewMode_AlphaAsColor.uexp" 516
"../../../Engine/Content/EngineDebugMaterials/VertexColorViewMode_BlueOnly.uasset" 517
"../../../Engine/Content/EngineDebugMaterials/VertexColorViewMode_BlueOnly.uexp" 518
"../../../Engine/Content/EngineDebugMaterials/VertexColorViewMode_ColorOnly.uasset" 519
"../../../Engine/Content/EngineDebugMaterials/VertexColorViewMode_ColorOnly.uexp" 520
"../../../Engine/Content/EngineDebugMaterials/VertexColorViewMode_GreenOnly.uasset" 521
"../../../Engine/Content/EngineDebugMaterials/VertexColorViewMode_GreenOnly.uexp" 522
"../../../Engine/Content/EngineDebugMaterials/VertexColorViewMode_RedOnly.uasset" 523
"../../../Engine/Content/EngineDebugMaterials/VertexColorViewMode_RedOnly.uexp" 524
"../../../Engine/Content/EngineDebugMaterials/WireframeMaterial.uasset" 525
"../../../Engine/Content/EngineDebugMaterials/WireframeMaterial.uexp" 526
"../../../Engine/Content/EngineFonts/Faces/DroidSansFallback.uasset" 527
"../../../Engine/Content/EngineFonts/Faces/DroidSansFallback.uexp" 528
"../../../Engine/Content/EngineFonts/Faces/DroidSansFallback.ufont" 529
"../../../Engine/Content/EngineFonts/Faces/RobotoBold.uasset" 530
"../../../Engine/Content/EngineFonts/Faces/RobotoBold.uexp" 531
"../../../Engine/Content/EngineFonts/Faces/RobotoBold.ufont" 532
"../../../Engine/Content/EngineFonts/Faces/RobotoBoldItalic.uasset" 533
"../../../Engine/Content/EngineFonts/Faces/RobotoBoldItalic.uexp" 534
"../../../Engine/Content/EngineFonts/Faces/RobotoBoldItalic.ufont" 535
"../../../Engine/Content/EngineFonts/Faces/RobotoItalic.uasset" 536
"../../../Engine/Content/EngineFonts/Faces/RobotoItalic.uexp" 537
"../../../Engine/Content/EngineFonts/Faces/RobotoItalic.ufont" 538
"../../../Engine/Content/EngineFonts/Faces/RobotoLight.uasset" 539
"../../../Engine/Content/EngineFonts/Faces/RobotoLight.uexp" 540
"../../../Engine/Content/EngineFonts/Faces/RobotoLight.ufont" 541
"../../../Engine/Content/EngineFonts/Faces/RobotoRegular.uasset" 542
"../../../Engine/Content/EngineFonts/Faces/RobotoRegular.uexp" 543
"../../../Engine/Content/EngineFonts/Faces/RobotoRegular.ufont" 544
"../../../Engine/Content/EngineFonts/Roboto.uasset" 545
"../../../Engine/Content/EngineFonts/Roboto.uexp" 546
"../../../Engine/Content/EngineFonts/Faces/RobotoTiny.uasset" 547
"../../../Engine/Content/EngineFonts/Faces/RobotoTiny.uexp" 548
"../../../Engine/Content/EngineFonts/Faces/RobotoTiny.ufont" 549
"../../../Engine/Content/EngineFonts/RobotoTiny.uasset" 550
"../../../Engine/Content/EngineFonts/RobotoTiny.uexp" 551
"../../../Engine/Content/EngineFonts/SmallFont.uasset" 552
"../../../Engine/Content/EngineFonts/SmallFont.uexp" 553
"../../../Engine/Content/EngineFonts/TinyFont.uasset" 554
"../../../Engine/Content/EngineFonts/TinyFont.uexp" 555
"../../../Engine/Content/EngineMaterials/BaseFlattenDiffuseMap.uasset" 556
"../../../Engine/Content/EngineMaterials/BaseFlattenDiffuseMap.uexp" 557
"../../../Engine/Content/EngineMaterials/BaseFlattenEmissiveMap.uasset" 558
"../../../Engine/Content/EngineMaterials/BaseFlattenEmissiveMap.uexp" 559
"../../../Engine/Content/EngineMaterials/BaseFlattenGrayscaleMap.uasset" 560
"../../../Engine/Content/EngineMaterials/BaseFlattenGrayscaleMap.uexp" 561
"../../../Engine/Content/EngineMaterials/BaseFlattenNormalMap.uasset" 562
"../../../Engine/Content/EngineMaterials/BaseFlattenNormalMap.uexp" 563
"../../../Engine/Content/EngineMaterials/BaseFlattenMaterial.uasset" 564
"../../../Engine/Content/EngineMaterials/BaseFlattenMaterial.uexp" 565
"../../../Engine/Content/EngineMaterials/BaseFlattenDiffuseMap_VT.uasset" 566
"../../../Engine/Content/EngineMaterials/BaseFlattenDiffuseMap_VT.uexp" 567
"../../../Engine/Content/EngineMaterials/BaseFlattenEmissiveMap_VT.uasset" 568
"../../../Engine/Content/EngineMaterials/BaseFlattenEmissiveMap_VT.uexp" 569
"../../../Engine/Content/EngineMaterials/BaseFlattenGrayscaleMap_VT.uasset" 570
"../../../Engine/Content/EngineMaterials/BaseFlattenGrayscaleMap_VT.uexp" 571
"../../../Engine/Content/EngineMaterials/BaseFlattenNormalMap_VT.uasset" 572
"../../../Engine/Content/EngineMaterials/BaseFlattenNormalMap_VT.uexp" 573
"../../../Engine/Content/EngineMaterials/BaseFlattenMaterial_VT.uasset" 574
"../../../Engine/Content/EngineMaterials/BaseFlattenMaterial_VT.uexp" 575
"../../../Engine/Content/EngineResources/WhiteSquareTexture.uasset" 576
"../../../Engine/Content/EngineResources/WhiteSquareTexture.uexp" 577
"../../../Engine/Content/EngineMaterials/BlinkingCaret.uasset" 578
"../../../Engine/Content/EngineMaterials/BlinkingCaret.uexp" 579
"../../../Engine/Content/EngineMaterials/BlueNoise.uasset" 580
"../../../Engine/Content/EngineMaterials/BlueNoise.uexp" 581
"../../../Engine/Content/EngineMaterials/DefaultBloomKernel.uasset" 582
"../../../Engine/Content/EngineMaterials/DefaultBloomKernel.uexp" 583
"../../../Engine/Content/EngineMaterials/DefaultBokeh.uasset" 584
"../../../Engine/Content/EngineMaterials/DefaultBokeh.uexp" 585
"../../../Engine/Content/EngineMaterials/DefaultDeferredDecalMaterial.uasset" 586
"../../../Engine/Content/EngineMaterials/DefaultDeferredDecalMaterial.uexp" 587
"../../../Engine/Content/EngineMaterials/DefaultLightFunctionMaterial.uasset" 588
"../../../Engine/Content/EngineMaterials/DefaultLightFunctionMaterial.uexp" 589
"../../../Engine/Content/EngineMaterials/DefaultNormal.uasset" 590
"../../../Engine/Content/EngineMaterials/DefaultNormal.uexp" 591
"../../../Engine/Content/EngineMaterials/DefaultNormal.ubulk" 592
"../../../Engine/Content/EngineMaterials/DefaultPostProcessMaterial.uasset" 593
"../../../Engine/Content/EngineMaterials/DefaultPostProcessMaterial.uexp" 594
"../../../Engine/Content/EngineFonts/RobotoDistanceField.uasset" 595
"../../../Engine/Content/EngineFonts/RobotoDistanceField.uexp" 596
"../../../Engine/Content/EngineMaterials/DefaultTextMaterialOpaque.uasset" 597
"../../../Engine/Content/EngineMaterials/DefaultTextMaterialOpaque.uexp" 598
"../../../Engine/Content/EngineMaterials/EditorBrushMaterial.uasset" 599
"../../../Engine/Content/EngineMaterials/EditorBrushMaterial.uexp" 600
"../../../Engine/Content/EngineMaterials/EmissiveMeshMaterial.uasset" 601
"../../../Engine/Content/EngineMaterials/EmissiveMeshMaterial.uexp" 602
"../../../Engine/Content/EngineMaterials/GizmoMaterial.uasset" 603
"../../../Engine/Content/EngineMaterials/GizmoMaterial.uexp" 604
"../../../Engine/Content/EngineMaterials/Good64x64TilingNoiseHighFreq.uasset" 605
"../../../Engine/Content/EngineMaterials/Good64x64TilingNoiseHighFreq.uexp" 606
"../../../Engine/Content/EngineMaterials/Grid_N.uasset" 607
"../../../Engine/Content/EngineMaterials/Grid_N.uexp" 608
"../../../Engine/Content/EngineMaterials/Grid_N.ubulk" 609
"../../../Engine/Content/EngineMaterials/HighResolutionScreenshotMaskFunction.uasset" 610
"../../../Engine/Content/EngineMaterials/HighResolutionScreenshotMaskFunction.uexp" 611
"../../../Engine/Content/EngineMaterials/HighResScreenshot.uasset" 612
"../../../Engine/Content/EngineMaterials/HighResScreenshot.uexp" 613
"../../../Engine/Content/EngineMaterials/HighResScreenshotCaptureRegion.uasset" 614
"../../../Engine/Content/EngineMaterials/HighResScreenshotCaptureRegion.uexp" 615
"../../../Engine/Content/EngineMaterials/HighResScreenshotMask.uasset" 616
"../../../Engine/Content/EngineMaterials/HighResScreenshotMask.uexp" 617
"../../../Engine/Content/EngineMaterials/LandscapeHolePhysicalMaterial.uasset" 618
"../../../Engine/Content/EngineMaterials/LandscapeHolePhysicalMaterial.uexp" 619
"../../../Engine/Content/EngineMaterials/InvalidLightmapSettings.uasset" 620
"../../../Engine/Content/EngineMaterials/InvalidLightmapSettings.uexp" 621
"../../../Engine/Content/EngineMaterials/InvalidLightmapSettings.ubulk" 622
"../../../Engine/Content/EngineMaterials/M_InvalidLightmapSettings.uasset" 623
"../../../Engine/Content/EngineMaterials/M_InvalidLightmapSettings.uexp" 624
"../../../Engine/Content/EngineMaterials/PaperDiffuse.uasset" 625
"../../../Engine/Content/EngineMaterials/PaperDiffuse.uexp" 626
"../../../Engine/Content/EngineMaterials/PaperNormal.uasset" 627
"../../../Engine/Content/EngineMaterials/PaperNormal.uexp" 628
"../../../Engine/Content/Functions/Engine_MaterialFunctions02/WorldPositionOffset/CameraOffset.uasset" 629
"../../../Engine/Content/Functions/Engine_MaterialFunctions02/WorldPositionOffset/CameraOffset.uexp" 630
"../../../Engine/Content/EngineMaterials/PhAT_JointLimitMaterial.uasset" 631
"../../../Engine/Content/EngineMaterials/PhAT_JointLimitMaterial.uexp" 632
"../../../Engine/Content/EngineMaterials/PhysMat_Rubber.uasset" 633
"../../../Engine/Content/EngineMaterials/PhysMat_Rubber.uexp" 634
"../../../Engine/Content/EngineMaterials/PreintegratedSkinBRDF.uasset" 635
"../../../Engine/Content/EngineMaterials/PreintegratedSkinBRDF.uexp" 636
"../../../Engine/Content/EngineMaterials/RemoveSurfaceMaterial.uasset" 637
"../../../Engine/Content/EngineMaterials/RemoveSurfaceMaterial.uexp" 638
"../../../Engine/Content/EngineMaterials/WeightMapPlaceholderTexture.uasset" 639
"../../../Engine/Content/EngineMaterials/WeightMapPlaceholderTexture.uexp" 640
"../../../Engine/Content/Functions/Engine_MaterialFunctions01/ImageAdjustment/sRGBToLinear.uasset" 641
"../../../Engine/Content/Functions/Engine_MaterialFunctions01/ImageAdjustment/sRGBToLinear.uexp" 642
"../../../Engine/Content/EngineMaterials/Widget3DCameraPassThrough_Opaque_OneSided.uasset" 643
"../../../Engine/Content/EngineMaterials/Widget3DCameraPassThrough_Opaque_OneSided.uexp" 644
"../../../Engine/Content/EngineMaterials/Widget3DPassThrough.uasset" 645
"../../../Engine/Content/EngineMaterials/Widget3DPassThrough.uexp" 646
"../../../Engine/Content/EngineMaterials/Widget3DPassThrough_Masked.uasset" 647
"../../../Engine/Content/EngineMaterials/Widget3DPassThrough_Masked.uexp" 648
"../../../Engine/Content/EngineMaterials/Widget3DPassThrough_Opaque.uasset" 649
"../../../Engine/Content/EngineMaterials/Widget3DPassThrough_Opaque.uexp" 650
"../../../Engine/Content/EngineMaterials/Widget3DPassThrough_Masked_OneSided.uasset" 651
"../../../Engine/Content/EngineMaterials/Widget3DPassThrough_Masked_OneSided.uexp" 652
"../../../Engine/Content/EngineMaterials/Widget3DPassThrough_Opaque_OneSided.uasset" 653
"../../../Engine/Content/EngineMaterials/Widget3DPassThrough_Opaque_OneSided.uexp" 654
"../../../Engine/Content/EngineMaterials/Widget3DPassThrough_Translucent.uasset" 655
"../../../Engine/Content/EngineMaterials/Widget3DPassThrough_Translucent.uexp" 656
"../../../Engine/Content/EngineMaterials/Widget3DPassThrough_Translucent_OneSided.uasset" 657
"../../../Engine/Content/EngineMaterials/Widget3DPassThrough_Translucent_OneSided.uexp" 658
"../../../Engine/Content/EngineMeshes/Sphere.uasset" 659
"../../../Engine/Content/EngineMeshes/Sphere.uexp" 660
"../../../Engine/Content/EngineMeshes/Sphere.ubulk" 661
"../../../Engine/Content/EngineResources/Black.uasset" 662
"../../../Engine/Content/EngineResources/Black.uexp" 663
"../../../Engine/Content/EngineResources/DefaultTextureCube.uasset" 664
"../../../Engine/Content/EngineResources/DefaultTextureCube.uexp" 665
"../../../Engine/Content/EngineResources/DefaultVolumeTexture2D.uasset" 666
"../../../Engine/Content/EngineResources/DefaultVolumeTexture2D.uexp" 667
"../../../Engine/Content/EngineResources/DefaultVolumeTexture.uasset" 668
"../../../Engine/Content/EngineResources/DefaultVolumeTexture.uexp" 669
"../../../Engine/Content/EngineResources/GradientTexture0.uasset" 670
"../../../Engine/Content/EngineResources/GradientTexture0.uexp" 671
"../../../Engine/Content/EngineResources/StreamingPauseIcon.uasset" 672
"../../../Engine/Content/EngineResources/StreamingPauseIcon.uexp" 673
"../../../Engine/Content/EngineResources/M_StreamingPause.uasset" 674
"../../../Engine/Content/EngineResources/M_StreamingPause.uexp" 675
"../../../Engine/Content/EngineSky/VolumetricClouds/CloudGradientTexture.uasset" 676
"../../../Engine/Content/EngineSky/VolumetricClouds/CloudGradientTexture.uexp" 677
"../../../Engine/Content/EngineSky/VolumetricClouds/CloudWeatherTexture.uasset" 678
"../../../Engine/Content/EngineSky/VolumetricClouds/CloudWeatherTexture.uexp" 679
"../../../Engine/Content/EngineSky/VolumetricClouds/T_NoiseErosion.uasset" 680
"../../../Engine/Content/EngineSky/VolumetricClouds/T_NoiseErosion.uexp" 681
"../../../Engine/Content/EngineSky/VolumetricClouds/T_NoiseErosion.ubulk" 682
"../../../Engine/Content/EngineSky/VolumetricClouds/T_VolumeNoiseErosion32.uasset" 683
"../../../Engine/Content/EngineSky/VolumetricClouds/T_VolumeNoiseErosion32.uexp" 684
"../../../Engine/Content/EngineSky/VolumetricClouds/T_NoiseShape64.uasset" 685
"../../../Engine/Content/EngineSky/VolumetricClouds/T_NoiseShape64.uexp" 686
"../../../Engine/Content/EngineSky/VolumetricClouds/T_NoiseShape64.ubulk" 687
"../../../Engine/Content/EngineSky/VolumetricClouds/T_VolumeNoiseShape64.uasset" 688
"../../../Engine/Content/EngineSky/VolumetricClouds/T_VolumeNoiseShape64.uexp" 689
"../../../Engine/Content/EngineSky/VolumetricClouds/m_SimpleVolumetricCloud.uasset" 690
"../../../Engine/Content/EngineSky/VolumetricClouds/m_SimpleVolumetricCloud.uexp" 691
"../../../Engine/Content/EngineSky/VolumetricClouds/m_SimpleVolumetricCloud_Inst.uasset" 692
"../../../Engine/Content/EngineSky/VolumetricClouds/m_SimpleVolumetricCloud_Inst.uexp" 693
"../../../Engine/Content/EngineSounds/Master.uasset" 694
"../../../Engine/Content/EngineSounds/Master.uexp" 695
"../../../Engine/Content/Functions/Engine_MaterialFunctions01/Shading/PowerToRoughness.uasset" 696
"../../../Engine/Content/Functions/Engine_MaterialFunctions01/Shading/PowerToRoughness.uexp" 697
"../../../Engine/Content/Maps/Templates/Thumbnails/Default.uasset" 698
"../../../Engine/Content/Maps/Templates/Thumbnails/Default.uexp" 699
"../../../Engine/Content/Maps/Templates/Thumbnails/TimeOfDay.uasset" 700
"../../../Engine/Content/Maps/Templates/Thumbnails/TimeOfDay.uexp" 701
"../../../Engine/Content/Maps/Templates/Thumbnails/VR-Basic.uasset" 702
"../../../Engine/Content/Maps/Templates/Thumbnails/VR-Basic.uexp" 703
"../../../Engine/Content/MapTemplates/Sky/DaylightAmbientCubemap.uasset" 704
"../../../Engine/Content/MapTemplates/Sky/DaylightAmbientCubemap.uexp" 705
"../../../Engine/Content/MobileResources/T_MobileControls_texture.uasset" 706
"../../../Engine/Content/MobileResources/T_MobileControls_texture.uexp" 707
"../../../Engine/Content/MobileResources/T_MobileMenu2.uasset" 708
"../../../Engine/Content/MobileResources/T_MobileMenu2.uexp" 709
"../../../Engine/Content/MobileResources/HUD/AnalogHat.uasset" 710
"../../../Engine/Content/MobileResources/HUD/AnalogHat.uexp" 711
"../../../Engine/Content/MobileResources/HUD/VirtualJoystick_Background.uasset" 712
"../../../Engine/Content/MobileResources/HUD/VirtualJoystick_Background.uexp" 713
"../../../Engine/Content/MobileResources/HUD/VirtualJoystick_Thumb.uasset" 714
"../../../Engine/Content/MobileResources/HUD/VirtualJoystick_Thumb.uexp" 715
"../../../Engine/Content/MobileResources/HUD/DefaultVirtualJoysticks.uasset" 716
"../../../Engine/Content/MobileResources/HUD/DefaultVirtualJoysticks.uexp" 717
"../../../Engine/Content/MobileResources/HUD/LeftVirtualJoystickOnly.uasset" 718
"../../../Engine/Content/MobileResources/HUD/LeftVirtualJoystickOnly.uexp" 719
"../../../Engine/Content/MobileResources/HUD/MobileHUDButton1_off.uasset" 720
"../../../Engine/Content/MobileResources/HUD/MobileHUDButton1_off.uexp" 721
"../../../Engine/Content/MobileResources/HUD/MobileHUDButton1_on.uasset" 722
"../../../Engine/Content/MobileResources/HUD/MobileHUDButton1_on.uexp" 723
"../../../Engine/Content/MobileResources/HUD/MobileHUDButton2_off.uasset" 724
"../../../Engine/Content/MobileResources/HUD/MobileHUDButton2_off.uexp" 725
"../../../Engine/Content/MobileResources/HUD/MobileHUDButton2_on.uasset" 726
"../../../Engine/Content/MobileResources/HUD/MobileHUDButton2_on.uexp" 727
"../../../Engine/Content/MobileResources/HUD/MobileHUDButton3.uasset" 728
"../../../Engine/Content/MobileResources/HUD/MobileHUDButton3.uexp" 729
"../../../Engine/Content/MobileResources/HUD/MobileHUDButtonFire.uasset" 730
"../../../Engine/Content/MobileResources/HUD/MobileHUDButtonFire.uexp" 731
"../../../Engine/Content/MobileResources/HUD/MobileHUDDirectionPad.uasset" 732
"../../../Engine/Content/MobileResources/HUD/MobileHUDDirectionPad.uexp" 733
"../../../Engine/Content/MobileResources/HUD/MobileHUDDirectionPad2.uasset" 734
"../../../Engine/Content/MobileResources/HUD/MobileHUDDirectionPad2.uexp" 735
"../../../Engine/Content/MobileResources/HUD/MobileHUDDirectionPad3.uasset" 736
"../../../Engine/Content/MobileResources/HUD/MobileHUDDirectionPad3.uexp" 737
"../../../Engine/Content/MobileResources/HUD/MobileHUDDirectionStick.uasset" 738
"../../../Engine/Content/MobileResources/HUD/MobileHUDDirectionStick.uexp" 739
"../../../Engine/Content/MobileResources/HUD/T_Castle_ThumbstickInner.uasset" 740
"../../../Engine/Content/MobileResources/HUD/T_Castle_ThumbstickInner.uexp" 741
"../../../Engine/Content/MobileResources/HUD/T_Castle_ThumbstickOutter.uasset" 742
"../../../Engine/Content/MobileResources/HUD/T_Castle_ThumbstickOutter.uexp" 743
"../../../Engine/Content/Tutorial/ContentIntroCurve.uasset" 744
"../../../Engine/Content/Tutorial/ContentIntroCurve.uexp" 745
"../../../Engine/Content/Tutorial/BlueprintTutorials/TutorialAssets/Blueprint_64x.uasset" 746
"../../../Engine/Content/Tutorial/BlueprintTutorials/TutorialAssets/Blueprint_64x.uexp" 747
"../../../Engine/Content/Tutorial/Foliage/TutorialAssets/Foliage.uasset" 748
"../../../Engine/Content/Tutorial/Foliage/TutorialAssets/Foliage.uexp" 749
"../../../Engine/Content/Tutorial/Landscape/TutorialAssets/Landscape.uasset" 750
"../../../Engine/Content/Tutorial/Landscape/TutorialAssets/Landscape.uexp" 751
"../../../Engine/Content/Tutorial/SubEditors/TutorialAssets/icon_Editor_Preferences_General_40x.uasset" 752
"../../../Engine/Content/Tutorial/SubEditors/TutorialAssets/icon_Editor_Preferences_General_40x.uexp" 753
"../../../Engine/Content/Tutorial/SubEditors/TutorialAssets/icon_ShowSkeletalMeshes_40x.uasset" 754
"../../../Engine/Content/Tutorial/SubEditors/TutorialAssets/icon_ShowSkeletalMeshes_40x.uexp" 755
"../../../Engine/Content/VREditor/TransformGizmo/TranslucentTransformGizmoMaterial.uasset" 756
"../../../Engine/Content/VREditor/TransformGizmo/TranslucentTransformGizmoMaterial.uexp" 757
"../../../Engine/Content/VREditor/LaserPointer/VR_LaserPower_01.uasset" 758
"../../../Engine/Content/VREditor/LaserPointer/VR_LaserPower_01.uexp" 759
"../../../Engine/Content/VREditor/LaserPointer/VR_LaserPower_01.ubulk" 760
"../../../Engine/Content/VREditor/TransformGizmo/TransformGizmoMaterial.uasset" 761
"../../../Engine/Content/VREditor/TransformGizmo/TransformGizmoMaterial.uexp" 762
"../../../Engine/Content/VREditor/TransformGizmo/BoundingBoxCorner.uasset" 763
"../../../Engine/Content/VREditor/TransformGizmo/BoundingBoxCorner.uexp" 764
"../../../Engine/Content/VREditor/TransformGizmo/BoundingBoxCorner.ubulk" 765
"../../../Engine/Content/VREditor/TransformGizmo/BoundingBoxEdge.uasset" 766
"../../../Engine/Content/VREditor/TransformGizmo/BoundingBoxEdge.uexp" 767
"../../../Engine/Content/VREditor/TransformGizmo/BoundingBoxEdge.ubulk" 768
"../../../Engine/Content/VREditor/TransformGizmo/PlaneTranslationHandle.uasset" 769
"../../../Engine/Content/VREditor/TransformGizmo/PlaneTranslationHandle.uexp" 770
"../../../Engine/Content/VREditor/TransformGizmo/PlaneTranslationHandle.ubulk" 771
"../../../Engine/Content/VREditor/TransformGizmo/Xray.uasset" 772
"../../../Engine/Content/VREditor/TransformGizmo/Xray.uexp" 773
"../../../Engine/Content/VREditor/TransformGizmo/Main.uasset" 774
"../../../Engine/Content/VREditor/TransformGizmo/Main.uexp" 775
"../../../Engine/Content/VREditor/TransformGizmo/SM_Sequencer_Key.uasset" 776
"../../../Engine/Content/VREditor/TransformGizmo/SM_Sequencer_Key.uexp" 777
"../../../Engine/Content/VREditor/TransformGizmo/SM_Sequencer_Key.ubulk" 778
"../../../Engine/Content/VREditor/TransformGizmo/SM_Sequencer_Node.uasset" 779
"../../../Engine/Content/VREditor/TransformGizmo/SM_Sequencer_Node.uexp" 780
"../../../Engine/Content/VREditor/TransformGizmo/SM_Sequencer_Node.ubulk" 781
"../../../Engine/Plugins/2D/Paper2D/Content/PlaceholderTextures/DummySpriteTexture.uasset" 782
"../../../Engine/Plugins/2D/Paper2D/Content/PlaceholderTextures/DummySpriteTexture.uexp" 783
"../../../Engine/Plugins/2D/Paper2D/Content/PlaceholderTextures/DummySpriteTexture.ubulk" 784
"../../../Engine/Plugins/2D/Paper2D/Content/DummySprite.uasset" 785
"../../../Engine/Plugins/2D/Paper2D/Content/DummySprite.uexp" 786
"../../../Engine/Plugins/2D/Paper2D/Content/DefaultPaperTerrainMaterial.uasset" 787
"../../../Engine/Plugins/2D/Paper2D/Content/DefaultPaperTerrainMaterial.uexp" 788
"../../../Engine/Plugins/2D/Paper2D/Content/DefaultSpriteMaterial.uasset" 789
"../../../Engine/Plugins/2D/Paper2D/Content/DefaultSpriteMaterial.uexp" 790
"../../../Engine/Plugins/2D/Paper2D/Content/MaskedUnlitSpriteMaterial.uasset" 791
"../../../Engine/Plugins/2D/Paper2D/Content/MaskedUnlitSpriteMaterial.uexp" 792
"../../../Engine/Plugins/2D/Paper2D/Content/OpaqueUnlitSpriteMaterial.uasset" 793
"../../../Engine/Plugins/2D/Paper2D/Content/OpaqueUnlitSpriteMaterial.uexp" 794
"../../../Engine/Plugins/2D/Paper2D/Content/Tutorial/Paper2D/TutorialAssets/Paper2DSprite_TutorialIcon.uasset" 795
"../../../Engine/Plugins/2D/Paper2D/Content/Tutorial/Paper2D/TutorialAssets/Paper2DSprite_TutorialIcon.uexp" 796
"../../../Engine/Plugins/FX/Niagara/Content/Enums/EniagaraAlternateRendererModes.uasset" 797
"../../../Engine/Plugins/FX/Niagara/Content/Enums/EniagaraAlternateRendererModes.uexp" 798
"../../../Engine/Plugins/FX/Niagara/Content/Enums/ENiagaraAnimTrailWidthMode.uasset" 799
"../../../Engine/Plugins/FX/Niagara/Content/Enums/ENiagaraAnimTrailWidthMode.uexp" 800
"../../../Engine/Plugins/FX/Niagara/Content/Enums/ENiagaraArraySamplingMode.uasset" 801
"../../../Engine/Plugins/FX/Niagara/Content/Enums/ENiagaraArraySamplingMode.uexp" 802
"../../../Engine/Plugins/FX/Niagara/Content/Enums/ENiagaraBoneSamplingMode.uasset" 803
"../../../Engine/Plugins/FX/Niagara/Content/Enums/ENiagaraBoneSamplingMode.uexp" 804
"../../../Engine/Plugins/FX/Niagara/Content/Enums/ENiagaraBoneSocketSamplingMode.uasset" 805
"../../../Engine/Plugins/FX/Niagara/Content/Enums/ENiagaraBoneSocketSamplingMode.uexp" 806
"../../../Engine/Plugins/FX/Niagara/Content/Enums/ENiagaraBooleanLogicOps.uasset" 807
"../../../Engine/Plugins/FX/Niagara/Content/Enums/ENiagaraBooleanLogicOps.uexp" 808
"../../../Engine/Plugins/FX/Niagara/Content/Enums/ENiagaraBooleanLogicOps_v2.uasset" 809
"../../../Engine/Plugins/FX/Niagara/Content/Enums/ENiagaraBooleanLogicOps_v2.uexp" 810
"../../../Engine/Plugins/FX/Niagara/Content/Enums/ENiagaraCalculateRadiusOptions.uasset" 811
"../../../Engine/Plugins/FX/Niagara/Content/Enums/ENiagaraCalculateRadiusOptions.uexp" 812
"../../../Engine/Plugins/FX/Niagara/Content/Enums/ENiagaraChannelCorrelation.uasset" 813
"../../../Engine/Plugins/FX/Niagara/Content/Enums/ENiagaraChannelCorrelation.uexp" 814
"../../../Engine/Plugins/FX/Niagara/Content/Enums/ENiagaraCollisionRadiusOptions.uasset" 815
"../../../Engine/Plugins/FX/Niagara/Content/Enums/ENiagaraCollisionRadiusOptions.uexp" 816
"../../../Engine/Plugins/FX/Niagara/Content/Enums/ENiagaraCoordinateSpace.uasset" 817
"../../../Engine/Plugins/FX/Niagara/Content/Enums/ENiagaraCoordinateSpace.uexp" 818
"../../../Engine/Plugins/FX/Niagara/Content/Enums/ENiagaraCurlNoiseQuality.uasset" 819
"../../../Engine/Plugins/FX/Niagara/Content/Enums/ENiagaraCurlNoiseQuality.uexp" 820
"../../../Engine/Plugins/FX/Niagara/Content/Enums/ENiagaraEmitterLifeCycleMode.uasset" 821
"../../../Engine/Plugins/FX/Niagara/Content/Enums/ENiagaraEmitterLifeCycleMode.uexp" 822
"../../../Engine/Plugins/FX/Niagara/Content/Enums/ENiagaraEmitterScalabilityMode.uasset" 823
"../../../Engine/Plugins/FX/Niagara/Content/Enums/ENiagaraEmitterScalabilityMode.uexp" 824
"../../../Engine/Plugins/FX/Niagara/Content/Enums/ENiagaraEmitterScalabilityMode_Limited.uasset" 825
"../../../Engine/Plugins/FX/Niagara/Content/Enums/ENiagaraEmitterScalabilityMode_Limited.uexp" 826
"../../../Engine/Plugins/FX/Niagara/Content/Enums/ENiagaraExecutionStateManagement.uasset" 827
"../../../Engine/Plugins/FX/Niagara/Content/Enums/ENiagaraExecutionStateManagement.uexp" 828
"../../../Engine/Plugins/FX/Niagara/Content/Enums/ENiagaraExpansionMode.uasset" 829
"../../../Engine/Plugins/FX/Niagara/Content/Enums/ENiagaraExpansionMode.uexp" 830
"../../../Engine/Plugins/FX/Niagara/Content/Enums/ENiagaraFrictionMergeType.uasset" 831
"../../../Engine/Plugins/FX/Niagara/Content/Enums/ENiagaraFrictionMergeType.uexp" 832
"../../../Engine/Plugins/FX/Niagara/Content/Enums/ENiagaraGPUDepthResponseType.uasset" 833
"../../../Engine/Plugins/FX/Niagara/Content/Enums/ENiagaraGPUDepthResponseType.uexp" 834
"../../../Engine/Plugins/FX/Niagara/Content/Enums/ENiagaraGridPlacementType.uasset" 835
"../../../Engine/Plugins/FX/Niagara/Content/Enums/ENiagaraGridPlacementType.uexp" 836
"../../../Engine/Plugins/FX/Niagara/Content/Enums/ENiagaraInactiveMode.uasset" 837
"../../../Engine/Plugins/FX/Niagara/Content/Enums/ENiagaraInactiveMode.uexp" 838
"../../../Engine/Plugins/FX/Niagara/Content/Enums/ENiagaraKillVolumeOptions.uasset" 839
"../../../Engine/Plugins/FX/Niagara/Content/Enums/ENiagaraKillVolumeOptions.uexp" 840
"../../../Engine/Plugins/FX/Niagara/Content/Enums/ENiagaraLinearColor_Channels.uasset" 841
"../../../Engine/Plugins/FX/Niagara/Content/Enums/ENiagaraLinearColor_Channels.uexp" 842
"../../../Engine/Plugins/FX/Niagara/Content/Enums/ENiagaraMassByVolume.uasset" 843
"../../../Engine/Plugins/FX/Niagara/Content/Enums/ENiagaraMassByVolume.uexp" 844
"../../../Engine/Plugins/FX/Niagara/Content/Enums/ENiagaraMassCalculationForRendererTypes.uasset" 845
"../../../Engine/Plugins/FX/Niagara/Content/Enums/ENiagaraMassCalculationForRendererTypes.uexp" 846
"../../../Engine/Plugins/FX/Niagara/Content/Enums/ENiagaraMeshOrSprite.uasset" 847
"../../../Engine/Plugins/FX/Niagara/Content/Enums/ENiagaraMeshOrSprite.uexp" 848
"../../../Engine/Plugins/FX/Niagara/Content/Enums/ENiagaraMeshSamplingMode.uasset" 849
"../../../Engine/Plugins/FX/Niagara/Content/Enums/ENiagaraMeshSamplingMode.uexp" 850
"../../../Engine/Plugins/FX/Niagara/Content/Enums/ENiagaraMeshSurfaceSamplingMode.uasset" 851
"../../../Engine/Plugins/FX/Niagara/Content/Enums/ENiagaraMeshSurfaceSamplingMode.uexp" 852
"../../../Engine/Plugins/FX/Niagara/Content/Enums/ENiagaraMeshTransforms.uasset" 853
"../../../Engine/Plugins/FX/Niagara/Content/Enums/ENiagaraMeshTransforms.uexp" 854
"../../../Engine/Plugins/FX/Niagara/Content/Enums/ENiagaraMinOrMax.uasset" 855
"../../../Engine/Plugins/FX/Niagara/Content/Enums/ENiagaraMinOrMax.uexp" 856
"../../../Engine/Plugins/FX/Niagara/Content/Enums/ENiagaraNumericVariableTypes.uasset" 857
"../../../Engine/Plugins/FX/Niagara/Content/Enums/ENiagaraNumericVariableTypes.uexp" 858
"../../../Engine/Plugins/FX/Niagara/Content/Enums/ENiagaraOrientationAxis.uasset" 859
"../../../Engine/Plugins/FX/Niagara/Content/Enums/ENiagaraOrientationAxis.uexp" 860
"../../../Engine/Plugins/FX/Niagara/Content/Enums/ENiagaraQuaternionDerivationTechnique.uasset" 861
"../../../Engine/Plugins/FX/Niagara/Content/Enums/ENiagaraQuaternionDerivationTechnique.uexp" 862
"../../../Engine/Plugins/FX/Niagara/Content/Enums/ENiagaraRandomnessEvaluation.uasset" 863
"../../../Engine/Plugins/FX/Niagara/Content/Enums/ENiagaraRandomnessEvaluation.uexp" 864
"../../../Engine/Plugins/FX/Niagara/Content/Enums/ENiagaraRandomnessMode.uasset" 865
"../../../Engine/Plugins/FX/Niagara/Content/Enums/ENiagaraRandomnessMode.uexp" 866
"../../../Engine/Plugins/FX/Niagara/Content/Enums/ENiagaraRestitutionMergeType.uasset" 867
"../../../Engine/Plugins/FX/Niagara/Content/Enums/ENiagaraRestitutionMergeType.uexp" 868
"../../../Engine/Plugins/FX/Niagara/Content/Enums/ENiagaraScaleColorMode.uasset" 869
"../../../Engine/Plugins/FX/Niagara/Content/Enums/ENiagaraScaleColorMode.uexp" 870
"../../../Engine/Plugins/FX/Niagara/Content/Enums/ENiagaraSimulationTarget.uasset" 871
"../../../Engine/Plugins/FX/Niagara/Content/Enums/ENiagaraSimulationTarget.uexp" 872
"../../../Engine/Plugins/FX/Niagara/Content/Enums/ENiagaraSkeletalSpawning.uasset" 873
"../../../Engine/Plugins/FX/Niagara/Content/Enums/ENiagaraSkeletalSpawning.uexp" 874
"../../../Engine/Plugins/FX/Niagara/Content/Enums/ENiagaraSkelSamplingFilteringMode.uasset" 875
"../../../Engine/Plugins/FX/Niagara/Content/Enums/ENiagaraSkelSamplingFilteringMode.uexp" 876
"../../../Engine/Plugins/FX/Niagara/Content/Enums/ENiagaraSkelSamplingModeFull.uasset" 877
"../../../Engine/Plugins/FX/Niagara/Content/Enums/ENiagaraSkelSamplingModeFull.uexp" 878
"../../../Engine/Plugins/FX/Niagara/Content/Enums/ENiagaraSocketSamplingMode.uasset" 879
"../../../Engine/Plugins/FX/Niagara/Content/Enums/ENiagaraSocketSamplingMode.uexp" 880
"../../../Engine/Plugins/FX/Niagara/Content/Enums/ENiagaraSphereDistributionMode.uasset" 881
"../../../Engine/Plugins/FX/Niagara/Content/Enums/ENiagaraSphereDistributionMode.uexp" 882
"../../../Engine/Plugins/FX/Niagara/Content/Enums/ENiagaraSUbUVAnimationMode.uasset" 883
"../../../Engine/Plugins/FX/Niagara/Content/Enums/ENiagaraSUbUVAnimationMode.uexp" 884
"../../../Engine/Plugins/FX/Niagara/Content/Enums/ENiagaraSystemInactiveMode.uasset" 885
"../../../Engine/Plugins/FX/Niagara/Content/Enums/ENiagaraSystemInactiveMode.uexp" 886
"../../../Engine/Plugins/FX/Niagara/Content/Enums/ENiagaraTorusDistributionMode.uasset" 887
"../../../Engine/Plugins/FX/Niagara/Content/Enums/ENiagaraTorusDistributionMode.uexp" 888
"../../../Engine/Plugins/FX/Niagara/Content/Enums/ENiagaraTorusMode.uasset" 889
"../../../Engine/Plugins/FX/Niagara/Content/Enums/ENiagaraTorusMode.uexp" 890
"../../../Engine/Plugins/FX/Niagara/Content/Enums/ENiagaraTriangleSamplingMode.uasset" 891
"../../../Engine/Plugins/FX/Niagara/Content/Enums/ENiagaraTriangleSamplingMode.uexp" 892
"../../../Engine/Plugins/FX/Niagara/Content/Enums/ENiagaraVector2_Channels.uasset" 893
"../../../Engine/Plugins/FX/Niagara/Content/Enums/ENiagaraVector2_Channels.uexp" 894
"../../../Engine/Plugins/FX/Niagara/Content/Enums/ENiagaraVector3_Channels.uasset" 895
"../../../Engine/Plugins/FX/Niagara/Content/Enums/ENiagaraVector3_Channels.uexp" 896
"../../../Engine/Plugins/FX/Niagara/Content/Enums/ENiagaraVector4_Channels.uasset" 897
"../../../Engine/Plugins/FX/Niagara/Content/Enums/ENiagaraVector4_Channels.uexp" 898
"../../../Engine/Plugins/FX/Niagara/Content/Enums/ENiagaraVertexFilteringMode.uasset" 899
"../../../Engine/Plugins/FX/Niagara/Content/Enums/ENiagaraVertexFilteringMode.uexp" 900
"../../../Engine/Plugins/FX/Niagara/Content/Enums/ENiagaraVertexSamplingMode.uasset" 901
"../../../Engine/Plugins/FX/Niagara/Content/Enums/ENiagaraVertexSamplingMode.uexp" 902
"../../../Engine/Plugins/FX/Niagara/Content/Enums/ENiagara_AudioParamType.uasset" 903
"../../../Engine/Plugins/FX/Niagara/Content/Enums/ENiagara_AudioParamType.uexp" 904
"../../../Engine/Plugins/FX/Niagara/Content/Enums/ENiagara_BankOnTurns.uasset" 905
"../../../Engine/Plugins/FX/Niagara/Content/Enums/ENiagara_BankOnTurns.uexp" 906
"../../../Engine/Plugins/FX/Niagara/Content/Enums/ENiagara_CameraMeshOrientation.uasset" 907
"../../../Engine/Plugins/FX/Niagara/Content/Enums/ENiagara_CameraMeshOrientation.uexp" 908
"../../../Engine/Plugins/FX/Niagara/Content/Enums/ENiagara_CameraProperties.uasset" 909
"../../../Engine/Plugins/FX/Niagara/Content/Enums/ENiagara_CameraProperties.uexp" 910
"../../../Engine/Plugins/FX/Niagara/Content/Enums/ENiagara_CollisionType.uasset" 911
"../../../Engine/Plugins/FX/Niagara/Content/Enums/ENiagara_CollisionType.uexp" 912
"../../../Engine/Plugins/FX/Niagara/Content/Enums/ENiagara_ColorInitializationMode.uasset" 913
"../../../Engine/Plugins/FX/Niagara/Content/Enums/ENiagara_ColorInitializationMode.uexp" 914
"../../../Engine/Plugins/FX/Niagara/Content/Enums/ENiagara_ColorInput.uasset" 915
"../../../Engine/Plugins/FX/Niagara/Content/Enums/ENiagara_ColorInput.uexp" 916
"../../../Engine/Plugins/FX/Niagara/Content/Enums/ENiagara_CPUCollisionType.uasset" 917
"../../../Engine/Plugins/FX/Niagara/Content/Enums/ENiagara_CPUCollisionType.uexp" 918
"../../../Engine/Plugins/FX/Niagara/Content/Enums/ENiagara_DirectReadApplicationMode.uasset" 919
"../../../Engine/Plugins/FX/Niagara/Content/Enums/ENiagara_DirectReadApplicationMode.uexp" 920
"../../../Engine/Plugins/FX/Niagara/Content/Enums/ENiagara_DirectReadParticleIDSampling.uasset" 921
"../../../Engine/Plugins/FX/Niagara/Content/Enums/ENiagara_DirectReadParticleIDSampling.uexp" 922
"../../../Engine/Plugins/FX/Niagara/Content/Enums/ENiagara_DirectReadSamplingMode.uasset" 923
"../../../Engine/Plugins/FX/Niagara/Content/Enums/ENiagara_DirectReadSamplingMode.uexp" 924
"../../../Engine/Plugins/FX/Niagara/Content/Enums/ENiagara_EmitterLocSamplingMode.uasset" 925
"../../../Engine/Plugins/FX/Niagara/Content/Enums/ENiagara_EmitterLocSamplingMode.uexp" 926
"../../../Engine/Plugins/FX/Niagara/Content/Enums/ENiagara_EmitterStateOptions.uasset" 927
"../../../Engine/Plugins/FX/Niagara/Content/Enums/ENiagara_EmitterStateOptions.uexp" 928
"../../../Engine/Plugins/FX/Niagara/Content/Enums/ENiagara_FadeOperationType.uasset" 929
"../../../Engine/Plugins/FX/Niagara/Content/Enums/ENiagara_FadeOperationType.uexp" 930
"../../../Engine/Plugins/FX/Niagara/Content/Enums/ENiagara_Float4Channel.uasset" 931
"../../../Engine/Plugins/FX/Niagara/Content/Enums/ENiagara_Float4Channel.uexp" 932
"../../../Engine/Plugins/FX/Niagara/Content/Enums/ENiagara_GPUCollisionType.uasset" 933
"../../../Engine/Plugins/FX/Niagara/Content/Enums/ENiagara_GPUCollisionType.uexp" 934
"../../../Engine/Plugins/FX/Niagara/Content/Enums/ENiagara_IDAttributes.uasset" 935
"../../../Engine/Plugins/FX/Niagara/Content/Enums/ENiagara_IDAttributes.uexp" 936
"../../../Engine/Plugins/FX/Niagara/Content/Enums/ENiagara_InfiniteLoopDuration.uasset" 937
"../../../Engine/Plugins/FX/Niagara/Content/Enums/ENiagara_InfiniteLoopDuration.uexp" 938
"../../../Engine/Plugins/FX/Niagara/Content/Enums/ENiagara_LifetimeInheritanceOptions.uasset" 939
"../../../Engine/Plugins/FX/Niagara/Content/Enums/ENiagara_LifetimeInheritanceOptions.uexp" 940
"../../../Engine/Plugins/FX/Niagara/Content/Enums/ENiagara_LifetimeMode.uasset" 941
"../../../Engine/Plugins/FX/Niagara/Content/Enums/ENiagara_LifetimeMode.uexp" 942
"../../../Engine/Plugins/FX/Niagara/Content/Enums/ENiagara_MassInitializationMode.uasset" 943
"../../../Engine/Plugins/FX/Niagara/Content/Enums/ENiagara_MassInitializationMode.uexp" 944
"../../../Engine/Plugins/FX/Niagara/Content/Enums/ENiagara_MultipleLerpCount.uasset" 945
"../../../Engine/Plugins/FX/Niagara/Content/Enums/ENiagara_MultipleLerpCount.uexp" 946
"../../../Engine/Plugins/FX/Niagara/Content/Enums/ENiagara_PositionInitializationMode.uasset" 947
"../../../Engine/Plugins/FX/Niagara/Content/Enums/ENiagara_PositionInitializationMode.uexp" 948
"../../../Engine/Plugins/FX/Niagara/Content/Enums/ENiagara_PositionInput.uasset" 949
"../../../Engine/Plugins/FX/Niagara/Content/Enums/ENiagara_PositionInput.uexp" 950
"../../../Engine/Plugins/FX/Niagara/Content/Enums/ENiagara_RotationDefinitionApproach.uasset" 951
"../../../Engine/Plugins/FX/Niagara/Content/Enums/ENiagara_RotationDefinitionApproach.uexp" 952
"../../../Engine/Plugins/FX/Niagara/Content/Enums/ENiagara_SizeScaleMode.uasset" 953
"../../../Engine/Plugins/FX/Niagara/Content/Enums/ENiagara_SizeScaleMode.uexp" 954
"../../../Engine/Plugins/FX/Niagara/Content/Enums/ENiagara_SpawnBurstMode.uasset" 955
"../../../Engine/Plugins/FX/Niagara/Content/Enums/ENiagara_SpawnBurstMode.uexp" 956
"../../../Engine/Plugins/FX/Niagara/Content/Enums/ENiagara_SpriteRotationMode.uasset" 957
"../../../Engine/Plugins/FX/Niagara/Content/Enums/ENiagara_SpriteRotationMode.uexp" 958
"../../../Engine/Plugins/FX/Niagara/Content/Enums/ENiagara_SubUVLookupMode.uasset" 959
"../../../Engine/Plugins/FX/Niagara/Content/Enums/ENiagara_SubUVLookupMode.uexp" 960
"../../../Engine/Plugins/FX/Niagara/Content/Enums/ENiagara_TransformBaseOptions.uasset" 961
"../../../Engine/Plugins/FX/Niagara/Content/Enums/ENiagara_TransformBaseOptions.uexp" 962
"../../../Engine/Plugins/FX/Niagara/Content/Enums/ENiagara_TransformMode.uasset" 963
"../../../Engine/Plugins/FX/Niagara/Content/Enums/ENiagara_TransformMode.uexp" 964
"../../../Engine/Plugins/FX/Niagara/Content/Enums/ENiagara_TransformOrientationMode.uasset" 965
"../../../Engine/Plugins/FX/Niagara/Content/Enums/ENiagara_TransformOrientationMode.uexp" 966
"../../../Engine/Plugins/FX/Niagara/Content/Enums/ENiagara_UVFlippingMode.uasset" 967
"../../../Engine/Plugins/FX/Niagara/Content/Enums/ENiagara_UVFlippingMode.uexp" 968
"../../../Engine/Plugins/FX/Niagara/Content/Enums/ENiagara_VelocityInput.uasset" 969
"../../../Engine/Plugins/FX/Niagara/Content/Enums/ENiagara_VelocityInput.uexp" 970
"../../../Engine/Plugins/FX/Niagara/Content/Enums/Niagara_Units.uasset" 971
"../../../Engine/Plugins/FX/Niagara/Content/Enums/Niagara_Units.uexp" 972
"../../../Engine/Plugins/FX/Niagara/Content/Enums/CascadeConversion/ECascadeNiagaraOrbitChainMode.uasset" 973
"../../../Engine/Plugins/FX/Niagara/Content/Enums/CascadeConversion/ECascadeNiagaraOrbitChainMode.uexp" 974
"../../../Engine/Plugins/FX/Niagara/Content/Enums/CascadeConversion/ECascadeNiagaraTwoVectorChannels.uasset" 975
"../../../Engine/Plugins/FX/Niagara/Content/Enums/CascadeConversion/ECascadeNiagaraTwoVectorChannels.uexp" 976
"../../../Engine/Plugins/FX/Niagara/Content/Icons/S_ParticleSystem.uasset" 977
"../../../Engine/Plugins/FX/Niagara/Content/Icons/S_ParticleSystem.uexp" 978
"../../../Engine/Plugins/FX/Niagara/Content/Icons/S_ParticleSystem.ubulk" 979
"../../../Engine/Content/Functions/Engine_MaterialFunctions02/ObjectLocalBounds.uasset" 980
"../../../Engine/Content/Functions/Engine_MaterialFunctions02/ObjectLocalBounds.uexp" 981
"../../../Engine/Content/Functions/Engine_MaterialFunctions02/SafeNormalize.uasset" 982
"../../../Engine/Content/Functions/Engine_MaterialFunctions02/SafeNormalize.uexp" 983
"../../../Engine/Content/EngineResources/DefaultTexture.uasset" 984
"../../../Engine/Content/EngineResources/DefaultTexture.uexp" 985
"../../../Engine/Content/EngineResources/DefaultTexture.ubulk" 986
"../../../Engine/Content/Functions/Engine_MaterialFunctions02/UVs/BoundingBoxBased_0-1_UVW.uasset" 987
"../../../Engine/Content/Functions/Engine_MaterialFunctions02/UVs/BoundingBoxBased_0-1_UVW.uexp" 988
"../../../Engine/Plugins/Editor/SpeedTreeImporter/Content/SpeedTree9/UnpackInteger3.uasset" 989
"../../../Engine/Plugins/Editor/SpeedTreeImporter/Content/SpeedTree9/UnpackInteger3.uexp" 990
"../../../Engine/Plugins/Editor/SpeedTreeImporter/Content/SpeedTree9/game_wind_noise.uasset" 991
"../../../Engine/Plugins/Editor/SpeedTreeImporter/Content/SpeedTree9/game_wind_noise.uexp" 992
"../../../Engine/Plugins/Editor/SpeedTreeImporter/Content/SpeedTree9/game_wind_noise.ubulk" 993
"../../../Engine/Plugins/Editor/SpeedTreeImporter/Content/SpeedTree9/SpeedTreeBillboard.uasset" 994
"../../../Engine/Plugins/Editor/SpeedTreeImporter/Content/SpeedTree9/SpeedTreeBillboard.uexp" 995
"../../../Engine/Plugins/Editor/SpeedTreeImporter/Content/SpeedTree9/SpeedTreeWindMotion.uasset" 996
"../../../Engine/Plugins/Editor/SpeedTreeImporter/Content/SpeedTree9/SpeedTreeWindMotion.uexp" 997
"../../../Engine/Plugins/Editor/SpeedTreeImporter/Content/SpeedTree9/UnpackDirection.uasset" 998
"../../../Engine/Plugins/Editor/SpeedTreeImporter/Content/SpeedTree9/UnpackDirection.uexp" 999
"../../../Engine/Plugins/Editor/SpeedTreeImporter/Content/SpeedTree9/SpeedTreeBranchMotion.uasset" 1000
"../../../Engine/Plugins/Editor/SpeedTreeImporter/Content/SpeedTree9/SpeedTreeBranchMotion.uexp" 1001
"../../../Engine/Plugins/Editor/SpeedTreeImporter/Content/SpeedTree9/SpeedTreeWind.uasset" 1002
"../../../Engine/Plugins/Editor/SpeedTreeImporter/Content/SpeedTree9/SpeedTreeWind.uexp" 1003
"../../../Engine/Plugins/Editor/SpeedTreeImporter/Content/SpeedTree9/SpeedTreeBillboardMaster.uasset" 1004
"../../../Engine/Plugins/Editor/SpeedTreeImporter/Content/SpeedTree9/SpeedTreeBillboardMaster.uexp" 1005
"../../../Engine/Plugins/Editor/SpeedTreeImporter/Content/SpeedTree9/SpeedTreeCameraFacing.uasset" 1006
"../../../Engine/Plugins/Editor/SpeedTreeImporter/Content/SpeedTree9/SpeedTreeCameraFacing.uexp" 1007
"../../../Engine/Plugins/Editor/SpeedTreeImporter/Content/SpeedTree9/SpeedTreeMaster.uasset" 1008
"../../../Engine/Plugins/Editor/SpeedTreeImporter/Content/SpeedTree9/SpeedTreeMaster.uexp" 1009
"../../../Engine/Content/ArtTools/RenderToTexture/Materials/Debug/M_Emissive_Color.uasset" 1010
"../../../Engine/Content/ArtTools/RenderToTexture/Materials/Debug/M_Emissive_Color.uexp" 1011
"../../../Engine/Content/BasicShapes/Cylinder.uasset" 1012
"../../../Engine/Content/BasicShapes/Cylinder.uexp" 1013
"../../../Engine/Content/BasicShapes/Cylinder.ubulk" 1014
"../../../Engine/Plugins/Lumin/MagicLeapPassableWorld/Content/MagicLeapARPinInfoActor.uasset" 1015
"../../../Engine/Plugins/Lumin/MagicLeapPassableWorld/Content/MagicLeapARPinInfoActor.uexp" 1016
"../../../Engine/Plugins/Runtime/HairStrands/Content/Materials/HairCardsDefaultMaterial.uasset" 1017
"../../../Engine/Plugins/Runtime/HairStrands/Content/Materials/HairCardsDefaultMaterial.uexp" 1018
"../../../Engine/Content/EngineMaterials/HairColorMap.uasset" 1019
"../../../Engine/Content/EngineMaterials/HairColorMap.uexp" 1020
"../../../Engine/Content/EngineMaterials/HairDebugColor.uasset" 1021
"../../../Engine/Content/EngineMaterials/HairDebugColor.uexp" 1022
"../../../Engine/Plugins/Runtime/HairStrands/Content/Materials/HairDebugMaterial.uasset" 1023
"../../../Engine/Plugins/Runtime/HairStrands/Content/Materials/HairDebugMaterial.uexp" 1024
"../../../Engine/Plugins/Runtime/HairStrands/Content/Materials/HairDefaultMaterial.uasset" 1025
"../../../Engine/Plugins/Runtime/HairStrands/Content/Materials/HairDefaultMaterial.uexp" 1026
"../../../Engine/Plugins/Runtime/HairStrands/Content/Materials/HairMeshesDefaultMaterial.uasset" 1027
"../../../Engine/Plugins/Runtime/HairStrands/Content/Materials/HairMeshesDefaultMaterial.uexp" 1028
"../../../Engine/Content/Functions/Engine_MaterialFunctions02/Utility/BreakOutFloat4Components.uasset" 1029
"../../../Engine/Content/Functions/Engine_MaterialFunctions02/Utility/BreakOutFloat4Components.uexp" 1030
"../../../Engine/Plugins/Runtime/Oculus/OculusVR/Content/Materials/OculusMR_ChromaKey.uasset" 1031
"../../../Engine/Plugins/Runtime/Oculus/OculusVR/Content/Materials/OculusMR_ChromaKey.uexp" 1032
"../../../Engine/Plugins/Runtime/Oculus/OculusVR/Content/Materials/OculusMR_OpaqueColoredMaterial.uasset" 1033
"../../../Engine/Plugins/Runtime/Oculus/OculusVR/Content/Materials/OculusMR_OpaqueColoredMaterial.uexp" 1034
"../../../Engine/Plugins/Runtime/Oculus/OculusVR/Content/Materials/PokeAHoleMaterial.uasset" 1035
"../../../Engine/Plugins/Runtime/Oculus/OculusVR/Content/Materials/PokeAHoleMaterial.uexp" 1036
"C:/Users/fraci/Documents/Unreal Projects/First_2_5_D/Content/StaticMeshes/SM_Ball.uasset" 1037
"C:/Users/fraci/Documents/Unreal Projects/First_2_5_D/Content/StaticMeshes/SM_Ball.uexp" 1038
"C:/Users/fraci/Documents/Unreal Projects/First_2_5_D/Content/StaticMeshes/SM_Ball.ubulk" 1039
"C:/Users/fraci/Documents/Unreal Projects/First_2_5_D/Content/Textures/T_Tech_Hex_Tile_M.uasset" 1040
"C:/Users/fraci/Documents/Unreal Projects/First_2_5_D/Content/Textures/T_Tech_Hex_Tile_M.uexp" 1041
"C:/Users/fraci/Documents/Unreal Projects/First_2_5_D/Content/Textures/T_Tech_Hex_Tile_M.ubulk" 1042
"C:/Users/fraci/Documents/Unreal Projects/First_2_5_D/Content/Textures/Bloom_Mask.uasset" 1043
"C:/Users/fraci/Documents/Unreal Projects/First_2_5_D/Content/Textures/Bloom_Mask.uexp" 1044
"C:/Users/fraci/Documents/Unreal Projects/First_2_5_D/Content/Textures/Bloom_Mask.ubulk" 1045
"C:/Users/fraci/Documents/Unreal Projects/First_2_5_D/Content/Textures/Spec_Texture.uasset" 1046
"C:/Users/fraci/Documents/Unreal Projects/First_2_5_D/Content/Textures/Spec_Texture.uexp" 1047
"C:/Users/fraci/Documents/Unreal Projects/First_2_5_D/Content/Textures/Spec_Texture.ubulk" 1048
"C:/Users/fraci/Documents/Unreal Projects/First_2_5_D/Content/Textures/Tileable_eroded_scratch_metal_texture_background_03.uasset" 1049
"C:/Users/fraci/Documents/Unreal Projects/First_2_5_D/Content/Textures/Tileable_eroded_scratch_metal_texture_background_03.uexp" 1050
"C:/Users/fraci/Documents/Unreal Projects/First_2_5_D/Content/Textures/Tileable_eroded_scratch_metal_texture_background_03.ubulk" 1051
"C:/Users/fraci/Documents/Unreal Projects/First_2_5_D/Content/Textures/T_Tech_Hex_Tile_N.uasset" 1052
"C:/Users/fraci/Documents/Unreal Projects/First_2_5_D/Content/Textures/T_Tech_Hex_Tile_N.uexp" 1053
"C:/Users/fraci/Documents/Unreal Projects/First_2_5_D/Content/Textures/T_Tech_Hex_Tile_N.ubulk" 1054
"C:/Users/fraci/Documents/Unreal Projects/First_2_5_D/Content/Materials/Ball_material.uasset" 1055
"C:/Users/fraci/Documents/Unreal Projects/First_2_5_D/Content/Materials/Ball_material.uexp" 1056
"C:/Users/fraci/Documents/Unreal Projects/First_2_5_D/Content/Blueprints/Bp_Player.uasset" 1057
"C:/Users/fraci/Documents/Unreal Projects/First_2_5_D/Content/Blueprints/Bp_Player.uexp" 1058
"C:/Users/fraci/Documents/Unreal Projects/First_2_5_D/Content/Blueprints/Bp_PlatatFormer_Gamemode.uasset" 1059
"C:/Users/fraci/Documents/Unreal Projects/First_2_5_D/Content/Blueprints/Bp_PlatatFormer_Gamemode.uexp" 1060
"../../../Engine/Content/Maps/Entry_BuiltData.uasset" 1061
"../../../Engine/Content/Maps/Entry_BuiltData.uexp" 1062
"../../../Engine/Content/Maps/Entry.uexp" 1063
"../../../Engine/Content/Maps/Entry.umap" 1064
"../../../Engine/Content/EngineSky/T_Sky_Blue.uasset" 1065
"../../../Engine/Content/EngineSky/T_Sky_Blue.uexp" 1066
"../../../Engine/Content/EngineSky/T_Sky_Blue.ubulk" 1067
"../../../Engine/Content/EngineSky/T_Sky_Clouds_M.uasset" 1068
"../../../Engine/Content/EngineSky/T_Sky_Clouds_M.uexp" 1069
"../../../Engine/Content/EngineSky/T_Sky_Clouds_M.ubulk" 1070
"../../../Engine/Content/EngineSky/T_Sky_Stars.uasset" 1071
"../../../Engine/Content/EngineSky/T_Sky_Stars.uexp" 1072
"../../../Engine/Content/EngineSky/T_Sky_Stars.ubulk" 1073
"../../../Engine/Content/EngineSky/M_Sky_Panning_Clouds2.uasset" 1074
"../../../Engine/Content/EngineSky/M_Sky_Panning_Clouds2.uexp" 1075
"../../../Engine/Content/EngineSky/SM_SkySphere.uasset" 1076
"../../../Engine/Content/EngineSky/SM_SkySphere.uexp" 1077
"../../../Engine/Content/EngineSky/SM_SkySphere.ubulk" 1078
"../../../Engine/Content/EngineSky/C_Sky_Cloud_Color.uasset" 1079
"../../../Engine/Content/EngineSky/C_Sky_Cloud_Color.uexp" 1080
"../../../Engine/Content/EngineSky/C_Sky_Horizon_Color.uasset" 1081
"../../../Engine/Content/EngineSky/C_Sky_Horizon_Color.uexp" 1082
"../../../Engine/Content/EngineSky/C_Sky_Zenith_Color.uasset" 1083
"../../../Engine/Content/EngineSky/C_Sky_Zenith_Color.uexp" 1084
"../../../Engine/Content/EngineSky/BP_Sky_Sphere.uasset" 1085
"../../../Engine/Content/EngineSky/BP_Sky_Sphere.uexp" 1086
"../../../Engine/Content/Maps/Templates/Template_Default_BuiltData.uasset" 1087
"../../../Engine/Content/Maps/Templates/Template_Default_BuiltData.uexp" 1088
"../../../Engine/Content/Maps/Templates/Template_Default_BuiltData.ubulk" 1089
"../../../Engine/Content/MapTemplates/SM_Template_Map_Floor.uasset" 1090
"../../../Engine/Content/MapTemplates/SM_Template_Map_Floor.uexp" 1091
"../../../Engine/Content/MapTemplates/SM_Template_Map_Floor.ubulk" 1092
"../../../Engine/Content/Maps/Templates/Template_Default.uexp" 1093
"../../../Engine/Content/Maps/Templates/Template_Default.umap" 1094
"C:/Users/fraci/Documents/Unreal Projects/First_2_5_D/Content/Materials/Stone_Mat.uasset" 1095
"C:/Users/fraci/Documents/Unreal Projects/First_2_5_D/Content/Materials/Stone_Mat.uexp" 1096
"C:/Users/fraci/Documents/Unreal Projects/First_2_5_D/Content/StaticMeshes/SM_Rock.uasset" 1097
"C:/Users/fraci/Documents/Unreal Projects/First_2_5_D/Content/StaticMeshes/SM_Rock.uexp" 1098
"C:/Users/fraci/Documents/Unreal Projects/First_2_5_D/Content/StaticMeshes/SM_Rock.ubulk" 1099
"C:/Users/fraci/Documents/Unreal Projects/First_2_5_D/Content/StaticMeshes/TemplateCube_Rounded.uasset" 1100
"C:/Users/fraci/Documents/Unreal Projects/First_2_5_D/Content/StaticMeshes/TemplateCube_Rounded.uexp" 1101
"C:/Users/fraci/Documents/Unreal Projects/First_2_5_D/Content/StaticMeshes/TemplateCube_Rounded.ubulk" 1102
"C:/Users/fraci/Documents/Unreal Projects/First_2_5_D/Content/Maps/Example_Map.uexp" 1103
"C:/Users/fraci/Documents/Unreal Projects/First_2_5_D/Content/Maps/Example_Map.ubulk" 1104
"C:/Users/fraci/Documents/Unreal Projects/First_2_5_D/Content/Maps/Example_Map.umap" 1105
