Log file open, 11/15/21 14:37:15
LogWindows: Failed to load 'aqProf.dll' (GetLastError=126)
LogWindows: File 'aqProf.dll' does not exist
LogWindows: Failed to load 'VtuneApi.dll' (GetLastError=126)
LogWindows: File 'VtuneApi.dll' does not exist
LogWindows: Failed to load 'VtuneApi32e.dll' (GetLastError=126)
LogWindows: File 'VtuneApi32e.dll' does not exist
LogConsoleResponse: Display: Failed to find resolution value strings in scalability ini. Falling back to default.
LogConsoleResponse: Display: Failed to find resolution value strings in scalability ini. Falling back to default.
LogInit: Display: Running engine for game: MyProject
LogPlatformFile: Not using cached read wrapper
LogTaskGraph: Started task graph with 5 named threads and 11 total threads with 3 sets of task threads.
LogStats: Stats thread started at 0.571839
LogICUInternationalization: ICU TimeZone Detection - Raw Offset: -4:00, Platform Override: ''
LogInit: Display: Loading text-based GConfig....
LogPluginManager: Mounting plugin MeshPainting
LogPluginManager: Mounting plugin XGEController
LogPluginManager: Mounting plugin Paper2D
LogPluginManager: Mounting plugin LiveLink
LogPluginManager: Mounting plugin AISupport
LogPluginManager: Mounting plugin EnvironmentQueryEditor
LogPluginManager: Mounting plugin CameraShakePreviewer
LogPluginManager: Mounting plugin LightPropagationVolume
LogPluginManager: Mounting plugin OodleData
LogPluginManager: Mounting plugin GameplayCameras
LogPluginManager: Mounting plugin OodleNetwork
LogPluginManager: Mounting plugin AnimationSharing
LogPluginManager: Mounting plugin CLionSourceCodeAccess
LogPluginManager: Mounting plugin AssetManagerEditor
LogPluginManager: Mounting plugin CodeLiteSourceCodeAccess
LogPluginManager: Mounting plugin GitSourceControl
LogPluginManager: Mounting plugin KDevelopSourceCodeAccess
LogPluginManager: Mounting plugin NullSourceCodeAccess
LogPluginManager: Mounting plugin PerforceSourceControl
LogPluginManager: Mounting plugin PixWinPlugin
LogPluginManager: Mounting plugin PlasticSourceControl
LogPluginManager: Mounting plugin PropertyAccessNode
LogPluginManager: Mounting plugin PluginUtils
LogPluginManager: Mounting plugin RiderSourceCodeAccess
LogPluginManager: Mounting plugin SubversionSourceControl
LogPluginManager: Mounting plugin TextureFormatOodle
LogPluginManager: Mounting plugin CryptoKeys
LogPluginManager: Mounting plugin UObjectPlugin
LogPluginManager: Mounting plugin DataValidation
LogPluginManager: Mounting plugin CurveEditorTools
LogPluginManager: Mounting plugin FacialAnimation
LogPluginManager: Mounting plugin GameplayTagsEditor
LogPluginManager: Mounting plugin MacGraphicsSwitching
LogPluginManager: Mounting plugin MaterialAnalyzer
LogPluginManager: Mounting plugin GeometryMode
LogPluginManager: Mounting plugin PluginBrowser
LogPluginManager: Mounting plugin MobileLauncherProfileWizard
LogPluginManager: Mounting plugin SpeedTreeImporter
LogPluginManager: Mounting plugin VisualStudioCodeSourceCodeAccess
LogPluginManager: Mounting plugin VisualStudioSourceCodeAccess
LogPluginManager: Mounting plugin XCodeSourceCodeAccess
LogPluginManager: Mounting plugin DatasmithContent
LogPluginManager: Mounting plugin VariantManagerContent
LogPluginManager: Mounting plugin AlembicImporter
LogPluginManager: Mounting plugin Niagara
LogPluginManager: Mounting plugin AutomationUtils
LogPluginManager: Mounting plugin BackChannel
LogPluginManager: Mounting plugin ChaosCloth
LogPluginManager: Mounting plugin ChaosClothEditor
LogPluginManager: Mounting plugin ChaosNiagara
LogPluginManager: Mounting plugin ChaosEditor
LogPluginManager: Mounting plugin ChaosSolverPlugin
LogPluginManager: Mounting plugin CharacterAI
LogPluginManager: Mounting plugin GeometryCache
LogPluginManager: Mounting plugin GeometryCollectionPlugin
LogPluginManager: Mounting plugin LuminPlatformFeatures
LogPluginManager: Mounting plugin MagicLeap
LogPluginManager: Mounting plugin MagicLeapLightEstimation
LogPluginManager: Mounting plugin MagicLeapMedia
LogPluginManager: Mounting plugin AndroidMedia
LogPluginManager: Mounting plugin MagicLeapPassableWorld
LogPluginManager: Mounting plugin AvfMedia
LogPluginManager: Mounting plugin MLSDK
LogPluginManager: Mounting plugin GeometryProcessing
LogPluginManager: Mounting plugin ImgMedia
LogPluginManager: Mounting plugin MediaCompositing
LogPluginManager: Mounting plugin MotoSynth
LogPluginManager: Mounting plugin OpenImageDenoise
LogPluginManager: Mounting plugin MediaPlayerEditor
LogPluginManager: Mounting plugin PlanarCut
LogPluginManager: Mounting plugin PlatformCrypto
LogPluginManager: Mounting plugin WebMMedia
LogPluginManager: Mounting plugin WmfMedia
LogPluginManager: Mounting plugin ProxyLODPlugin
LogPluginManager: Mounting plugin PythonScriptPlugin
LogPluginManager: Mounting plugin SkeletalReduction
LogPluginManager: Mounting plugin TcpMessaging
LogPluginManager: Mounting plugin ActorSequence
LogPluginManager: Mounting plugin UdpMessaging
LogPluginManager: Mounting plugin LevelSequenceEditor
LogPluginManager: Mounting plugin MatineeToLevelSequence
LogPluginManager: Mounting plugin TemplateSequence
LogPluginManager: Mounting plugin OnlineSubsystem
LogPluginManager: Mounting plugin OnlineSubsystemNull
LogPluginManager: Mounting plugin OnlineSubsystemUtils
LogPluginManager: Mounting plugin ActorLayerUtilities
LogPluginManager: Mounting plugin AndroidDeviceProfileSelector
LogPluginManager: Mounting plugin AndroidMoviePlayer
LogPluginManager: Mounting plugin AndroidPermission
LogPluginManager: Mounting plugin AppleImageUtils
LogPluginManager: Mounting plugin AppleMoviePlayer
LogPluginManager: Mounting plugin ArchVisCharacter
LogPluginManager: Mounting plugin AssetTags
LogPluginManager: Mounting plugin AudioCapture
LogPluginManager: Mounting plugin AudioSynesthesia
LogPluginManager: Mounting plugin CableComponent
LogPluginManager: Mounting plugin ChunkDownloader
LogPluginManager: Mounting plugin CustomMeshComponent
LogPluginManager: Mounting plugin EditableMesh
LogPluginManager: Mounting plugin ExampleDeviceProfileSelector
LogPluginManager: Mounting plugin GoogleCloudMessaging
LogPluginManager: Mounting plugin GooglePAD
LogPluginManager: Mounting plugin IOSDeviceProfileSelector
LogPluginManager: Mounting plugin LinuxDeviceProfileSelector
LogPluginManager: Mounting plugin LocationServicesBPLibrary
LogPluginManager: Mounting plugin MobilePatchingUtils
LogPluginManager: Mounting plugin OpenXR
LogPluginManager: Mounting plugin OpenXREyeTracker
LogPluginManager: Mounting plugin OpenXRHandTracking
LogPluginManager: Mounting plugin PhysXVehicles
LogPluginManager: Mounting plugin LauncherChunkInstaller
LogPluginManager: Mounting plugin ProceduralMeshComponent
LogPluginManager: Mounting plugin PropertyAccessEditor
LogPluginManager: Mounting plugin PostSplashScreen
LogPluginManager: Mounting plugin RuntimePhysXCooking
LogPluginManager: Mounting plugin SignificanceManager
LogPluginManager: Mounting plugin SoundFields
LogPluginManager: Mounting plugin Synthesis
LogPluginManager: Mounting plugin WebMMoviePlayer
LogPluginManager: Mounting plugin WindowsMoviePlayer
LogPluginManager: Mounting plugin ScreenshotTools
LogPluginManager: Mounting plugin Takes
LogPluginManager: Mounting plugin ContentBrowserAssetDataSource
LogPluginManager: Mounting plugin ContentBrowserClassDataSource
LogPluginManager: Mounting plugin ContentBrowserFileDataSource
LogPluginManager: Mounting plugin OnlineSubsystemGooglePlay
LogPluginManager: Mounting plugin OnlineSubsystemIOS
LogPluginManager: Mounting plugin OculusVR
LogPluginManager: Mounting plugin SteamVR
PixWinPlugin: PIX capture plugin failed to initialize! Check that the process is launched from PIX.
LogInit: Using libcurl 7.55.1-DEV
LogInit:  - built for x86_64-pc-win32
LogInit:  - supports SSL with OpenSSL/1.1.1
LogInit:  - supports HTTP deflate (compression) using libz 1.2.8
LogInit:  - other features:
LogInit:      CURL_VERSION_SSL
LogInit:      CURL_VERSION_LIBZ
LogInit:      CURL_VERSION_IPV6
LogInit:      CURL_VERSION_ASYNCHDNS
LogInit:      CURL_VERSION_LARGEFILE
LogInit:      CURL_VERSION_IDN
LogInit:  CurlRequestOptions (configurable via config and command line):
LogInit:  - bVerifyPeer = true  - Libcurl will verify peer certificate
LogInit:  - bUseHttpProxy = false  - Libcurl will NOT use HTTP proxy
LogInit:  - bDontReuseConnections = false  - Libcurl will reuse connections
LogInit:  - MaxHostConnections = 16  - Libcurl will limit the number of connections to a host
LogInit:  - LocalHostAddr = Default
LogInit:  - BufferSize = 65536
LogOnline: OSS: Creating online subsystem instance for: NULL
LogInit: WinSock: version 1.1 (2.2), MaxSocks=32767, MaxUdp=65467
LogOnline: OSS: TryLoadSubsystemAndSetDefault: Loaded subsystem for module [NULL]
LogOculusPluginWrapper: OculusPlugin initialized successfully
LogHMD: Failed initializing OVRPlugin 1.59.0
LogInit: Build: ++UE4+Release-4.27-CL-17735300
LogInit: Engine Version: 4.27.1-17735300+++UE4+Release-4.27
LogInit: Compatible Engine Version: 4.27.0-17155196+++UE4+Release-4.27
LogInit: Net CL: 17155196
LogInit: OS: Windows 10 (Release 2009) (), CPU: Intel(R) Pentium(R) CPU G4560 @ 3.50GHz, GPU: NVIDIA GeForce GTX 1050 Ti
LogInit: Compiled (64-bit): Oct  6 2021 14:42:51
LogInit: Compiled with Visual C++: 19.24.28315.00
LogInit: Build Configuration: Development
LogInit: Branch Name: ++UE4+Release-4.27
LogInit: Command Line: 
LogInit: Base Directory: G:/Archivos de Programa/UE_4.27/Engine/Binaries/Win64/
LogInit: Allocator: TBB
LogInit: Installed Engine Build: 1
LogDevObjectVersion: Number of dev versions registered: 29
LogDevObjectVersion:   Dev-Blueprints (B0D832E4-1F89-4F0D-ACCF-7EB736FD4AA2): 10
LogDevObjectVersion:   Dev-Build (E1C64328-A22C-4D53-A36C-8E866417BD8C): 0
LogDevObjectVersion:   Dev-Core (375EC13C-06E4-48FB-B500-84F0262A717E): 4
LogDevObjectVersion:   Dev-Editor (E4B068ED-F494-42E9-A231-DA0B2E46BB41): 40
LogDevObjectVersion:   Dev-Framework (CFFC743F-43B0-4480-9391-14DF171D2073): 37
LogDevObjectVersion:   Dev-Mobile (B02B49B5-BB20-44E9-A304-32B752E40360): 3
LogDevObjectVersion:   Dev-Networking (A4E4105C-59A1-49B5-A7C5-40C4547EDFEE): 0
LogDevObjectVersion:   Dev-Online (39C831C9-5AE6-47DC-9A44-9C173E1C8E7C): 0
LogDevObjectVersion:   Dev-Physics (78F01B33-EBEA-4F98-B9B4-84EACCB95AA2): 14
LogDevObjectVersion:   Dev-Platform (6631380F-2D4D-43E0-8009-CF276956A95A): 0
LogDevObjectVersion:   Dev-Rendering (12F88B9F-8875-4AFC-A67C-D90C383ABD29): 45
LogDevObjectVersion:   Dev-Sequencer (7B5AE74C-D270-4C10-A958-57980B212A5A): 13
LogDevObjectVersion:   Dev-VR (D7296918-1DD6-4BDD-9DE2-64A83CC13884): 3
LogDevObjectVersion:   Dev-LoadTimes (C2A15278-BFE7-4AFE-6C17-90FF531DF755): 1
LogDevObjectVersion:   Private-Geometry (6EACA3D4-40EC-4CC1-B786-8BED09428FC5): 3
LogDevObjectVersion:   Dev-AnimPhys (29E575DD-E0A3-4627-9D10-D276232CDCEA): 17
LogDevObjectVersion:   Dev-Anim (AF43A65D-7FD3-4947-9873-3E8ED9C1BB05): 15
LogDevObjectVersion:   Dev-ReflectionCapture (6B266CEC-1EC7-4B8F-A30B-E4D90942FC07): 1
LogDevObjectVersion:   Dev-Automation (0DF73D61-A23F-47EA-B727-89E90C41499A): 1
LogDevObjectVersion:   FortniteMain (601D1886-AC64-4F84-AA16-D3DE0DEAC7D6): 47
LogDevObjectVersion:   FortniteRelease (E7086368-6B23-4C58-8439-1B7016265E91): 1
LogDevObjectVersion:   Dev-Enterprise (9DFFBCD6-494F-0158-E221-12823C92A888): 10
LogDevObjectVersion:   Dev-Niagara (F2AED0AC-9AFE-416F-8664-AA7FFA26D6FC): 1
LogDevObjectVersion:   Dev-Destruction (174F1F0B-B4C6-45A5-B13F-2EE8D0FB917D): 10
LogDevObjectVersion:   Dev-Physics-Ext (35F94A83-E258-406C-A318-09F59610247C): 41
LogDevObjectVersion:   Dev-PhysicsMaterial-Chaos (B68FC16E-8B1B-42E2-B453-215C058844FE): 1
LogDevObjectVersion:   Dev-CineCamera (B2E18506-4273-CFC2-A54E-F4BB758BBA07): 1
LogDevObjectVersion:   Dev-VirtualProduction (64F58936-FD1B-42BA-BA96-7289D5D0FA4E): 1
LogDevObjectVersion:   Dev-MediaFramework (6F0ED827-A609-4895-9C91-998D90180EA4): 2
LogInit: Presizing for max 25165824 objects, including 0 objects not considered by GC, pre-allocating 0 bytes for permanent pool.
LogConfig: Applying CVar settings from Section [/Script/Engine.StreamingSettings] File [C:/Users/Diego/Desktop/proyecto/Grafica-main/Saved/Config/Windows/Engine.ini]
LogConfig: Setting CVar [[s.MinBulkDataSizeForAsyncLoading:131072]]
LogConfig: Setting CVar [[s.AsyncLoadingThreadEnabled:0]]
LogConfig: Setting CVar [[s.EventDrivenLoaderEnabled:1]]
LogConfig: Setting CVar [[s.WarnIfTimeLimitExceeded:0]]
LogConfig: Setting CVar [[s.TimeLimitExceededMultiplier:1.5]]
LogConfig: Setting CVar [[s.TimeLimitExceededMinTime:0.005]]
LogConfig: Setting CVar [[s.UseBackgroundLevelStreaming:1]]
LogConfig: Setting CVar [[s.PriorityAsyncLoadingExtraTime:15.0]]
LogConfig: Setting CVar [[s.LevelStreamingActorsUpdateTimeLimit:5.0]]
LogConfig: Setting CVar [[s.PriorityLevelStreamingActorsUpdateExtraTime:5.0]]
LogConfig: Setting CVar [[s.LevelStreamingComponentsRegistrationGranularity:10]]
LogConfig: Setting CVar [[s.UnregisterComponentsTimeLimit:1.0]]
LogConfig: Setting CVar [[s.LevelStreamingComponentsUnregistrationGranularity:5]]
LogConfig: Setting CVar [[s.FlushStreamingOnExit:1]]
LogInit: Object subsystem initialized
LogConfig: Setting CVar [[con.DebugEarlyDefault:1]]
LogConfig: Setting CVar [[r.setres:1280x720]]
[2021.11.15-17.37.15:966][  0]LogConfig: Setting CVar [[r.VSync:0]]
[2021.11.15-17.37.15:966][  0]LogConfig: Setting CVar [[r.RHICmdBypass:0]]
[2021.11.15-17.37.15:966][  0]LogConfig: Applying CVar settings from Section [/Script/Engine.RendererSettings] File [C:/Users/Diego/Desktop/proyecto/Grafica-main/Saved/Config/Windows/Engine.ini]
[2021.11.15-17.37.15:966][  0]LogConfig: Setting CVar [[r.GPUCrashDebugging:0]]
[2021.11.15-17.37.15:966][  0]LogConfig: Setting CVar [[r.GenerateMeshDistanceFields:1]]
[2021.11.15-17.37.15:966][  0]LogConfig: Applying CVar settings from Section [/Script/Engine.RendererOverrideSettings] File [C:/Users/Diego/Desktop/proyecto/Grafica-main/Saved/Config/Windows/Engine.ini]
[2021.11.15-17.37.15:966][  0]LogConfig: Applying CVar settings from Section [/Script/Engine.StreamingSettings] File [C:/Users/Diego/Desktop/proyecto/Grafica-main/Saved/Config/Windows/Engine.ini]
[2021.11.15-17.37.15:966][  0]LogConfig: Setting CVar [[s.MinBulkDataSizeForAsyncLoading:131072]]
[2021.11.15-17.37.15:966][  0]LogConfig: Setting CVar [[s.AsyncLoadingThreadEnabled:0]]
[2021.11.15-17.37.15:966][  0]LogConfig: Setting CVar [[s.EventDrivenLoaderEnabled:1]]
[2021.11.15-17.37.15:966][  0]LogConfig: Setting CVar [[s.WarnIfTimeLimitExceeded:0]]
[2021.11.15-17.37.15:967][  0]LogConfig: Setting CVar [[s.TimeLimitExceededMultiplier:1.5]]
[2021.11.15-17.37.15:967][  0]LogConfig: Setting CVar [[s.TimeLimitExceededMinTime:0.005]]
[2021.11.15-17.37.15:967][  0]LogConfig: Setting CVar [[s.UseBackgroundLevelStreaming:1]]
[2021.11.15-17.37.15:967][  0]LogConfig: Setting CVar [[s.PriorityAsyncLoadingExtraTime:15.0]]
[2021.11.15-17.37.15:967][  0]LogConfig: Setting CVar [[s.LevelStreamingActorsUpdateTimeLimit:5.0]]
[2021.11.15-17.37.15:967][  0]LogConfig: Setting CVar [[s.PriorityLevelStreamingActorsUpdateExtraTime:5.0]]
[2021.11.15-17.37.15:967][  0]LogConfig: Setting CVar [[s.LevelStreamingComponentsRegistrationGranularity:10]]
[2021.11.15-17.37.15:967][  0]LogConfig: Setting CVar [[s.UnregisterComponentsTimeLimit:1.0]]
[2021.11.15-17.37.15:967][  0]LogConfig: Setting CVar [[s.LevelStreamingComponentsUnregistrationGranularity:5]]
[2021.11.15-17.37.15:967][  0]LogConfig: Setting CVar [[s.FlushStreamingOnExit:1]]
[2021.11.15-17.37.15:967][  0]LogConfig: Applying CVar settings from Section [/Script/Engine.GarbageCollectionSettings] File [C:/Users/Diego/Desktop/proyecto/Grafica-main/Saved/Config/Windows/Engine.ini]
[2021.11.15-17.37.15:967][  0]LogConfig: Setting CVar [[gc.MaxObjectsNotConsideredByGC:1]]
[2021.11.15-17.37.15:967][  0]LogConfig: Setting CVar [[gc.SizeOfPermanentObjectPool:0]]
[2021.11.15-17.37.15:967][  0]LogConfig: Setting CVar [[gc.FlushStreamingOnGC:0]]
[2021.11.15-17.37.15:967][  0]LogConfig: Setting CVar [[gc.NumRetriesBeforeForcingGC:10]]
[2021.11.15-17.37.15:967][  0]LogConfig: Setting CVar [[gc.AllowParallelGC:1]]
[2021.11.15-17.37.15:967][  0]LogConfig: Setting CVar [[gc.TimeBetweenPurgingPendingKillObjects:61.1]]
[2021.11.15-17.37.15:967][  0]LogConfig: Setting CVar [[gc.MaxObjectsInEditor:25165824]]
[2021.11.15-17.37.15:967][  0]LogConfig: Setting CVar [[gc.IncrementalBeginDestroyEnabled:1]]
[2021.11.15-17.37.15:967][  0]LogConfig: Setting CVar [[gc.CreateGCClusters:1]]
[2021.11.15-17.37.15:967][  0]LogConfig: Setting CVar [[gc.MinGCClusterSize:5]]
[2021.11.15-17.37.15:967][  0]LogConfig: Setting CVar [[gc.ActorClusteringEnabled:0]]
[2021.11.15-17.37.15:967][  0]LogConfig: Setting CVar [[gc.BlueprintClusteringEnabled:0]]
[2021.11.15-17.37.15:967][  0]LogConfig: Setting CVar [[gc.UseDisregardForGCOnDedicatedServers:0]]
[2021.11.15-17.37.15:967][  0]LogConfig: Setting CVar [[gc.MultithreadedDestructionEnabled:1]]
[2021.11.15-17.37.15:967][  0]LogConfig: Applying CVar settings from Section [/Script/Engine.NetworkSettings] File [C:/Users/Diego/Desktop/proyecto/Grafica-main/Saved/Config/Windows/Engine.ini]
[2021.11.15-17.37.15:967][  0]LogConfig: Applying CVar settings from Section [/Script/UnrealEd.CookerSettings] File [C:/Users/Diego/Desktop/proyecto/Grafica-main/Saved/Config/Windows/Engine.ini]
[2021.11.15-17.37.15:976][  0]LogConfig: Applying CVar settings from Section [ViewDistanceQuality@3] File [C:/Users/Diego/Desktop/proyecto/Grafica-main/Saved/Config/Windows/Scalability.ini]
[2021.11.15-17.37.15:976][  0]LogConfig: Setting CVar [[r.SkeletalMeshLODBias:0]]
[2021.11.15-17.37.15:976][  0]LogConfig: Setting CVar [[r.ViewDistanceScale:1.0]]
[2021.11.15-17.37.15:976][  0]LogConfig: Applying CVar settings from Section [AntiAliasingQuality@3] File [C:/Users/Diego/Desktop/proyecto/Grafica-main/Saved/Config/Windows/Scalability.ini]
[2021.11.15-17.37.15:976][  0]LogConfig: Setting CVar [[r.PostProcessAAQuality:4]]
[2021.11.15-17.37.15:976][  0]LogConfig: Applying CVar settings from Section [ShadowQuality@3] File [C:/Users/Diego/Desktop/proyecto/Grafica-main/Saved/Config/Windows/Scalability.ini]
[2021.11.15-17.37.15:976][  0]LogConfig: Setting CVar [[r.LightFunctionQuality:1]]
[2021.11.15-17.37.15:976][  0]LogConfig: Setting CVar [[r.ShadowQuality:5]]
[2021.11.15-17.37.15:976][  0]LogConfig: Setting CVar [[r.Shadow.CSM.MaxCascades:10]]
[2021.11.15-17.37.15:976][  0]LogConfig: Setting CVar [[r.Shadow.MaxResolution:2048]]
[2021.11.15-17.37.15:976][  0]LogConfig: Setting CVar [[r.Shadow.MaxCSMResolution:2048]]
[2021.11.15-17.37.15:976][  0]LogConfig: Setting CVar [[r.Shadow.RadiusThreshold:0.01]]
[2021.11.15-17.37.15:976][  0]LogConfig: Setting CVar [[r.Shadow.DistanceScale:1.0]]
[2021.11.15-17.37.15:976][  0]LogConfig: Setting CVar [[r.Shadow.CSM.TransitionScale:1.0]]
[2021.11.15-17.37.15:977][  0]LogConfig: Setting CVar [[r.Shadow.PreShadowResolutionFactor:1.0]]
[2021.11.15-17.37.15:977][  0]LogConfig: Setting CVar [[r.DistanceFieldShadowing:1]]
[2021.11.15-17.37.15:977][  0]LogConfig: Setting CVar [[r.DistanceFieldAO:1]]
[2021.11.15-17.37.15:977][  0]LogConfig: Setting CVar [[r.AOQuality:2]]
[2021.11.15-17.37.15:977][  0]LogConfig: Setting CVar [[r.VolumetricFog:1]]
[2021.11.15-17.37.15:977][  0]LogConfig: Setting CVar [[r.VolumetricFog.GridPixelSize:8]]
[2021.11.15-17.37.15:977][  0]LogConfig: Setting CVar [[r.VolumetricFog.GridSizeZ:128]]
[2021.11.15-17.37.15:977][  0]LogConfig: Setting CVar [[r.VolumetricFog.HistoryMissSupersampleCount:4]]
[2021.11.15-17.37.15:977][  0]LogConfig: Setting CVar [[r.LightMaxDrawDistanceScale:1]]
[2021.11.15-17.37.15:977][  0]LogConfig: Setting CVar [[r.CapsuleShadows:1]]
[2021.11.15-17.37.15:977][  0]LogConfig: Applying CVar settings from Section [PostProcessQuality@3] File [C:/Users/Diego/Desktop/proyecto/Grafica-main/Saved/Config/Windows/Scalability.ini]
[2021.11.15-17.37.15:977][  0]LogConfig: Setting CVar [[r.MotionBlurQuality:4]]
[2021.11.15-17.37.15:977][  0]LogConfig: Setting CVar [[r.AmbientOcclusionMipLevelFactor:0.4]]
[2021.11.15-17.37.15:977][  0]LogConfig: Setting CVar [[r.AmbientOcclusionMaxQuality:100]]
[2021.11.15-17.37.15:977][  0]LogConfig: Setting CVar [[r.AmbientOcclusionLevels:-1]]
[2021.11.15-17.37.15:977][  0]LogConfig: Setting CVar [[r.AmbientOcclusionRadiusScale:1.0]]
[2021.11.15-17.37.15:977][  0]LogConfig: Setting CVar [[r.DepthOfFieldQuality:2]]
[2021.11.15-17.37.15:977][  0]LogConfig: Setting CVar [[r.RenderTargetPoolMin:400]]
[2021.11.15-17.37.15:977][  0]LogConfig: Setting CVar [[r.LensFlareQuality:2]]
[2021.11.15-17.37.15:977][  0]LogConfig: Setting CVar [[r.SceneColorFringeQuality:1]]
[2021.11.15-17.37.15:977][  0]LogConfig: Setting CVar [[r.EyeAdaptationQuality:2]]
[2021.11.15-17.37.15:977][  0]LogConfig: Setting CVar [[r.BloomQuality:5]]
[2021.11.15-17.37.15:977][  0]LogConfig: Setting CVar [[r.FastBlurThreshold:100]]
[2021.11.15-17.37.15:977][  0]LogConfig: Setting CVar [[r.Upscale.Quality:3]]
[2021.11.15-17.37.15:977][  0]LogConfig: Setting CVar [[r.Tonemapper.GrainQuantization:1]]
[2021.11.15-17.37.15:977][  0]LogConfig: Setting CVar [[r.LightShaftQuality:1]]
[2021.11.15-17.37.15:977][  0]LogConfig: Setting CVar [[r.Filter.SizeScale:1]]
[2021.11.15-17.37.15:977][  0]LogConfig: Setting CVar [[r.Tonemapper.Quality:5]]
[2021.11.15-17.37.15:977][  0]LogConfig: Setting CVar [[r.DOF.Gather.AccumulatorQuality:1        ; higher gathering accumulator quality]]
[2021.11.15-17.37.15:977][  0]LogConfig: Setting CVar [[r.DOF.Gather.PostfilterMethod:1          ; Median3x3 postfilering method]]
[2021.11.15-17.37.15:977][  0]LogConfig: Setting CVar [[r.DOF.Gather.EnableBokehSettings:0       ; no bokeh simulation when gathering]]
[2021.11.15-17.37.15:977][  0]LogConfig: Setting CVar [[r.DOF.Gather.RingCount:4                 ; medium number of samples when gathering]]
[2021.11.15-17.37.15:977][  0]LogConfig: Setting CVar [[r.DOF.Scatter.ForegroundCompositing:1    ; additive foreground scattering]]
[2021.11.15-17.37.15:977][  0]LogConfig: Setting CVar [[r.DOF.Scatter.BackgroundCompositing:2    ; additive background scattering]]
[2021.11.15-17.37.15:977][  0]LogConfig: Setting CVar [[r.DOF.Scatter.EnableBokehSettings:1      ; bokeh simulation when scattering]]
[2021.11.15-17.37.15:977][  0]LogConfig: Setting CVar [[r.DOF.Scatter.MaxSpriteRatio:0.1         ; only a maximum of 10% of scattered bokeh]]
[2021.11.15-17.37.15:977][  0]LogConfig: Setting CVar [[r.DOF.Recombine.Quality:1                ; cheap slight out of focus]]
[2021.11.15-17.37.15:978][  0]LogConfig: Setting CVar [[r.DOF.Recombine.EnableBokehSettings:0    ; no bokeh simulation on slight out of focus]]
[2021.11.15-17.37.15:978][  0]LogConfig: Setting CVar [[r.DOF.TemporalAAQuality:1                ; more stable temporal accumulation]]
[2021.11.15-17.37.15:978][  0]LogConfig: Setting CVar [[r.DOF.Kernel.MaxForegroundRadius:0.025]]
[2021.11.15-17.37.15:978][  0]LogConfig: Setting CVar [[r.DOF.Kernel.MaxBackgroundRadius:0.025]]
[2021.11.15-17.37.15:978][  0]LogConfig: Applying CVar settings from Section [TextureQuality@3] File [C:/Users/Diego/Desktop/proyecto/Grafica-main/Saved/Config/Windows/Scalability.ini]
[2021.11.15-17.37.15:978][  0]LogConfig: Setting CVar [[r.Streaming.MipBias:0]]
[2021.11.15-17.37.15:978][  0]LogConfig: Setting CVar [[r.Streaming.AmortizeCPUToGPUCopy:0]]
[2021.11.15-17.37.15:978][  0]LogConfig: Setting CVar [[r.Streaming.MaxNumTexturesToStreamPerFrame:0]]
[2021.11.15-17.37.15:978][  0]LogConfig: Setting CVar [[r.Streaming.Boost:1]]
[2021.11.15-17.37.15:978][  0]LogConfig: Setting CVar [[r.MaxAnisotropy:8]]
[2021.11.15-17.37.15:978][  0]LogConfig: Setting CVar [[r.VT.MaxAnisotropy:8]]
[2021.11.15-17.37.15:978][  0]LogConfig: Setting CVar [[r.Streaming.LimitPoolSizeToVRAM:0]]
[2021.11.15-17.37.15:978][  0]LogConfig: Setting CVar [[r.Streaming.PoolSize:1000]]
[2021.11.15-17.37.15:978][  0]LogConfig: Setting CVar [[r.Streaming.MaxEffectiveScreenSize:0]]
[2021.11.15-17.37.15:978][  0]LogConfig: Applying CVar settings from Section [EffectsQuality@3] File [C:/Users/Diego/Desktop/proyecto/Grafica-main/Saved/Config/Windows/Scalability.ini]
[2021.11.15-17.37.15:978][  0]LogConfig: Setting CVar [[r.TranslucencyLightingVolumeDim:64]]
[2021.11.15-17.37.15:978][  0]LogConfig: Setting CVar [[r.RefractionQuality:2]]
[2021.11.15-17.37.15:978][  0]LogConfig: Setting CVar [[r.SSR.Quality:3]]
[2021.11.15-17.37.15:978][  0]LogConfig: Setting CVar [[r.SSR.HalfResSceneColor:0]]
[2021.11.15-17.37.15:978][  0]LogConfig: Setting CVar [[r.SceneColorFormat:4]]
[2021.11.15-17.37.15:978][  0]LogConfig: Setting CVar [[r.DetailMode:2]]
[2021.11.15-17.37.15:978][  0]LogConfig: Setting CVar [[r.TranslucencyVolumeBlur:1]]
[2021.11.15-17.37.15:978][  0]LogConfig: Setting CVar [[r.MaterialQualityLevel:1 ; High quality]]
[2021.11.15-17.37.15:978][  0]LogConfig: Setting CVar [[r.AnisotropicMaterials:1]]
[2021.11.15-17.37.15:978][  0]LogConfig: Setting CVar [[r.SSS.Scale:1]]
[2021.11.15-17.37.15:978][  0]LogConfig: Setting CVar [[r.SSS.SampleSet:2]]
[2021.11.15-17.37.15:978][  0]LogConfig: Setting CVar [[r.SSS.Quality:1]]
[2021.11.15-17.37.15:978][  0]LogConfig: Setting CVar [[r.SSS.HalfRes:0]]
[2021.11.15-17.37.15:978][  0]LogConfig: Setting CVar [[r.SSGI.Quality:3]]
[2021.11.15-17.37.15:978][  0]LogConfig: Setting CVar [[r.EmitterSpawnRateScale:1.0]]
[2021.11.15-17.37.15:978][  0]LogConfig: Setting CVar [[r.ParticleLightQuality:2]]
[2021.11.15-17.37.15:978][  0]LogConfig: Setting CVar [[r.SkyAtmosphere.AerialPerspectiveLUT.FastApplyOnOpaque:1 ; Always have FastSkyLUT 1 in this case to avoid wrong sky]]
[2021.11.15-17.37.15:978][  0]LogConfig: Setting CVar [[r.SkyAtmosphere.AerialPerspectiveLUT.SampleCountMaxPerSlice:4]]
[2021.11.15-17.37.15:978][  0]LogConfig: Setting CVar [[r.SkyAtmosphere.AerialPerspectiveLUT.DepthResolution:16.0]]
[2021.11.15-17.37.15:978][  0]LogConfig: Setting CVar [[r.SkyAtmosphere.FastSkyLUT:1]]
[2021.11.15-17.37.15:978][  0]LogConfig: Setting CVar [[r.SkyAtmosphere.FastSkyLUT.SampleCountMin:4.0]]
[2021.11.15-17.37.15:978][  0]LogConfig: Setting CVar [[r.SkyAtmosphere.FastSkyLUT.SampleCountMax:128.0]]
[2021.11.15-17.37.15:979][  0]LogConfig: Setting CVar [[r.SkyAtmosphere.SampleCountMin:4.0]]
[2021.11.15-17.37.15:979][  0]LogConfig: Setting CVar [[r.SkyAtmosphere.SampleCountMax:128.0]]
[2021.11.15-17.37.15:979][  0]LogConfig: Setting CVar [[r.SkyAtmosphere.TransmittanceLUT.UseSmallFormat:0]]
[2021.11.15-17.37.15:979][  0]LogConfig: Setting CVar [[r.SkyAtmosphere.TransmittanceLUT.SampleCount:10.0]]
[2021.11.15-17.37.15:979][  0]LogConfig: Setting CVar [[r.SkyAtmosphere.MultiScatteringLUT.SampleCount:15.0]]
[2021.11.15-17.37.15:979][  0]LogConfig: Setting CVar [[r.SkyLight.RealTimeReflectionCapture:1]]
[2021.11.15-17.37.15:979][  0]LogConfig: Applying CVar settings from Section [FoliageQuality@3] File [C:/Users/Diego/Desktop/proyecto/Grafica-main/Saved/Config/Windows/Scalability.ini]
[2021.11.15-17.37.15:979][  0]LogConfig: Setting CVar [[foliage.DensityScale:1.0]]
[2021.11.15-17.37.15:979][  0]LogConfig: Setting CVar [[grass.DensityScale:1.0]]
[2021.11.15-17.37.15:979][  0]LogConfig: Applying CVar settings from Section [ShadingQuality@3] File [C:/Users/Diego/Desktop/proyecto/Grafica-main/Saved/Config/Windows/Scalability.ini]
[2021.11.15-17.37.15:979][  0]LogConfig: Setting CVar [[r.HairStrands.SkyLighting.IntegrationType:2]]
[2021.11.15-17.37.15:979][  0]LogConfig: Setting CVar [[r.HairStrands.SkyAO.SampleCount:4]]
[2021.11.15-17.37.15:979][  0]LogConfig: Setting CVar [[r.HairStrands.Visibility.MSAA.SamplePerPixel:4]]
[2021.11.15-17.37.15:979][  0]LogInit: Selected Device Profile: [Windows]
[2021.11.15-17.37.15:979][  0]LogInit: Applying CVar settings loaded from the selected device profile: [Windows]
[2021.11.15-17.37.15:979][  0]LogHAL: Display: Platform has ~ 16 GB [17142272000 / 17179869184 / 16], which maps to Larger [LargestMinGB=32, LargerMinGB=12, DefaultMinGB=8, SmallerMinGB=6, SmallestMinGB=0)
[2021.11.15-17.37.15:979][  0]LogInit: Going up to parent DeviceProfile []
[2021.11.15-17.37.15:979][  0]LogConfig: Applying CVar settings from Section [ViewDistanceQuality@0] File [C:/Users/Diego/Desktop/proyecto/Grafica-main/Saved/Config/Windows/Scalability.ini]
[2021.11.15-17.37.15:979][  0]LogConfig: Setting CVar [[r.SkeletalMeshLODBias:2]]
[2021.11.15-17.37.15:979][  0]LogConfig: Setting CVar [[r.ViewDistanceScale:0.4]]
[2021.11.15-17.37.15:979][  0]LogConfig: Applying CVar settings from Section [AntiAliasingQuality@0] File [C:/Users/Diego/Desktop/proyecto/Grafica-main/Saved/Config/Windows/Scalability.ini]
[2021.11.15-17.37.15:979][  0]LogConfig: Setting CVar [[r.PostProcessAAQuality:0]]
[2021.11.15-17.37.15:979][  0]LogConfig: Applying CVar settings from Section [ShadowQuality@0] File [C:/Users/Diego/Desktop/proyecto/Grafica-main/Saved/Config/Windows/Scalability.ini]
[2021.11.15-17.37.15:979][  0]LogConfig: Setting CVar [[r.LightFunctionQuality:0]]
[2021.11.15-17.37.15:979][  0]LogConfig: Setting CVar [[r.ShadowQuality:0]]
[2021.11.15-17.37.15:979][  0]LogConfig: Setting CVar [[r.Shadow.CSM.MaxCascades:1]]
[2021.11.15-17.37.15:979][  0]LogConfig: Setting CVar [[r.Shadow.MaxResolution:512]]
[2021.11.15-17.37.15:979][  0]LogConfig: Setting CVar [[r.Shadow.MaxCSMResolution:512]]
[2021.11.15-17.37.15:979][  0]LogConfig: Setting CVar [[r.Shadow.RadiusThreshold:0.06]]
[2021.11.15-17.37.15:979][  0]LogConfig: Setting CVar [[r.Shadow.DistanceScale:0.6]]
[2021.11.15-17.37.15:979][  0]LogConfig: Setting CVar [[r.Shadow.CSM.TransitionScale:0]]
[2021.11.15-17.37.15:979][  0]LogConfig: Setting CVar [[r.Shadow.PreShadowResolutionFactor:0.5]]
[2021.11.15-17.37.15:980][  0]LogConfig: Setting CVar [[r.DistanceFieldShadowing:0]]
[2021.11.15-17.37.15:980][  0]LogConfig: Setting CVar [[r.DistanceFieldAO:0]]
[2021.11.15-17.37.15:980][  0]LogConfig: Setting CVar [[r.VolumetricFog:0]]
[2021.11.15-17.37.15:980][  0]LogConfig: Setting CVar [[r.LightMaxDrawDistanceScale:0]]
[2021.11.15-17.37.15:980][  0]LogConfig: Setting CVar [[r.CapsuleShadows:0]]
[2021.11.15-17.37.15:980][  0]LogConfig: Applying CVar settings from Section [PostProcessQuality@0] File [C:/Users/Diego/Desktop/proyecto/Grafica-main/Saved/Config/Windows/Scalability.ini]
[2021.11.15-17.37.15:980][  0]LogConfig: Setting CVar [[r.MotionBlurQuality:0]]
[2021.11.15-17.37.15:980][  0]LogConfig: Setting CVar [[r.AmbientOcclusionMipLevelFactor:1.0]]
[2021.11.15-17.37.15:980][  0]LogConfig: Setting CVar [[r.AmbientOcclusionMaxQuality:0]]
[2021.11.15-17.37.15:980][  0]LogConfig: Setting CVar [[r.AmbientOcclusionLevels:0]]
[2021.11.15-17.37.15:980][  0]LogConfig: Setting CVar [[r.AmbientOcclusionRadiusScale:1.2]]
[2021.11.15-17.37.15:980][  0]LogConfig: Setting CVar [[r.DepthOfFieldQuality:0]]
[2021.11.15-17.37.15:980][  0]LogConfig: Setting CVar [[r.RenderTargetPoolMin:300]]
[2021.11.15-17.37.15:980][  0]LogConfig: Setting CVar [[r.LensFlareQuality:0]]
[2021.11.15-17.37.15:980][  0]LogConfig: Setting CVar [[r.SceneColorFringeQuality:0]]
[2021.11.15-17.37.15:980][  0]LogConfig: Setting CVar [[r.EyeAdaptationQuality:2]]
[2021.11.15-17.37.15:980][  0]LogConfig: Setting CVar [[r.BloomQuality:4]]
[2021.11.15-17.37.15:980][  0]LogConfig: Setting CVar [[r.FastBlurThreshold:0]]
[2021.11.15-17.37.15:980][  0]LogConfig: Setting CVar [[r.Upscale.Quality:1]]
[2021.11.15-17.37.15:980][  0]LogConfig: Setting CVar [[r.Tonemapper.GrainQuantization:0]]
[2021.11.15-17.37.15:980][  0]LogConfig: Setting CVar [[r.LightShaftQuality:0]]
[2021.11.15-17.37.15:980][  0]LogConfig: Setting CVar [[r.Filter.SizeScale:0.6]]
[2021.11.15-17.37.15:980][  0]LogConfig: Setting CVar [[r.Tonemapper.Quality:0]]
[2021.11.15-17.37.15:980][  0]LogConfig: Applying CVar settings from Section [TextureQuality@0] File [C:/Users/Diego/Desktop/proyecto/Grafica-main/Saved/Config/Windows/Scalability.ini]
[2021.11.15-17.37.15:980][  0]LogConfig: Setting CVar [[r.Streaming.MipBias:16]]
[2021.11.15-17.37.15:980][  0]LogConfig: Setting CVar [[r.Streaming.AmortizeCPUToGPUCopy:1]]
[2021.11.15-17.37.15:980][  0]LogConfig: Setting CVar [[r.Streaming.MaxNumTexturesToStreamPerFrame:1]]
[2021.11.15-17.37.15:980][  0]LogConfig: Setting CVar [[r.Streaming.Boost:0.3]]
[2021.11.15-17.37.15:980][  0]LogConfig: Setting CVar [[r.MaxAnisotropy:0]]
[2021.11.15-17.37.15:980][  0]LogConfig: Setting CVar [[r.VT.MaxAnisotropy:4]]
[2021.11.15-17.37.15:980][  0]LogConfig: Setting CVar [[r.Streaming.LimitPoolSizeToVRAM:1]]
[2021.11.15-17.37.15:980][  0]LogConfig: Setting CVar [[r.Streaming.PoolSize:400]]
[2021.11.15-17.37.15:980][  0]LogConfig: Setting CVar [[r.Streaming.MaxEffectiveScreenSize:0]]
[2021.11.15-17.37.15:980][  0]LogConfig: Applying CVar settings from Section [EffectsQuality@0] File [C:/Users/Diego/Desktop/proyecto/Grafica-main/Saved/Config/Windows/Scalability.ini]
[2021.11.15-17.37.15:980][  0]LogConfig: Setting CVar [[r.TranslucencyLightingVolumeDim:24]]
[2021.11.15-17.37.15:980][  0]LogConfig: Setting CVar [[r.RefractionQuality:0]]
[2021.11.15-17.37.15:980][  0]LogConfig: Setting CVar [[r.SSR.Quality:0]]
[2021.11.15-17.37.15:980][  0]LogConfig: Setting CVar [[r.SSR.HalfResSceneColor:1]]
[2021.11.15-17.37.15:980][  0]LogConfig: Setting CVar [[r.SceneColorFormat:3]]
[2021.11.15-17.37.15:980][  0]LogConfig: Setting CVar [[r.DetailMode:0]]
[2021.11.15-17.37.15:980][  0]LogConfig: Setting CVar [[r.TranslucencyVolumeBlur:0]]
[2021.11.15-17.37.15:980][  0]LogConfig: Setting CVar [[r.MaterialQualityLevel:0 ; Low quality]]
[2021.11.15-17.37.15:980][  0]LogConfig: Setting CVar [[r.AnisotropicMaterials:0]]
[2021.11.15-17.37.15:980][  0]LogConfig: Setting CVar [[r.SSS.Scale:0]]
[2021.11.15-17.37.15:980][  0]LogConfig: Setting CVar [[r.SSS.SampleSet:0]]
[2021.11.15-17.37.15:980][  0]LogConfig: Setting CVar [[r.SSS.Quality:0]]
[2021.11.15-17.37.15:980][  0]LogConfig: Setting CVar [[r.SSS.HalfRes:1]]
[2021.11.15-17.37.15:980][  0]LogConfig: Setting CVar [[r.SSGI.Quality:0]]
[2021.11.15-17.37.15:980][  0]LogConfig: Setting CVar [[r.EmitterSpawnRateScale:0.125]]
[2021.11.15-17.37.15:980][  0]LogConfig: Setting CVar [[r.ParticleLightQuality:0]]
[2021.11.15-17.37.15:980][  0]LogConfig: Setting CVar [[r.SkyAtmosphere.AerialPerspectiveLUT.FastApplyOnOpaque:1 ; Always have FastSkyLUT 1 in this case to avoid wrong sky]]
[2021.11.15-17.37.15:980][  0]LogConfig: Setting CVar [[r.SkyAtmosphere.AerialPerspectiveLUT.SampleCountMaxPerSlice:1]]
[2021.11.15-17.37.15:980][  0]LogConfig: Setting CVar [[r.SkyAtmosphere.AerialPerspectiveLUT.DepthResolution:8.0]]
[2021.11.15-17.37.15:980][  0]LogConfig: Setting CVar [[r.SkyAtmosphere.FastSkyLUT:1]]
[2021.11.15-17.37.15:980][  0]LogConfig: Setting CVar [[r.SkyAtmosphere.FastSkyLUT.SampleCountMin:2.0]]
[2021.11.15-17.37.15:980][  0]LogConfig: Setting CVar [[r.SkyAtmosphere.FastSkyLUT.SampleCountMax:16.0]]
[2021.11.15-17.37.15:980][  0]LogConfig: Setting CVar [[r.SkyAtmosphere.SampleCountMin:2.0]]
[2021.11.15-17.37.15:981][  0]LogConfig: Setting CVar [[r.SkyAtmosphere.SampleCountMax:16.0]]
[2021.11.15-17.37.15:981][  0]LogConfig: Setting CVar [[r.SkyAtmosphere.TransmittanceLUT.UseSmallFormat:1]]
[2021.11.15-17.37.15:981][  0]LogConfig: Setting CVar [[r.SkyAtmosphere.TransmittanceLUT.SampleCount:10.0]]
[2021.11.15-17.37.15:981][  0]LogConfig: Setting CVar [[r.SkyAtmosphere.MultiScatteringLUT.SampleCount:15.0]]
[2021.11.15-17.37.15:981][  0]LogConfig: Setting CVar [[r.SkyLight.RealTimeReflectionCapture:0]]
[2021.11.15-17.37.15:981][  0]LogConfig: Applying CVar settings from Section [FoliageQuality@0] File [C:/Users/Diego/Desktop/proyecto/Grafica-main/Saved/Config/Windows/Scalability.ini]
[2021.11.15-17.37.15:981][  0]LogConfig: Setting CVar [[foliage.DensityScale:0]]
[2021.11.15-17.37.15:981][  0]LogConfig: Setting CVar [[grass.DensityScale:0]]
[2021.11.15-17.37.15:981][  0]LogConfig: Applying CVar settings from Section [ShadingQuality@0] File [C:/Users/Diego/Desktop/proyecto/Grafica-main/Saved/Config/Windows/Scalability.ini]
[2021.11.15-17.37.15:981][  0]LogConfig: Setting CVar [[r.HairStrands.SkyLighting.IntegrationType:2]]
[2021.11.15-17.37.15:981][  0]LogConfig: Setting CVar [[r.HairStrands.SkyAO.SampleCount:4]]
[2021.11.15-17.37.15:981][  0]LogConfig: Setting CVar [[r.HairStrands.Visibility.MSAA.SamplePerPixel:1]]
[2021.11.15-17.37.15:981][  0]LogConfig: Applying CVar settings from Section [Startup] File [../../../Engine/Config/ConsoleVariables.ini]
[2021.11.15-17.37.15:981][  0]LogConfig: Setting CVar [[net.UseAdaptiveNetUpdateFrequency:0]]
[2021.11.15-17.37.15:981][  0]LogConfig: Setting CVar [[p.chaos.AllowCreatePhysxBodies:1]]
[2021.11.15-17.37.15:981][  0]LogConfig: Setting CVar [[fx.SkipVectorVMBackendOptimizations:1]]
[2021.11.15-17.37.15:981][  0]LogConfig: Applying CVar settings from Section [ConsoleVariables] File [C:/Users/Diego/Desktop/proyecto/Grafica-main/Saved/Config/Windows/Engine.ini]
[2021.11.15-17.37.15:981][  0]LogConfig: Applying CVar settings from Section [ConsoleVariables] File [C:/Users/Diego/Desktop/proyecto/Grafica-main/Saved/Config/Windows/Editor.ini]
[2021.11.15-17.37.15:982][  0]LogInit: Computer: DESKTOP-EM3FFV4
[2021.11.15-17.37.15:982][  0]LogInit: User: Diego
[2021.11.15-17.37.15:982][  0]LogInit: CPU Page size=4096, Cores=2
[2021.11.15-17.37.15:982][  0]LogInit: High frequency timer resolution =10.000000 MHz
[2021.11.15-17.37.15:982][  0]LogMemory: Memory total: Physical=16.0GB (16GB approx)
[2021.11.15-17.37.15:982][  0]LogMemory: Platform Memory Stats for Windows
[2021.11.15-17.37.15:982][  0]LogMemory: Process Physical Memory: 141.90 MB used, 141.90 MB peak
[2021.11.15-17.37.15:982][  0]LogMemory: Process Virtual Memory: 126.93 MB used, 126.93 MB peak
[2021.11.15-17.37.15:982][  0]LogMemory: Physical Memory: 7765.21 MB used,  8582.93 MB free, 16348.14 MB total
[2021.11.15-17.37.15:982][  0]LogMemory: Virtual Memory: 134212912.00 MB used,  4813.95 MB free, 134217728.00 MB total
[2021.11.15-17.37.15:989][  0]LogWindows: WindowsPlatformFeatures enabled
[2021.11.15-17.37.16:047][  0]LogInit: Physics initialised using underlying interface: PhysX
[2021.11.15-17.37.16:047][  0]LogInit: Using OS detected language (es-MX).
[2021.11.15-17.37.16:047][  0]LogInit: Using OS detected locale (es-CL).
[2021.11.15-17.37.16:051][  0]LogTextLocalizationResource: LocRes '../../../Engine/Content/Localization/Editor/es-MX/Editor.locres' could not be opened for reading!
[2021.11.15-17.37.16:051][  0]LogTextLocalizationResource: LocRes '../../../Engine/Content/Localization/EditorTutorials/es-MX/EditorTutorials.locres' could not be opened for reading!
[2021.11.15-17.37.16:051][  0]LogTextLocalizationResource: LocRes '../../../Engine/Content/Localization/Keywords/es-MX/Keywords.locres' could not be opened for reading!
[2021.11.15-17.37.16:051][  0]LogTextLocalizationResource: LocRes '../../../Engine/Content/Localization/Category/es-MX/Category.locres' could not be opened for reading!
[2021.11.15-17.37.16:051][  0]LogTextLocalizationResource: LocRes '../../../Engine/Content/Localization/ToolTips/es-MX/ToolTips.locres' could not be opened for reading!
[2021.11.15-17.37.16:051][  0]LogTextLocalizationResource: LocRes '../../../Engine/Content/Localization/PropertyNames/es-MX/PropertyNames.locres' could not be opened for reading!
[2021.11.15-17.37.16:051][  0]LogTextLocalizationResource: LocRes '../../../Engine/Content/Localization/Engine/es-MX/Engine.locres' could not be opened for reading!
[2021.11.15-17.37.16:052][  0]LogTextLocalizationResource: LocRes '../../../Engine/Plugins/Online/OnlineSubsystemUtils/Content/Localization/OnlineSubsystemUtils/es-MX/OnlineSubsystemUtils.locres' could not be opened for reading!
[2021.11.15-17.37.16:052][  0]LogTextLocalizationResource: LocRes '../../../Engine/Plugins/Online/Android/OnlineSubsystemGooglePlay/Content/Localization/OnlineSubsystemGooglePlay/es-MX/OnlineSubsystemGooglePlay.locres' could not be opened for reading!
[2021.11.15-17.37.16:052][  0]LogTextLocalizationResource: LocRes '../../../Engine/Plugins/Online/IOS/OnlineSubsystemIOS/Content/Localization/OnlineSubsystemIOS/es-MX/OnlineSubsystemIOS.locres' could not be opened for reading!
[2021.11.15-17.37.16:101][  0]LogInit: Setting process to per monitor DPI aware
[2021.11.15-17.37.16:114][  0]LogWindowsTextInputMethodSystem: Display: IME system deactivated.
[2021.11.15-17.37.16:131][  0]LogSlate: New Slate User Created.  User Index 0, Is Virtual User: 0
[2021.11.15-17.37.16:131][  0]LogSlate: Slate User Registered.  User Index 0, Is Virtual User: 0
[2021.11.15-17.37.16:373][  0]LogD3D11RHI: Loaded GFSDK_Aftermath_Lib.x64.dll
[2021.11.15-17.37.16:376][  0]LogHMD: Failed to initialize OpenVR with code 110
[2021.11.15-17.37.16:376][  0]LogD3D11RHI: D3D11 min allowed feature level: 11_0
[2021.11.15-17.37.16:376][  0]LogD3D11RHI: D3D11 max allowed feature level: 11_0
[2021.11.15-17.37.16:376][  0]LogD3D11RHI: D3D11 adapters:
[2021.11.15-17.37.16:506][  0]LogD3D11RHI:    0. 'NVIDIA GeForce GTX 1050 Ti' (Feature Level 11_0)
[2021.11.15-17.37.16:506][  0]LogD3D11RHI:       4018/0/8174 MB DedicatedVideo/DedicatedSystem/SharedSystem, Outputs:1, VendorId:0x10de
[2021.11.15-17.37.16:508][  0]LogD3D11RHI:    1. 'Microsoft Basic Render Driver' (Feature Level 11_0)
[2021.11.15-17.37.16:508][  0]LogD3D11RHI:       0/0/8174 MB DedicatedVideo/DedicatedSystem/SharedSystem, Outputs:0, VendorId:0x1414
[2021.11.15-17.37.16:508][  0]LogD3D11RHI: Chosen D3D11 Adapter:
[2021.11.15-17.37.16:508][  0]LogD3D11RHI:     Description : NVIDIA GeForce GTX 1050 Ti
[2021.11.15-17.37.16:508][  0]LogD3D11RHI:     VendorId    : 10de
[2021.11.15-17.37.16:508][  0]LogD3D11RHI:     DeviceId    : 1c82
[2021.11.15-17.37.16:508][  0]LogD3D11RHI:     SubSysId    : 11bf196e
[2021.11.15-17.37.16:508][  0]LogD3D11RHI:     Revision    : 00a1
[2021.11.15-17.37.16:508][  0]LogD3D11RHI:     DedicatedVideoMemory : 4213178368 bytes
[2021.11.15-17.37.16:508][  0]LogD3D11RHI:     DedicatedSystemMemory : 0 bytes
[2021.11.15-17.37.16:508][  0]LogD3D11RHI:     SharedSystemMemory : 8571136000 bytes
[2021.11.15-17.37.16:508][  0]LogD3D11RHI:     AdapterLuid : 0 39694
[2021.11.15-17.37.16:513][  0]LogD3D11RHI: Creating new Direct3DDevice
[2021.11.15-17.37.16:513][  0]LogD3D11RHI:     GPU DeviceId: 0x1c82 (for the marketing name, search the web for "GPU Device Id")
[2021.11.15-17.37.16:514][  0]LogWindows: EnumDisplayDevices:
[2021.11.15-17.37.16:514][  0]LogWindows:    0. 'NVIDIA GeForce GTX 1050 Ti' (P:1 D:1)
[2021.11.15-17.37.16:514][  0]LogWindows:    1. 'NVIDIA GeForce GTX 1050 Ti' (P:0 D:0)
[2021.11.15-17.37.16:514][  0]LogWindows:    2. 'NVIDIA GeForce GTX 1050 Ti' (P:0 D:0)
[2021.11.15-17.37.16:515][  0]LogWindows:    3. 'NVIDIA GeForce GTX 1050 Ti' (P:0 D:0)
[2021.11.15-17.37.16:515][  0]LogWindows: DebugString: FoundDriverCount:4 
[2021.11.15-17.37.16:515][  0]LogD3D11RHI:     Adapter Name: NVIDIA GeForce GTX 1050 Ti
[2021.11.15-17.37.16:515][  0]LogD3D11RHI:   Driver Version: 466.47 (internal:27.21.14.6647, unified:466.47)
[2021.11.15-17.37.16:515][  0]LogD3D11RHI:      Driver Date: 5-13-2021
[2021.11.15-17.37.16:515][  0]LogRHI: Texture pool is 2812 MB (70% of 4018 MB)
[2021.11.15-17.37.16:515][  0]LogD3D11RHI: Creating D3DDevice using adapter:
[2021.11.15-17.37.16:515][  0]LogD3D11RHI:     Description : NVIDIA GeForce GTX 1050 Ti
[2021.11.15-17.37.16:515][  0]LogD3D11RHI:     VendorId    : 10de
[2021.11.15-17.37.16:515][  0]LogD3D11RHI:     DeviceId    : 1c82
[2021.11.15-17.37.16:515][  0]LogD3D11RHI:     SubSysId    : 11bf196e
[2021.11.15-17.37.16:515][  0]LogD3D11RHI:     Revision    : 00a1
[2021.11.15-17.37.16:515][  0]LogD3D11RHI:     DedicatedVideoMemory : 4213178368 bytes
[2021.11.15-17.37.16:515][  0]LogD3D11RHI:     DedicatedSystemMemory : 0 bytes
[2021.11.15-17.37.16:515][  0]LogD3D11RHI:     SharedSystemMemory : 8571136000 bytes
[2021.11.15-17.37.16:515][  0]LogD3D11RHI:     AdapterLuid : 0 39694
[2021.11.15-17.37.16:607][  0]LogD3D11RHI: RHI has support for 64 bit atomics
[2021.11.15-17.37.16:607][  0]LogD3D11RHI: Async texture creation enabled
[2021.11.15-17.37.16:607][  0]LogD3D11RHI: Array index from any shader is supported
[2021.11.15-17.37.16:633][  0]LogD3D11RHI: GPU Timing Frequency: 1000.000000 (Debug: 2 1)
[2021.11.15-17.37.16:682][  0]LogRHI: GeForceNow SDK initialized: 1
[2021.11.15-17.37.17:176][  0]LogTargetPlatformManager: Display: Loaded TargetPlatform 'AllDesktop'
[2021.11.15-17.37.17:202][  0]LogTargetPlatformManager: Display: Loaded TargetPlatform 'Android'
[2021.11.15-17.37.17:202][  0]LogTargetPlatformManager: Display: Loaded TargetPlatform 'Android_ASTC'
[2021.11.15-17.37.17:202][  0]LogTargetPlatformManager: Display: Loaded TargetPlatform 'Android_DXT'
[2021.11.15-17.37.17:202][  0]LogTargetPlatformManager: Display: Loaded TargetPlatform 'Android_ETC2'
[2021.11.15-17.37.17:202][  0]LogTargetPlatformManager: Display: Loaded TargetPlatform 'AndroidClient'
[2021.11.15-17.37.17:202][  0]LogTargetPlatformManager: Display: Loaded TargetPlatform 'Android_ASTCClient'
[2021.11.15-17.37.17:202][  0]LogTargetPlatformManager: Display: Loaded TargetPlatform 'Android_DXTClient'
[2021.11.15-17.37.17:202][  0]LogTargetPlatformManager: Display: Loaded TargetPlatform 'Android_ETC2Client'
[2021.11.15-17.37.17:202][  0]LogTargetPlatformManager: Display: Loaded TargetPlatform 'Android_Multi'
[2021.11.15-17.37.17:202][  0]LogTargetPlatformManager: Display: Loaded TargetPlatform 'Android_MultiClient'
[2021.11.15-17.37.17:221][  0]LogTargetPlatformManager: Display: Loaded TargetPlatform 'IOSClient'
[2021.11.15-17.37.17:221][  0]LogTargetPlatformManager: Display: Loaded TargetPlatform 'IOS'
[2021.11.15-17.37.17:231][  0]LogTargetPlatformManager: Display: Loaded TargetPlatform 'Linux'
[2021.11.15-17.37.17:236][  0]LogTargetPlatformManager: Display: Loaded TargetPlatform 'LinuxNoEditor'
[2021.11.15-17.37.17:240][  0]LogTargetPlatformManager: Display: Loaded TargetPlatform 'LinuxClient'
[2021.11.15-17.37.17:245][  0]LogTargetPlatformManager: Display: Loaded TargetPlatform 'LinuxServer'
[2021.11.15-17.37.17:255][  0]LogTargetPlatformManager: Display: Loaded TargetPlatform 'LinuxAArch64NoEditor'
[2021.11.15-17.37.17:260][  0]LogTargetPlatformManager: Display: Loaded TargetPlatform 'LinuxAArch64Client'
[2021.11.15-17.37.17:265][  0]LogTargetPlatformManager: Display: Loaded TargetPlatform 'LinuxAArch64Server'
[2021.11.15-17.37.17:291][  0]LogTargetPlatformManager: Display: Loaded TargetPlatform 'Lumin'
[2021.11.15-17.37.17:291][  0]LogTargetPlatformManager: Display: Loaded TargetPlatform 'LuminClient'
[2021.11.15-17.37.17:301][  0]LogTargetPlatformManager: Display: Loaded TargetPlatform 'MacNoEditor'
[2021.11.15-17.37.17:305][  0]LogTargetPlatformManager: Display: Loaded TargetPlatform 'Mac'
[2021.11.15-17.37.17:310][  0]LogTargetPlatformManager: Display: Loaded TargetPlatform 'MacClient'
[2021.11.15-17.37.17:316][  0]LogTargetPlatformManager: Display: Loaded TargetPlatform 'MacServer'
[2021.11.15-17.37.17:326][  0]LogTargetPlatformManager: Display: Loaded TargetPlatform 'TVOSClient'
[2021.11.15-17.37.17:326][  0]LogTargetPlatformManager: Display: Loaded TargetPlatform 'TVOS'
[2021.11.15-17.37.17:335][  0]LogTargetPlatformManager: Display: Loaded TargetPlatform 'WindowsNoEditor'
[2021.11.15-17.37.17:340][  0]LogTargetPlatformManager: Display: Loaded TargetPlatform 'Windows'
[2021.11.15-17.37.17:345][  0]LogTargetPlatformManager: Display: Loaded TargetPlatform 'WindowsClient'
[2021.11.15-17.37.17:351][  0]LogTargetPlatformManager: Display: Loaded TargetPlatform 'WindowsServer'
[2021.11.15-17.37.17:351][  0]LogTargetPlatformManager: Display: Building Assets For Windows
[2021.11.15-17.37.17:360][  0]LogAudioDebug: Display: Lib vorbis DLL was dynamically loaded.
[2021.11.15-17.37.17:393][  0]LogTextureFormatOodle: Display: Oodle Texture 2.9.0 init RDO Off
[2021.11.15-17.37.17:431][  0]LogRendererCore: Ray tracing is disabled. Reason: r.RayTracing=0.
[2021.11.15-17.37.17:431][  0]LogShaderCompilers: Guid format shader working directory is 2 characters bigger than the processId version (C:/Users/Diego/Desktop/proyecto/Grafica-main/Intermediate/Shaders/WorkingDirectory/9088/).
[2021.11.15-17.37.17:431][  0]LogShaderCompilers: Cleaned the shader compiler working directory 'C:/Users/Diego/AppData/Local/Temp/UnrealShaderWorkingDir/132F14154078ED61A2D5B199920F67B3/'.
[2021.11.15-17.37.17:431][  0]LogXGEController: Cannot use XGE Controller as Incredibuild is not installed on this machine.
[2021.11.15-17.37.17:431][  0]LogShaderCompilers: Cannot use XGE Shader Compiler as Incredibuild is not installed on this machine.
[2021.11.15-17.37.17:431][  0]LogShaderCompilers: Display: Using Local Shader Compiler.
[2021.11.15-17.37.18:372][  0]LogDerivedDataCache: Display: Max Cache Size: 512 MB
[2021.11.15-17.37.18:456][  0]LogDerivedDataCache: Loaded boot cache 0.08s 113MB C:/Users/Diego/AppData/Local/UnrealEngine/4.27/DerivedDataCache/Boot.ddc.
[2021.11.15-17.37.18:456][  0]LogDerivedDataCache: Display: Loaded Boot cache: C:/Users/Diego/AppData/Local/UnrealEngine/4.27/DerivedDataCache/Boot.ddc
[2021.11.15-17.37.18:456][  0]LogDerivedDataCache: FDerivedDataBackendGraph:  Pak pak cache file C:/Users/Diego/Desktop/proyecto/Grafica-main/DerivedDataCache/DDC.ddp not found, will not use a pak cache.
[2021.11.15-17.37.18:456][  0]LogDerivedDataCache: Unable to find inner node Pak for hierarchical cache Hierarchy.
[2021.11.15-17.37.18:456][  0]LogDerivedDataCache: FDerivedDataBackendGraph:  CompressedPak pak cache file C:/Users/Diego/Desktop/proyecto/Grafica-main/DerivedDataCache/Compressed.ddp not found, will not use a pak cache.
[2021.11.15-17.37.18:456][  0]LogDerivedDataCache: Unable to find inner node CompressedPak for hierarchical cache Hierarchy.
[2021.11.15-17.37.18:474][  0]LogDerivedDataCache: Display: Pak cache opened for reading ../../../Engine/DerivedDataCache/Compressed.ddp.
[2021.11.15-17.37.18:474][  0]LogDerivedDataCache: FDerivedDataBackendGraph:  EnterprisePak pak cache file ../../../Enterprise/DerivedDataCache/Compressed.ddp not found, will not use a pak cache.
[2021.11.15-17.37.18:474][  0]LogDerivedDataCache: Unable to find inner node EnterprisePak for hierarchical cache Hierarchy.
[2021.11.15-17.37.18:483][  0]LogDerivedDataCache: Speed tests for C:/Users/Diego/AppData/Local/UnrealEngine/Common/DerivedDataCache took 0.01 seconds
[2021.11.15-17.37.18:483][  0]LogDerivedDataCache: Display: Performance to C:/Users/Diego/AppData/Local/UnrealEngine/Common/DerivedDataCache: Latency=0.03ms. RandomReadSpeed=995.60MBs, RandomWriteSpeed=128.88MBs. Assigned SpeedClass 'Local'
[2021.11.15-17.37.18:487][  0]LogDerivedDataCache: Using Local data cache path C:/Users/Diego/AppData/Local/UnrealEngine/Common/DerivedDataCache: Writable
[2021.11.15-17.37.18:487][  0]LogDerivedDataCache: Shared data cache path not found in *engine.ini, will not use an Shared cache.
[2021.11.15-17.37.18:487][  0]LogDerivedDataCache: Unable to find inner node Shared for hierarchical cache Hierarchy.
[2021.11.15-17.37.18:565][  0]LogSlate: Using FreeType 2.10.0
[2021.11.15-17.37.18:566][  0]LogSlate: SlateFontServices - WITH_FREETYPE: 1, WITH_HARFBUZZ: 1
[2021.11.15-17.37.18:607][  0]LogAssetRegistry: FAssetRegistry took 0.0029 seconds to start up
[2021.11.15-17.37.19:066][  0]LogInit: Selected Device Profile: [Windows]
[2021.11.15-17.37.19:066][  0]LogInit: Active device profile: [00000284DABAA800][00000284D7764780 49] Windows
[2021.11.15-17.37.19:066][  0]LogInit: Profiles: [00000284DABAA800][00000284D7764780 49] Windows, [00000284DAB36C00][00000284D776C900 49] WindowsNoEditor, [00000284DABAB200][00000284D7770A80 49] WindowsServer, [00000284DAB34F00][00000284D7768BC0 49] WindowsClient, [00000284DABA8E00][00000284D9C4AD00 49] IOS, [00000284DAB35000][00000284D9C4EE40 49] iPadAir, [00000284DABA9300][00000284D9C52F80 49] iPadAir2, [00000284DA9EE500][00000284D9C5F240 49] IPadPro, [00000284DA9EE600][00000284D9C5B280 49] iPadAir3, [00000284DABA8F00][00000284D9C63400 49] iPadAir4, [00000284DA9EEB00][00000284D9C67580 49] iPadMini2, [00000284DABAA400][00000284D9C6B700 49] iPadMini3, [00000284DA9EC300][00000284D9C6F880 49] iPadMini4, [00000284DABAB500][00000284D9C73A00 49] iPadMini5, [00000284DAA45E00][00000284D9C7E140 49] iPhone6, [00000284DAA45F00][00000284D9C76180 49] iPodTouch6, [00000284DA9EE700][00000284D9C8A440 49] iPhone7, [00000284DA9EDE00][00000284D9C82480 49] iPodTouch7, [00000284DAA46000][00000284D9C8E600 49] iPhone5S, [00000284DA9ED200][00000284D9C92780 49] iPhone6Plus, [00000284DAA46700][00000284D9C9A900 49] iPhone6S, [00000284DA9ECB00][00000284D9CACA80 49] iPhone6SPlus, [00000284DAA45200][00000284D9CB0C00 49] iPhone7Plus, [00000284DA9EDF00][00000284D9C56D40 49] iPhoneSE, [00000284DAA46A00][00000284D9CB4E80 49] iPhone8, [00000284DA9EDB00][00000284D9CB8FC0 49] iPhone8Plus, [00000284DAA46300][00000284D9CBD100 49] iPhoneX, [00000284DA9EDA00][00000284D9CC5280 49] iPhoneXS, [00000284DAA45A00][00000284D9CC9400 49] iPhoneXSMax, [00000284DA9EF100][00000284D9CE1580 49] iPhoneXR, [00000284DAA45700][00000284D9CFB700 49] iPhone11, [00000284DA9EE400][00000284D9CFF880 49] iPhone11Pro, [00000284DAA44F00][00000284D9D03A00 49] iPhone11ProMax, [00000284DA9EF300][00000284D9D07B80 49] iPhoneSE2, [00000284DAA47300][00000284D9D0A180 49] iPhone12Mini, [00000284DA9ECF00][00000284D9D0E300 49] iPhone12, [00000284DAA46400][00000284D9D12480 49] iPhone12Pro, [00000284DA9ED300][00000284D9D16600 49] iPhone12ProMax, [00000284DAA47600][00000284D9D1A780 49] iPadPro105, [00000284DA9EF800][00000284DA550900 49] iPadPro129, [00000284DAA44C00][00000284DA554A80 49] iPadPro97, [00000284DA9ED900][00000284DA558C00 49] iPadPro2_129, [00000284DAA45800][00000284DA55CD80 49] iPad5, [00000284DA9ED100][00000284DA560F00 49] iPad6, [00000284DAA44B00][00000284D9CC1040 49] iPad7, [00000284DA9EFE00][00000284DA565180 49] iPad8, [00000284DAA46C00][00000284DA5692C0 49] iPadPro11, [00000284DAB36D00][00000284DA571440 49] iPadPro2_11, [00000284DACA1000][00000284DA5755C0 49] iPadPro3_129, [00000284DAB35A00][00000284DA579740 49] iPadPro4_129, [00000284DACA0200][00000284DA57D8C0 49] AppleTV, [00000284DAB34A00][00000284DA581A40 49] AppleTV4K, [00000284DACA0300][00000284DA585BC0 49] TVOS, [00000284DAB35100][00000284DA5881C0 49] Mac, [00000284DACA0B00][00000284DA5E0340 49] MacClient, [00000284DAB37A00][00000284D9C9E4C0 49] MacNoEditor, [00000284DACA1100][00000284D0BE6640 49] MacServer, [00000284DAA46900][00000284D0BEA7C0 49] Linux, [00000284DA9EDC00][00000284D0BEE940 49] LinuxAArch64, [00000284DAA47B00][00000284D0BF2AC0 49] LinuxNoEditor, [00000284DA9ECA00][00000284D0BF6C40 49] LinuxAArch64NoEditor, [00000284DAA44A00][00000284D0BFADC0 49] LinuxClient, [00000284DA9EE100][00000284D0BFEF40 49] LinuxAArch64Client, [00000284DAA44500][00000284D0C030C0 49] LinuxServer, [00000284DA9EF200][00000284DA56D200 49] LinuxAArch64Server, [00000284DAA47200][00000284D0C07340 49] Android, [00000284DA9ED700][00000284D0C0B480 49] Android_Low, [00000284DAA45400][00000284D0C0F5C0 49] Android_Mid, [00000284DA9EEE00][00000284D0C17740 49] Android_High, [00000284DAA45500][00000284D0C1B8C0 49] Android_Default, [00000284DA9EEC00][00000284D0C1FA40 49] Android_Adreno4xx, [00000284DAA47100][00000284D0C23BC0 49] Android_Adreno5xx_Low, [00000284DA9EC200][00000284D0C261C0 49] Android_Adreno5xx, [00000284DAA47C00][00000284D0C2A340 49] Android_Adreno6xx, [00000284DA9EDD00][00000284D0C2E4C0 49] Android_Adreno6xx_Vulkan, [00000284DAA44200][00000284D0C32640 49] Android_Mali_T6xx, [00000284DA9EF700][00000284D0C367C0 49] Android_Mali_T7xx, [00000284DAA46D00][00000284D0C3A940 49] Android_Mali_T8xx, [00000284DA9ED400][00000284D0C3EAC0 49] Android_Mali_G71, [00000284DACA1700][00000284D0C42C40 49] Android_Mali_G72, [00000284DA9EC400][00000284D0C46DC0 49] Android_Mali_G72_Vulkan, [00000284DACA0400][00000284D0C4AF40 49] Android_Mali_G76, [00000284DA9EC900][00000284D0C4F0C0 49] Android_Mali_G76_Vulkan, [00000284DAA46F00][00000284D0C53240 49] Android_Mali_G77, [00000284DA9EE900][00000284D0C13380 49] Android_Mali_G77_Vulkan, [00000284DAA45D00][00000284D0C574C0 49] Android_Mali_G78, [00000284DA9ED800][00000284D0C5B600 49] Android_Mali_G78_Vulkan, [00000284DAA47000][00000284D0CE5740 49] Android_Mali_G710, [00000284DA9EF400][00000284D0CED8C0 49] Android_Mali_G710_Vulkan, [00000284DAA45600][00000284D0CF1A40 49] Android_Vulkan_SM5, [00000284DA9EEF00][00000284D0CF5BC0 49] Android_PowerVR_G6xxx, [00000284DAA44600][00000284D0CF81C0 49] Android_PowerVR_GT7xxx, [00000284DA9EF000][00000284D0CFC340 49] Android_PowerVR_GE8xxx, [00000284DAA46800][00000284D0D004C0 49] Android_PowerVR_GM9xxx, [00000284DA9EC500][00000284D0D04640 49] Android_PowerVR_GM9xxx_Vulkan, [00000284DAA45C00][00000284D0D087C0 49] Android_TegraK1, [00000284DA9EF500][00000284D0D0C940 49] Android_Unknown_Vulkan, [00000284DAA46E00][00000284D0D10AC0 49] Lumin, [00000284DA9EE200][00000284D0D14C40 49] Lumin_Desktop, [00000284DAA45300][00000284D0D18DC0 49] HoloLens, 
[2021.11.15-17.37.19:309][  0]LogMeshReduction: Using QuadricMeshReduction for automatic static mesh reduction
[2021.11.15-17.37.19:309][  0]LogMeshReduction: Using SimplygonMeshReduction for automatic skeletal mesh reduction
[2021.11.15-17.37.19:309][  0]LogMeshReduction: Using ProxyLODMeshReduction for automatic mesh merging
[2021.11.15-17.37.19:309][  0]LogMeshReduction: No distributed automatic mesh merging module available
[2021.11.15-17.37.19:309][  0]LogMeshMerging: No distributed automatic mesh merging module available
[2021.11.15-17.37.19:391][  0]LogNetVersion: MyProject 1.0.0, NetCL: 17155196, EngineNetVer: 17, GameNetVer: 0 (Checksum: 3629800737)
[2021.11.15-17.37.21:214][  0]LogTexture: Default maximum texture size for cubemaps generated from long-lat sources has been changed from 512 to unlimited. In order to preserve old behaiour for '/Engine/MapTemplates/Sky/DaylightAmbientCubemap.DaylightAmbientCubemap', its maximum texture size has been explicitly set to 512.
[2021.11.15-17.37.21:313][  0]LogHMD: PokeAHoleMaterial loaded successfully
[2021.11.15-17.37.21:323][  0]LogUObjectArray: 17178 objects as part of root set at end of initial load.
[2021.11.15-17.37.21:324][  0]LogUObjectAllocator: 4301856 out of 0 bytes used by permanent object pool.
[2021.11.15-17.37.21:324][  0]LogUObjectArray: CloseDisregardForGC: 0/0 objects in disregard for GC pool
[2021.11.15-17.37.21:798][  0]LogNiagaraDebuggerClient: Niagara Debugger Client Initialized | Session: DA01BD6C4F40BD3B86025C81BE77E81B | Instance: 229D848F47F4B010B298289E7C114834 (DESKTOP-EM3FFV4-9088).
[2021.11.15-17.37.21:831][  0]LogImageWrapper: Warning: PNG Warning: Duplicate iCCP chunk
[2021.11.15-17.37.21:831][  0]LogImageWrapper: Warning: PNG Warning: Duplicate iCCP chunk
[2021.11.15-17.37.22:012][  0]LogPython: Using Python 3.7.7
[2021.11.15-17.37.23:140][  0]LogTcpMessaging: Initializing TcpMessaging bridge
[2021.11.15-17.37.23:153][  0]LogUdpMessaging: Initializing bridge on interface 0.0.0.0:0 to multicast group 230.0.0.1:6666.
[2021.11.15-17.37.23:388][  0]SourceControl: El control de código fuente está desactivado
[2021.11.15-17.37.23:388][  0]SourceControl: El control de código fuente está desactivado
[2021.11.15-17.37.23:393][  0]SourceControl: El control de código fuente está desactivado
[2021.11.15-17.37.23:398][  0]SourceControl: El control de código fuente está desactivado
[2021.11.15-17.37.23:413][  0]SourceControl: El control de código fuente está desactivado
[2021.11.15-17.37.23:519][  0]LogUProjectInfo: Found projects:
[2021.11.15-17.37.23:531][  0]LogVSAccessor: Display: Unable to create Visual Studio setup instance: 80040154
[2021.11.15-17.37.23:532][  0]LogVSAccessor: Display: Unable to create Visual Studio setup instance: 80040154
[2021.11.15-17.37.23:533][  0]LogVSAccessor: Display: Unable to create Visual Studio setup instance: 80040154
[2021.11.15-17.37.23:822][  0]LogOpenImageDenoise: OIDN starting up
[2021.11.15-17.37.23:842][  0]LogAndroidPermission: UAndroidPermissionCallbackProxy::GetInstance
[2021.11.15-17.37.23:881][  0]LogAudioCaptureCore: Display: No Audio Capture implementations found. Audio input will be silent.
[2021.11.15-17.37.23:881][  0]LogAudioCaptureCore: Display: No Audio Capture implementations found. Audio input will be silent.
[2021.11.15-17.37.24:101][  0]LogCollectionManager: Loaded 0 collections in 0.001074 seconds
[2021.11.15-17.37.24:142][  0]LogFileCache: Scanning file cache for directory 'C:/Users/Diego/Desktop/proyecto/Grafica-main/Saved/Collections/' took 0.00s
[2021.11.15-17.37.24:143][  0]LogFileCache: Scanning file cache for directory 'C:/Users/Diego/Desktop/proyecto/Grafica-main/Content/Developers/Diego/Collections/' took 0.00s
[2021.11.15-17.37.24:143][  0]LogFileCache: Scanning file cache for directory 'C:/Users/Diego/Desktop/proyecto/Grafica-main/Content/Collections/' took 0.00s
[2021.11.15-17.37.24:143][  0]LogOcInput: OculusInput pre-init called
[2021.11.15-17.37.24:527][  0]LogImageWrapper: Warning: PNG Warning: Duplicate iCCP chunk
[2021.11.15-17.37.24:527][  0]LogImageWrapper: Warning: PNG Warning: Duplicate iCCP chunk
[2021.11.15-17.37.24:615][  0]LogEngine: Initializing Engine...
[2021.11.15-17.37.24:619][  0]LogHMD: Failed to enumerate extensions. Please check that you have a valid OpenXR runtime installed.
[2021.11.15-17.37.24:619][  0]LogHMD: Failed to initialize OpenVR with code 110
[2021.11.15-17.37.24:632][  0]LogMagicLeap: Warning: VR disabled because ZI is not enabled.  To enable, in the editor, Edit -> Project Settings -> Plugins -> Magic Leap Plugin -> Enable Zero Iteration
[2021.11.15-17.37.24:633][  0]LogStats: UGameplayTagsManager::InitializeManager -  0.000 s
[2021.11.15-17.37.24:849][  0]LogInit: Initializing FReadOnlyCVARCache
[2021.11.15-17.37.24:861][  0]LogAIModule: Creating AISystem for world Untitled
[2021.11.15-17.37.24:865][  0]LogAudio: Display: Initializing Audio Device Manager...
[2021.11.15-17.37.24:870][  0]LogAudio: Display: Loading Default Audio Settings Objects...
[2021.11.15-17.37.24:871][  0]LogAudio: Display: No default SoundConcurrencyObject specified (or failed to load).
[2021.11.15-17.37.24:872][  0]LogAudio: Display: Audio Device Manager Initialized
[2021.11.15-17.37.24:872][  0]LogAudio: Display: Creating Audio Device:                 Id: 1, Scope: Shared, Realtime: True
[2021.11.15-17.37.24:872][  0]LogAudioMixer: Display: Audio Mixer Platform Settings:
[2021.11.15-17.37.24:872][  0]LogAudioMixer: Display: 	Sample Rate:						  48000
[2021.11.15-17.37.24:872][  0]LogAudioMixer: Display: 	Callback Buffer Frame Size Requested: 1024
[2021.11.15-17.37.24:872][  0]LogAudioMixer: Display: 	Callback Buffer Frame Size To Use:	  1024
[2021.11.15-17.37.24:872][  0]LogAudioMixer: Display: 	Number of buffers to queue:			  2
[2021.11.15-17.37.24:872][  0]LogAudioMixer: Display: 	Max Channels (voices):				  32
[2021.11.15-17.37.24:872][  0]LogAudioMixer: Display: 	Number of Async Source Workers:		  0
[2021.11.15-17.37.24:872][  0]LogAudio: Display: AudioDevice MaxSources: 32
[2021.11.15-17.37.24:873][  0]LogAudio: Display: Audio Spatialization Plugin: None (built-in).
[2021.11.15-17.37.24:873][  0]LogAudio: Display: Audio Reverb Plugin: None (built-in).
[2021.11.15-17.37.24:873][  0]LogAudio: Display: Audio Occlusion Plugin: None (built-in).
[2021.11.15-17.37.24:873][  0]LogAudioMixer: Display: Initializing audio mixer.
[2021.11.15-17.37.24:890][  0]LogAudioMixer: Display: 0: FrontLeft
[2021.11.15-17.37.24:890][  0]LogAudioMixer: Display: 1: FrontRight
[2021.11.15-17.37.24:923][  0]LogAudioMixer: Display: Using Audio Device Altavoces (High Definition Audio Device)
[2021.11.15-17.37.24:925][  0]LogAudioMixer: Display: Initializing Sound Submixes...
[2021.11.15-17.37.24:929][  0]LogAudioMixer: Display: Creating Master Submix 'MasterSubmixDefault'
[2021.11.15-17.37.24:929][  0]LogAudioMixer: Display: Creating Master Submix 'MasterReverbSubmixDefault'
[2021.11.15-17.37.24:930][  0]LogAudioMixer: Display: Creating Master Submix 'MasterEQSubmixDefault'
[2021.11.15-17.37.24:930][  0]LogAudioMixer: FMixerPlatformXAudio2::StartAudioStream() called
[2021.11.15-17.37.24:930][  0]LogAudioMixer: Display: Output buffers initialized: Frames=1024, Channels=2, Samples=2048
[2021.11.15-17.37.24:932][  0]LogAudioMixer: Display: Starting AudioMixerPlatformInterface::RunInternal()
[2021.11.15-17.37.24:932][  0]LogAudioMixer: Display: FMixerPlatformXAudio2::SubmitBuffer() called for the first time
[2021.11.15-17.37.24:932][  0]LogInit: FAudioDevice initialized.
[2021.11.15-17.37.24:932][  0]LogAudio: Display: Audio Device (ID: 1) registered with world 'Untitled'.
[2021.11.15-17.37.24:932][  0]LogNetVersion: Set ProjectVersion to 1.0.0.0. Version Checksum will be recalculated on next use.
[2021.11.15-17.37.25:034][  0]LogDerivedDataCache: Saved boot cache 0.10s 114MB C:/Users/Diego/AppData/Local/UnrealEngine/4.27/DerivedDataCache/Boot.ddc.
[2021.11.15-17.37.25:037][  0]LogInit: Texture streaming: Enabled
[2021.11.15-17.37.25:056][  0]LogAnalytics: Display: [UEEditor.Rocket.Release] APIServer = https://datarouter.ol.epicgames.com/. AppVersion = 4.27.1-17735300+++UE4+Release-4.27
[2021.11.15-17.37.25:062][  0]LogEngineSessionManager: EngineSessionManager initialized
[2021.11.15-17.37.25:062][  0]LogEditorSessionSummary: Verbose: Initializing EditorSessionSummaryWriter for editor session tracking
[2021.11.15-17.37.25:065][  0]LogEditorSessionSummary: EditorSessionSummaryWriter initialized
[2021.11.15-17.37.25:119][  0]LogInit: Transaction tracking system initialized
[2021.11.15-17.37.25:152][  0]BlueprintLog: New page: Cargar el editor
[2021.11.15-17.37.25:248][  0]LocalizationService: Localization service is disabled
[2021.11.15-17.37.25:284][  0]TimingProfiler: Initialize
[2021.11.15-17.37.25:285][  0]TimingProfiler: OnSessionChanged
[2021.11.15-17.37.25:285][  0]LoadingProfiler: Initialize
[2021.11.15-17.37.25:285][  0]LoadingProfiler: OnSessionChanged
[2021.11.15-17.37.25:285][  0]NetworkingProfiler: Initialize
[2021.11.15-17.37.25:285][  0]NetworkingProfiler: OnSessionChanged
[2021.11.15-17.37.25:285][  0]MemoryProfiler: Initialize
[2021.11.15-17.37.25:285][  0]MemoryProfiler: OnSessionChanged
[2021.11.15-17.37.25:377][  0]LogVSAccessor: Display: Unable to create Visual Studio setup instance: 80040154
[2021.11.15-17.37.25:379][  0]LogVSAccessor: Display: Unable to create Visual Studio setup instance: 80040154
[2021.11.15-17.37.25:380][  0]LogVSAccessor: Display: Unable to create Visual Studio setup instance: 80040154
[2021.11.15-17.37.25:582][  0]LogCook: Display: CookSettings for Memory: MemoryMaxUsedVirtual 0MiB, MemoryMaxUsedPhysical 16384MiB, MemoryMinFreeVirtual 0MiB, MemoryMinFreePhysical 1024MiB
[2021.11.15-17.37.25:582][  0]LogCook: Display: Mobile HDR setting 1
[2021.11.15-17.37.25:590][  0]LogFileCache: Scanning file cache for directory 'C:/Users/Diego/Desktop/proyecto/Grafica-main/Content/' took 0.07s
[2021.11.15-17.37.26:496][  0]LogImageWrapper: Warning: PNG Warning: Duplicate iCCP chunk
[2021.11.15-17.37.26:496][  0]LogImageWrapper: Warning: PNG Warning: Duplicate iCCP chunk
[2021.11.15-17.37.26:496][  0]LogInit: Display: Engine is initialized. Leaving FEngineLoop::Init()
[2021.11.15-17.37.26:501][  0]SourceControl: El control de código fuente está desactivado
[2021.11.15-17.37.26:501][  0]LogUnrealEdMisc: Loading editor; pre map load, took 14.320
[2021.11.15-17.37.26:501][  0]Cmd: MAP LOAD FILE="C:/Users/Diego/Desktop/proyecto/Grafica-main/Content/Maps/Example_Map.umap" TEMPLATE=0 SHOWPROGRESS=1 FEATURELEVEL=3
[2021.11.15-17.37.26:529][  0]LightingResults: New page: Diseñar la iluminación
[2021.11.15-17.37.26:532][  0]LogWorld: UWorld::CleanupWorld for Untitled, bSessionEnded=true, bCleanupResources=true
[2021.11.15-17.37.26:532][  0]LogSlate: InvalidateAllWidgets triggered.  All widgets were invalidated
[2021.11.15-17.37.26:532][  0]MapCheck: New page: Revisión del mapa
[2021.11.15-17.37.26:532][  0]LightingResults: New page: Diseñar la iluminación
[2021.11.15-17.37.26:837][  0]LogAudio: Display: Audio Device unregistered from world 'None'.
[2021.11.15-17.37.26:972][  0]LogUObjectHash: Compacting FUObjectHashTables data took   1.31ms
[2021.11.15-17.37.28:079][  0]LogAudio: Display: Audio Device (ID: 1) registered with world 'Example_Map'.
[2021.11.15-17.37.28:080][  0]LogAIModule: Creating AISystem for world Example_Map
[2021.11.15-17.37.28:198][  0]LogEditorServer: Finished looking for orphan Actors (0.000 secs)
[2021.11.15-17.37.28:215][  0]LogUObjectHash: Compacting FUObjectHashTables data took   1.50ms
[2021.11.15-17.37.28:216][  0]Cmd: MAP CHECKDEP NOCLEARLOG
[2021.11.15-17.37.28:216][  0]MapCheck: Map check complete: 0 Error(s), 0 Warning(s), took 0,228ms to complete.
[2021.11.15-17.37.28:216][  0]LogFileHelpers: Loading map 'Example_Map' took 1.715
[2021.11.15-17.37.28:219][  0]LogUnrealEdMisc: Total Editor Startup Time, took 16.039
[2021.11.15-17.37.28:370][  0]LogSlate: Updating window title bar state: overlay mode, drag disabled, window buttons hidden, title bar hidden
[2021.11.15-17.37.28:383][  0]LogSlate: Updating window title bar state: overlay mode, drag disabled, window buttons hidden, title bar hidden
[2021.11.15-17.37.28:398][  0]LogSlate: Updating window title bar state: overlay mode, drag disabled, window buttons hidden, title bar hidden
[2021.11.15-17.37.28:410][  0]LogSlate: Updating window title bar state: overlay mode, drag disabled, window buttons hidden, title bar hidden
[2021.11.15-17.37.28:435][  0]LogNativeClassHierarchy: Verbose: Native class hierarchy populated in 0.0173 seconds. Added 3822 classes and 928 folders.
[2021.11.15-17.37.28:439][  0]LogNativeClassHierarchy: Verbose: Native class hierarchy updated for 'WidgetCarousel' in 0.0004 seconds. Added 0 classes and 0 folders.
[2021.11.15-17.37.28:441][  0]LogPakFile: PakFile PrimaryIndexSize=187
[2021.11.15-17.37.28:441][  0]LogPakFile: PakFile PathHashIndexSize=101
[2021.11.15-17.37.28:441][  0]LogPakFile: PakFile FullDirectoryIndexSize=148
[2021.11.15-17.37.28:441][  0]LogShaderLibrary: Display: ShaderCodeLibraryPakFileMountedCallback: PakFile 'G:/Archivos de Programa/UE_4.27/FeaturePacks/FP_FirstPerson.upack' (chunk index -1, root 'root:/') mounted
[2021.11.15-17.37.28:441][  0]LogShaderLibrary: Display: ShaderCodeLibraryPakFileMountedCallback: pending pak file info (ChunkID:-1 Root:root:/ File:G:/Archivos de Programa/UE_4.27/FeaturePacks/FP_FirstPerson.upack)
[2021.11.15-17.37.28:441][  0]LogPakFile: OnPakFileMounted2Time == 0.000068
[2021.11.15-17.37.28:442][  0]LogPakFile: PakFile PrimaryIndexSize=189
[2021.11.15-17.37.28:442][  0]LogPakFile: PakFile PathHashIndexSize=101
[2021.11.15-17.37.28:442][  0]LogPakFile: PakFile FullDirectoryIndexSize=152
[2021.11.15-17.37.28:442][  0]LogShaderLibrary: Display: ShaderCodeLibraryPakFileMountedCallback: PakFile 'G:/Archivos de Programa/UE_4.27/FeaturePacks/FP_FirstPersonBP.upack' (chunk index -1, root 'root:/') mounted
[2021.11.15-17.37.28:442][  0]LogShaderLibrary: Display: ShaderCodeLibraryPakFileMountedCallback: pending pak file info (ChunkID:-1 Root:root:/ File:G:/Archivos de Programa/UE_4.27/FeaturePacks/FP_FirstPersonBP.upack)
[2021.11.15-17.37.28:442][  0]LogPakFile: OnPakFileMounted2Time == 0.000050
[2021.11.15-17.37.28:442][  0]LogPakFile: PakFile PrimaryIndexSize=191
[2021.11.15-17.37.28:442][  0]LogPakFile: PakFile PathHashIndexSize=101
[2021.11.15-17.37.28:443][  0]LogPakFile: PakFile FullDirectoryIndexSize=160
[2021.11.15-17.37.28:443][  0]LogShaderLibrary: Display: ShaderCodeLibraryPakFileMountedCallback: PakFile 'G:/Archivos de Programa/UE_4.27/FeaturePacks/MobileStarterContent.upack' (chunk index -1, root 'root:/') mounted
[2021.11.15-17.37.28:443][  0]LogShaderLibrary: Display: ShaderCodeLibraryPakFileMountedCallback: pending pak file info (ChunkID:-1 Root:root:/ File:G:/Archivos de Programa/UE_4.27/FeaturePacks/MobileStarterContent.upack)
[2021.11.15-17.37.28:443][  0]LogPakFile: OnPakFileMounted2Time == 0.000072
[2021.11.15-17.37.28:444][  0]LogPakFile: PakFile PrimaryIndexSize=185
[2021.11.15-17.37.28:444][  0]LogPakFile: PakFile PathHashIndexSize=101
[2021.11.15-17.37.28:444][  0]LogPakFile: PakFile FullDirectoryIndexSize=148
[2021.11.15-17.37.28:444][  0]LogShaderLibrary: Display: ShaderCodeLibraryPakFileMountedCallback: PakFile 'G:/Archivos de Programa/UE_4.27/FeaturePacks/StarterContent.upack' (chunk index -1, root 'root:/') mounted
[2021.11.15-17.37.28:444][  0]LogShaderLibrary: Display: ShaderCodeLibraryPakFileMountedCallback: pending pak file info (ChunkID:-1 Root:root:/ File:G:/Archivos de Programa/UE_4.27/FeaturePacks/StarterContent.upack)
[2021.11.15-17.37.28:444][  0]LogPakFile: OnPakFileMounted2Time == 0.000069
[2021.11.15-17.37.28:445][  0]LogPakFile: PakFile PrimaryIndexSize=190
[2021.11.15-17.37.28:445][  0]LogPakFile: PakFile PathHashIndexSize=101
[2021.11.15-17.37.28:445][  0]LogPakFile: PakFile FullDirectoryIndexSize=154
[2021.11.15-17.37.28:445][  0]LogShaderLibrary: Display: ShaderCodeLibraryPakFileMountedCallback: PakFile 'G:/Archivos de Programa/UE_4.27/FeaturePacks/TP_2DSideScroller.upack' (chunk index -1, root 'root:/') mounted
[2021.11.15-17.37.28:445][  0]LogShaderLibrary: Display: ShaderCodeLibraryPakFileMountedCallback: pending pak file info (ChunkID:-1 Root:root:/ File:G:/Archivos de Programa/UE_4.27/FeaturePacks/TP_2DSideScroller.upack)
[2021.11.15-17.37.28:445][  0]LogPakFile: OnPakFileMounted2Time == 0.000088
[2021.11.15-17.37.28:446][  0]LogPakFile: PakFile PrimaryIndexSize=192
[2021.11.15-17.37.28:447][  0]LogPakFile: PakFile PathHashIndexSize=101
[2021.11.15-17.37.28:447][  0]LogPakFile: PakFile FullDirectoryIndexSize=158
[2021.11.15-17.37.28:447][  0]LogShaderLibrary: Display: ShaderCodeLibraryPakFileMountedCallback: PakFile 'G:/Archivos de Programa/UE_4.27/FeaturePacks/TP_2DSideScrollerBP.upack' (chunk index -1, root 'root:/') mounted
[2021.11.15-17.37.28:447][  0]LogShaderLibrary: Display: ShaderCodeLibraryPakFileMountedCallback: pending pak file info (ChunkID:-1 Root:root:/ File:G:/Archivos de Programa/UE_4.27/FeaturePacks/TP_2DSideScrollerBP.upack)
[2021.11.15-17.37.28:447][  0]LogPakFile: OnPakFileMounted2Time == 0.000087
[2021.11.15-17.37.28:448][  0]LogPakFile: PakFile PrimaryIndexSize=182
[2021.11.15-17.37.28:448][  0]LogPakFile: PakFile PathHashIndexSize=101
[2021.11.15-17.37.28:448][  0]LogPakFile: PakFile FullDirectoryIndexSize=138
[2021.11.15-17.37.28:448][  0]LogShaderLibrary: Display: ShaderCodeLibraryPakFileMountedCallback: PakFile 'G:/Archivos de Programa/UE_4.27/FeaturePacks/TP_Flying.upack' (chunk index -1, root 'root:/') mounted
[2021.11.15-17.37.28:448][  0]LogShaderLibrary: Display: ShaderCodeLibraryPakFileMountedCallback: pending pak file info (ChunkID:-1 Root:root:/ File:G:/Archivos de Programa/UE_4.27/FeaturePacks/TP_Flying.upack)
[2021.11.15-17.37.28:448][  0]LogPakFile: OnPakFileMounted2Time == 0.000067
[2021.11.15-17.37.28:448][  0]LogPakFile: PakFile PrimaryIndexSize=184
[2021.11.15-17.37.28:449][  0]LogPakFile: PakFile PathHashIndexSize=101
[2021.11.15-17.37.28:449][  0]LogPakFile: PakFile FullDirectoryIndexSize=142
[2021.11.15-17.37.28:449][  0]LogShaderLibrary: Display: ShaderCodeLibraryPakFileMountedCallback: PakFile 'G:/Archivos de Programa/UE_4.27/FeaturePacks/TP_FlyingBP.upack' (chunk index -1, root 'root:/') mounted
[2021.11.15-17.37.28:449][  0]LogShaderLibrary: Display: ShaderCodeLibraryPakFileMountedCallback: pending pak file info (ChunkID:-1 Root:root:/ File:G:/Archivos de Programa/UE_4.27/FeaturePacks/TP_FlyingBP.upack)
[2021.11.15-17.37.28:449][  0]LogPakFile: OnPakFileMounted2Time == 0.000071
[2021.11.15-17.37.28:450][  0]LogPakFile: PakFile PrimaryIndexSize=188
[2021.11.15-17.37.28:450][  0]LogPakFile: PakFile PathHashIndexSize=101
[2021.11.15-17.37.28:450][  0]LogPakFile: PakFile FullDirectoryIndexSize=150
[2021.11.15-17.37.28:450][  0]LogShaderLibrary: Display: ShaderCodeLibraryPakFileMountedCallback: PakFile 'G:/Archivos de Programa/UE_4.27/FeaturePacks/TP_HandheldARBP.upack' (chunk index -1, root 'root:/') mounted
[2021.11.15-17.37.28:450][  0]LogShaderLibrary: Display: ShaderCodeLibraryPakFileMountedCallback: pending pak file info (ChunkID:-1 Root:root:/ File:G:/Archivos de Programa/UE_4.27/FeaturePacks/TP_HandheldARBP.upack)
[2021.11.15-17.37.28:450][  0]LogPakFile: OnPakFileMounted2Time == 0.000076
[2021.11.15-17.37.28:451][  0]LogPakFile: PakFile PrimaryIndexSize=182
[2021.11.15-17.37.28:451][  0]LogPakFile: PakFile PathHashIndexSize=101
[2021.11.15-17.37.28:451][  0]LogPakFile: PakFile FullDirectoryIndexSize=138
[2021.11.15-17.37.28:451][  0]LogShaderLibrary: Display: ShaderCodeLibraryPakFileMountedCallback: PakFile 'G:/Archivos de Programa/UE_4.27/FeaturePacks/TP_Puzzle.upack' (chunk index -1, root 'root:/') mounted
[2021.11.15-17.37.28:451][  0]LogShaderLibrary: Display: ShaderCodeLibraryPakFileMountedCallback: pending pak file info (ChunkID:-1 Root:root:/ File:G:/Archivos de Programa/UE_4.27/FeaturePacks/TP_Puzzle.upack)
[2021.11.15-17.37.28:451][  0]LogPakFile: OnPakFileMounted2Time == 0.000080
[2021.11.15-17.37.28:452][  0]LogPakFile: PakFile PrimaryIndexSize=184
[2021.11.15-17.37.28:452][  0]LogPakFile: PakFile PathHashIndexSize=101
[2021.11.15-17.37.28:452][  0]LogPakFile: PakFile FullDirectoryIndexSize=142
[2021.11.15-17.37.28:452][  0]LogShaderLibrary: Display: ShaderCodeLibraryPakFileMountedCallback: PakFile 'G:/Archivos de Programa/UE_4.27/FeaturePacks/TP_PuzzleBP.upack' (chunk index -1, root 'root:/') mounted
[2021.11.15-17.37.28:452][  0]LogShaderLibrary: Display: ShaderCodeLibraryPakFileMountedCallback: pending pak file info (ChunkID:-1 Root:root:/ File:G:/Archivos de Programa/UE_4.27/FeaturePacks/TP_PuzzleBP.upack)
[2021.11.15-17.37.28:452][  0]LogPakFile: OnPakFileMounted2Time == 0.000094
[2021.11.15-17.37.28:453][  0]LogPakFile: PakFile PrimaryIndexSize=183
[2021.11.15-17.37.28:453][  0]LogPakFile: PakFile PathHashIndexSize=101
[2021.11.15-17.37.28:453][  0]LogPakFile: PakFile FullDirectoryIndexSize=140
[2021.11.15-17.37.28:453][  0]LogShaderLibrary: Display: ShaderCodeLibraryPakFileMountedCallback: PakFile 'G:/Archivos de Programa/UE_4.27/FeaturePacks/TP_Rolling.upack' (chunk index -1, root 'root:/') mounted
[2021.11.15-17.37.28:453][  0]LogShaderLibrary: Display: ShaderCodeLibraryPakFileMountedCallback: pending pak file info (ChunkID:-1 Root:root:/ File:G:/Archivos de Programa/UE_4.27/FeaturePacks/TP_Rolling.upack)
[2021.11.15-17.37.28:453][  0]LogPakFile: OnPakFileMounted2Time == 0.000083
[2021.11.15-17.37.28:454][  0]LogPakFile: PakFile PrimaryIndexSize=185
[2021.11.15-17.37.28:454][  0]LogPakFile: PakFile PathHashIndexSize=101
[2021.11.15-17.37.28:455][  0]LogPakFile: PakFile FullDirectoryIndexSize=144
[2021.11.15-17.37.28:455][  0]LogShaderLibrary: Display: ShaderCodeLibraryPakFileMountedCallback: PakFile 'G:/Archivos de Programa/UE_4.27/FeaturePacks/TP_RollingBP.upack' (chunk index -1, root 'root:/') mounted
[2021.11.15-17.37.28:455][  0]LogShaderLibrary: Display: ShaderCodeLibraryPakFileMountedCallback: pending pak file info (ChunkID:-1 Root:root:/ File:G:/Archivos de Programa/UE_4.27/FeaturePacks/TP_RollingBP.upack)
[2021.11.15-17.37.28:455][  0]LogPakFile: OnPakFileMounted2Time == 0.000078
[2021.11.15-17.37.28:456][  0]LogPakFile: PakFile PrimaryIndexSize=188
[2021.11.15-17.37.28:456][  0]LogPakFile: PakFile PathHashIndexSize=101
[2021.11.15-17.37.28:456][  0]LogPakFile: PakFile FullDirectoryIndexSize=150
[2021.11.15-17.37.28:456][  0]LogShaderLibrary: Display: ShaderCodeLibraryPakFileMountedCallback: PakFile 'G:/Archivos de Programa/UE_4.27/FeaturePacks/TP_SideScroller.upack' (chunk index -1, root 'root:/') mounted
[2021.11.15-17.37.28:456][  0]LogShaderLibrary: Display: ShaderCodeLibraryPakFileMountedCallback: pending pak file info (ChunkID:-1 Root:root:/ File:G:/Archivos de Programa/UE_4.27/FeaturePacks/TP_SideScroller.upack)
[2021.11.15-17.37.28:456][  0]LogPakFile: OnPakFileMounted2Time == 0.000045
[2021.11.15-17.37.28:457][  0]LogPakFile: PakFile PrimaryIndexSize=190
[2021.11.15-17.37.28:457][  0]LogPakFile: PakFile PathHashIndexSize=101
[2021.11.15-17.37.28:457][  0]LogPakFile: PakFile FullDirectoryIndexSize=154
[2021.11.15-17.37.28:457][  0]LogShaderLibrary: Display: ShaderCodeLibraryPakFileMountedCallback: PakFile 'G:/Archivos de Programa/UE_4.27/FeaturePacks/TP_SideScrollerBP.upack' (chunk index -1, root 'root:/') mounted
[2021.11.15-17.37.28:457][  0]LogShaderLibrary: Display: ShaderCodeLibraryPakFileMountedCallback: pending pak file info (ChunkID:-1 Root:root:/ File:G:/Archivos de Programa/UE_4.27/FeaturePacks/TP_SideScrollerBP.upack)
[2021.11.15-17.37.28:457][  0]LogPakFile: OnPakFileMounted2Time == 0.000082
[2021.11.15-17.37.28:458][  0]LogPakFile: PakFile PrimaryIndexSize=187
[2021.11.15-17.37.28:458][  0]LogPakFile: PakFile PathHashIndexSize=101
[2021.11.15-17.37.28:458][  0]LogPakFile: PakFile FullDirectoryIndexSize=148
[2021.11.15-17.37.28:458][  0]LogShaderLibrary: Display: ShaderCodeLibraryPakFileMountedCallback: PakFile 'G:/Archivos de Programa/UE_4.27/FeaturePacks/TP_ThirdPerson.upack' (chunk index -1, root 'root:/') mounted
[2021.11.15-17.37.28:458][  0]LogShaderLibrary: Display: ShaderCodeLibraryPakFileMountedCallback: pending pak file info (ChunkID:-1 Root:root:/ File:G:/Archivos de Programa/UE_4.27/FeaturePacks/TP_ThirdPerson.upack)
[2021.11.15-17.37.28:458][  0]LogPakFile: OnPakFileMounted2Time == 0.000076
[2021.11.15-17.37.28:459][  0]LogPakFile: PakFile PrimaryIndexSize=189
[2021.11.15-17.37.28:459][  0]LogPakFile: PakFile PathHashIndexSize=101
[2021.11.15-17.37.28:459][  0]LogPakFile: PakFile FullDirectoryIndexSize=152
[2021.11.15-17.37.28:459][  0]LogShaderLibrary: Display: ShaderCodeLibraryPakFileMountedCallback: PakFile 'G:/Archivos de Programa/UE_4.27/FeaturePacks/TP_ThirdPersonBP.upack' (chunk index -1, root 'root:/') mounted
[2021.11.15-17.37.28:459][  0]LogShaderLibrary: Display: ShaderCodeLibraryPakFileMountedCallback: pending pak file info (ChunkID:-1 Root:root:/ File:G:/Archivos de Programa/UE_4.27/FeaturePacks/TP_ThirdPersonBP.upack)
[2021.11.15-17.37.28:459][  0]LogPakFile: OnPakFileMounted2Time == 0.000082
[2021.11.15-17.37.28:460][  0]LogPakFile: PakFile PrimaryIndexSize=183
[2021.11.15-17.37.28:460][  0]LogPakFile: PakFile PathHashIndexSize=101
[2021.11.15-17.37.28:460][  0]LogPakFile: PakFile FullDirectoryIndexSize=140
[2021.11.15-17.37.28:460][  0]LogShaderLibrary: Display: ShaderCodeLibraryPakFileMountedCallback: PakFile 'G:/Archivos de Programa/UE_4.27/FeaturePacks/TP_TopDown.upack' (chunk index -1, root 'root:/') mounted
[2021.11.15-17.37.28:460][  0]LogShaderLibrary: Display: ShaderCodeLibraryPakFileMountedCallback: pending pak file info (ChunkID:-1 Root:root:/ File:G:/Archivos de Programa/UE_4.27/FeaturePacks/TP_TopDown.upack)
[2021.11.15-17.37.28:460][  0]LogPakFile: OnPakFileMounted2Time == 0.000083
[2021.11.15-17.37.28:461][  0]LogPakFile: PakFile PrimaryIndexSize=185
[2021.11.15-17.37.28:462][  0]LogPakFile: PakFile PathHashIndexSize=101
[2021.11.15-17.37.28:462][  0]LogPakFile: PakFile FullDirectoryIndexSize=144
[2021.11.15-17.37.28:462][  0]LogShaderLibrary: Display: ShaderCodeLibraryPakFileMountedCallback: PakFile 'G:/Archivos de Programa/UE_4.27/FeaturePacks/TP_TopDownBP.upack' (chunk index -1, root 'root:/') mounted
[2021.11.15-17.37.28:462][  0]LogShaderLibrary: Display: ShaderCodeLibraryPakFileMountedCallback: pending pak file info (ChunkID:-1 Root:root:/ File:G:/Archivos de Programa/UE_4.27/FeaturePacks/TP_TopDownBP.upack)
[2021.11.15-17.37.28:462][  0]LogPakFile: OnPakFileMounted2Time == 0.000075
[2021.11.15-17.37.28:463][  0]LogPakFile: PakFile PrimaryIndexSize=185
[2021.11.15-17.37.28:463][  0]LogPakFile: PakFile PathHashIndexSize=101
[2021.11.15-17.37.28:463][  0]LogPakFile: PakFile FullDirectoryIndexSize=144
[2021.11.15-17.37.28:463][  0]LogShaderLibrary: Display: ShaderCodeLibraryPakFileMountedCallback: PakFile 'G:/Archivos de Programa/UE_4.27/FeaturePacks/TP_TwinStick.upack' (chunk index -1, root 'root:/') mounted
[2021.11.15-17.37.28:463][  0]LogShaderLibrary: Display: ShaderCodeLibraryPakFileMountedCallback: pending pak file info (ChunkID:-1 Root:root:/ File:G:/Archivos de Programa/UE_4.27/FeaturePacks/TP_TwinStick.upack)
[2021.11.15-17.37.28:463][  0]LogPakFile: OnPakFileMounted2Time == 0.000080
[2021.11.15-17.37.28:464][  0]LogPakFile: PakFile PrimaryIndexSize=187
[2021.11.15-17.37.28:464][  0]LogPakFile: PakFile PathHashIndexSize=101
[2021.11.15-17.37.28:464][  0]LogPakFile: PakFile FullDirectoryIndexSize=148
[2021.11.15-17.37.28:464][  0]LogShaderLibrary: Display: ShaderCodeLibraryPakFileMountedCallback: PakFile 'G:/Archivos de Programa/UE_4.27/FeaturePacks/TP_TwinStickBP.upack' (chunk index -1, root 'root:/') mounted
[2021.11.15-17.37.28:464][  0]LogShaderLibrary: Display: ShaderCodeLibraryPakFileMountedCallback: pending pak file info (ChunkID:-1 Root:root:/ File:G:/Archivos de Programa/UE_4.27/FeaturePacks/TP_TwinStickBP.upack)
[2021.11.15-17.37.28:464][  0]LogPakFile: OnPakFileMounted2Time == 0.000086
[2021.11.15-17.37.28:468][  0]LogPakFile: PakFile PrimaryIndexSize=183
[2021.11.15-17.37.28:468][  0]LogPakFile: PakFile PathHashIndexSize=101
[2021.11.15-17.37.28:468][  0]LogPakFile: PakFile FullDirectoryIndexSize=140
[2021.11.15-17.37.28:468][  0]LogShaderLibrary: Display: ShaderCodeLibraryPakFileMountedCallback: PakFile 'G:/Archivos de Programa/UE_4.27/FeaturePacks/TP_Vehicle.upack' (chunk index -1, root 'root:/') mounted
[2021.11.15-17.37.28:468][  0]LogShaderLibrary: Display: ShaderCodeLibraryPakFileMountedCallback: pending pak file info (ChunkID:-1 Root:root:/ File:G:/Archivos de Programa/UE_4.27/FeaturePacks/TP_Vehicle.upack)
[2021.11.15-17.37.28:468][  0]LogPakFile: OnPakFileMounted2Time == 0.000065
[2021.11.15-17.37.28:469][  0]LogPakFile: PakFile PrimaryIndexSize=186
[2021.11.15-17.37.28:469][  0]LogPakFile: PakFile PathHashIndexSize=101
[2021.11.15-17.37.28:469][  0]LogPakFile: PakFile FullDirectoryIndexSize=146
[2021.11.15-17.37.28:469][  0]LogShaderLibrary: Display: ShaderCodeLibraryPakFileMountedCallback: PakFile 'G:/Archivos de Programa/UE_4.27/FeaturePacks/TP_VehicleAdv.upack' (chunk index -1, root 'root:/') mounted
[2021.11.15-17.37.28:469][  0]LogShaderLibrary: Display: ShaderCodeLibraryPakFileMountedCallback: pending pak file info (ChunkID:-1 Root:root:/ File:G:/Archivos de Programa/UE_4.27/FeaturePacks/TP_VehicleAdv.upack)
[2021.11.15-17.37.28:469][  0]LogPakFile: OnPakFileMounted2Time == 0.000073
[2021.11.15-17.37.28:470][  0]LogPakFile: PakFile PrimaryIndexSize=188
[2021.11.15-17.37.28:470][  0]LogPakFile: PakFile PathHashIndexSize=101
[2021.11.15-17.37.28:470][  0]LogPakFile: PakFile FullDirectoryIndexSize=150
[2021.11.15-17.37.28:470][  0]LogShaderLibrary: Display: ShaderCodeLibraryPakFileMountedCallback: PakFile 'G:/Archivos de Programa/UE_4.27/FeaturePacks/TP_VehicleAdvBP.upack' (chunk index -1, root 'root:/') mounted
[2021.11.15-17.37.28:470][  0]LogShaderLibrary: Display: ShaderCodeLibraryPakFileMountedCallback: pending pak file info (ChunkID:-1 Root:root:/ File:G:/Archivos de Programa/UE_4.27/FeaturePacks/TP_VehicleAdvBP.upack)
[2021.11.15-17.37.28:470][  0]LogPakFile: OnPakFileMounted2Time == 0.000064
[2021.11.15-17.37.28:471][  0]LogPakFile: PakFile PrimaryIndexSize=185
[2021.11.15-17.37.28:471][  0]LogPakFile: PakFile PathHashIndexSize=101
[2021.11.15-17.37.28:471][  0]LogPakFile: PakFile FullDirectoryIndexSize=144
[2021.11.15-17.37.28:471][  0]LogShaderLibrary: Display: ShaderCodeLibraryPakFileMountedCallback: PakFile 'G:/Archivos de Programa/UE_4.27/FeaturePacks/TP_VehicleBP.upack' (chunk index -1, root 'root:/') mounted
[2021.11.15-17.37.28:471][  0]LogShaderLibrary: Display: ShaderCodeLibraryPakFileMountedCallback: pending pak file info (ChunkID:-1 Root:root:/ File:G:/Archivos de Programa/UE_4.27/FeaturePacks/TP_VehicleBP.upack)
[2021.11.15-17.37.28:471][  0]LogPakFile: OnPakFileMounted2Time == 0.000063
[2021.11.15-17.37.28:472][  0]LogPakFile: PakFile PrimaryIndexSize=192
[2021.11.15-17.37.28:472][  0]LogPakFile: PakFile PathHashIndexSize=101
[2021.11.15-17.37.28:472][  0]LogPakFile: PakFile FullDirectoryIndexSize=158
[2021.11.15-17.37.28:472][  0]LogShaderLibrary: Display: ShaderCodeLibraryPakFileMountedCallback: PakFile 'G:/Archivos de Programa/UE_4.27/FeaturePacks/TP_VirtualRealityBP.upack' (chunk index -1, root 'root:/') mounted
[2021.11.15-17.37.28:472][  0]LogShaderLibrary: Display: ShaderCodeLibraryPakFileMountedCallback: pending pak file info (ChunkID:-1 Root:root:/ File:G:/Archivos de Programa/UE_4.27/FeaturePacks/TP_VirtualRealityBP.upack)
[2021.11.15-17.37.28:472][  0]LogPakFile: OnPakFileMounted2Time == 0.000063
[2021.11.15-17.37.28:533][  0]LogNativeClassHierarchy: Verbose: Native class hierarchy updated for 'AddContentDialog' in 0.0004 seconds. Added 0 classes and 0 folders.
[2021.11.15-17.37.28:534][  0]LogNativeClassHierarchy: Verbose: Native class hierarchy updated for 'SceneOutliner' in 0.0004 seconds. Added 2 classes and 0 folders.
[2021.11.15-17.37.28:592][  0]LogSlate: Took 0.000181 seconds to synchronously load lazily loaded font '../../../Engine/Content/Slate/Fonts/Roboto-Regular.ttf' (155K)
[2021.11.15-17.37.28:594][  0]LogSlate: Took 0.000245 seconds to synchronously load lazily loaded font '../../../Engine/Content/Editor/Slate/Fonts/FontAwesome.ttf' (139K)
[2021.11.15-17.37.28:596][  0]LogSlate: Took 0.000206 seconds to synchronously load lazily loaded font '../../../Engine/Content/Slate/Fonts/Roboto-Bold.ttf' (160K)
[2021.11.15-17.37.28:770][  0]LogRenderer: Reallocating scene render targets to support 1208x572 Format 9 NumSamples 1 (Frame:1).
[2021.11.15-17.37.29:133][  0]LogNativeClassHierarchy: Verbose: Native class hierarchy updated for 'HierarchicalLODOutliner' in 0.0004 seconds. Added 0 classes and 0 folders.
[2021.11.15-17.37.29:133][  0]LogLoad: (Engine Initialization) Total time: 16.95 seconds
[2021.11.15-17.37.29:133][  0]LogLoad: (Engine Initialization) Total Blueprint compile time: 0.00 seconds
[2021.11.15-17.37.29:202][  0]LogContentStreaming: Texture pool size now 400 MB
[2021.11.15-17.37.29:233][  1]LogAssetRegistry: Asset discovery search completed in 10.6263 seconds
[2021.11.15-17.37.29:247][  1]LogCollectionManager: Fixed up redirectors for 0 collections in 0.000006 seconds (updated 0 objects)
[2021.11.15-17.37.29:906][  3]LogSlate: Took 0.000180 seconds to synchronously load lazily loaded font '../../../Engine/Content/Slate/Fonts/Roboto-Light.ttf' (167K)
