Log file open, 11/19/21 00:21:24
LogWindows: Failed to load 'aqProf.dll' (GetLastError=126)
LogWindows: File 'aqProf.dll' does not exist
LogWindows: Failed to load 'VtuneApi.dll' (GetLastError=126)
LogWindows: File 'VtuneApi.dll' does not exist
LogWindows: Failed to load 'VtuneApi32e.dll' (GetLastError=126)
LogWindows: File 'VtuneApi32e.dll' does not exist
LogConsoleResponse: Display: Failed to find resolution value strings in scalability ini. Falling back to default.
LogConsoleResponse: Display: Failed to find resolution value strings in scalability ini. Falling back to default.
LogInit: Display: Running engine for game: MyProject
LogPlatformFile: Not using cached read wrapper
LogTaskGraph: Started task graph with 5 named threads and 35 total threads with 3 sets of task threads.
LogStats: Stats thread started at 1.727654
LogICUInternationalization: ICU TimeZone Detection - Raw Offset: -4:00, Platform Override: ''
LogInit: Display: Loading text-based GConfig....
LogPluginManager: Mounting plugin MeshPainting
LogPluginManager: Mounting plugin XGEController
LogPluginManager: Mounting plugin Sketchfab
LogPluginManager: Mounting plugin Paper2D
LogPluginManager: Mounting plugin LightPropagationVolume
LogPluginManager: Mounting plugin LiveLink
LogPluginManager: Mounting plugin EnvironmentQueryEditor
LogPluginManager: Mounting plugin AISupport
LogPluginManager: Mounting plugin Niagara
LogPluginManager: Mounting plugin MagicLeap
LogPluginManager: Mounting plugin LuminPlatformFeatures
LogPluginManager: Mounting plugin MagicLeapLightEstimation
LogPluginManager: Mounting plugin MagicLeapMedia
LogPluginManager: Mounting plugin MagicLeapPassableWorld
LogPluginManager: Mounting plugin MLSDK
LogPluginManager: Mounting plugin AndroidMedia
LogPluginManager: Mounting plugin AvfMedia
LogPluginManager: Mounting plugin ImgMedia
LogPluginManager: Mounting plugin MediaCompositing
LogPluginManager: Mounting plugin MediaPlayerEditor
LogPluginManager: Mounting plugin WebMMedia
LogPluginManager: Mounting plugin WmfMedia
LogPluginManager: Mounting plugin CameraShakePreviewer
LogPluginManager: Mounting plugin OodleData
LogPluginManager: Mounting plugin GameplayCameras
LogPluginManager: Mounting plugin OodleNetwork
LogPluginManager: Mounting plugin AnimationSharing
LogPluginManager: Mounting plugin CLionSourceCodeAccess
LogPluginManager: Mounting plugin GitSourceControl
LogPluginManager: Mounting plugin PerforceSourceControl
LogPluginManager: Mounting plugin PixWinPlugin
LogPluginManager: Mounting plugin PlasticSourceControl
LogPluginManager: Mounting plugin PluginUtils
LogPluginManager: Mounting plugin PropertyAccessNode
LogPluginManager: Mounting plugin RiderSourceCodeAccess
LogPluginManager: Mounting plugin SubversionSourceControl
LogPluginManager: Mounting plugin TextureFormatOodle
LogPluginManager: Mounting plugin UObjectPlugin
LogPluginManager: Mounting plugin VisualStudioCodeSourceCodeAccess
LogPluginManager: Mounting plugin VisualStudioSourceCodeAccess
LogPluginManager: Mounting plugin CodeLiteSourceCodeAccess
LogPluginManager: Mounting plugin DatasmithContent
LogPluginManager: Mounting plugin KDevelopSourceCodeAccess
LogPluginManager: Mounting plugin NullSourceCodeAccess
LogPluginManager: Mounting plugin XCodeSourceCodeAccess
LogPluginManager: Mounting plugin VariantManagerContent
LogPluginManager: Mounting plugin TcpMessaging
LogPluginManager: Mounting plugin UdpMessaging
LogPluginManager: Mounting plugin ActorSequence
LogPluginManager: Mounting plugin LevelSequenceEditor
LogPluginManager: Mounting plugin MatineeToLevelSequence
LogPluginManager: Mounting plugin AssetManagerEditor
LogPluginManager: Mounting plugin TemplateSequence
LogPluginManager: Mounting plugin CryptoKeys
LogPluginManager: Mounting plugin CurveEditorTools
LogPluginManager: Mounting plugin DataValidation
LogPluginManager: Mounting plugin EditorScriptingUtilities
LogPluginManager: Mounting plugin FacialAnimation
LogPluginManager: Mounting plugin GameplayTagsEditor
LogPluginManager: Mounting plugin GeometryMode
LogPluginManager: Mounting plugin MaterialAnalyzer
LogPluginManager: Mounting plugin MobileLauncherProfileWizard
LogPluginManager: Mounting plugin PluginBrowser
LogPluginManager: Mounting plugin SpeedTreeImporter
LogPluginManager: Mounting plugin LauncherChunkInstaller
LogPluginManager: Mounting plugin MacGraphicsSwitching
LogPluginManager: Mounting plugin OnlineSubsystem
LogPluginManager: Mounting plugin OnlineSubsystemNull
LogPluginManager: Mounting plugin OnlineSubsystemUtils
LogPluginManager: Mounting plugin Takes
LogPluginManager: Mounting plugin ScreenshotTools
LogPluginManager: Mounting plugin ActorLayerUtilities
LogPluginManager: Mounting plugin AndroidPermission
LogPluginManager: Mounting plugin AppleImageUtils
LogPluginManager: Mounting plugin AssetTags
LogPluginManager: Mounting plugin AudioCapture
LogPluginManager: Mounting plugin ArchVisCharacter
LogPluginManager: Mounting plugin AudioSynesthesia
LogPluginManager: Mounting plugin CableComponent
LogPluginManager: Mounting plugin CustomMeshComponent
LogPluginManager: Mounting plugin ChunkDownloader
LogPluginManager: Mounting plugin EditableMesh
LogPluginManager: Mounting plugin AndroidDeviceProfileSelector
LogPluginManager: Mounting plugin ExampleDeviceProfileSelector
LogPluginManager: Mounting plugin AndroidMoviePlayer
LogPluginManager: Mounting plugin GooglePAD
LogPluginManager: Mounting plugin AppleMoviePlayer
LogPluginManager: Mounting plugin AlembicImporter
LogPluginManager: Mounting plugin AutomationUtils
LogPluginManager: Mounting plugin BackChannel
LogPluginManager: Mounting plugin ChaosCloth
LogPluginManager: Mounting plugin ChaosClothEditor
LogPluginManager: Mounting plugin ChaosEditor
LogPluginManager: Mounting plugin ChaosNiagara
LogPluginManager: Mounting plugin ChaosSolverPlugin
LogPluginManager: Mounting plugin CharacterAI
LogPluginManager: Mounting plugin GoogleCloudMessaging
LogPluginManager: Mounting plugin GeometryCache
LogPluginManager: Mounting plugin GeometryCollectionPlugin
LogPluginManager: Mounting plugin HDRIBackdrop
LogPluginManager: Mounting plugin LocationServicesBPLibrary
LogPluginManager: Mounting plugin MobilePatchingUtils
LogPluginManager: Mounting plugin LinuxDeviceProfileSelector
LogPluginManager: Mounting plugin IOSDeviceProfileSelector
LogPluginManager: Mounting plugin OpenXR
LogPluginManager: Mounting plugin OpenXREyeTracker
LogPluginManager: Mounting plugin OpenXRHandTracking
LogPluginManager: Mounting plugin PhysXVehicles
LogPluginManager: Mounting plugin PostSplashScreen
LogPluginManager: Mounting plugin ProceduralMeshComponent
LogPluginManager: Mounting plugin PropertyAccessEditor
LogPluginManager: Mounting plugin RuntimePhysXCooking
LogPluginManager: Mounting plugin SignificanceManager
LogPluginManager: Mounting plugin SoundFields
LogPluginManager: Mounting plugin Synthesis
LogPluginManager: Mounting plugin WebMMoviePlayer
LogPluginManager: Mounting plugin WindowsMoviePlayer
LogPluginManager: Mounting plugin GeometryProcessing
LogPluginManager: Mounting plugin MotoSynth
LogPluginManager: Mounting plugin OpenImageDenoise
LogPluginManager: Mounting plugin PlanarCut
LogPluginManager: Mounting plugin PlatformCrypto
LogPluginManager: Mounting plugin ProxyLODPlugin
LogPluginManager: Mounting plugin PythonScriptPlugin
LogPluginManager: Mounting plugin SkeletalReduction
LogPluginManager: Mounting plugin ContentBrowserAssetDataSource
LogPluginManager: Mounting plugin ContentBrowserClassDataSource
LogPluginManager: Mounting plugin ContentBrowserFileDataSource
LogPluginManager: Mounting plugin OnlineSubsystemGooglePlay
LogPluginManager: Mounting plugin OnlineSubsystemIOS
LogPluginManager: Mounting plugin OculusVR
LogPluginManager: Mounting plugin SteamVR
PixWinPlugin: PIX capture plugin failed to initialize! Check that the process is launched from PIX.
LogInit: Using libcurl 7.55.1-DEV
LogInit:  - built for x86_64-pc-win32
LogInit:  - supports SSL with OpenSSL/1.1.1
LogInit:  - supports HTTP deflate (compression) using libz 1.2.8
LogInit:  - other features:
LogInit:      CURL_VERSION_SSL
LogInit:      CURL_VERSION_LIBZ
LogInit:      CURL_VERSION_IPV6
LogInit:      CURL_VERSION_ASYNCHDNS
LogInit:      CURL_VERSION_LARGEFILE
LogInit:      CURL_VERSION_IDN
LogInit:  CurlRequestOptions (configurable via config and command line):
LogInit:  - bVerifyPeer = true  - Libcurl will verify peer certificate
LogInit:  - bUseHttpProxy = false  - Libcurl will NOT use HTTP proxy
LogInit:  - bDontReuseConnections = false  - Libcurl will reuse connections
LogInit:  - MaxHostConnections = 16  - Libcurl will limit the number of connections to a host
LogInit:  - LocalHostAddr = Default
LogInit:  - BufferSize = 65536
LogOnline: OSS: Creating online subsystem instance for: NULL
LogInit: WinSock: version 1.1 (2.2), MaxSocks=32767, MaxUdp=65467
LogOnline: OSS: TryLoadSubsystemAndSetDefault: Loaded subsystem for module [NULL]
LogOculusPluginWrapper: OculusPlugin initialized successfully
LogHMD: Failed initializing OVRPlugin 1.59.0
LogInit: Build: ++UE4+Release-4.27-CL-17735300
LogInit: Engine Version: 4.27.1-17735300+++UE4+Release-4.27
LogInit: Compatible Engine Version: 4.27.0-17155196+++UE4+Release-4.27
LogInit: Net CL: 17155196
LogInit: OS: Windows 10 (Release 2009) (), CPU: AMD Ryzen 5 3600 6-Core Processor              , GPU: Radeon RX550/550 Series
LogInit: Compiled (64-bit): Oct  6 2021 14:42:51
LogInit: Compiled with Visual C++: 19.24.28315.00
LogInit: Build Configuration: Development
LogInit: Branch Name: ++UE4+Release-4.27
LogInit: Command Line: 
LogInit: Base Directory: C:/Program Files/Epic Games/UE_4.27/Engine/Binaries/Win64/
LogInit: Allocator: TBB
LogInit: Installed Engine Build: 1
LogDevObjectVersion: Number of dev versions registered: 29
LogDevObjectVersion:   Dev-Blueprints (B0D832E4-1F89-4F0D-ACCF-7EB736FD4AA2): 10
LogDevObjectVersion:   Dev-Build (E1C64328-A22C-4D53-A36C-8E866417BD8C): 0
LogDevObjectVersion:   Dev-Core (375EC13C-06E4-48FB-B500-84F0262A717E): 4
LogDevObjectVersion:   Dev-Editor (E4B068ED-F494-42E9-A231-DA0B2E46BB41): 40
LogDevObjectVersion:   Dev-Framework (CFFC743F-43B0-4480-9391-14DF171D2073): 37
LogDevObjectVersion:   Dev-Mobile (B02B49B5-BB20-44E9-A304-32B752E40360): 3
LogDevObjectVersion:   Dev-Networking (A4E4105C-59A1-49B5-A7C5-40C4547EDFEE): 0
LogDevObjectVersion:   Dev-Online (39C831C9-5AE6-47DC-9A44-9C173E1C8E7C): 0
LogDevObjectVersion:   Dev-Physics (78F01B33-EBEA-4F98-B9B4-84EACCB95AA2): 14
LogDevObjectVersion:   Dev-Platform (6631380F-2D4D-43E0-8009-CF276956A95A): 0
LogDevObjectVersion:   Dev-Rendering (12F88B9F-8875-4AFC-A67C-D90C383ABD29): 45
LogDevObjectVersion:   Dev-Sequencer (7B5AE74C-D270-4C10-A958-57980B212A5A): 13
LogDevObjectVersion:   Dev-VR (D7296918-1DD6-4BDD-9DE2-64A83CC13884): 3
LogDevObjectVersion:   Dev-LoadTimes (C2A15278-BFE7-4AFE-6C17-90FF531DF755): 1
LogDevObjectVersion:   Private-Geometry (6EACA3D4-40EC-4CC1-B786-8BED09428FC5): 3
LogDevObjectVersion:   Dev-AnimPhys (29E575DD-E0A3-4627-9D10-D276232CDCEA): 17
LogDevObjectVersion:   Dev-Anim (AF43A65D-7FD3-4947-9873-3E8ED9C1BB05): 15
LogDevObjectVersion:   Dev-ReflectionCapture (6B266CEC-1EC7-4B8F-A30B-E4D90942FC07): 1
LogDevObjectVersion:   Dev-Automation (0DF73D61-A23F-47EA-B727-89E90C41499A): 1
LogDevObjectVersion:   FortniteMain (601D1886-AC64-4F84-AA16-D3DE0DEAC7D6): 47
LogDevObjectVersion:   FortniteRelease (E7086368-6B23-4C58-8439-1B7016265E91): 1
LogDevObjectVersion:   Dev-Enterprise (9DFFBCD6-494F-0158-E221-12823C92A888): 10
LogDevObjectVersion:   Dev-Niagara (F2AED0AC-9AFE-416F-8664-AA7FFA26D6FC): 1
LogDevObjectVersion:   Dev-Destruction (174F1F0B-B4C6-45A5-B13F-2EE8D0FB917D): 10
LogDevObjectVersion:   Dev-Physics-Ext (35F94A83-E258-406C-A318-09F59610247C): 41
LogDevObjectVersion:   Dev-PhysicsMaterial-Chaos (B68FC16E-8B1B-42E2-B453-215C058844FE): 1
LogDevObjectVersion:   Dev-CineCamera (B2E18506-4273-CFC2-A54E-F4BB758BBA07): 1
LogDevObjectVersion:   Dev-VirtualProduction (64F58936-FD1B-42BA-BA96-7289D5D0FA4E): 1
LogDevObjectVersion:   Dev-MediaFramework (6F0ED827-A609-4895-9C91-998D90180EA4): 2
LogInit: Presizing for max 25165824 objects, including 0 objects not considered by GC, pre-allocating 0 bytes for permanent pool.
LogConfig: Applying CVar settings from Section [/Script/Engine.StreamingSettings] File [C:/Users/fraci/Documents/Unreal Projects/Grafica 1/Saved/Config/Windows/Engine.ini]
LogConfig: Setting CVar [[s.MinBulkDataSizeForAsyncLoading:131072]]
LogConfig: Setting CVar [[s.AsyncLoadingThreadEnabled:0]]
LogConfig: Setting CVar [[s.EventDrivenLoaderEnabled:1]]
LogConfig: Setting CVar [[s.WarnIfTimeLimitExceeded:0]]
LogConfig: Setting CVar [[s.TimeLimitExceededMultiplier:1.5]]
LogConfig: Setting CVar [[s.TimeLimitExceededMinTime:0.005]]
LogConfig: Setting CVar [[s.UseBackgroundLevelStreaming:1]]
LogConfig: Setting CVar [[s.PriorityAsyncLoadingExtraTime:15.0]]
LogConfig: Setting CVar [[s.LevelStreamingActorsUpdateTimeLimit:5.0]]
LogConfig: Setting CVar [[s.PriorityLevelStreamingActorsUpdateExtraTime:5.0]]
LogConfig: Setting CVar [[s.LevelStreamingComponentsRegistrationGranularity:10]]
LogConfig: Setting CVar [[s.UnregisterComponentsTimeLimit:1.0]]
LogConfig: Setting CVar [[s.LevelStreamingComponentsUnregistrationGranularity:5]]
LogConfig: Setting CVar [[s.FlushStreamingOnExit:1]]
LogInit: Object subsystem initialized
LogConfig: Setting CVar [[con.DebugEarlyDefault:1]]
LogConfig: Setting CVar [[r.setres:1280x720]]
[2021.11.19-03.21.27:053][  0]LogConfig: Setting CVar [[r.VSync:0]]
[2021.11.19-03.21.27:053][  0]LogConfig: Setting CVar [[r.RHICmdBypass:0]]
[2021.11.19-03.21.27:053][  0]LogConfig: Applying CVar settings from Section [/Script/Engine.RendererSettings] File [C:/Users/fraci/Documents/Unreal Projects/Grafica 1/Saved/Config/Windows/Engine.ini]
[2021.11.19-03.21.27:053][  0]LogConfig: Setting CVar [[r.GPUCrashDebugging:0]]
[2021.11.19-03.21.27:053][  0]LogConfig: Setting CVar [[r.GenerateMeshDistanceFields:1]]
[2021.11.19-03.21.27:053][  0]LogConfig: Applying CVar settings from Section [/Script/Engine.RendererOverrideSettings] File [C:/Users/fraci/Documents/Unreal Projects/Grafica 1/Saved/Config/Windows/Engine.ini]
[2021.11.19-03.21.27:054][  0]LogConfig: Applying CVar settings from Section [/Script/Engine.StreamingSettings] File [C:/Users/fraci/Documents/Unreal Projects/Grafica 1/Saved/Config/Windows/Engine.ini]
[2021.11.19-03.21.27:054][  0]LogConfig: Setting CVar [[s.MinBulkDataSizeForAsyncLoading:131072]]
[2021.11.19-03.21.27:054][  0]LogConfig: Setting CVar [[s.AsyncLoadingThreadEnabled:0]]
[2021.11.19-03.21.27:054][  0]LogConfig: Setting CVar [[s.EventDrivenLoaderEnabled:1]]
[2021.11.19-03.21.27:054][  0]LogConfig: Setting CVar [[s.WarnIfTimeLimitExceeded:0]]
[2021.11.19-03.21.27:054][  0]LogConfig: Setting CVar [[s.TimeLimitExceededMultiplier:1.5]]
[2021.11.19-03.21.27:054][  0]LogConfig: Setting CVar [[s.TimeLimitExceededMinTime:0.005]]
[2021.11.19-03.21.27:054][  0]LogConfig: Setting CVar [[s.UseBackgroundLevelStreaming:1]]
[2021.11.19-03.21.27:054][  0]LogConfig: Setting CVar [[s.PriorityAsyncLoadingExtraTime:15.0]]
[2021.11.19-03.21.27:054][  0]LogConfig: Setting CVar [[s.LevelStreamingActorsUpdateTimeLimit:5.0]]
[2021.11.19-03.21.27:054][  0]LogConfig: Setting CVar [[s.PriorityLevelStreamingActorsUpdateExtraTime:5.0]]
[2021.11.19-03.21.27:054][  0]LogConfig: Setting CVar [[s.LevelStreamingComponentsRegistrationGranularity:10]]
[2021.11.19-03.21.27:054][  0]LogConfig: Setting CVar [[s.UnregisterComponentsTimeLimit:1.0]]
[2021.11.19-03.21.27:054][  0]LogConfig: Setting CVar [[s.LevelStreamingComponentsUnregistrationGranularity:5]]
[2021.11.19-03.21.27:054][  0]LogConfig: Setting CVar [[s.FlushStreamingOnExit:1]]
[2021.11.19-03.21.27:054][  0]LogConfig: Applying CVar settings from Section [/Script/Engine.GarbageCollectionSettings] File [C:/Users/fraci/Documents/Unreal Projects/Grafica 1/Saved/Config/Windows/Engine.ini]
[2021.11.19-03.21.27:054][  0]LogConfig: Setting CVar [[gc.MaxObjectsNotConsideredByGC:1]]
[2021.11.19-03.21.27:054][  0]LogConfig: Setting CVar [[gc.SizeOfPermanentObjectPool:0]]
[2021.11.19-03.21.27:054][  0]LogConfig: Setting CVar [[gc.FlushStreamingOnGC:0]]
[2021.11.19-03.21.27:054][  0]LogConfig: Setting CVar [[gc.NumRetriesBeforeForcingGC:10]]
[2021.11.19-03.21.27:054][  0]LogConfig: Setting CVar [[gc.AllowParallelGC:1]]
[2021.11.19-03.21.27:054][  0]LogConfig: Setting CVar [[gc.TimeBetweenPurgingPendingKillObjects:61.1]]
[2021.11.19-03.21.27:054][  0]LogConfig: Setting CVar [[gc.MaxObjectsInEditor:25165824]]
[2021.11.19-03.21.27:054][  0]LogConfig: Setting CVar [[gc.IncrementalBeginDestroyEnabled:1]]
[2021.11.19-03.21.27:054][  0]LogConfig: Setting CVar [[gc.CreateGCClusters:1]]
[2021.11.19-03.21.27:054][  0]LogConfig: Setting CVar [[gc.MinGCClusterSize:5]]
[2021.11.19-03.21.27:054][  0]LogConfig: Setting CVar [[gc.ActorClusteringEnabled:0]]
[2021.11.19-03.21.27:054][  0]LogConfig: Setting CVar [[gc.BlueprintClusteringEnabled:0]]
[2021.11.19-03.21.27:054][  0]LogConfig: Setting CVar [[gc.UseDisregardForGCOnDedicatedServers:0]]
[2021.11.19-03.21.27:054][  0]LogConfig: Setting CVar [[gc.MultithreadedDestructionEnabled:1]]
[2021.11.19-03.21.27:054][  0]LogConfig: Applying CVar settings from Section [/Script/Engine.NetworkSettings] File [C:/Users/fraci/Documents/Unreal Projects/Grafica 1/Saved/Config/Windows/Engine.ini]
[2021.11.19-03.21.27:054][  0]LogConfig: Applying CVar settings from Section [/Script/UnrealEd.CookerSettings] File [C:/Users/fraci/Documents/Unreal Projects/Grafica 1/Saved/Config/Windows/Engine.ini]
[2021.11.19-03.21.27:071][  0]LogConfig: Applying CVar settings from Section [ViewDistanceQuality@3] File [C:/Users/fraci/Documents/Unreal Projects/Grafica 1/Saved/Config/Windows/Scalability.ini]
[2021.11.19-03.21.27:071][  0]LogConfig: Setting CVar [[r.SkeletalMeshLODBias:0]]
[2021.11.19-03.21.27:071][  0]LogConfig: Setting CVar [[r.ViewDistanceScale:1.0]]
[2021.11.19-03.21.27:071][  0]LogConfig: Applying CVar settings from Section [AntiAliasingQuality@3] File [C:/Users/fraci/Documents/Unreal Projects/Grafica 1/Saved/Config/Windows/Scalability.ini]
[2021.11.19-03.21.27:071][  0]LogConfig: Setting CVar [[r.PostProcessAAQuality:4]]
[2021.11.19-03.21.27:071][  0]LogConfig: Applying CVar settings from Section [ShadowQuality@3] File [C:/Users/fraci/Documents/Unreal Projects/Grafica 1/Saved/Config/Windows/Scalability.ini]
[2021.11.19-03.21.27:071][  0]LogConfig: Setting CVar [[r.LightFunctionQuality:1]]
[2021.11.19-03.21.27:071][  0]LogConfig: Setting CVar [[r.ShadowQuality:5]]
[2021.11.19-03.21.27:071][  0]LogConfig: Setting CVar [[r.Shadow.CSM.MaxCascades:10]]
[2021.11.19-03.21.27:071][  0]LogConfig: Setting CVar [[r.Shadow.MaxResolution:2048]]
[2021.11.19-03.21.27:071][  0]LogConfig: Setting CVar [[r.Shadow.MaxCSMResolution:2048]]
[2021.11.19-03.21.27:071][  0]LogConfig: Setting CVar [[r.Shadow.RadiusThreshold:0.01]]
[2021.11.19-03.21.27:071][  0]LogConfig: Setting CVar [[r.Shadow.DistanceScale:1.0]]
[2021.11.19-03.21.27:071][  0]LogConfig: Setting CVar [[r.Shadow.CSM.TransitionScale:1.0]]
[2021.11.19-03.21.27:071][  0]LogConfig: Setting CVar [[r.Shadow.PreShadowResolutionFactor:1.0]]
[2021.11.19-03.21.27:071][  0]LogConfig: Setting CVar [[r.DistanceFieldShadowing:1]]
[2021.11.19-03.21.27:071][  0]LogConfig: Setting CVar [[r.DistanceFieldAO:1]]
[2021.11.19-03.21.27:071][  0]LogConfig: Setting CVar [[r.AOQuality:2]]
[2021.11.19-03.21.27:071][  0]LogConfig: Setting CVar [[r.VolumetricFog:1]]
[2021.11.19-03.21.27:071][  0]LogConfig: Setting CVar [[r.VolumetricFog.GridPixelSize:8]]
[2021.11.19-03.21.27:071][  0]LogConfig: Setting CVar [[r.VolumetricFog.GridSizeZ:128]]
[2021.11.19-03.21.27:071][  0]LogConfig: Setting CVar [[r.VolumetricFog.HistoryMissSupersampleCount:4]]
[2021.11.19-03.21.27:071][  0]LogConfig: Setting CVar [[r.LightMaxDrawDistanceScale:1]]
[2021.11.19-03.21.27:071][  0]LogConfig: Setting CVar [[r.CapsuleShadows:1]]
[2021.11.19-03.21.27:071][  0]LogConfig: Applying CVar settings from Section [PostProcessQuality@3] File [C:/Users/fraci/Documents/Unreal Projects/Grafica 1/Saved/Config/Windows/Scalability.ini]
[2021.11.19-03.21.27:071][  0]LogConfig: Setting CVar [[r.MotionBlurQuality:4]]
[2021.11.19-03.21.27:071][  0]LogConfig: Setting CVar [[r.AmbientOcclusionMipLevelFactor:0.4]]
[2021.11.19-03.21.27:071][  0]LogConfig: Setting CVar [[r.AmbientOcclusionMaxQuality:100]]
[2021.11.19-03.21.27:071][  0]LogConfig: Setting CVar [[r.AmbientOcclusionLevels:-1]]
[2021.11.19-03.21.27:071][  0]LogConfig: Setting CVar [[r.AmbientOcclusionRadiusScale:1.0]]
[2021.11.19-03.21.27:071][  0]LogConfig: Setting CVar [[r.DepthOfFieldQuality:2]]
[2021.11.19-03.21.27:071][  0]LogConfig: Setting CVar [[r.RenderTargetPoolMin:400]]
[2021.11.19-03.21.27:071][  0]LogConfig: Setting CVar [[r.LensFlareQuality:2]]
[2021.11.19-03.21.27:071][  0]LogConfig: Setting CVar [[r.SceneColorFringeQuality:1]]
[2021.11.19-03.21.27:071][  0]LogConfig: Setting CVar [[r.EyeAdaptationQuality:2]]
[2021.11.19-03.21.27:071][  0]LogConfig: Setting CVar [[r.BloomQuality:5]]
[2021.11.19-03.21.27:071][  0]LogConfig: Setting CVar [[r.FastBlurThreshold:100]]
[2021.11.19-03.21.27:071][  0]LogConfig: Setting CVar [[r.Upscale.Quality:3]]
[2021.11.19-03.21.27:071][  0]LogConfig: Setting CVar [[r.Tonemapper.GrainQuantization:1]]
[2021.11.19-03.21.27:071][  0]LogConfig: Setting CVar [[r.LightShaftQuality:1]]
[2021.11.19-03.21.27:071][  0]LogConfig: Setting CVar [[r.Filter.SizeScale:1]]
[2021.11.19-03.21.27:071][  0]LogConfig: Setting CVar [[r.Tonemapper.Quality:5]]
[2021.11.19-03.21.27:071][  0]LogConfig: Setting CVar [[r.DOF.Gather.AccumulatorQuality:1        ; higher gathering accumulator quality]]
[2021.11.19-03.21.27:071][  0]LogConfig: Setting CVar [[r.DOF.Gather.PostfilterMethod:1          ; Median3x3 postfilering method]]
[2021.11.19-03.21.27:071][  0]LogConfig: Setting CVar [[r.DOF.Gather.EnableBokehSettings:0       ; no bokeh simulation when gathering]]
[2021.11.19-03.21.27:071][  0]LogConfig: Setting CVar [[r.DOF.Gather.RingCount:4                 ; medium number of samples when gathering]]
[2021.11.19-03.21.27:071][  0]LogConfig: Setting CVar [[r.DOF.Scatter.ForegroundCompositing:1    ; additive foreground scattering]]
[2021.11.19-03.21.27:071][  0]LogConfig: Setting CVar [[r.DOF.Scatter.BackgroundCompositing:2    ; additive background scattering]]
[2021.11.19-03.21.27:071][  0]LogConfig: Setting CVar [[r.DOF.Scatter.EnableBokehSettings:1      ; bokeh simulation when scattering]]
[2021.11.19-03.21.27:071][  0]LogConfig: Setting CVar [[r.DOF.Scatter.MaxSpriteRatio:0.1         ; only a maximum of 10% of scattered bokeh]]
[2021.11.19-03.21.27:071][  0]LogConfig: Setting CVar [[r.DOF.Recombine.Quality:1                ; cheap slight out of focus]]
[2021.11.19-03.21.27:071][  0]LogConfig: Setting CVar [[r.DOF.Recombine.EnableBokehSettings:0    ; no bokeh simulation on slight out of focus]]
[2021.11.19-03.21.27:071][  0]LogConfig: Setting CVar [[r.DOF.TemporalAAQuality:1                ; more stable temporal accumulation]]
[2021.11.19-03.21.27:071][  0]LogConfig: Setting CVar [[r.DOF.Kernel.MaxForegroundRadius:0.025]]
[2021.11.19-03.21.27:072][  0]LogConfig: Setting CVar [[r.DOF.Kernel.MaxBackgroundRadius:0.025]]
[2021.11.19-03.21.27:072][  0]LogConfig: Applying CVar settings from Section [TextureQuality@3] File [C:/Users/fraci/Documents/Unreal Projects/Grafica 1/Saved/Config/Windows/Scalability.ini]
[2021.11.19-03.21.27:072][  0]LogConfig: Setting CVar [[r.Streaming.MipBias:0]]
[2021.11.19-03.21.27:072][  0]LogConfig: Setting CVar [[r.Streaming.AmortizeCPUToGPUCopy:0]]
[2021.11.19-03.21.27:072][  0]LogConfig: Setting CVar [[r.Streaming.MaxNumTexturesToStreamPerFrame:0]]
[2021.11.19-03.21.27:072][  0]LogConfig: Setting CVar [[r.Streaming.Boost:1]]
[2021.11.19-03.21.27:072][  0]LogConfig: Setting CVar [[r.MaxAnisotropy:8]]
[2021.11.19-03.21.27:072][  0]LogConfig: Setting CVar [[r.VT.MaxAnisotropy:8]]
[2021.11.19-03.21.27:072][  0]LogConfig: Setting CVar [[r.Streaming.LimitPoolSizeToVRAM:0]]
[2021.11.19-03.21.27:072][  0]LogConfig: Setting CVar [[r.Streaming.PoolSize:1000]]
[2021.11.19-03.21.27:072][  0]LogConfig: Setting CVar [[r.Streaming.MaxEffectiveScreenSize:0]]
[2021.11.19-03.21.27:072][  0]LogConfig: Applying CVar settings from Section [EffectsQuality@3] File [C:/Users/fraci/Documents/Unreal Projects/Grafica 1/Saved/Config/Windows/Scalability.ini]
[2021.11.19-03.21.27:072][  0]LogConfig: Setting CVar [[r.TranslucencyLightingVolumeDim:64]]
[2021.11.19-03.21.27:072][  0]LogConfig: Setting CVar [[r.RefractionQuality:2]]
[2021.11.19-03.21.27:072][  0]LogConfig: Setting CVar [[r.SSR.Quality:3]]
[2021.11.19-03.21.27:072][  0]LogConfig: Setting CVar [[r.SSR.HalfResSceneColor:0]]
[2021.11.19-03.21.27:072][  0]LogConfig: Setting CVar [[r.SceneColorFormat:4]]
[2021.11.19-03.21.27:072][  0]LogConfig: Setting CVar [[r.DetailMode:2]]
[2021.11.19-03.21.27:072][  0]LogConfig: Setting CVar [[r.TranslucencyVolumeBlur:1]]
[2021.11.19-03.21.27:072][  0]LogConfig: Setting CVar [[r.MaterialQualityLevel:1 ; High quality]]
[2021.11.19-03.21.27:072][  0]LogConfig: Setting CVar [[r.AnisotropicMaterials:1]]
[2021.11.19-03.21.27:072][  0]LogConfig: Setting CVar [[r.SSS.Scale:1]]
[2021.11.19-03.21.27:072][  0]LogConfig: Setting CVar [[r.SSS.SampleSet:2]]
[2021.11.19-03.21.27:072][  0]LogConfig: Setting CVar [[r.SSS.Quality:1]]
[2021.11.19-03.21.27:072][  0]LogConfig: Setting CVar [[r.SSS.HalfRes:0]]
[2021.11.19-03.21.27:072][  0]LogConfig: Setting CVar [[r.SSGI.Quality:3]]
[2021.11.19-03.21.27:072][  0]LogConfig: Setting CVar [[r.EmitterSpawnRateScale:1.0]]
[2021.11.19-03.21.27:072][  0]LogConfig: Setting CVar [[r.ParticleLightQuality:2]]
[2021.11.19-03.21.27:072][  0]LogConfig: Setting CVar [[r.SkyAtmosphere.AerialPerspectiveLUT.FastApplyOnOpaque:1 ; Always have FastSkyLUT 1 in this case to avoid wrong sky]]
[2021.11.19-03.21.27:072][  0]LogConfig: Setting CVar [[r.SkyAtmosphere.AerialPerspectiveLUT.SampleCountMaxPerSlice:4]]
[2021.11.19-03.21.27:072][  0]LogConfig: Setting CVar [[r.SkyAtmosphere.AerialPerspectiveLUT.DepthResolution:16.0]]
[2021.11.19-03.21.27:072][  0]LogConfig: Setting CVar [[r.SkyAtmosphere.FastSkyLUT:1]]
[2021.11.19-03.21.27:072][  0]LogConfig: Setting CVar [[r.SkyAtmosphere.FastSkyLUT.SampleCountMin:4.0]]
[2021.11.19-03.21.27:072][  0]LogConfig: Setting CVar [[r.SkyAtmosphere.FastSkyLUT.SampleCountMax:128.0]]
[2021.11.19-03.21.27:072][  0]LogConfig: Setting CVar [[r.SkyAtmosphere.SampleCountMin:4.0]]
[2021.11.19-03.21.27:072][  0]LogConfig: Setting CVar [[r.SkyAtmosphere.SampleCountMax:128.0]]
[2021.11.19-03.21.27:072][  0]LogConfig: Setting CVar [[r.SkyAtmosphere.TransmittanceLUT.UseSmallFormat:0]]
[2021.11.19-03.21.27:072][  0]LogConfig: Setting CVar [[r.SkyAtmosphere.TransmittanceLUT.SampleCount:10.0]]
[2021.11.19-03.21.27:072][  0]LogConfig: Setting CVar [[r.SkyAtmosphere.MultiScatteringLUT.SampleCount:15.0]]
[2021.11.19-03.21.27:072][  0]LogConfig: Setting CVar [[r.SkyLight.RealTimeReflectionCapture:1]]
[2021.11.19-03.21.27:072][  0]LogConfig: Applying CVar settings from Section [FoliageQuality@3] File [C:/Users/fraci/Documents/Unreal Projects/Grafica 1/Saved/Config/Windows/Scalability.ini]
[2021.11.19-03.21.27:072][  0]LogConfig: Setting CVar [[foliage.DensityScale:1.0]]
[2021.11.19-03.21.27:072][  0]LogConfig: Setting CVar [[grass.DensityScale:1.0]]
[2021.11.19-03.21.27:072][  0]LogConfig: Applying CVar settings from Section [ShadingQuality@3] File [C:/Users/fraci/Documents/Unreal Projects/Grafica 1/Saved/Config/Windows/Scalability.ini]
[2021.11.19-03.21.27:072][  0]LogConfig: Setting CVar [[r.HairStrands.SkyLighting.IntegrationType:2]]
[2021.11.19-03.21.27:072][  0]LogConfig: Setting CVar [[r.HairStrands.SkyAO.SampleCount:4]]
[2021.11.19-03.21.27:072][  0]LogConfig: Setting CVar [[r.HairStrands.Visibility.MSAA.SamplePerPixel:4]]
[2021.11.19-03.21.27:074][  0]LogInit: Selected Device Profile: [Windows]
[2021.11.19-03.21.27:074][  0]LogInit: Applying CVar settings loaded from the selected device profile: [Windows]
[2021.11.19-03.21.27:074][  0]LogHAL: Display: Platform has ~ 16 GB [17078771712 / 17179869184 / 16], which maps to Larger [LargestMinGB=32, LargerMinGB=12, DefaultMinGB=8, SmallerMinGB=6, SmallestMinGB=0)
[2021.11.19-03.21.27:074][  0]LogInit: Going up to parent DeviceProfile []
[2021.11.19-03.21.27:092][  0]LogConfig: Applying CVar settings from Section [ViewDistanceQuality@0] File [C:/Users/fraci/Documents/Unreal Projects/Grafica 1/Saved/Config/Windows/Scalability.ini]
[2021.11.19-03.21.27:092][  0]LogConfig: Setting CVar [[r.SkeletalMeshLODBias:2]]
[2021.11.19-03.21.27:092][  0]LogConfig: Setting CVar [[r.ViewDistanceScale:0.4]]
[2021.11.19-03.21.27:092][  0]LogConfig: Applying CVar settings from Section [AntiAliasingQuality@0] File [C:/Users/fraci/Documents/Unreal Projects/Grafica 1/Saved/Config/Windows/Scalability.ini]
[2021.11.19-03.21.27:092][  0]LogConfig: Setting CVar [[r.PostProcessAAQuality:0]]
[2021.11.19-03.21.27:092][  0]LogConfig: Applying CVar settings from Section [ShadowQuality@0] File [C:/Users/fraci/Documents/Unreal Projects/Grafica 1/Saved/Config/Windows/Scalability.ini]
[2021.11.19-03.21.27:092][  0]LogConfig: Setting CVar [[r.LightFunctionQuality:0]]
[2021.11.19-03.21.27:092][  0]LogConfig: Setting CVar [[r.ShadowQuality:0]]
[2021.11.19-03.21.27:092][  0]LogConfig: Setting CVar [[r.Shadow.CSM.MaxCascades:1]]
[2021.11.19-03.21.27:092][  0]LogConfig: Setting CVar [[r.Shadow.MaxResolution:512]]
[2021.11.19-03.21.27:092][  0]LogConfig: Setting CVar [[r.Shadow.MaxCSMResolution:512]]
[2021.11.19-03.21.27:092][  0]LogConfig: Setting CVar [[r.Shadow.RadiusThreshold:0.06]]
[2021.11.19-03.21.27:092][  0]LogConfig: Setting CVar [[r.Shadow.DistanceScale:0.6]]
[2021.11.19-03.21.27:092][  0]LogConfig: Setting CVar [[r.Shadow.CSM.TransitionScale:0]]
[2021.11.19-03.21.27:092][  0]LogConfig: Setting CVar [[r.Shadow.PreShadowResolutionFactor:0.5]]
[2021.11.19-03.21.27:092][  0]LogConfig: Setting CVar [[r.DistanceFieldShadowing:0]]
[2021.11.19-03.21.27:093][  0]LogConfig: Setting CVar [[r.DistanceFieldAO:0]]
[2021.11.19-03.21.27:093][  0]LogConfig: Setting CVar [[r.VolumetricFog:0]]
[2021.11.19-03.21.27:093][  0]LogConfig: Setting CVar [[r.LightMaxDrawDistanceScale:0]]
[2021.11.19-03.21.27:093][  0]LogConfig: Setting CVar [[r.CapsuleShadows:0]]
[2021.11.19-03.21.27:093][  0]LogConfig: Applying CVar settings from Section [PostProcessQuality@0] File [C:/Users/fraci/Documents/Unreal Projects/Grafica 1/Saved/Config/Windows/Scalability.ini]
[2021.11.19-03.21.27:093][  0]LogConfig: Setting CVar [[r.MotionBlurQuality:0]]
[2021.11.19-03.21.27:093][  0]LogConfig: Setting CVar [[r.AmbientOcclusionMipLevelFactor:1.0]]
[2021.11.19-03.21.27:093][  0]LogConfig: Setting CVar [[r.AmbientOcclusionMaxQuality:0]]
[2021.11.19-03.21.27:093][  0]LogConfig: Setting CVar [[r.AmbientOcclusionLevels:0]]
[2021.11.19-03.21.27:093][  0]LogConfig: Setting CVar [[r.AmbientOcclusionRadiusScale:1.2]]
[2021.11.19-03.21.27:093][  0]LogConfig: Setting CVar [[r.DepthOfFieldQuality:0]]
[2021.11.19-03.21.27:093][  0]LogConfig: Setting CVar [[r.RenderTargetPoolMin:300]]
[2021.11.19-03.21.27:093][  0]LogConfig: Setting CVar [[r.LensFlareQuality:0]]
[2021.11.19-03.21.27:093][  0]LogConfig: Setting CVar [[r.SceneColorFringeQuality:0]]
[2021.11.19-03.21.27:093][  0]LogConfig: Setting CVar [[r.EyeAdaptationQuality:2]]
[2021.11.19-03.21.27:093][  0]LogConfig: Setting CVar [[r.BloomQuality:4]]
[2021.11.19-03.21.27:093][  0]LogConfig: Setting CVar [[r.FastBlurThreshold:0]]
[2021.11.19-03.21.27:093][  0]LogConfig: Setting CVar [[r.Upscale.Quality:1]]
[2021.11.19-03.21.27:093][  0]LogConfig: Setting CVar [[r.Tonemapper.GrainQuantization:0]]
[2021.11.19-03.21.27:093][  0]LogConfig: Setting CVar [[r.LightShaftQuality:0]]
[2021.11.19-03.21.27:093][  0]LogConfig: Setting CVar [[r.Filter.SizeScale:0.6]]
[2021.11.19-03.21.27:093][  0]LogConfig: Setting CVar [[r.Tonemapper.Quality:0]]
[2021.11.19-03.21.27:093][  0]LogConfig: Applying CVar settings from Section [TextureQuality@0] File [C:/Users/fraci/Documents/Unreal Projects/Grafica 1/Saved/Config/Windows/Scalability.ini]
[2021.11.19-03.21.27:093][  0]LogConfig: Setting CVar [[r.Streaming.MipBias:16]]
[2021.11.19-03.21.27:093][  0]LogConfig: Setting CVar [[r.Streaming.AmortizeCPUToGPUCopy:1]]
[2021.11.19-03.21.27:093][  0]LogConfig: Setting CVar [[r.Streaming.MaxNumTexturesToStreamPerFrame:1]]
[2021.11.19-03.21.27:093][  0]LogConfig: Setting CVar [[r.Streaming.Boost:0.3]]
[2021.11.19-03.21.27:093][  0]LogConfig: Setting CVar [[r.MaxAnisotropy:0]]
[2021.11.19-03.21.27:093][  0]LogConfig: Setting CVar [[r.VT.MaxAnisotropy:4]]
[2021.11.19-03.21.27:093][  0]LogConfig: Setting CVar [[r.Streaming.LimitPoolSizeToVRAM:1]]
[2021.11.19-03.21.27:093][  0]LogConfig: Setting CVar [[r.Streaming.PoolSize:400]]
[2021.11.19-03.21.27:093][  0]LogConfig: Setting CVar [[r.Streaming.MaxEffectiveScreenSize:0]]
[2021.11.19-03.21.27:093][  0]LogConfig: Applying CVar settings from Section [EffectsQuality@0] File [C:/Users/fraci/Documents/Unreal Projects/Grafica 1/Saved/Config/Windows/Scalability.ini]
[2021.11.19-03.21.27:093][  0]LogConfig: Setting CVar [[r.TranslucencyLightingVolumeDim:24]]
[2021.11.19-03.21.27:093][  0]LogConfig: Setting CVar [[r.RefractionQuality:0]]
[2021.11.19-03.21.27:093][  0]LogConfig: Setting CVar [[r.SSR.Quality:0]]
[2021.11.19-03.21.27:093][  0]LogConfig: Setting CVar [[r.SSR.HalfResSceneColor:1]]
[2021.11.19-03.21.27:093][  0]LogConfig: Setting CVar [[r.SceneColorFormat:3]]
[2021.11.19-03.21.27:093][  0]LogConfig: Setting CVar [[r.DetailMode:0]]
[2021.11.19-03.21.27:093][  0]LogConfig: Setting CVar [[r.TranslucencyVolumeBlur:0]]
[2021.11.19-03.21.27:093][  0]LogConfig: Setting CVar [[r.MaterialQualityLevel:0 ; Low quality]]
[2021.11.19-03.21.27:093][  0]LogConfig: Setting CVar [[r.AnisotropicMaterials:0]]
[2021.11.19-03.21.27:093][  0]LogConfig: Setting CVar [[r.SSS.Scale:0]]
[2021.11.19-03.21.27:093][  0]LogConfig: Setting CVar [[r.SSS.SampleSet:0]]
[2021.11.19-03.21.27:093][  0]LogConfig: Setting CVar [[r.SSS.Quality:0]]
[2021.11.19-03.21.27:093][  0]LogConfig: Setting CVar [[r.SSS.HalfRes:1]]
[2021.11.19-03.21.27:093][  0]LogConfig: Setting CVar [[r.SSGI.Quality:0]]
[2021.11.19-03.21.27:093][  0]LogConfig: Setting CVar [[r.EmitterSpawnRateScale:0.125]]
[2021.11.19-03.21.27:093][  0]LogConfig: Setting CVar [[r.ParticleLightQuality:0]]
[2021.11.19-03.21.27:093][  0]LogConfig: Setting CVar [[r.SkyAtmosphere.AerialPerspectiveLUT.FastApplyOnOpaque:1 ; Always have FastSkyLUT 1 in this case to avoid wrong sky]]
[2021.11.19-03.21.27:093][  0]LogConfig: Setting CVar [[r.SkyAtmosphere.AerialPerspectiveLUT.SampleCountMaxPerSlice:1]]
[2021.11.19-03.21.27:093][  0]LogConfig: Setting CVar [[r.SkyAtmosphere.AerialPerspectiveLUT.DepthResolution:8.0]]
[2021.11.19-03.21.27:093][  0]LogConfig: Setting CVar [[r.SkyAtmosphere.FastSkyLUT:1]]
[2021.11.19-03.21.27:093][  0]LogConfig: Setting CVar [[r.SkyAtmosphere.FastSkyLUT.SampleCountMin:2.0]]
[2021.11.19-03.21.27:093][  0]LogConfig: Setting CVar [[r.SkyAtmosphere.FastSkyLUT.SampleCountMax:16.0]]
[2021.11.19-03.21.27:093][  0]LogConfig: Setting CVar [[r.SkyAtmosphere.SampleCountMin:2.0]]
[2021.11.19-03.21.27:093][  0]LogConfig: Setting CVar [[r.SkyAtmosphere.SampleCountMax:16.0]]
[2021.11.19-03.21.27:093][  0]LogConfig: Setting CVar [[r.SkyAtmosphere.TransmittanceLUT.UseSmallFormat:1]]
[2021.11.19-03.21.27:093][  0]LogConfig: Setting CVar [[r.SkyAtmosphere.TransmittanceLUT.SampleCount:10.0]]
[2021.11.19-03.21.27:093][  0]LogConfig: Setting CVar [[r.SkyAtmosphere.MultiScatteringLUT.SampleCount:15.0]]
[2021.11.19-03.21.27:093][  0]LogConfig: Setting CVar [[r.SkyLight.RealTimeReflectionCapture:0]]
[2021.11.19-03.21.27:093][  0]LogConfig: Applying CVar settings from Section [FoliageQuality@0] File [C:/Users/fraci/Documents/Unreal Projects/Grafica 1/Saved/Config/Windows/Scalability.ini]
[2021.11.19-03.21.27:093][  0]LogConfig: Setting CVar [[foliage.DensityScale:0]]
[2021.11.19-03.21.27:093][  0]LogConfig: Setting CVar [[grass.DensityScale:0]]
[2021.11.19-03.21.27:093][  0]LogConfig: Applying CVar settings from Section [ShadingQuality@0] File [C:/Users/fraci/Documents/Unreal Projects/Grafica 1/Saved/Config/Windows/Scalability.ini]
[2021.11.19-03.21.27:093][  0]LogConfig: Setting CVar [[r.HairStrands.SkyLighting.IntegrationType:2]]
[2021.11.19-03.21.27:093][  0]LogConfig: Setting CVar [[r.HairStrands.SkyAO.SampleCount:4]]
[2021.11.19-03.21.27:093][  0]LogConfig: Setting CVar [[r.HairStrands.Visibility.MSAA.SamplePerPixel:1]]
[2021.11.19-03.21.27:093][  0]LogConfig: Applying CVar settings from Section [Startup] File [../../../Engine/Config/ConsoleVariables.ini]
[2021.11.19-03.21.27:105][  0]LogConfig: Setting CVar [[net.UseAdaptiveNetUpdateFrequency:0]]
[2021.11.19-03.21.27:105][  0]LogConfig: Setting CVar [[p.chaos.AllowCreatePhysxBodies:1]]
[2021.11.19-03.21.27:105][  0]LogConfig: Setting CVar [[fx.SkipVectorVMBackendOptimizations:1]]
[2021.11.19-03.21.27:105][  0]LogConfig: Applying CVar settings from Section [ConsoleVariables] File [C:/Users/fraci/Documents/Unreal Projects/Grafica 1/Saved/Config/Windows/Engine.ini]
[2021.11.19-03.21.27:105][  0]LogConfig: Applying CVar settings from Section [ConsoleVariables] File [C:/Users/fraci/Documents/Unreal Projects/Grafica 1/Saved/Config/Windows/Editor.ini]
[2021.11.19-03.21.27:111][  0]LogInit: Computer: DESKTOP-LC84CI9
[2021.11.19-03.21.27:111][  0]LogInit: User: fraci
[2021.11.19-03.21.27:111][  0]LogInit: CPU Page size=4096, Cores=6
[2021.11.19-03.21.27:111][  0]LogInit: High frequency timer resolution =10.000000 MHz
[2021.11.19-03.21.27:111][  0]LogMemory: Memory total: Physical=15.9GB (16GB approx)
[2021.11.19-03.21.27:111][  0]LogMemory: Platform Memory Stats for Windows
[2021.11.19-03.21.27:111][  0]LogMemory: Process Physical Memory: 147.27 MB used, 147.27 MB peak
[2021.11.19-03.21.27:111][  0]LogMemory: Process Virtual Memory: 131.88 MB used, 131.88 MB peak
[2021.11.19-03.21.27:111][  0]LogMemory: Physical Memory: 6655.16 MB used,  9632.43 MB free, 16287.59 MB total
[2021.11.19-03.21.27:111][  0]LogMemory: Virtual Memory: 134210240.00 MB used,  7489.00 MB free, 134217728.00 MB total
[2021.11.19-03.21.27:530][  0]LogWindows: WindowsPlatformFeatures enabled
[2021.11.19-03.21.27:877][  0]LogInit: Physics initialised using underlying interface: PhysX
[2021.11.19-03.21.27:880][  0]LogInit: Using OS detected language (es-MX).
[2021.11.19-03.21.27:880][  0]LogInit: Using OS detected locale (es-CL).
[2021.11.19-03.21.28:133][  0]LogTextLocalizationResource: LocRes '../../../Engine/Content/Localization/Editor/es-MX/Editor.locres' could not be opened for reading!
[2021.11.19-03.21.28:133][  0]LogTextLocalizationResource: LocRes '../../../Engine/Content/Localization/EditorTutorials/es-MX/EditorTutorials.locres' could not be opened for reading!
[2021.11.19-03.21.28:133][  0]LogTextLocalizationResource: LocRes '../../../Engine/Content/Localization/Keywords/es-MX/Keywords.locres' could not be opened for reading!
[2021.11.19-03.21.28:133][  0]LogTextLocalizationResource: LocRes '../../../Engine/Content/Localization/Category/es-MX/Category.locres' could not be opened for reading!
[2021.11.19-03.21.28:148][  0]LogTextLocalizationResource: LocRes '../../../Engine/Content/Localization/ToolTips/es-MX/ToolTips.locres' could not be opened for reading!
[2021.11.19-03.21.28:163][  0]LogTextLocalizationResource: LocRes '../../../Engine/Content/Localization/PropertyNames/es-MX/PropertyNames.locres' could not be opened for reading!
[2021.11.19-03.21.28:163][  0]LogTextLocalizationResource: LocRes '../../../Engine/Content/Localization/Engine/es-MX/Engine.locres' could not be opened for reading!
[2021.11.19-03.21.28:163][  0]LogTextLocalizationResource: LocRes '../../../Engine/Plugins/Online/OnlineSubsystemUtils/Content/Localization/OnlineSubsystemUtils/es-MX/OnlineSubsystemUtils.locres' could not be opened for reading!
[2021.11.19-03.21.28:164][  0]LogTextLocalizationResource: LocRes '../../../Engine/Plugins/Online/Android/OnlineSubsystemGooglePlay/Content/Localization/OnlineSubsystemGooglePlay/es-MX/OnlineSubsystemGooglePlay.locres' could not be opened for reading!
[2021.11.19-03.21.28:164][  0]LogTextLocalizationResource: LocRes '../../../Engine/Plugins/Online/IOS/OnlineSubsystemIOS/Content/Localization/OnlineSubsystemIOS/es-MX/OnlineSubsystemIOS.locres' could not be opened for reading!
[2021.11.19-03.21.28:389][  0]LogInit: Setting process to per monitor DPI aware
[2021.11.19-03.21.28:461][  0]LogWindowsTextInputMethodSystem: Display: IME system deactivated.
[2021.11.19-03.21.28:534][  0]LogSlate: New Slate User Created.  User Index 0, Is Virtual User: 0
[2021.11.19-03.21.28:534][  0]LogSlate: Slate User Registered.  User Index 0, Is Virtual User: 0
[2021.11.19-03.21.30:160][  0]LogD3D11RHI: Loaded GFSDK_Aftermath_Lib.x64.dll
[2021.11.19-03.21.30:164][  0]LogHMD: Failed to initialize OpenVR with code 110
[2021.11.19-03.21.30:164][  0]LogD3D11RHI: D3D11 min allowed feature level: 11_0
[2021.11.19-03.21.30:164][  0]LogD3D11RHI: D3D11 max allowed feature level: 11_0
[2021.11.19-03.21.30:164][  0]LogD3D11RHI: D3D11 adapters:
[2021.11.19-03.21.30:286][  0]LogD3D11RHI:    0. 'Radeon RX550/550 Series' (Feature Level 11_0)
[2021.11.19-03.21.30:286][  0]LogD3D11RHI:       2028/0/8143 MB DedicatedVideo/DedicatedSystem/SharedSystem, Outputs:1, VendorId:0x1002
[2021.11.19-03.21.30:326][  0]LogD3D11RHI:    1. 'Microsoft Basic Render Driver' (Feature Level 11_0)
[2021.11.19-03.21.30:326][  0]LogD3D11RHI:       0/0/8143 MB DedicatedVideo/DedicatedSystem/SharedSystem, Outputs:0, VendorId:0x1414
[2021.11.19-03.21.30:326][  0]LogD3D11RHI: Chosen D3D11 Adapter:
[2021.11.19-03.21.30:326][  0]LogD3D11RHI:     Description : Radeon RX550/550 Series
[2021.11.19-03.21.30:326][  0]LogD3D11RHI:     VendorId    : 1002
[2021.11.19-03.21.30:326][  0]LogD3D11RHI:     DeviceId    : 699f
[2021.11.19-03.21.30:326][  0]LogD3D11RHI:     SubSysId    : 8a901462
[2021.11.19-03.21.30:326][  0]LogD3D11RHI:     Revision    : 00c7
[2021.11.19-03.21.30:326][  0]LogD3D11RHI:     DedicatedVideoMemory : 2126999552 bytes
[2021.11.19-03.21.30:326][  0]LogD3D11RHI:     DedicatedSystemMemory : 0 bytes
[2021.11.19-03.21.30:326][  0]LogD3D11RHI:     SharedSystemMemory : 8539385856 bytes
[2021.11.19-03.21.30:326][  0]LogD3D11RHI:     AdapterLuid : 0 60574
[2021.11.19-03.21.30:337][  0]LogD3D11RHI: Creating new Direct3DDevice
[2021.11.19-03.21.30:337][  0]LogD3D11RHI:     GPU DeviceId: 0x699f (for the marketing name, search the web for "GPU Device Id")
[2021.11.19-03.21.30:337][  0]LogWindows: EnumDisplayDevices:
[2021.11.19-03.21.30:337][  0]LogWindows:    0. 'Radeon RX550/550 Series' (P:1 D:1)
[2021.11.19-03.21.30:338][  0]LogWindows:    1. 'Radeon RX550/550 Series' (P:0 D:0)
[2021.11.19-03.21.30:338][  0]LogWindows:    2. 'Radeon RX550/550 Series' (P:0 D:0)
[2021.11.19-03.21.30:339][  0]LogWindows:    3. 'Radeon RX550/550 Series' (P:0 D:0)
[2021.11.19-03.21.30:339][  0]LogWindows:    4. 'Radeon RX550/550 Series' (P:0 D:0)
[2021.11.19-03.21.30:339][  0]LogWindows:    5. 'Radeon RX550/550 Series' (P:0 D:0)
[2021.11.19-03.21.30:340][  0]LogWindows: DebugString: FoundDriverCount:6 
[2021.11.19-03.21.30:340][  0]LogD3D11RHI:     Adapter Name: Radeon RX550/550 Series
[2021.11.19-03.21.30:340][  0]LogD3D11RHI:   Driver Version: Adrenalin 2020 21.10.2 (internal:30.0.13025.5005, unified:30.0.13025.5005)
[2021.11.19-03.21.30:340][  0]LogD3D11RHI:      Driver Date: 10-5-2021
[2021.11.19-03.21.30:340][  0]LogRHI: Texture pool is 1206 MB (70% of 1724 MB)
[2021.11.19-03.21.30:434][  0]LogD3D11RHI: Creating D3DDevice with AMD AGS, using adapter:
[2021.11.19-03.21.30:434][  0]LogD3D11RHI:     Description : Radeon RX550/550 Series
[2021.11.19-03.21.30:434][  0]LogD3D11RHI:     VendorId    : 1002
[2021.11.19-03.21.30:434][  0]LogD3D11RHI:     DeviceId    : 699f
[2021.11.19-03.21.30:434][  0]LogD3D11RHI:     SubSysId    : 8a901462
[2021.11.19-03.21.30:434][  0]LogD3D11RHI:     Revision    : 00c7
[2021.11.19-03.21.30:434][  0]LogD3D11RHI:     DedicatedVideoMemory : 2126999552 bytes
[2021.11.19-03.21.30:434][  0]LogD3D11RHI:     DedicatedSystemMemory : 0 bytes
[2021.11.19-03.21.30:434][  0]LogD3D11RHI:     SharedSystemMemory : 8539385856 bytes
[2021.11.19-03.21.30:434][  0]LogD3D11RHI:     AdapterLuid : 0 60574
[2021.11.19-03.21.30:540][  0]LogD3D11RHI: Created device via AGS, feature level 11_0, supported extensions 1fffffbf.
[2021.11.19-03.21.30:540][  0]LogD3D11RHI: RHI has support for 64 bit atomics
[2021.11.19-03.21.30:540][  0]LogD3D11RHI: Async texture creation enabled
[2021.11.19-03.21.30:540][  0]LogD3D11RHI: Array index from any shader is supported
[2021.11.19-03.21.30:579][  0]LogD3D11RHI: GPU Timing Frequency: 25.000000 (Debug: 2 1)
[2021.11.19-03.21.30:971][  0]LogTargetPlatformManager: Display: Loaded TargetPlatform 'AllDesktop'
[2021.11.19-03.21.30:996][  0]LogTargetPlatformManager: Display: Loaded TargetPlatform 'Android'
[2021.11.19-03.21.30:996][  0]LogTargetPlatformManager: Display: Loaded TargetPlatform 'Android_ASTC'
[2021.11.19-03.21.30:996][  0]LogTargetPlatformManager: Display: Loaded TargetPlatform 'Android_DXT'
[2021.11.19-03.21.30:996][  0]LogTargetPlatformManager: Display: Loaded TargetPlatform 'Android_ETC2'
[2021.11.19-03.21.30:996][  0]LogTargetPlatformManager: Display: Loaded TargetPlatform 'AndroidClient'
[2021.11.19-03.21.30:996][  0]LogTargetPlatformManager: Display: Loaded TargetPlatform 'Android_ASTCClient'
[2021.11.19-03.21.30:996][  0]LogTargetPlatformManager: Display: Loaded TargetPlatform 'Android_DXTClient'
[2021.11.19-03.21.30:996][  0]LogTargetPlatformManager: Display: Loaded TargetPlatform 'Android_ETC2Client'
[2021.11.19-03.21.30:996][  0]LogTargetPlatformManager: Display: Loaded TargetPlatform 'Android_Multi'
[2021.11.19-03.21.30:996][  0]LogTargetPlatformManager: Display: Loaded TargetPlatform 'Android_MultiClient'
[2021.11.19-03.21.31:017][  0]LogTargetPlatformManager: Display: Loaded TargetPlatform 'IOSClient'
[2021.11.19-03.21.31:017][  0]LogTargetPlatformManager: Display: Loaded TargetPlatform 'IOS'
[2021.11.19-03.21.31:029][  0]LogTargetPlatformManager: Display: Loaded TargetPlatform 'Linux'
[2021.11.19-03.21.31:035][  0]LogTargetPlatformManager: Display: Loaded TargetPlatform 'LinuxNoEditor'
[2021.11.19-03.21.31:040][  0]LogTargetPlatformManager: Display: Loaded TargetPlatform 'LinuxClient'
[2021.11.19-03.21.31:044][  0]LogTargetPlatformManager: Display: Loaded TargetPlatform 'LinuxServer'
[2021.11.19-03.21.31:055][  0]LogTargetPlatformManager: Display: Loaded TargetPlatform 'LinuxAArch64NoEditor'
[2021.11.19-03.21.31:060][  0]LogTargetPlatformManager: Display: Loaded TargetPlatform 'LinuxAArch64Client'
[2021.11.19-03.21.31:065][  0]LogTargetPlatformManager: Display: Loaded TargetPlatform 'LinuxAArch64Server'
[2021.11.19-03.21.31:097][  0]LogTargetPlatformManager: Display: Loaded TargetPlatform 'Lumin'
[2021.11.19-03.21.31:097][  0]LogTargetPlatformManager: Display: Loaded TargetPlatform 'LuminClient'
[2021.11.19-03.21.31:108][  0]LogTargetPlatformManager: Display: Loaded TargetPlatform 'MacNoEditor'
[2021.11.19-03.21.31:114][  0]LogTargetPlatformManager: Display: Loaded TargetPlatform 'Mac'
[2021.11.19-03.21.31:118][  0]LogTargetPlatformManager: Display: Loaded TargetPlatform 'MacClient'
[2021.11.19-03.21.31:123][  0]LogTargetPlatformManager: Display: Loaded TargetPlatform 'MacServer'
[2021.11.19-03.21.31:144][  0]LogTargetPlatformManager: Display: Loaded TargetPlatform 'TVOSClient'
[2021.11.19-03.21.31:144][  0]LogTargetPlatformManager: Display: Loaded TargetPlatform 'TVOS'
[2021.11.19-03.21.31:155][  0]LogTargetPlatformManager: Display: Loaded TargetPlatform 'WindowsNoEditor'
[2021.11.19-03.21.31:161][  0]LogTargetPlatformManager: Display: Loaded TargetPlatform 'Windows'
[2021.11.19-03.21.31:165][  0]LogTargetPlatformManager: Display: Loaded TargetPlatform 'WindowsClient'
[2021.11.19-03.21.31:176][  0]LogTargetPlatformManager: Display: Loaded TargetPlatform 'WindowsServer'
[2021.11.19-03.21.31:176][  0]LogTargetPlatformManager: Display: Building Assets For Windows
[2021.11.19-03.21.31:184][  0]LogAudioDebug: Display: Lib vorbis DLL was dynamically loaded.
[2021.11.19-03.21.31:247][  0]LogTextureFormatOodle: Display: Oodle Texture 2.9.0 init RDO Off
[2021.11.19-03.21.31:368][  0]LogRendererCore: Ray tracing is disabled. Reason: r.RayTracing=0.
[2021.11.19-03.21.31:371][  0]LogShaderCompilers: Guid format shader working directory is -20 characters bigger than the processId version (../../../../../../Users/fraci/Documents/Unreal Projects/Grafica 1/Intermediate/Shaders/WorkingDirectory/28628/).
[2021.11.19-03.21.31:371][  0]LogShaderCompilers: Cleaned the shader compiler working directory 'C:/Users/fraci/AppData/Local/Temp/UnrealShaderWorkingDir/87CF0E194BD0090788FDE2AF6E68891C/'.
[2021.11.19-03.21.31:372][  0]LogXGEController: Cannot use XGE Controller as Incredibuild is not installed on this machine.
[2021.11.19-03.21.31:372][  0]LogShaderCompilers: Cannot use XGE Shader Compiler as Incredibuild is not installed on this machine.
[2021.11.19-03.21.31:372][  0]LogShaderCompilers: Display: Using Local Shader Compiler.
[2021.11.19-03.21.32:484][  0]LogDerivedDataCache: Display: Max Cache Size: 512 MB
[2021.11.19-03.21.32:973][  0]LogDerivedDataCache: Loaded boot cache 0.49s 95MB C:/Users/fraci/AppData/Local/UnrealEngine/4.27/DerivedDataCache/Boot.ddc.
[2021.11.19-03.21.32:973][  0]LogDerivedDataCache: Display: Loaded Boot cache: C:/Users/fraci/AppData/Local/UnrealEngine/4.27/DerivedDataCache/Boot.ddc
[2021.11.19-03.21.32:973][  0]LogDerivedDataCache: FDerivedDataBackendGraph:  Pak pak cache file ../../../../../../Users/fraci/Documents/Unreal Projects/Grafica 1/DerivedDataCache/DDC.ddp not found, will not use a pak cache.
[2021.11.19-03.21.32:973][  0]LogDerivedDataCache: Unable to find inner node Pak for hierarchical cache Hierarchy.
[2021.11.19-03.21.32:973][  0]LogDerivedDataCache: FDerivedDataBackendGraph:  CompressedPak pak cache file ../../../../../../Users/fraci/Documents/Unreal Projects/Grafica 1/DerivedDataCache/Compressed.ddp not found, will not use a pak cache.
[2021.11.19-03.21.32:973][  0]LogDerivedDataCache: Unable to find inner node CompressedPak for hierarchical cache Hierarchy.
[2021.11.19-03.21.32:991][  0]LogDerivedDataCache: Display: Pak cache opened for reading ../../../Engine/DerivedDataCache/Compressed.ddp.
[2021.11.19-03.21.32:991][  0]LogDerivedDataCache: FDerivedDataBackendGraph:  EnterprisePak pak cache file ../../../Enterprise/DerivedDataCache/Compressed.ddp not found, will not use a pak cache.
[2021.11.19-03.21.32:991][  0]LogDerivedDataCache: Unable to find inner node EnterprisePak for hierarchical cache Hierarchy.
[2021.11.19-03.21.33:013][  0]LogDerivedDataCache: Speed tests for C:/Users/fraci/AppData/Local/UnrealEngine/Common/DerivedDataCache took 0.02 seconds
[2021.11.19-03.21.33:013][  0]LogDerivedDataCache: Display: Performance to C:/Users/fraci/AppData/Local/UnrealEngine/Common/DerivedDataCache: Latency=0.09ms. RandomReadSpeed=77.73MBs, RandomWriteSpeed=106.15MBs. Assigned SpeedClass 'Local'
[2021.11.19-03.21.33:014][  0]LogDerivedDataCache: Using Local data cache path C:/Users/fraci/AppData/Local/UnrealEngine/Common/DerivedDataCache: Writable
[2021.11.19-03.21.33:014][  0]LogDerivedDataCache: Shared data cache path not found in *engine.ini, will not use an Shared cache.
[2021.11.19-03.21.33:014][  0]LogDerivedDataCache: Unable to find inner node Shared for hierarchical cache Hierarchy.
[2021.11.19-03.21.33:161][  0]LogSlate: Using FreeType 2.10.0
[2021.11.19-03.21.33:162][  0]LogSlate: SlateFontServices - WITH_FREETYPE: 1, WITH_HARFBUZZ: 1
[2021.11.19-03.21.33:269][  0]LogAssetRegistry: FAssetRegistry took 0.0087 seconds to start up
[2021.11.19-03.21.33:694][  0]LogInit: Selected Device Profile: [Windows]
[2021.11.19-03.21.33:694][  0]LogInit: Active device profile: [00000192F1BD5400][00000192EE7FCB80 49] Windows
[2021.11.19-03.21.33:694][  0]LogInit: Profiles: [00000192F1BD5400][00000192EE7FCB80 49] Windows, [00000192F1B76A00][00000192E8784CC0 49] WindowsNoEditor, [00000192F1B5FF00][00000192E878CE40 49] WindowsServer, [00000192F1BD4100][00000192E8790FC0 49] WindowsClient, [00000192F1B77E00][00000192E8795140 49] IOS, [00000192F1B5C200][00000192E87992C0 49] iPadAir, [00000192F1B74600][00000192E879D440 49] iPadAir2, [00000192F1B28100][00000192E87A5700 49] IPadPro, [00000192F1B28200][00000192E87A1740 49] iPadAir3, [00000192F1B5C100][00000192E87A98C0 49] iPadAir4, [00000192F1B2AD00][00000192E87ADA40 49] iPadMini2, [00000192F1B5FA00][00000192E87B1BC0 49] iPadMini3, [00000192F1B28F00][00000192E3B941C0 49] iPadMini4, [00000192F1B74500][00000192E3B98340 49] iPadMini5, [00000192F1B23A00][00000192E3BA0600 49] iPhone6, [00000192F1B23B00][00000192E3B9C640 49] iPodTouch6, [00000192F1B29800][00000192E3BA8900 49] iPhone7, [00000192F1B29C00][00000192E3BA4940 49] iPodTouch7, [00000192F1B20300][00000192E3BACAC0 49] iPhone5S, [00000192F1B5F400][00000192E8788C00 49] iPhone6Plus, [00000192F1B29000][00000192E3BB0D40 49] iPhone6S, [00000192F1B5CF00][00000192E3BB4E80 49] iPhone6SPlus, [00000192F1B28B00][00000192E3BB8FC0 49] iPhone7Plus, [00000192F1B5F000][00000192E3BC1140 49] iPhoneSE, [00000192F1B2BF00][00000192F0A292C0 49] iPhone8, [00000192F1B5EE00][00000192F0A2D440 49] iPhone8Plus, [00000192F1B29A00][00000192F0A315C0 49] iPhoneX, [00000192F1B5C300][00000192F0A35740 49] iPhoneXS, [00000192F1B28700][00000192F0A398C0 49] iPhoneXSMax, [00000192F1B5E700][00000192F0A3DA40 49] iPhoneXR, [00000192F1B29E00][00000192F0A41BC0 49] iPhone11, [00000192F1B5E000][00000192F0A441C0 49] iPhone11Pro, [00000192F1B2A400][00000192F0A48340 49] iPhone11ProMax, [00000192F1B5D600][00000192F0A4C4C0 49] iPhoneSE2, [00000192F1B28600][00000192F0A50640 49] iPhone12Mini, [00000192F1B5E200][00000192F0A547C0 49] iPhone12, [00000192F1B2A600][00000192F0A58940 49] iPhone12Pro, [00000192F1B5D100][00000192F0A5CAC0 49] iPhone12ProMax, [00000192F1B29B00][00000192F0A60C40 49] iPadPro105, [00000192F1B5C400][00000192E3BBCD80 49] iPadPro129, [00000192F1B28C00][00000192F0A64EC0 49] iPadPro97, [00000192F1B5D800][00000192F0A69000 49] iPadPro2_129, [00000192F1B29100][00000192F0A6D140 49] iPad5, [00000192F1B5E600][00000192F0A752C0 49] iPad6, [00000192F1B2B900][00000192F0A79440 49] iPad7, [00000192F1B5ED00][00000192F0A7D5C0 49] iPad8, [00000192F1B29500][00000192F0A81740 49] iPadPro11, [00000192F1B5C800][00000192F0A858C0 49] iPadPro2_11, [00000192F1B28900][00000192F0A89A40 49] iPadPro3_129, [00000192F1B5D900][00000192F0A8DBC0 49] iPadPro4_129, [00000192F1B2AE00][00000192F0A901C0 49] AppleTV, [00000192F1B5CB00][00000192F0A94340 49] AppleTV4K, [00000192F1B28E00][00000192F0A984C0 49] TVOS, [00000192F1B5E800][00000192F0A9C640 49] Mac, [00000192F1B2A900][00000192F0AA07C0 49] MacClient, [00000192F1B5F700][00000192F0AA4940 49] MacNoEditor, [00000192F1B2BD00][00000192F0AA8AC0 49] MacServer, [00000192F1B5C500][00000192F0AACC40 49] Linux, [00000192F1B2BA00][00000192F0AB0DC0 49] LinuxAArch64, [00000192F1B5C700][00000192F0AB4F40 49] LinuxNoEditor, [00000192F1B2B000][00000192F0A71080 49] LinuxAArch64NoEditor, [00000192F1B5FB00][00000192F0AB91C0 49] LinuxClient, [00000192F1B29400][00000192F0ABD300 49] LinuxAArch64Client, [00000192F1B5F800][00000192F0AC5480 49] LinuxServer, [00000192F1B2B700][00000192F0AC9600 49] LinuxAArch64Server, [00000192F1B5F500][00000192F0ACD780 49] Android, [00000192F1B29900][00000192F0AD1900 49] Android_Low, [00000192F1BD5800][00000192F0AD5A80 49] Android_Mid, [00000192F1B21E00][00000192F0AD9C00 49] Android_High, [00000192F1BD5A00][00000192F0ADC200 49] Android_Default, [00000192F1B22000][00000192F0AE0380 49] Android_Adreno4xx, [00000192F1BD6E00][00000192F0AE4500 49] Android_Adreno5xx_Low, [00000192F1B22300][00000192F0AE8680 49] Android_Adreno5xx, [00000192F1BD5600][00000192F0AEC800 49] Android_Adreno6xx, [00000192F1B21F00][00000192F0AF0980 49] Android_Adreno6xx_Vulkan, [00000192F1BD7400][00000192F0AF4B00 49] Android_Mali_T6xx, [00000192F1B23E00][00000192F0AF8C80 49] Android_Mali_T7xx, [00000192F1BD7700][00000192F0AFCE00 49] Android_Mali_T8xx, [00000192F1B20400][00000192F0B00F80 49] Android_Mali_G71, [00000192F1BD4500][00000192F0B05100 49] Android_Mali_G72, [00000192F1B22400][00000192F0AC1240 49] Android_Mali_G72_Vulkan, [00000192F1BD6200][00000192F0B09380 49] Android_Mali_G76, [00000192F1B21B00][00000192F0B0D4C0 49] Android_Mali_G76_Vulkan, [00000192F1BD4D00][00000192F0B15640 49] Android_Mali_G77, [00000192F1B23900][00000192F0B197C0 49] Android_Mali_G77_Vulkan, [00000192F1BD6B00][00000192F0B1D940 49] Android_Mali_G78, [00000192F1B20900][00000192F0B21AC0 49] Android_Mali_G78_Vulkan, [00000192F1BD5700][00000192F0B240C0 49] Android_Mali_G710, [00000192F1B21800][00000192F0B28240 49] Android_Mali_G710_Vulkan, [00000192F1BD5300][00000192F0B2C3C0 49] Android_Vulkan_SM5, [00000192F1B20200][00000192F0B30540 49] Android_PowerVR_G6xxx, [00000192F1BD4F00][00000192F0B346C0 49] Android_PowerVR_GT7xxx, [00000192F1B2A700][00000192F0B38840 49] Android_PowerVR_GE8xxx, [00000192F1BD4600][00000192F0B3C9C0 49] Android_PowerVR_GM9xxx, [00000192F1B2A000][00000192F0B40B40 49] Android_PowerVR_GM9xxx_Vulkan, [00000192F1BD4E00][00000192F0B44CC0 49] Android_TegraK1, [00000192F1B2AB00][00000192F0B48E40 49] Android_Unknown_Vulkan, [00000192F1BD7600][00000192F0B4CFC0 49] Lumin, [00000192F1B29D00][00000192F0B51140 49] Lumin_Desktop, [00000192F1BD6000][00000192F0B552C0 49] HoloLens, 
[2021.11.19-03.21.33:972][  0]LogMeshReduction: Using QuadricMeshReduction for automatic static mesh reduction
[2021.11.19-03.21.33:972][  0]LogMeshReduction: Using SimplygonMeshReduction for automatic skeletal mesh reduction
[2021.11.19-03.21.33:972][  0]LogMeshReduction: Using ProxyLODMeshReduction for automatic mesh merging
[2021.11.19-03.21.33:972][  0]LogMeshReduction: No distributed automatic mesh merging module available
[2021.11.19-03.21.33:973][  0]LogMeshMerging: No distributed automatic mesh merging module available
[2021.11.19-03.21.34:050][  0]LogNetVersion: MyProject 1.0.0, NetCL: 17155196, EngineNetVer: 17, GameNetVer: 0 (Checksum: 3629800737)
[2021.11.19-03.21.35:567][  0]LogTexture: Default maximum texture size for cubemaps generated from long-lat sources has been changed from 512 to unlimited. In order to preserve old behaiour for '/Engine/MapTemplates/Sky/DaylightAmbientCubemap.DaylightAmbientCubemap', its maximum texture size has been explicitly set to 512.
[2021.11.19-03.21.35:677][  0]LogHMD: PokeAHoleMaterial loaded successfully
[2021.11.19-03.21.35:689][  0]LogUObjectArray: 17178 objects as part of root set at end of initial load.
[2021.11.19-03.21.35:689][  0]LogUObjectAllocator: 4301856 out of 0 bytes used by permanent object pool.
[2021.11.19-03.21.35:689][  0]LogUObjectArray: CloseDisregardForGC: 0/0 objects in disregard for GC pool
[2021.11.19-03.21.36:341][  0]LogNiagaraDebuggerClient: Niagara Debugger Client Initialized | Session: B727F218414DA8851492F3AB459ECFE9 | Instance: 1D9E8E4641B51BD9EFA2128DC90E1BBC (DESKTOP-LC84CI9-28628).
[2021.11.19-03.21.36:892][  0]LogImageWrapper: Warning: PNG Warning: Duplicate iCCP chunk
[2021.11.19-03.21.36:892][  0]LogImageWrapper: Warning: PNG Warning: Duplicate iCCP chunk
[2021.11.19-03.21.36:892][  0]LogTcpMessaging: Initializing TcpMessaging bridge
[2021.11.19-03.21.36:904][  0]LogUdpMessaging: Initializing bridge on interface 0.0.0.0:0 to multicast group 230.0.0.1:6666.
[2021.11.19-03.21.37:106][  0]LogPython: Using Python 3.7.7
[2021.11.19-03.21.37:817][  0]LogConsoleManager: Warning: Console object named 'MaterialBaking.UseMaterialProxyCaching' already exists but is being registered again, but we weren't expected it to be! (FConsoleManager::AddConsoleObject)
[2021.11.19-03.21.37:818][  0]LogConsoleManager: Warning: Console object named 'MaterialBaking.SaveIntermediateTextures' already exists but is being registered again, but we weren't expected it to be! (FConsoleManager::AddConsoleObject)
[2021.11.19-03.21.38:368][  0]SourceControl: El control de código fuente está desactivado
[2021.11.19-03.21.38:368][  0]SourceControl: El control de código fuente está desactivado
[2021.11.19-03.21.38:370][  0]SourceControl: El control de código fuente está desactivado
[2021.11.19-03.21.38:371][  0]SourceControl: El control de código fuente está desactivado
[2021.11.19-03.21.38:375][  0]SourceControl: El control de código fuente está desactivado
[2021.11.19-03.21.38:378][  0]LogUProjectInfo: Found projects:
[2021.11.19-03.21.38:688][  0]LogAndroidPermission: UAndroidPermissionCallbackProxy::GetInstance
[2021.11.19-03.21.38:719][  0]LogAudioCaptureCore: Display: No Audio Capture implementations found. Audio input will be silent.
[2021.11.19-03.21.38:719][  0]LogAudioCaptureCore: Display: No Audio Capture implementations found. Audio input will be silent.
[2021.11.19-03.21.39:190][  0]LogOpenImageDenoise: OIDN starting up
[2021.11.19-03.21.39:220][  0]LogCollectionManager: Loaded 0 collections in 0.003611 seconds
[2021.11.19-03.21.39:279][  0]LogFileCache: Scanning file cache for directory 'C:/Users/fraci/Documents/Unreal Projects/Grafica 1/Saved/Collections/' took 0.00s
[2021.11.19-03.21.39:279][  0]LogFileCache: Scanning file cache for directory 'C:/Users/fraci/Documents/Unreal Projects/Grafica 1/Content/Developers/fraci/Collections/' took 0.00s
[2021.11.19-03.21.39:279][  0]LogFileCache: Scanning file cache for directory 'C:/Users/fraci/Documents/Unreal Projects/Grafica 1/Content/Collections/' took 0.00s
[2021.11.19-03.21.39:279][  0]LogOcInput: OculusInput pre-init called
[2021.11.19-03.21.39:527][  0]LogImageWrapper: Warning: PNG Warning: Duplicate iCCP chunk
[2021.11.19-03.21.39:527][  0]LogImageWrapper: Warning: PNG Warning: Duplicate iCCP chunk
[2021.11.19-03.21.39:675][  0]LogClass: Warning: ObjectProperty FGLTFImportContext::Parent is not initialized properly. Module:SketchfabGLTF File:Private/SKGLTFImporter.h
[2021.11.19-03.21.39:675][  0]LogClass: Warning: ObjectProperty FGLTFImportContext::ImportOptions is not initialized properly. Module:SketchfabGLTF File:Private/SKGLTFImporter.h
[2021.11.19-03.21.39:675][  0]LogClass: Warning: ObjectProperty FGLTFImportContext::PrimResolver is not initialized properly. Module:SketchfabGLTF File:Private/SKGLTFImporter.h
[2021.11.19-03.21.39:677][  0]LogClass: Display: 3 Uninitialized script struct members found including 3 object properties
[2021.11.19-03.21.39:679][  0]LogAutomationTest: Warning: ObjectProperty FGLTFImportContext::Parent is not initialized properly. Module:SketchfabGLTF File:Private/SKGLTFImporter.h
[2021.11.19-03.21.39:679][  0]LogAutomationTest: Warning: ObjectProperty FGLTFImportContext::ImportOptions is not initialized properly. Module:SketchfabGLTF File:Private/SKGLTFImporter.h
[2021.11.19-03.21.39:679][  0]LogAutomationTest: Warning: ObjectProperty FGLTFImportContext::PrimResolver is not initialized properly. Module:SketchfabGLTF File:Private/SKGLTFImporter.h
[2021.11.19-03.21.39:687][  0]LogEngine: Initializing Engine...
[2021.11.19-03.21.39:701][  0]LogHMD: Failed to enumerate extensions. Please check that you have a valid OpenXR runtime installed.
[2021.11.19-03.21.39:702][  0]LogHMD: Failed to initialize OpenVR with code 110
[2021.11.19-03.21.39:702][  0]LogMagicLeap: Warning: VR disabled because ZI is not enabled.  To enable, in the editor, Edit -> Project Settings -> Plugins -> Magic Leap Plugin -> Enable Zero Iteration
[2021.11.19-03.21.39:707][  0]LogStats: UGameplayTagsManager::InitializeManager -  0.002 s
[2021.11.19-03.21.39:948][  0]LogInit: Initializing FReadOnlyCVARCache
[2021.11.19-03.21.40:016][  0]LogAIModule: Creating AISystem for world Untitled
[2021.11.19-03.21.40:027][  0]LogAudio: Display: Initializing Audio Device Manager...
[2021.11.19-03.21.40:032][  0]LogAudio: Display: Loading Default Audio Settings Objects...
[2021.11.19-03.21.40:033][  0]LogAudio: Display: No default SoundConcurrencyObject specified (or failed to load).
[2021.11.19-03.21.40:036][  0]LogAudio: Display: Audio Device Manager Initialized
[2021.11.19-03.21.40:036][  0]LogAudio: Display: Creating Audio Device:                 Id: 1, Scope: Shared, Realtime: True
[2021.11.19-03.21.40:037][  0]LogAudioMixer: Display: Audio Mixer Platform Settings:
[2021.11.19-03.21.40:037][  0]LogAudioMixer: Display: 	Sample Rate:						  48000
[2021.11.19-03.21.40:037][  0]LogAudioMixer: Display: 	Callback Buffer Frame Size Requested: 1024
[2021.11.19-03.21.40:037][  0]LogAudioMixer: Display: 	Callback Buffer Frame Size To Use:	  1024
[2021.11.19-03.21.40:037][  0]LogAudioMixer: Display: 	Number of buffers to queue:			  2
[2021.11.19-03.21.40:037][  0]LogAudioMixer: Display: 	Max Channels (voices):				  32
[2021.11.19-03.21.40:037][  0]LogAudioMixer: Display: 	Number of Async Source Workers:		  0
[2021.11.19-03.21.40:037][  0]LogAudio: Display: AudioDevice MaxSources: 32
[2021.11.19-03.21.40:039][  0]LogAudio: Display: Audio Spatialization Plugin: None (built-in).
[2021.11.19-03.21.40:040][  0]LogAudio: Display: Audio Reverb Plugin: None (built-in).
[2021.11.19-03.21.40:040][  0]LogAudio: Display: Audio Occlusion Plugin: None (built-in).
[2021.11.19-03.21.40:040][  0]LogAudioMixer: Display: Initializing audio mixer.
[2021.11.19-03.21.41:003][  0]LogAudioMixer: Display: 0: FrontLeft
[2021.11.19-03.21.41:003][  0]LogAudioMixer: Display: 1: FrontRight
[2021.11.19-03.21.41:003][  0]LogAudioMixer: Display: 2: FrontCenter
[2021.11.19-03.21.41:003][  0]LogAudioMixer: Display: 3: LowFrequency
[2021.11.19-03.21.41:003][  0]LogAudioMixer: Display: 4: BackLeft
[2021.11.19-03.21.41:003][  0]LogAudioMixer: Display: 5: BackRight
[2021.11.19-03.21.41:003][  0]LogAudioMixer: Display: 6: SideLeft
[2021.11.19-03.21.41:003][  0]LogAudioMixer: Display: 7: SideRight
[2021.11.19-03.21.41:044][  0]LogAudioMixer: Display: Using Audio Device Altavoces (Logitech PRO X Gaming Headset)
[2021.11.19-03.21.41:047][  0]LogAudioMixer: Display: Initializing Sound Submixes...
[2021.11.19-03.21.41:052][  0]LogAudioMixer: Display: Creating Master Submix 'MasterSubmixDefault'
[2021.11.19-03.21.41:052][  0]LogAudioMixer: Display: Creating Master Submix 'MasterReverbSubmixDefault'
[2021.11.19-03.21.41:054][  0]LogAudioMixer: Display: Creating Master Submix 'MasterEQSubmixDefault'
[2021.11.19-03.21.41:055][  0]LogAudioMixer: FMixerPlatformXAudio2::StartAudioStream() called
[2021.11.19-03.21.41:055][  0]LogAudioMixer: Display: Output buffers initialized: Frames=1024, Channels=8, Samples=8192
[2021.11.19-03.21.41:056][  0]LogAudioMixer: Display: Starting AudioMixerPlatformInterface::RunInternal()
[2021.11.19-03.21.41:056][  0]LogAudioMixer: Display: FMixerPlatformXAudio2::SubmitBuffer() called for the first time
[2021.11.19-03.21.41:056][  0]LogInit: FAudioDevice initialized.
[2021.11.19-03.21.41:058][  0]LogAudio: Display: Audio Device (ID: 1) registered with world 'Untitled'.
[2021.11.19-03.21.41:058][  0]LogNetVersion: Set ProjectVersion to 1.0.0.0. Version Checksum will be recalculated on next use.
[2021.11.19-03.21.41:070][  0]LogDerivedDataCache: Error: Could not save memory cache C:/Users/fraci/AppData/Local/UnrealEngine/4.27/DerivedDataCache/Boot.ddc.
[2021.11.19-03.21.41:071][  0]LogInit: Texture streaming: Enabled
[2021.11.19-03.21.41:092][  0]LogAnalytics: Display: [UEEditor.Rocket.Release] APIServer = https://datarouter.ol.epicgames.com/. AppVersion = 4.27.1-17735300+++UE4+Release-4.27
[2021.11.19-03.21.41:123][  0]LogEngineSessionManager: EngineSessionManager initialized
[2021.11.19-03.21.41:123][  0]LogEngineSessionManager: EngineSessionManager sent abnormal shutdown report. Type=Crashed, SessionId={2EA8774E-4952-7BD8-9F10-CB8ACEB58684}
[2021.11.19-03.21.41:123][  0]LogEditorSessionSummary: Verbose: Initializing EditorSessionSummaryWriter for editor session tracking
[2021.11.19-03.21.41:201][  0]LogEditorSessionSummary: EditorSessionSummaryWriter initialized
[2021.11.19-03.21.41:838][  0]LogInit: Transaction tracking system initialized
[2021.11.19-03.21.42:096][  0]BlueprintLog: New page: Cargar el editor
[2021.11.19-03.21.42:664][  0]LocalizationService: Localization service is disabled
[2021.11.19-03.21.42:754][  0]TimingProfiler: Initialize
[2021.11.19-03.21.42:758][  0]TimingProfiler: OnSessionChanged
[2021.11.19-03.21.42:758][  0]LoadingProfiler: Initialize
[2021.11.19-03.21.42:759][  0]LoadingProfiler: OnSessionChanged
[2021.11.19-03.21.42:759][  0]NetworkingProfiler: Initialize
[2021.11.19-03.21.42:760][  0]NetworkingProfiler: OnSessionChanged
[2021.11.19-03.21.42:760][  0]MemoryProfiler: Initialize
[2021.11.19-03.21.42:760][  0]MemoryProfiler: OnSessionChanged
[2021.11.19-03.21.43:263][  0]LogCook: Display: CookSettings for Memory: MemoryMaxUsedVirtual 0MiB, MemoryMaxUsedPhysical 16384MiB, MemoryMinFreeVirtual 0MiB, MemoryMinFreePhysical 1024MiB
[2021.11.19-03.21.43:264][  0]LogCook: Display: Mobile HDR setting 1
[2021.11.19-03.21.43:282][  0]LogFileCache: Scanning file cache for directory 'C:/Users/fraci/Documents/Unreal Projects/Grafica 1/Content/' took 0.01s
[2021.11.19-03.21.46:536][  0]LogImageWrapper: Warning: PNG Warning: Duplicate iCCP chunk
[2021.11.19-03.21.46:537][  0]LogImageWrapper: Warning: PNG Warning: Duplicate iCCP chunk
[2021.11.19-03.21.46:622][  0]LogInit: Display: Engine is initialized. Leaving FEngineLoop::Init()
[2021.11.19-03.21.46:636][  0]SourceControl: El control de código fuente está desactivado
[2021.11.19-03.21.46:636][  0]LogUnrealEdMisc: Loading editor; pre map load, took 26.515
[2021.11.19-03.21.46:638][  0]Cmd: MAP LOAD FILE="../../../../../../Users/fraci/Documents/Unreal Projects/Grafica 1/Content/Maps/Example_Map.umap" TEMPLATE=0 SHOWPROGRESS=1 FEATURELEVEL=3
[2021.11.19-03.21.46:643][  0]LightingResults: New page: Diseñar la iluminación
[2021.11.19-03.21.46:654][  0]LogWorld: UWorld::CleanupWorld for Untitled, bSessionEnded=true, bCleanupResources=true
[2021.11.19-03.21.46:656][  0]LogSlate: InvalidateAllWidgets triggered.  All widgets were invalidated
[2021.11.19-03.21.46:659][  0]MapCheck: New page: Revisión del mapa
[2021.11.19-03.21.46:659][  0]LightingResults: New page: Diseñar la iluminación
[2021.11.19-03.21.46:684][  0]LogAudio: Display: Audio Device unregistered from world 'None'.
[2021.11.19-03.21.46:698][  0]LogUObjectHash: Compacting FUObjectHashTables data took   1.88ms
[2021.11.19-03.21.46:834][  0]LogLinker: Warning: [AssetLog] C:\Users\fraci\Documents\Unreal Projects\Grafica 1\Content\Materials\Ball_material.uasset: Failed to load '/Game/Textures/Bloom_Mask': Can't find file.
[2021.11.19-03.21.46:834][  0]LogLinker: Warning: [AssetLog] C:\Users\fraci\Documents\Unreal Projects\Grafica 1\Content\Materials\Ball_material.uasset: Failed to load '/Game/Textures/Bloom_Mask': Can't find file.
[2021.11.19-03.21.46:835][  0]LogLinker: Warning: [AssetLog] C:\Users\fraci\Documents\Unreal Projects\Grafica 1\Content\Materials\Ball_material.uasset: Failed to load '/Game/Textures/T_Tech_Hex_Tile_M': Can't find file.
[2021.11.19-03.21.46:835][  0]LogLinker: Warning: [AssetLog] C:\Users\fraci\Documents\Unreal Projects\Grafica 1\Content\Materials\Ball_material.uasset: Failed to load '/Game/Textures/T_Tech_Hex_Tile_M': Can't find file.
[2021.11.19-03.21.46:835][  0]LogLinker: Warning: [AssetLog] C:\Users\fraci\Documents\Unreal Projects\Grafica 1\Content\Materials\Ball_material.uasset: Failed to load '/Game/Textures/T_Tech_Hex_Tile_N': Can't find file.
[2021.11.19-03.21.46:835][  0]LogLinker: Warning: [AssetLog] C:\Users\fraci\Documents\Unreal Projects\Grafica 1\Content\Materials\Ball_material.uasset: Failed to load '/Game/Textures/T_Tech_Hex_Tile_N': Can't find file.
[2021.11.19-03.21.46:836][  0]LogLinker: Warning: [AssetLog] C:\Users\fraci\Documents\Unreal Projects\Grafica 1\Content\Materials\Ball_material.uasset: Failed to load '/Game/Textures/Bloom_Mask': Can't find file.
[2021.11.19-03.21.46:836][  0]LogLinker: Warning: [AssetLog] C:\Users\fraci\Documents\Unreal Projects\Grafica 1\Content\Materials\Ball_material.uasset: Failed to load '/Game/Textures/T_Tech_Hex_Tile_M': Can't find file.
[2021.11.19-03.21.46:836][  0]LogLinker: Warning: [AssetLog] C:\Users\fraci\Documents\Unreal Projects\Grafica 1\Content\Materials\Ball_material.uasset: Failed to load '/Game/Textures/T_Tech_Hex_Tile_N': Can't find file.
[2021.11.19-03.21.47:132][  0]LogLinker: Warning: [AssetLog] C:\Users\fraci\Documents\Unreal Projects\Grafica 1\Content\Materials\Ball_material.uasset: Failed to load '/Game/Textures/T_Tech_Hex_Tile_M': Can't find file.
[2021.11.19-03.21.47:132][  0]LoadErrors: Error al cargar /Game/Textures/T_Tech_Hex_Tile_M.T_Tech_Hex_Tile_M Referenciado por MaterialExpressionTextureSample_10
[2021.11.19-03.21.47:132][  0]LogLinker: Warning: [AssetLog] C:\Users\fraci\Documents\Unreal Projects\Grafica 1\Content\Materials\Ball_material.uasset: Failed to load '/Game/Textures/T_Tech_Hex_Tile_N': Can't find file.
[2021.11.19-03.21.47:132][  0]LoadErrors: Error al cargar /Game/Textures/T_Tech_Hex_Tile_N.T_Tech_Hex_Tile_N Referenciado por MaterialExpressionTextureSample_11
[2021.11.19-03.21.47:133][  0]LogLinker: Warning: [AssetLog] C:\Users\fraci\Documents\Unreal Projects\Grafica 1\Content\Materials\Ball_material.uasset: Failed to load '/Game/Textures/Bloom_Mask': Can't find file.
[2021.11.19-03.21.47:133][  0]LoadErrors: Error al cargar /Game/Textures/Bloom_Mask.Bloom_Mask Referenciado por MaterialExpressionTextureSample_4
