Log file open, 11/19/21 00:18:24
LogWindows: Failed to load 'aqProf.dll' (GetLastError=126)
LogWindows: File 'aqProf.dll' does not exist
LogWindows: Failed to load 'VtuneApi.dll' (GetLastError=126)
LogWindows: File 'VtuneApi.dll' does not exist
LogWindows: Failed to load 'VtuneApi32e.dll' (GetLastError=126)
LogWindows: File 'VtuneApi32e.dll' does not exist
LogConsoleResponse: Display: Failed to find resolution value strings in scalability ini. Falling back to default.
LogConsoleResponse: Display: Failed to find resolution value strings in scalability ini. Falling back to default.
LogInit: Display: Running engine for game: MyProject
LogPlatformFile: Not using cached read wrapper
LogTaskGraph: Started task graph with 5 named threads and 35 total threads with 3 sets of task threads.
LogStats: Stats thread started at 0.793056
LogICUInternationalization: ICU TimeZone Detection - Raw Offset: -4:00, Platform Override: ''
LogInit: Display: Loading text-based GConfig....
LogPluginManager: Mounting plugin MeshPainting
LogPluginManager: Mounting plugin Sketchfab
LogPluginManager: Mounting plugin XGEController
LogPluginManager: Mounting plugin Paper2D
LogPluginManager: Mounting plugin LiveLink
LogPluginManager: Mounting plugin AISupport
LogPluginManager: Mounting plugin EnvironmentQueryEditor
LogPluginManager: Mounting plugin CameraShakePreviewer
LogPluginManager: Mounting plugin GameplayCameras
LogPluginManager: Mounting plugin LightPropagationVolume
LogPluginManager: Mounting plugin AnimationSharing
LogPluginManager: Mounting plugin OodleData
LogPluginManager: Mounting plugin OodleNetwork
LogPluginManager: Mounting plugin CLionSourceCodeAccess
LogPluginManager: Mounting plugin GitSourceControl
LogPluginManager: Mounting plugin PerforceSourceControl
LogPluginManager: Mounting plugin PixWinPlugin
LogPluginManager: Mounting plugin PlasticSourceControl
LogPluginManager: Mounting plugin PluginUtils
LogPluginManager: Mounting plugin PropertyAccessNode
LogPluginManager: Mounting plugin RiderSourceCodeAccess
LogPluginManager: Mounting plugin SubversionSourceControl
LogPluginManager: Mounting plugin TextureFormatOodle
LogPluginManager: Mounting plugin CodeLiteSourceCodeAccess
LogPluginManager: Mounting plugin UObjectPlugin
LogPluginManager: Mounting plugin KDevelopSourceCodeAccess
LogPluginManager: Mounting plugin VisualStudioCodeSourceCodeAccess
LogPluginManager: Mounting plugin VisualStudioSourceCodeAccess
LogPluginManager: Mounting plugin AssetManagerEditor
LogPluginManager: Mounting plugin NullSourceCodeAccess
LogPluginManager: Mounting plugin CryptoKeys
LogPluginManager: Mounting plugin DataValidation
LogPluginManager: Mounting plugin EditorScriptingUtilities
LogPluginManager: Mounting plugin CurveEditorTools
LogPluginManager: Mounting plugin FacialAnimation
LogPluginManager: Mounting plugin GameplayTagsEditor
LogPluginManager: Mounting plugin GeometryMode
LogPluginManager: Mounting plugin MaterialAnalyzer
LogPluginManager: Mounting plugin MacGraphicsSwitching
LogPluginManager: Mounting plugin XCodeSourceCodeAccess
LogPluginManager: Mounting plugin MobileLauncherProfileWizard
LogPluginManager: Mounting plugin PluginBrowser
LogPluginManager: Mounting plugin SpeedTreeImporter
LogPluginManager: Mounting plugin Niagara
LogPluginManager: Mounting plugin AlembicImporter
LogPluginManager: Mounting plugin AutomationUtils
LogPluginManager: Mounting plugin BackChannel
LogPluginManager: Mounting plugin ChaosClothEditor
LogPluginManager: Mounting plugin ChaosCloth
LogPluginManager: Mounting plugin ChaosEditor
LogPluginManager: Mounting plugin ChaosNiagara
LogPluginManager: Mounting plugin ChaosSolverPlugin
LogPluginManager: Mounting plugin CharacterAI
LogPluginManager: Mounting plugin GeometryCache
LogPluginManager: Mounting plugin GeometryCollectionPlugin
LogPluginManager: Mounting plugin DatasmithContent
LogPluginManager: Mounting plugin VariantManagerContent
LogPluginManager: Mounting plugin LuminPlatformFeatures
LogPluginManager: Mounting plugin MagicLeap
LogPluginManager: Mounting plugin MagicLeapLightEstimation
LogPluginManager: Mounting plugin MagicLeapMedia
LogPluginManager: Mounting plugin MagicLeapPassableWorld
LogPluginManager: Mounting plugin MLSDK
LogPluginManager: Mounting plugin GeometryProcessing
LogPluginManager: Mounting plugin MotoSynth
LogPluginManager: Mounting plugin OpenImageDenoise
LogPluginManager: Mounting plugin PlanarCut
LogPluginManager: Mounting plugin ProxyLODPlugin
LogPluginManager: Mounting plugin PlatformCrypto
LogPluginManager: Mounting plugin PythonScriptPlugin
LogPluginManager: Mounting plugin SkeletalReduction
LogPluginManager: Mounting plugin AndroidMedia
LogPluginManager: Mounting plugin AvfMedia
LogPluginManager: Mounting plugin ImgMedia
LogPluginManager: Mounting plugin MediaCompositing
LogPluginManager: Mounting plugin MediaPlayerEditor
LogPluginManager: Mounting plugin WebMMedia
LogPluginManager: Mounting plugin WmfMedia
LogPluginManager: Mounting plugin TcpMessaging
LogPluginManager: Mounting plugin UdpMessaging
LogPluginManager: Mounting plugin LauncherChunkInstaller
LogPluginManager: Mounting plugin ActorSequence
LogPluginManager: Mounting plugin LevelSequenceEditor
LogPluginManager: Mounting plugin MatineeToLevelSequence
LogPluginManager: Mounting plugin TemplateSequence
LogPluginManager: Mounting plugin OnlineSubsystem
LogPluginManager: Mounting plugin OnlineSubsystemNull
LogPluginManager: Mounting plugin OnlineSubsystemUtils
LogPluginManager: Mounting plugin ActorLayerUtilities
LogPluginManager: Mounting plugin AndroidPermission
LogPluginManager: Mounting plugin AppleImageUtils
LogPluginManager: Mounting plugin ArchVisCharacter
LogPluginManager: Mounting plugin AndroidDeviceProfileSelector
LogPluginManager: Mounting plugin AssetTags
LogPluginManager: Mounting plugin AudioCapture
LogPluginManager: Mounting plugin AndroidMoviePlayer
LogPluginManager: Mounting plugin AudioSynesthesia
LogPluginManager: Mounting plugin CableComponent
LogPluginManager: Mounting plugin ChunkDownloader
LogPluginManager: Mounting plugin CustomMeshComponent
LogPluginManager: Mounting plugin EditableMesh
LogPluginManager: Mounting plugin ExampleDeviceProfileSelector
LogPluginManager: Mounting plugin AppleMoviePlayer
LogPluginManager: Mounting plugin GooglePAD
LogPluginManager: Mounting plugin ScreenshotTools
LogPluginManager: Mounting plugin GoogleCloudMessaging
LogPluginManager: Mounting plugin HDRIBackdrop
LogPluginManager: Mounting plugin LocationServicesBPLibrary
LogPluginManager: Mounting plugin IOSDeviceProfileSelector
LogPluginManager: Mounting plugin MobilePatchingUtils
LogPluginManager: Mounting plugin LinuxDeviceProfileSelector
LogPluginManager: Mounting plugin OpenXR
LogPluginManager: Mounting plugin OpenXREyeTracker
LogPluginManager: Mounting plugin OpenXRHandTracking
LogPluginManager: Mounting plugin PhysXVehicles
LogPluginManager: Mounting plugin PostSplashScreen
LogPluginManager: Mounting plugin ProceduralMeshComponent
LogPluginManager: Mounting plugin PropertyAccessEditor
LogPluginManager: Mounting plugin RuntimePhysXCooking
LogPluginManager: Mounting plugin SignificanceManager
LogPluginManager: Mounting plugin SoundFields
LogPluginManager: Mounting plugin Synthesis
LogPluginManager: Mounting plugin WebMMoviePlayer
LogPluginManager: Mounting plugin WindowsMoviePlayer
LogPluginManager: Mounting plugin Takes
LogPluginManager: Mounting plugin ContentBrowserAssetDataSource
LogPluginManager: Mounting plugin ContentBrowserClassDataSource
LogPluginManager: Mounting plugin ContentBrowserFileDataSource
LogPluginManager: Mounting plugin OnlineSubsystemGooglePlay
LogPluginManager: Mounting plugin OnlineSubsystemIOS
LogPluginManager: Mounting plugin OculusVR
LogPluginManager: Mounting plugin SteamVR
PixWinPlugin: PIX capture plugin failed to initialize! Check that the process is launched from PIX.
LogInit: Using libcurl 7.55.1-DEV
LogInit:  - built for x86_64-pc-win32
LogInit:  - supports SSL with OpenSSL/1.1.1
LogInit:  - supports HTTP deflate (compression) using libz 1.2.8
LogInit:  - other features:
LogInit:      CURL_VERSION_SSL
LogInit:      CURL_VERSION_LIBZ
LogInit:      CURL_VERSION_IPV6
LogInit:      CURL_VERSION_ASYNCHDNS
LogInit:      CURL_VERSION_LARGEFILE
LogInit:      CURL_VERSION_IDN
LogInit:  CurlRequestOptions (configurable via config and command line):
LogInit:  - bVerifyPeer = true  - Libcurl will verify peer certificate
LogInit:  - bUseHttpProxy = false  - Libcurl will NOT use HTTP proxy
LogInit:  - bDontReuseConnections = false  - Libcurl will reuse connections
LogInit:  - MaxHostConnections = 16  - Libcurl will limit the number of connections to a host
LogInit:  - LocalHostAddr = Default
LogInit:  - BufferSize = 65536
LogOnline: OSS: Creating online subsystem instance for: NULL
LogInit: WinSock: version 1.1 (2.2), MaxSocks=32767, MaxUdp=65467
LogOnline: OSS: TryLoadSubsystemAndSetDefault: Loaded subsystem for module [NULL]
LogOculusPluginWrapper: OculusPlugin initialized successfully
LogHMD: Failed initializing OVRPlugin 1.59.0
LogInit: Build: ++UE4+Release-4.27-CL-17735300
LogInit: Engine Version: 4.27.1-17735300+++UE4+Release-4.27
LogInit: Compatible Engine Version: 4.27.0-17155196+++UE4+Release-4.27
LogInit: Net CL: 17155196
LogInit: OS: Windows 10 (Release 2009) (), CPU: AMD Ryzen 5 3600 6-Core Processor              , GPU: Radeon RX550/550 Series
LogInit: Compiled (64-bit): Oct  6 2021 14:42:51
LogInit: Compiled with Visual C++: 19.24.28315.00
LogInit: Build Configuration: Development
LogInit: Branch Name: ++UE4+Release-4.27
LogInit: Command Line: 
LogInit: Base Directory: C:/Program Files/Epic Games/UE_4.27/Engine/Binaries/Win64/
LogInit: Allocator: TBB
LogInit: Installed Engine Build: 1
LogDevObjectVersion: Number of dev versions registered: 29
LogDevObjectVersion:   Dev-Blueprints (B0D832E4-1F89-4F0D-ACCF-7EB736FD4AA2): 10
LogDevObjectVersion:   Dev-Build (E1C64328-A22C-4D53-A36C-8E866417BD8C): 0
LogDevObjectVersion:   Dev-Core (375EC13C-06E4-48FB-B500-84F0262A717E): 4
LogDevObjectVersion:   Dev-Editor (E4B068ED-F494-42E9-A231-DA0B2E46BB41): 40
LogDevObjectVersion:   Dev-Framework (CFFC743F-43B0-4480-9391-14DF171D2073): 37
LogDevObjectVersion:   Dev-Mobile (B02B49B5-BB20-44E9-A304-32B752E40360): 3
LogDevObjectVersion:   Dev-Networking (A4E4105C-59A1-49B5-A7C5-40C4547EDFEE): 0
LogDevObjectVersion:   Dev-Online (39C831C9-5AE6-47DC-9A44-9C173E1C8E7C): 0
LogDevObjectVersion:   Dev-Physics (78F01B33-EBEA-4F98-B9B4-84EACCB95AA2): 14
LogDevObjectVersion:   Dev-Platform (6631380F-2D4D-43E0-8009-CF276956A95A): 0
LogDevObjectVersion:   Dev-Rendering (12F88B9F-8875-4AFC-A67C-D90C383ABD29): 45
LogDevObjectVersion:   Dev-Sequencer (7B5AE74C-D270-4C10-A958-57980B212A5A): 13
LogDevObjectVersion:   Dev-VR (D7296918-1DD6-4BDD-9DE2-64A83CC13884): 3
LogDevObjectVersion:   Dev-LoadTimes (C2A15278-BFE7-4AFE-6C17-90FF531DF755): 1
LogDevObjectVersion:   Private-Geometry (6EACA3D4-40EC-4CC1-B786-8BED09428FC5): 3
LogDevObjectVersion:   Dev-AnimPhys (29E575DD-E0A3-4627-9D10-D276232CDCEA): 17
LogDevObjectVersion:   Dev-Anim (AF43A65D-7FD3-4947-9873-3E8ED9C1BB05): 15
LogDevObjectVersion:   Dev-ReflectionCapture (6B266CEC-1EC7-4B8F-A30B-E4D90942FC07): 1
LogDevObjectVersion:   Dev-Automation (0DF73D61-A23F-47EA-B727-89E90C41499A): 1
LogDevObjectVersion:   FortniteMain (601D1886-AC64-4F84-AA16-D3DE0DEAC7D6): 47
LogDevObjectVersion:   FortniteRelease (E7086368-6B23-4C58-8439-1B7016265E91): 1
LogDevObjectVersion:   Dev-Enterprise (9DFFBCD6-494F-0158-E221-12823C92A888): 10
LogDevObjectVersion:   Dev-Niagara (F2AED0AC-9AFE-416F-8664-AA7FFA26D6FC): 1
LogDevObjectVersion:   Dev-Destruction (174F1F0B-B4C6-45A5-B13F-2EE8D0FB917D): 10
LogDevObjectVersion:   Dev-Physics-Ext (35F94A83-E258-406C-A318-09F59610247C): 41
LogDevObjectVersion:   Dev-PhysicsMaterial-Chaos (B68FC16E-8B1B-42E2-B453-215C058844FE): 1
LogDevObjectVersion:   Dev-CineCamera (B2E18506-4273-CFC2-A54E-F4BB758BBA07): 1
LogDevObjectVersion:   Dev-VirtualProduction (64F58936-FD1B-42BA-BA96-7289D5D0FA4E): 1
LogDevObjectVersion:   Dev-MediaFramework (6F0ED827-A609-4895-9C91-998D90180EA4): 2
LogInit: Presizing for max 25165824 objects, including 0 objects not considered by GC, pre-allocating 0 bytes for permanent pool.
LogConfig: Applying CVar settings from Section [/Script/Engine.StreamingSettings] File [C:/Users/fraci/Documents/Unreal Projects/Grafica 1/Saved/Config/Windows/Engine.ini]
LogConfig: Setting CVar [[s.MinBulkDataSizeForAsyncLoading:131072]]
LogConfig: Setting CVar [[s.AsyncLoadingThreadEnabled:0]]
LogConfig: Setting CVar [[s.EventDrivenLoaderEnabled:1]]
LogConfig: Setting CVar [[s.WarnIfTimeLimitExceeded:0]]
LogConfig: Setting CVar [[s.TimeLimitExceededMultiplier:1.5]]
LogConfig: Setting CVar [[s.TimeLimitExceededMinTime:0.005]]
LogConfig: Setting CVar [[s.UseBackgroundLevelStreaming:1]]
LogConfig: Setting CVar [[s.PriorityAsyncLoadingExtraTime:15.0]]
LogConfig: Setting CVar [[s.LevelStreamingActorsUpdateTimeLimit:5.0]]
LogConfig: Setting CVar [[s.PriorityLevelStreamingActorsUpdateExtraTime:5.0]]
LogConfig: Setting CVar [[s.LevelStreamingComponentsRegistrationGranularity:10]]
LogConfig: Setting CVar [[s.UnregisterComponentsTimeLimit:1.0]]
LogConfig: Setting CVar [[s.LevelStreamingComponentsUnregistrationGranularity:5]]
LogConfig: Setting CVar [[s.FlushStreamingOnExit:1]]
LogInit: Object subsystem initialized
LogConfig: Setting CVar [[con.DebugEarlyDefault:1]]
LogConfig: Setting CVar [[r.setres:1280x720]]
[2021.11.19-03.18.25:537][  0]LogConfig: Setting CVar [[r.VSync:0]]
[2021.11.19-03.18.25:537][  0]LogConfig: Setting CVar [[r.RHICmdBypass:0]]
[2021.11.19-03.18.25:537][  0]LogConfig: Applying CVar settings from Section [/Script/Engine.RendererSettings] File [C:/Users/fraci/Documents/Unreal Projects/Grafica 1/Saved/Config/Windows/Engine.ini]
[2021.11.19-03.18.25:538][  0]LogConfig: Setting CVar [[r.GPUCrashDebugging:0]]
[2021.11.19-03.18.25:538][  0]LogConfig: Setting CVar [[r.GenerateMeshDistanceFields:1]]
[2021.11.19-03.18.25:538][  0]LogConfig: Applying CVar settings from Section [/Script/Engine.RendererOverrideSettings] File [C:/Users/fraci/Documents/Unreal Projects/Grafica 1/Saved/Config/Windows/Engine.ini]
[2021.11.19-03.18.25:538][  0]LogConfig: Applying CVar settings from Section [/Script/Engine.StreamingSettings] File [C:/Users/fraci/Documents/Unreal Projects/Grafica 1/Saved/Config/Windows/Engine.ini]
[2021.11.19-03.18.25:538][  0]LogConfig: Setting CVar [[s.MinBulkDataSizeForAsyncLoading:131072]]
[2021.11.19-03.18.25:538][  0]LogConfig: Setting CVar [[s.AsyncLoadingThreadEnabled:0]]
[2021.11.19-03.18.25:538][  0]LogConfig: Setting CVar [[s.EventDrivenLoaderEnabled:1]]
[2021.11.19-03.18.25:538][  0]LogConfig: Setting CVar [[s.WarnIfTimeLimitExceeded:0]]
[2021.11.19-03.18.25:538][  0]LogConfig: Setting CVar [[s.TimeLimitExceededMultiplier:1.5]]
[2021.11.19-03.18.25:538][  0]LogConfig: Setting CVar [[s.TimeLimitExceededMinTime:0.005]]
[2021.11.19-03.18.25:538][  0]LogConfig: Setting CVar [[s.UseBackgroundLevelStreaming:1]]
[2021.11.19-03.18.25:538][  0]LogConfig: Setting CVar [[s.PriorityAsyncLoadingExtraTime:15.0]]
[2021.11.19-03.18.25:538][  0]LogConfig: Setting CVar [[s.LevelStreamingActorsUpdateTimeLimit:5.0]]
[2021.11.19-03.18.25:538][  0]LogConfig: Setting CVar [[s.PriorityLevelStreamingActorsUpdateExtraTime:5.0]]
[2021.11.19-03.18.25:538][  0]LogConfig: Setting CVar [[s.LevelStreamingComponentsRegistrationGranularity:10]]
[2021.11.19-03.18.25:538][  0]LogConfig: Setting CVar [[s.UnregisterComponentsTimeLimit:1.0]]
[2021.11.19-03.18.25:538][  0]LogConfig: Setting CVar [[s.LevelStreamingComponentsUnregistrationGranularity:5]]
[2021.11.19-03.18.25:538][  0]LogConfig: Setting CVar [[s.FlushStreamingOnExit:1]]
[2021.11.19-03.18.25:538][  0]LogConfig: Applying CVar settings from Section [/Script/Engine.GarbageCollectionSettings] File [C:/Users/fraci/Documents/Unreal Projects/Grafica 1/Saved/Config/Windows/Engine.ini]
[2021.11.19-03.18.25:538][  0]LogConfig: Setting CVar [[gc.MaxObjectsNotConsideredByGC:1]]
[2021.11.19-03.18.25:538][  0]LogConfig: Setting CVar [[gc.SizeOfPermanentObjectPool:0]]
[2021.11.19-03.18.25:538][  0]LogConfig: Setting CVar [[gc.FlushStreamingOnGC:0]]
[2021.11.19-03.18.25:538][  0]LogConfig: Setting CVar [[gc.NumRetriesBeforeForcingGC:10]]
[2021.11.19-03.18.25:538][  0]LogConfig: Setting CVar [[gc.AllowParallelGC:1]]
[2021.11.19-03.18.25:538][  0]LogConfig: Setting CVar [[gc.TimeBetweenPurgingPendingKillObjects:61.1]]
[2021.11.19-03.18.25:538][  0]LogConfig: Setting CVar [[gc.MaxObjectsInEditor:25165824]]
[2021.11.19-03.18.25:538][  0]LogConfig: Setting CVar [[gc.IncrementalBeginDestroyEnabled:1]]
[2021.11.19-03.18.25:538][  0]LogConfig: Setting CVar [[gc.CreateGCClusters:1]]
[2021.11.19-03.18.25:538][  0]LogConfig: Setting CVar [[gc.MinGCClusterSize:5]]
[2021.11.19-03.18.25:538][  0]LogConfig: Setting CVar [[gc.ActorClusteringEnabled:0]]
[2021.11.19-03.18.25:538][  0]LogConfig: Setting CVar [[gc.BlueprintClusteringEnabled:0]]
[2021.11.19-03.18.25:538][  0]LogConfig: Setting CVar [[gc.UseDisregardForGCOnDedicatedServers:0]]
[2021.11.19-03.18.25:538][  0]LogConfig: Setting CVar [[gc.MultithreadedDestructionEnabled:1]]
[2021.11.19-03.18.25:538][  0]LogConfig: Applying CVar settings from Section [/Script/Engine.NetworkSettings] File [C:/Users/fraci/Documents/Unreal Projects/Grafica 1/Saved/Config/Windows/Engine.ini]
[2021.11.19-03.18.25:538][  0]LogConfig: Applying CVar settings from Section [/Script/UnrealEd.CookerSettings] File [C:/Users/fraci/Documents/Unreal Projects/Grafica 1/Saved/Config/Windows/Engine.ini]
[2021.11.19-03.18.25:544][  0]LogConfig: Applying CVar settings from Section [ViewDistanceQuality@3] File [C:/Users/fraci/Documents/Unreal Projects/Grafica 1/Saved/Config/Windows/Scalability.ini]
[2021.11.19-03.18.25:544][  0]LogConfig: Setting CVar [[r.SkeletalMeshLODBias:0]]
[2021.11.19-03.18.25:544][  0]LogConfig: Setting CVar [[r.ViewDistanceScale:1.0]]
[2021.11.19-03.18.25:544][  0]LogConfig: Applying CVar settings from Section [AntiAliasingQuality@3] File [C:/Users/fraci/Documents/Unreal Projects/Grafica 1/Saved/Config/Windows/Scalability.ini]
[2021.11.19-03.18.25:544][  0]LogConfig: Setting CVar [[r.PostProcessAAQuality:4]]
[2021.11.19-03.18.25:544][  0]LogConfig: Applying CVar settings from Section [ShadowQuality@3] File [C:/Users/fraci/Documents/Unreal Projects/Grafica 1/Saved/Config/Windows/Scalability.ini]
[2021.11.19-03.18.25:544][  0]LogConfig: Setting CVar [[r.LightFunctionQuality:1]]
[2021.11.19-03.18.25:544][  0]LogConfig: Setting CVar [[r.ShadowQuality:5]]
[2021.11.19-03.18.25:544][  0]LogConfig: Setting CVar [[r.Shadow.CSM.MaxCascades:10]]
[2021.11.19-03.18.25:544][  0]LogConfig: Setting CVar [[r.Shadow.MaxResolution:2048]]
[2021.11.19-03.18.25:544][  0]LogConfig: Setting CVar [[r.Shadow.MaxCSMResolution:2048]]
[2021.11.19-03.18.25:544][  0]LogConfig: Setting CVar [[r.Shadow.RadiusThreshold:0.01]]
[2021.11.19-03.18.25:544][  0]LogConfig: Setting CVar [[r.Shadow.DistanceScale:1.0]]
[2021.11.19-03.18.25:544][  0]LogConfig: Setting CVar [[r.Shadow.CSM.TransitionScale:1.0]]
[2021.11.19-03.18.25:544][  0]LogConfig: Setting CVar [[r.Shadow.PreShadowResolutionFactor:1.0]]
[2021.11.19-03.18.25:544][  0]LogConfig: Setting CVar [[r.DistanceFieldShadowing:1]]
[2021.11.19-03.18.25:544][  0]LogConfig: Setting CVar [[r.DistanceFieldAO:1]]
[2021.11.19-03.18.25:544][  0]LogConfig: Setting CVar [[r.AOQuality:2]]
[2021.11.19-03.18.25:544][  0]LogConfig: Setting CVar [[r.VolumetricFog:1]]
[2021.11.19-03.18.25:544][  0]LogConfig: Setting CVar [[r.VolumetricFog.GridPixelSize:8]]
[2021.11.19-03.18.25:544][  0]LogConfig: Setting CVar [[r.VolumetricFog.GridSizeZ:128]]
[2021.11.19-03.18.25:544][  0]LogConfig: Setting CVar [[r.VolumetricFog.HistoryMissSupersampleCount:4]]
[2021.11.19-03.18.25:544][  0]LogConfig: Setting CVar [[r.LightMaxDrawDistanceScale:1]]
[2021.11.19-03.18.25:544][  0]LogConfig: Setting CVar [[r.CapsuleShadows:1]]
[2021.11.19-03.18.25:544][  0]LogConfig: Applying CVar settings from Section [PostProcessQuality@3] File [C:/Users/fraci/Documents/Unreal Projects/Grafica 1/Saved/Config/Windows/Scalability.ini]
[2021.11.19-03.18.25:544][  0]LogConfig: Setting CVar [[r.MotionBlurQuality:4]]
[2021.11.19-03.18.25:544][  0]LogConfig: Setting CVar [[r.AmbientOcclusionMipLevelFactor:0.4]]
[2021.11.19-03.18.25:544][  0]LogConfig: Setting CVar [[r.AmbientOcclusionMaxQuality:100]]
[2021.11.19-03.18.25:544][  0]LogConfig: Setting CVar [[r.AmbientOcclusionLevels:-1]]
[2021.11.19-03.18.25:544][  0]LogConfig: Setting CVar [[r.AmbientOcclusionRadiusScale:1.0]]
[2021.11.19-03.18.25:544][  0]LogConfig: Setting CVar [[r.DepthOfFieldQuality:2]]
[2021.11.19-03.18.25:544][  0]LogConfig: Setting CVar [[r.RenderTargetPoolMin:400]]
[2021.11.19-03.18.25:544][  0]LogConfig: Setting CVar [[r.LensFlareQuality:2]]
[2021.11.19-03.18.25:544][  0]LogConfig: Setting CVar [[r.SceneColorFringeQuality:1]]
[2021.11.19-03.18.25:544][  0]LogConfig: Setting CVar [[r.EyeAdaptationQuality:2]]
[2021.11.19-03.18.25:544][  0]LogConfig: Setting CVar [[r.BloomQuality:5]]
[2021.11.19-03.18.25:544][  0]LogConfig: Setting CVar [[r.FastBlurThreshold:100]]
[2021.11.19-03.18.25:544][  0]LogConfig: Setting CVar [[r.Upscale.Quality:3]]
[2021.11.19-03.18.25:544][  0]LogConfig: Setting CVar [[r.Tonemapper.GrainQuantization:1]]
[2021.11.19-03.18.25:544][  0]LogConfig: Setting CVar [[r.LightShaftQuality:1]]
[2021.11.19-03.18.25:544][  0]LogConfig: Setting CVar [[r.Filter.SizeScale:1]]
[2021.11.19-03.18.25:544][  0]LogConfig: Setting CVar [[r.Tonemapper.Quality:5]]
[2021.11.19-03.18.25:544][  0]LogConfig: Setting CVar [[r.DOF.Gather.AccumulatorQuality:1        ; higher gathering accumulator quality]]
[2021.11.19-03.18.25:544][  0]LogConfig: Setting CVar [[r.DOF.Gather.PostfilterMethod:1          ; Median3x3 postfilering method]]
[2021.11.19-03.18.25:544][  0]LogConfig: Setting CVar [[r.DOF.Gather.EnableBokehSettings:0       ; no bokeh simulation when gathering]]
[2021.11.19-03.18.25:544][  0]LogConfig: Setting CVar [[r.DOF.Gather.RingCount:4                 ; medium number of samples when gathering]]
[2021.11.19-03.18.25:544][  0]LogConfig: Setting CVar [[r.DOF.Scatter.ForegroundCompositing:1    ; additive foreground scattering]]
[2021.11.19-03.18.25:544][  0]LogConfig: Setting CVar [[r.DOF.Scatter.BackgroundCompositing:2    ; additive background scattering]]
[2021.11.19-03.18.25:544][  0]LogConfig: Setting CVar [[r.DOF.Scatter.EnableBokehSettings:1      ; bokeh simulation when scattering]]
[2021.11.19-03.18.25:544][  0]LogConfig: Setting CVar [[r.DOF.Scatter.MaxSpriteRatio:0.1         ; only a maximum of 10% of scattered bokeh]]
[2021.11.19-03.18.25:544][  0]LogConfig: Setting CVar [[r.DOF.Recombine.Quality:1                ; cheap slight out of focus]]
[2021.11.19-03.18.25:544][  0]LogConfig: Setting CVar [[r.DOF.Recombine.EnableBokehSettings:0    ; no bokeh simulation on slight out of focus]]
[2021.11.19-03.18.25:544][  0]LogConfig: Setting CVar [[r.DOF.TemporalAAQuality:1                ; more stable temporal accumulation]]
[2021.11.19-03.18.25:544][  0]LogConfig: Setting CVar [[r.DOF.Kernel.MaxForegroundRadius:0.025]]
[2021.11.19-03.18.25:544][  0]LogConfig: Setting CVar [[r.DOF.Kernel.MaxBackgroundRadius:0.025]]
[2021.11.19-03.18.25:544][  0]LogConfig: Applying CVar settings from Section [TextureQuality@3] File [C:/Users/fraci/Documents/Unreal Projects/Grafica 1/Saved/Config/Windows/Scalability.ini]
[2021.11.19-03.18.25:544][  0]LogConfig: Setting CVar [[r.Streaming.MipBias:0]]
[2021.11.19-03.18.25:544][  0]LogConfig: Setting CVar [[r.Streaming.AmortizeCPUToGPUCopy:0]]
[2021.11.19-03.18.25:545][  0]LogConfig: Setting CVar [[r.Streaming.MaxNumTexturesToStreamPerFrame:0]]
[2021.11.19-03.18.25:545][  0]LogConfig: Setting CVar [[r.Streaming.Boost:1]]
[2021.11.19-03.18.25:545][  0]LogConfig: Setting CVar [[r.MaxAnisotropy:8]]
[2021.11.19-03.18.25:545][  0]LogConfig: Setting CVar [[r.VT.MaxAnisotropy:8]]
[2021.11.19-03.18.25:545][  0]LogConfig: Setting CVar [[r.Streaming.LimitPoolSizeToVRAM:0]]
[2021.11.19-03.18.25:545][  0]LogConfig: Setting CVar [[r.Streaming.PoolSize:1000]]
[2021.11.19-03.18.25:545][  0]LogConfig: Setting CVar [[r.Streaming.MaxEffectiveScreenSize:0]]
[2021.11.19-03.18.25:545][  0]LogConfig: Applying CVar settings from Section [EffectsQuality@3] File [C:/Users/fraci/Documents/Unreal Projects/Grafica 1/Saved/Config/Windows/Scalability.ini]
[2021.11.19-03.18.25:545][  0]LogConfig: Setting CVar [[r.TranslucencyLightingVolumeDim:64]]
[2021.11.19-03.18.25:545][  0]LogConfig: Setting CVar [[r.RefractionQuality:2]]
[2021.11.19-03.18.25:545][  0]LogConfig: Setting CVar [[r.SSR.Quality:3]]
[2021.11.19-03.18.25:545][  0]LogConfig: Setting CVar [[r.SSR.HalfResSceneColor:0]]
[2021.11.19-03.18.25:545][  0]LogConfig: Setting CVar [[r.SceneColorFormat:4]]
[2021.11.19-03.18.25:545][  0]LogConfig: Setting CVar [[r.DetailMode:2]]
[2021.11.19-03.18.25:545][  0]LogConfig: Setting CVar [[r.TranslucencyVolumeBlur:1]]
[2021.11.19-03.18.25:545][  0]LogConfig: Setting CVar [[r.MaterialQualityLevel:1 ; High quality]]
[2021.11.19-03.18.25:545][  0]LogConfig: Setting CVar [[r.AnisotropicMaterials:1]]
[2021.11.19-03.18.25:545][  0]LogConfig: Setting CVar [[r.SSS.Scale:1]]
[2021.11.19-03.18.25:545][  0]LogConfig: Setting CVar [[r.SSS.SampleSet:2]]
[2021.11.19-03.18.25:545][  0]LogConfig: Setting CVar [[r.SSS.Quality:1]]
[2021.11.19-03.18.25:545][  0]LogConfig: Setting CVar [[r.SSS.HalfRes:0]]
[2021.11.19-03.18.25:545][  0]LogConfig: Setting CVar [[r.SSGI.Quality:3]]
[2021.11.19-03.18.25:545][  0]LogConfig: Setting CVar [[r.EmitterSpawnRateScale:1.0]]
[2021.11.19-03.18.25:545][  0]LogConfig: Setting CVar [[r.ParticleLightQuality:2]]
[2021.11.19-03.18.25:545][  0]LogConfig: Setting CVar [[r.SkyAtmosphere.AerialPerspectiveLUT.FastApplyOnOpaque:1 ; Always have FastSkyLUT 1 in this case to avoid wrong sky]]
[2021.11.19-03.18.25:545][  0]LogConfig: Setting CVar [[r.SkyAtmosphere.AerialPerspectiveLUT.SampleCountMaxPerSlice:4]]
[2021.11.19-03.18.25:545][  0]LogConfig: Setting CVar [[r.SkyAtmosphere.AerialPerspectiveLUT.DepthResolution:16.0]]
[2021.11.19-03.18.25:545][  0]LogConfig: Setting CVar [[r.SkyAtmosphere.FastSkyLUT:1]]
[2021.11.19-03.18.25:545][  0]LogConfig: Setting CVar [[r.SkyAtmosphere.FastSkyLUT.SampleCountMin:4.0]]
[2021.11.19-03.18.25:545][  0]LogConfig: Setting CVar [[r.SkyAtmosphere.FastSkyLUT.SampleCountMax:128.0]]
[2021.11.19-03.18.25:545][  0]LogConfig: Setting CVar [[r.SkyAtmosphere.SampleCountMin:4.0]]
[2021.11.19-03.18.25:545][  0]LogConfig: Setting CVar [[r.SkyAtmosphere.SampleCountMax:128.0]]
[2021.11.19-03.18.25:545][  0]LogConfig: Setting CVar [[r.SkyAtmosphere.TransmittanceLUT.UseSmallFormat:0]]
[2021.11.19-03.18.25:545][  0]LogConfig: Setting CVar [[r.SkyAtmosphere.TransmittanceLUT.SampleCount:10.0]]
[2021.11.19-03.18.25:545][  0]LogConfig: Setting CVar [[r.SkyAtmosphere.MultiScatteringLUT.SampleCount:15.0]]
[2021.11.19-03.18.25:545][  0]LogConfig: Setting CVar [[r.SkyLight.RealTimeReflectionCapture:1]]
[2021.11.19-03.18.25:545][  0]LogConfig: Applying CVar settings from Section [FoliageQuality@3] File [C:/Users/fraci/Documents/Unreal Projects/Grafica 1/Saved/Config/Windows/Scalability.ini]
[2021.11.19-03.18.25:545][  0]LogConfig: Setting CVar [[foliage.DensityScale:1.0]]
[2021.11.19-03.18.25:545][  0]LogConfig: Setting CVar [[grass.DensityScale:1.0]]
[2021.11.19-03.18.25:545][  0]LogConfig: Applying CVar settings from Section [ShadingQuality@3] File [C:/Users/fraci/Documents/Unreal Projects/Grafica 1/Saved/Config/Windows/Scalability.ini]
[2021.11.19-03.18.25:545][  0]LogConfig: Setting CVar [[r.HairStrands.SkyLighting.IntegrationType:2]]
[2021.11.19-03.18.25:545][  0]LogConfig: Setting CVar [[r.HairStrands.SkyAO.SampleCount:4]]
[2021.11.19-03.18.25:545][  0]LogConfig: Setting CVar [[r.HairStrands.Visibility.MSAA.SamplePerPixel:4]]
[2021.11.19-03.18.25:545][  0]LogInit: Selected Device Profile: [Windows]
[2021.11.19-03.18.25:545][  0]LogInit: Applying CVar settings loaded from the selected device profile: [Windows]
[2021.11.19-03.18.25:545][  0]LogHAL: Display: Platform has ~ 16 GB [17078771712 / 17179869184 / 16], which maps to Larger [LargestMinGB=32, LargerMinGB=12, DefaultMinGB=8, SmallerMinGB=6, SmallestMinGB=0)
[2021.11.19-03.18.25:545][  0]LogInit: Going up to parent DeviceProfile []
[2021.11.19-03.18.25:545][  0]LogConfig: Applying CVar settings from Section [ViewDistanceQuality@0] File [C:/Users/fraci/Documents/Unreal Projects/Grafica 1/Saved/Config/Windows/Scalability.ini]
[2021.11.19-03.18.25:545][  0]LogConfig: Setting CVar [[r.SkeletalMeshLODBias:2]]
[2021.11.19-03.18.25:545][  0]LogConfig: Setting CVar [[r.ViewDistanceScale:0.4]]
[2021.11.19-03.18.25:545][  0]LogConfig: Applying CVar settings from Section [AntiAliasingQuality@0] File [C:/Users/fraci/Documents/Unreal Projects/Grafica 1/Saved/Config/Windows/Scalability.ini]
[2021.11.19-03.18.25:545][  0]LogConfig: Setting CVar [[r.PostProcessAAQuality:0]]
[2021.11.19-03.18.25:545][  0]LogConfig: Applying CVar settings from Section [ShadowQuality@0] File [C:/Users/fraci/Documents/Unreal Projects/Grafica 1/Saved/Config/Windows/Scalability.ini]
[2021.11.19-03.18.25:545][  0]LogConfig: Setting CVar [[r.LightFunctionQuality:0]]
[2021.11.19-03.18.25:545][  0]LogConfig: Setting CVar [[r.ShadowQuality:0]]
[2021.11.19-03.18.25:545][  0]LogConfig: Setting CVar [[r.Shadow.CSM.MaxCascades:1]]
[2021.11.19-03.18.25:545][  0]LogConfig: Setting CVar [[r.Shadow.MaxResolution:512]]
[2021.11.19-03.18.25:545][  0]LogConfig: Setting CVar [[r.Shadow.MaxCSMResolution:512]]
[2021.11.19-03.18.25:545][  0]LogConfig: Setting CVar [[r.Shadow.RadiusThreshold:0.06]]
[2021.11.19-03.18.25:545][  0]LogConfig: Setting CVar [[r.Shadow.DistanceScale:0.6]]
[2021.11.19-03.18.25:545][  0]LogConfig: Setting CVar [[r.Shadow.CSM.TransitionScale:0]]
[2021.11.19-03.18.25:545][  0]LogConfig: Setting CVar [[r.Shadow.PreShadowResolutionFactor:0.5]]
[2021.11.19-03.18.25:545][  0]LogConfig: Setting CVar [[r.DistanceFieldShadowing:0]]
[2021.11.19-03.18.25:545][  0]LogConfig: Setting CVar [[r.DistanceFieldAO:0]]
[2021.11.19-03.18.25:545][  0]LogConfig: Setting CVar [[r.VolumetricFog:0]]
[2021.11.19-03.18.25:545][  0]LogConfig: Setting CVar [[r.LightMaxDrawDistanceScale:0]]
[2021.11.19-03.18.25:545][  0]LogConfig: Setting CVar [[r.CapsuleShadows:0]]
[2021.11.19-03.18.25:545][  0]LogConfig: Applying CVar settings from Section [PostProcessQuality@0] File [C:/Users/fraci/Documents/Unreal Projects/Grafica 1/Saved/Config/Windows/Scalability.ini]
[2021.11.19-03.18.25:545][  0]LogConfig: Setting CVar [[r.MotionBlurQuality:0]]
[2021.11.19-03.18.25:546][  0]LogConfig: Setting CVar [[r.AmbientOcclusionMipLevelFactor:1.0]]
[2021.11.19-03.18.25:546][  0]LogConfig: Setting CVar [[r.AmbientOcclusionMaxQuality:0]]
[2021.11.19-03.18.25:546][  0]LogConfig: Setting CVar [[r.AmbientOcclusionLevels:0]]
[2021.11.19-03.18.25:546][  0]LogConfig: Setting CVar [[r.AmbientOcclusionRadiusScale:1.2]]
[2021.11.19-03.18.25:546][  0]LogConfig: Setting CVar [[r.DepthOfFieldQuality:0]]
[2021.11.19-03.18.25:546][  0]LogConfig: Setting CVar [[r.RenderTargetPoolMin:300]]
[2021.11.19-03.18.25:546][  0]LogConfig: Setting CVar [[r.LensFlareQuality:0]]
[2021.11.19-03.18.25:546][  0]LogConfig: Setting CVar [[r.SceneColorFringeQuality:0]]
[2021.11.19-03.18.25:546][  0]LogConfig: Setting CVar [[r.EyeAdaptationQuality:2]]
[2021.11.19-03.18.25:546][  0]LogConfig: Setting CVar [[r.BloomQuality:4]]
[2021.11.19-03.18.25:546][  0]LogConfig: Setting CVar [[r.FastBlurThreshold:0]]
[2021.11.19-03.18.25:546][  0]LogConfig: Setting CVar [[r.Upscale.Quality:1]]
[2021.11.19-03.18.25:546][  0]LogConfig: Setting CVar [[r.Tonemapper.GrainQuantization:0]]
[2021.11.19-03.18.25:546][  0]LogConfig: Setting CVar [[r.LightShaftQuality:0]]
[2021.11.19-03.18.25:546][  0]LogConfig: Setting CVar [[r.Filter.SizeScale:0.6]]
[2021.11.19-03.18.25:546][  0]LogConfig: Setting CVar [[r.Tonemapper.Quality:0]]
[2021.11.19-03.18.25:546][  0]LogConfig: Applying CVar settings from Section [TextureQuality@0] File [C:/Users/fraci/Documents/Unreal Projects/Grafica 1/Saved/Config/Windows/Scalability.ini]
[2021.11.19-03.18.25:546][  0]LogConfig: Setting CVar [[r.Streaming.MipBias:16]]
[2021.11.19-03.18.25:546][  0]LogConfig: Setting CVar [[r.Streaming.AmortizeCPUToGPUCopy:1]]
[2021.11.19-03.18.25:546][  0]LogConfig: Setting CVar [[r.Streaming.MaxNumTexturesToStreamPerFrame:1]]
[2021.11.19-03.18.25:546][  0]LogConfig: Setting CVar [[r.Streaming.Boost:0.3]]
[2021.11.19-03.18.25:546][  0]LogConfig: Setting CVar [[r.MaxAnisotropy:0]]
[2021.11.19-03.18.25:546][  0]LogConfig: Setting CVar [[r.VT.MaxAnisotropy:4]]
[2021.11.19-03.18.25:546][  0]LogConfig: Setting CVar [[r.Streaming.LimitPoolSizeToVRAM:1]]
[2021.11.19-03.18.25:546][  0]LogConfig: Setting CVar [[r.Streaming.PoolSize:400]]
[2021.11.19-03.18.25:546][  0]LogConfig: Setting CVar [[r.Streaming.MaxEffectiveScreenSize:0]]
[2021.11.19-03.18.25:546][  0]LogConfig: Applying CVar settings from Section [EffectsQuality@0] File [C:/Users/fraci/Documents/Unreal Projects/Grafica 1/Saved/Config/Windows/Scalability.ini]
[2021.11.19-03.18.25:546][  0]LogConfig: Setting CVar [[r.TranslucencyLightingVolumeDim:24]]
[2021.11.19-03.18.25:546][  0]LogConfig: Setting CVar [[r.RefractionQuality:0]]
[2021.11.19-03.18.25:546][  0]LogConfig: Setting CVar [[r.SSR.Quality:0]]
[2021.11.19-03.18.25:546][  0]LogConfig: Setting CVar [[r.SSR.HalfResSceneColor:1]]
[2021.11.19-03.18.25:546][  0]LogConfig: Setting CVar [[r.SceneColorFormat:3]]
[2021.11.19-03.18.25:546][  0]LogConfig: Setting CVar [[r.DetailMode:0]]
[2021.11.19-03.18.25:546][  0]LogConfig: Setting CVar [[r.TranslucencyVolumeBlur:0]]
[2021.11.19-03.18.25:546][  0]LogConfig: Setting CVar [[r.MaterialQualityLevel:0 ; Low quality]]
[2021.11.19-03.18.25:546][  0]LogConfig: Setting CVar [[r.AnisotropicMaterials:0]]
[2021.11.19-03.18.25:546][  0]LogConfig: Setting CVar [[r.SSS.Scale:0]]
[2021.11.19-03.18.25:546][  0]LogConfig: Setting CVar [[r.SSS.SampleSet:0]]
[2021.11.19-03.18.25:546][  0]LogConfig: Setting CVar [[r.SSS.Quality:0]]
[2021.11.19-03.18.25:546][  0]LogConfig: Setting CVar [[r.SSS.HalfRes:1]]
[2021.11.19-03.18.25:546][  0]LogConfig: Setting CVar [[r.SSGI.Quality:0]]
[2021.11.19-03.18.25:546][  0]LogConfig: Setting CVar [[r.EmitterSpawnRateScale:0.125]]
[2021.11.19-03.18.25:546][  0]LogConfig: Setting CVar [[r.ParticleLightQuality:0]]
[2021.11.19-03.18.25:546][  0]LogConfig: Setting CVar [[r.SkyAtmosphere.AerialPerspectiveLUT.FastApplyOnOpaque:1 ; Always have FastSkyLUT 1 in this case to avoid wrong sky]]
[2021.11.19-03.18.25:546][  0]LogConfig: Setting CVar [[r.SkyAtmosphere.AerialPerspectiveLUT.SampleCountMaxPerSlice:1]]
[2021.11.19-03.18.25:546][  0]LogConfig: Setting CVar [[r.SkyAtmosphere.AerialPerspectiveLUT.DepthResolution:8.0]]
[2021.11.19-03.18.25:546][  0]LogConfig: Setting CVar [[r.SkyAtmosphere.FastSkyLUT:1]]
[2021.11.19-03.18.25:546][  0]LogConfig: Setting CVar [[r.SkyAtmosphere.FastSkyLUT.SampleCountMin:2.0]]
[2021.11.19-03.18.25:546][  0]LogConfig: Setting CVar [[r.SkyAtmosphere.FastSkyLUT.SampleCountMax:16.0]]
[2021.11.19-03.18.25:546][  0]LogConfig: Setting CVar [[r.SkyAtmosphere.SampleCountMin:2.0]]
[2021.11.19-03.18.25:546][  0]LogConfig: Setting CVar [[r.SkyAtmosphere.SampleCountMax:16.0]]
[2021.11.19-03.18.25:546][  0]LogConfig: Setting CVar [[r.SkyAtmosphere.TransmittanceLUT.UseSmallFormat:1]]
[2021.11.19-03.18.25:546][  0]LogConfig: Setting CVar [[r.SkyAtmosphere.TransmittanceLUT.SampleCount:10.0]]
[2021.11.19-03.18.25:546][  0]LogConfig: Setting CVar [[r.SkyAtmosphere.MultiScatteringLUT.SampleCount:15.0]]
[2021.11.19-03.18.25:546][  0]LogConfig: Setting CVar [[r.SkyLight.RealTimeReflectionCapture:0]]
[2021.11.19-03.18.25:546][  0]LogConfig: Applying CVar settings from Section [FoliageQuality@0] File [C:/Users/fraci/Documents/Unreal Projects/Grafica 1/Saved/Config/Windows/Scalability.ini]
[2021.11.19-03.18.25:546][  0]LogConfig: Setting CVar [[foliage.DensityScale:0]]
[2021.11.19-03.18.25:546][  0]LogConfig: Setting CVar [[grass.DensityScale:0]]
[2021.11.19-03.18.25:546][  0]LogConfig: Applying CVar settings from Section [ShadingQuality@0] File [C:/Users/fraci/Documents/Unreal Projects/Grafica 1/Saved/Config/Windows/Scalability.ini]
[2021.11.19-03.18.25:546][  0]LogConfig: Setting CVar [[r.HairStrands.SkyLighting.IntegrationType:2]]
[2021.11.19-03.18.25:546][  0]LogConfig: Setting CVar [[r.HairStrands.SkyAO.SampleCount:4]]
[2021.11.19-03.18.25:546][  0]LogConfig: Setting CVar [[r.HairStrands.Visibility.MSAA.SamplePerPixel:1]]
[2021.11.19-03.18.25:546][  0]LogConfig: Applying CVar settings from Section [Startup] File [../../../Engine/Config/ConsoleVariables.ini]
[2021.11.19-03.18.25:547][  0]LogConfig: Setting CVar [[net.UseAdaptiveNetUpdateFrequency:0]]
[2021.11.19-03.18.25:547][  0]LogConfig: Setting CVar [[p.chaos.AllowCreatePhysxBodies:1]]
[2021.11.19-03.18.25:547][  0]LogConfig: Setting CVar [[fx.SkipVectorVMBackendOptimizations:1]]
[2021.11.19-03.18.25:547][  0]LogConfig: Applying CVar settings from Section [ConsoleVariables] File [C:/Users/fraci/Documents/Unreal Projects/Grafica 1/Saved/Config/Windows/Engine.ini]
[2021.11.19-03.18.25:547][  0]LogConfig: Applying CVar settings from Section [ConsoleVariables] File [C:/Users/fraci/Documents/Unreal Projects/Grafica 1/Saved/Config/Windows/Editor.ini]
[2021.11.19-03.18.25:548][  0]LogInit: Computer: DESKTOP-LC84CI9
[2021.11.19-03.18.25:548][  0]LogInit: User: fraci
[2021.11.19-03.18.25:549][  0]LogInit: CPU Page size=4096, Cores=6
[2021.11.19-03.18.25:549][  0]LogInit: High frequency timer resolution =10.000000 MHz
[2021.11.19-03.18.25:549][  0]LogMemory: Memory total: Physical=15.9GB (16GB approx)
[2021.11.19-03.18.25:549][  0]LogMemory: Platform Memory Stats for Windows
[2021.11.19-03.18.25:549][  0]LogMemory: Process Physical Memory: 147.54 MB used, 147.55 MB peak
[2021.11.19-03.18.25:549][  0]LogMemory: Process Virtual Memory: 121.45 MB used, 121.45 MB peak
[2021.11.19-03.18.25:549][  0]LogMemory: Physical Memory: 10275.14 MB used,  6012.45 MB free, 16287.59 MB total
[2021.11.19-03.18.25:549][  0]LogMemory: Virtual Memory: 134211872.00 MB used,  5856.58 MB free, 134217728.00 MB total
[2021.11.19-03.18.25:843][  0]LogWindows: WindowsPlatformFeatures enabled
[2021.11.19-03.18.25:933][  0]LogInit: Physics initialised using underlying interface: PhysX
[2021.11.19-03.18.25:936][  0]LogInit: Using OS detected language (es-MX).
[2021.11.19-03.18.25:936][  0]LogInit: Using OS detected locale (es-CL).
[2021.11.19-03.18.25:956][  0]LogTextLocalizationResource: LocRes '../../../Engine/Content/Localization/Editor/es-MX/Editor.locres' could not be opened for reading!
[2021.11.19-03.18.25:956][  0]LogTextLocalizationResource: LocRes '../../../Engine/Content/Localization/EditorTutorials/es-MX/EditorTutorials.locres' could not be opened for reading!
[2021.11.19-03.18.25:957][  0]LogTextLocalizationResource: LocRes '../../../Engine/Content/Localization/Keywords/es-MX/Keywords.locres' could not be opened for reading!
[2021.11.19-03.18.25:957][  0]LogTextLocalizationResource: LocRes '../../../Engine/Content/Localization/Category/es-MX/Category.locres' could not be opened for reading!
[2021.11.19-03.18.25:957][  0]LogTextLocalizationResource: LocRes '../../../Engine/Content/Localization/ToolTips/es-MX/ToolTips.locres' could not be opened for reading!
[2021.11.19-03.18.25:957][  0]LogTextLocalizationResource: LocRes '../../../Engine/Content/Localization/PropertyNames/es-MX/PropertyNames.locres' could not be opened for reading!
[2021.11.19-03.18.25:957][  0]LogTextLocalizationResource: LocRes '../../../Engine/Content/Localization/Engine/es-MX/Engine.locres' could not be opened for reading!
[2021.11.19-03.18.25:961][  0]LogTextLocalizationResource: LocRes '../../../Engine/Plugins/Online/OnlineSubsystemUtils/Content/Localization/OnlineSubsystemUtils/es-MX/OnlineSubsystemUtils.locres' could not be opened for reading!
[2021.11.19-03.18.25:961][  0]LogTextLocalizationResource: LocRes '../../../Engine/Plugins/Online/Android/OnlineSubsystemGooglePlay/Content/Localization/OnlineSubsystemGooglePlay/es-MX/OnlineSubsystemGooglePlay.locres' could not be opened for reading!
[2021.11.19-03.18.25:961][  0]LogTextLocalizationResource: LocRes '../../../Engine/Plugins/Online/IOS/OnlineSubsystemIOS/Content/Localization/OnlineSubsystemIOS/es-MX/OnlineSubsystemIOS.locres' could not be opened for reading!
[2021.11.19-03.18.26:058][  0]LogInit: Setting process to per monitor DPI aware
[2021.11.19-03.18.26:083][  0]LogWindowsTextInputMethodSystem: Display: IME system deactivated.
[2021.11.19-03.18.26:142][  0]LogSlate: New Slate User Created.  User Index 0, Is Virtual User: 0
[2021.11.19-03.18.26:142][  0]LogSlate: Slate User Registered.  User Index 0, Is Virtual User: 0
[2021.11.19-03.18.28:170][  0]LogD3D11RHI: Loaded GFSDK_Aftermath_Lib.x64.dll
[2021.11.19-03.18.28:172][  0]LogHMD: Failed to initialize OpenVR with code 110
[2021.11.19-03.18.28:173][  0]LogD3D11RHI: D3D11 min allowed feature level: 11_0
[2021.11.19-03.18.28:173][  0]LogD3D11RHI: D3D11 max allowed feature level: 11_0
[2021.11.19-03.18.28:173][  0]LogD3D11RHI: D3D11 adapters:
[2021.11.19-03.18.28:230][  0]LogD3D11RHI:    0. 'Radeon RX550/550 Series' (Feature Level 11_0)
[2021.11.19-03.18.28:231][  0]LogD3D11RHI:       2028/0/8143 MB DedicatedVideo/DedicatedSystem/SharedSystem, Outputs:1, VendorId:0x1002
[2021.11.19-03.18.28:233][  0]LogD3D11RHI:    1. 'Microsoft Basic Render Driver' (Feature Level 11_0)
[2021.11.19-03.18.28:233][  0]LogD3D11RHI:       0/0/8143 MB DedicatedVideo/DedicatedSystem/SharedSystem, Outputs:0, VendorId:0x1414
[2021.11.19-03.18.28:233][  0]LogD3D11RHI: Chosen D3D11 Adapter:
[2021.11.19-03.18.28:233][  0]LogD3D11RHI:     Description : Radeon RX550/550 Series
[2021.11.19-03.18.28:233][  0]LogD3D11RHI:     VendorId    : 1002
[2021.11.19-03.18.28:233][  0]LogD3D11RHI:     DeviceId    : 699f
[2021.11.19-03.18.28:233][  0]LogD3D11RHI:     SubSysId    : 8a901462
[2021.11.19-03.18.28:233][  0]LogD3D11RHI:     Revision    : 00c7
[2021.11.19-03.18.28:233][  0]LogD3D11RHI:     DedicatedVideoMemory : 2126999552 bytes
[2021.11.19-03.18.28:233][  0]LogD3D11RHI:     DedicatedSystemMemory : 0 bytes
[2021.11.19-03.18.28:233][  0]LogD3D11RHI:     SharedSystemMemory : 8539385856 bytes
[2021.11.19-03.18.28:233][  0]LogD3D11RHI:     AdapterLuid : 0 60574
[2021.11.19-03.18.28:242][  0]LogD3D11RHI: Creating new Direct3DDevice
[2021.11.19-03.18.28:242][  0]LogD3D11RHI:     GPU DeviceId: 0x699f (for the marketing name, search the web for "GPU Device Id")
[2021.11.19-03.18.28:242][  0]LogWindows: EnumDisplayDevices:
[2021.11.19-03.18.28:242][  0]LogWindows:    0. 'Radeon RX550/550 Series' (P:1 D:1)
[2021.11.19-03.18.28:242][  0]LogWindows:    1. 'Radeon RX550/550 Series' (P:0 D:0)
[2021.11.19-03.18.28:242][  0]LogWindows:    2. 'Radeon RX550/550 Series' (P:0 D:0)
[2021.11.19-03.18.28:243][  0]LogWindows:    3. 'Radeon RX550/550 Series' (P:0 D:0)
[2021.11.19-03.18.28:243][  0]LogWindows:    4. 'Radeon RX550/550 Series' (P:0 D:0)
[2021.11.19-03.18.28:243][  0]LogWindows:    5. 'Radeon RX550/550 Series' (P:0 D:0)
[2021.11.19-03.18.28:243][  0]LogWindows: DebugString: FoundDriverCount:6 
[2021.11.19-03.18.28:243][  0]LogD3D11RHI:     Adapter Name: Radeon RX550/550 Series
[2021.11.19-03.18.28:243][  0]LogD3D11RHI:   Driver Version: Adrenalin 2020 21.10.2 (internal:30.0.13025.5005, unified:30.0.13025.5005)
[2021.11.19-03.18.28:243][  0]LogD3D11RHI:      Driver Date: 10-5-2021
[2021.11.19-03.18.28:244][  0]LogRHI: Texture pool is 1206 MB (70% of 1724 MB)
[2021.11.19-03.18.28:269][  0]LogD3D11RHI: Creating D3DDevice with AMD AGS, using adapter:
[2021.11.19-03.18.28:269][  0]LogD3D11RHI:     Description : Radeon RX550/550 Series
[2021.11.19-03.18.28:269][  0]LogD3D11RHI:     VendorId    : 1002
[2021.11.19-03.18.28:269][  0]LogD3D11RHI:     DeviceId    : 699f
[2021.11.19-03.18.28:269][  0]LogD3D11RHI:     SubSysId    : 8a901462
[2021.11.19-03.18.28:269][  0]LogD3D11RHI:     Revision    : 00c7
[2021.11.19-03.18.28:269][  0]LogD3D11RHI:     DedicatedVideoMemory : 2126999552 bytes
[2021.11.19-03.18.28:269][  0]LogD3D11RHI:     DedicatedSystemMemory : 0 bytes
[2021.11.19-03.18.28:269][  0]LogD3D11RHI:     SharedSystemMemory : 8539385856 bytes
[2021.11.19-03.18.28:269][  0]LogD3D11RHI:     AdapterLuid : 0 60574
[2021.11.19-03.18.28:310][  0]LogD3D11RHI: Created device via AGS, feature level 11_0, supported extensions 1fffffbf.
[2021.11.19-03.18.28:310][  0]LogD3D11RHI: RHI has support for 64 bit atomics
[2021.11.19-03.18.28:310][  0]LogD3D11RHI: Async texture creation enabled
[2021.11.19-03.18.28:310][  0]LogD3D11RHI: Array index from any shader is supported
[2021.11.19-03.18.28:330][  0]LogD3D11RHI: GPU Timing Frequency: 25.000000 (Debug: 2 1)
[2021.11.19-03.18.28:666][  0]LogTargetPlatformManager: Display: Loaded TargetPlatform 'AllDesktop'
[2021.11.19-03.18.28:692][  0]LogTargetPlatformManager: Display: Loaded TargetPlatform 'Android'
[2021.11.19-03.18.28:692][  0]LogTargetPlatformManager: Display: Loaded TargetPlatform 'Android_ASTC'
[2021.11.19-03.18.28:692][  0]LogTargetPlatformManager: Display: Loaded TargetPlatform 'Android_DXT'
[2021.11.19-03.18.28:692][  0]LogTargetPlatformManager: Display: Loaded TargetPlatform 'Android_ETC2'
[2021.11.19-03.18.28:692][  0]LogTargetPlatformManager: Display: Loaded TargetPlatform 'AndroidClient'
[2021.11.19-03.18.28:692][  0]LogTargetPlatformManager: Display: Loaded TargetPlatform 'Android_ASTCClient'
[2021.11.19-03.18.28:692][  0]LogTargetPlatformManager: Display: Loaded TargetPlatform 'Android_DXTClient'
[2021.11.19-03.18.28:692][  0]LogTargetPlatformManager: Display: Loaded TargetPlatform 'Android_ETC2Client'
[2021.11.19-03.18.28:692][  0]LogTargetPlatformManager: Display: Loaded TargetPlatform 'Android_Multi'
[2021.11.19-03.18.28:692][  0]LogTargetPlatformManager: Display: Loaded TargetPlatform 'Android_MultiClient'
[2021.11.19-03.18.28:715][  0]LogTargetPlatformManager: Display: Loaded TargetPlatform 'IOSClient'
[2021.11.19-03.18.28:715][  0]LogTargetPlatformManager: Display: Loaded TargetPlatform 'IOS'
[2021.11.19-03.18.28:727][  0]LogTargetPlatformManager: Display: Loaded TargetPlatform 'Linux'
[2021.11.19-03.18.28:733][  0]LogTargetPlatformManager: Display: Loaded TargetPlatform 'LinuxNoEditor'
[2021.11.19-03.18.28:739][  0]LogTargetPlatformManager: Display: Loaded TargetPlatform 'LinuxClient'
[2021.11.19-03.18.28:744][  0]LogTargetPlatformManager: Display: Loaded TargetPlatform 'LinuxServer'
[2021.11.19-03.18.28:759][  0]LogTargetPlatformManager: Display: Loaded TargetPlatform 'LinuxAArch64NoEditor'
[2021.11.19-03.18.28:765][  0]LogTargetPlatformManager: Display: Loaded TargetPlatform 'LinuxAArch64Client'
[2021.11.19-03.18.28:771][  0]LogTargetPlatformManager: Display: Loaded TargetPlatform 'LinuxAArch64Server'
[2021.11.19-03.18.28:800][  0]LogTargetPlatformManager: Display: Loaded TargetPlatform 'Lumin'
[2021.11.19-03.18.28:800][  0]LogTargetPlatformManager: Display: Loaded TargetPlatform 'LuminClient'
[2021.11.19-03.18.28:811][  0]LogTargetPlatformManager: Display: Loaded TargetPlatform 'MacNoEditor'
[2021.11.19-03.18.28:818][  0]LogTargetPlatformManager: Display: Loaded TargetPlatform 'Mac'
[2021.11.19-03.18.28:823][  0]LogTargetPlatformManager: Display: Loaded TargetPlatform 'MacClient'
[2021.11.19-03.18.28:828][  0]LogTargetPlatformManager: Display: Loaded TargetPlatform 'MacServer'
[2021.11.19-03.18.28:839][  0]LogTargetPlatformManager: Display: Loaded TargetPlatform 'TVOSClient'
[2021.11.19-03.18.28:840][  0]LogTargetPlatformManager: Display: Loaded TargetPlatform 'TVOS'
[2021.11.19-03.18.28:851][  0]LogTargetPlatformManager: Display: Loaded TargetPlatform 'WindowsNoEditor'
[2021.11.19-03.18.28:857][  0]LogTargetPlatformManager: Display: Loaded TargetPlatform 'Windows'
[2021.11.19-03.18.28:862][  0]LogTargetPlatformManager: Display: Loaded TargetPlatform 'WindowsClient'
[2021.11.19-03.18.28:868][  0]LogTargetPlatformManager: Display: Loaded TargetPlatform 'WindowsServer'
[2021.11.19-03.18.28:868][  0]LogTargetPlatformManager: Display: Building Assets For Windows
[2021.11.19-03.18.28:881][  0]LogAudioDebug: Display: Lib vorbis DLL was dynamically loaded.
[2021.11.19-03.18.28:938][  0]LogTextureFormatOodle: Display: Oodle Texture 2.9.0 init RDO Off
[2021.11.19-03.18.29:041][  0]LogRendererCore: Ray tracing is disabled. Reason: r.RayTracing=0.
[2021.11.19-03.18.29:041][  0]LogShaderCompilers: Guid format shader working directory is -20 characters bigger than the processId version (../../../../../../Users/fraci/Documents/Unreal Projects/Grafica 1/Intermediate/Shaders/WorkingDirectory/10468/).
[2021.11.19-03.18.29:041][  0]LogShaderCompilers: Cleaned the shader compiler working directory 'C:/Users/fraci/AppData/Local/Temp/UnrealShaderWorkingDir/6A19E0B24A9E1A8947BC9B984D48889A/'.
[2021.11.19-03.18.29:041][  0]LogXGEController: Cannot use XGE Controller as Incredibuild is not installed on this machine.
[2021.11.19-03.18.29:041][  0]LogShaderCompilers: Cannot use XGE Shader Compiler as Incredibuild is not installed on this machine.
[2021.11.19-03.18.29:041][  0]LogShaderCompilers: Display: Using Local Shader Compiler.
[2021.11.19-03.18.31:617][  0]LogDerivedDataCache: Display: Max Cache Size: 512 MB
[2021.11.19-03.18.31:950][  0]LogDerivedDataCache: Loaded boot cache 0.33s 95MB C:/Users/fraci/AppData/Local/UnrealEngine/4.27/DerivedDataCache/Boot.ddc.
[2021.11.19-03.18.31:950][  0]LogDerivedDataCache: Display: Loaded Boot cache: C:/Users/fraci/AppData/Local/UnrealEngine/4.27/DerivedDataCache/Boot.ddc
[2021.11.19-03.18.31:950][  0]LogDerivedDataCache: FDerivedDataBackendGraph:  Pak pak cache file ../../../../../../Users/fraci/Documents/Unreal Projects/Grafica 1/DerivedDataCache/DDC.ddp not found, will not use a pak cache.
[2021.11.19-03.18.31:950][  0]LogDerivedDataCache: Unable to find inner node Pak for hierarchical cache Hierarchy.
[2021.11.19-03.18.31:950][  0]LogDerivedDataCache: FDerivedDataBackendGraph:  CompressedPak pak cache file ../../../../../../Users/fraci/Documents/Unreal Projects/Grafica 1/DerivedDataCache/Compressed.ddp not found, will not use a pak cache.
[2021.11.19-03.18.31:950][  0]LogDerivedDataCache: Unable to find inner node CompressedPak for hierarchical cache Hierarchy.
[2021.11.19-03.18.31:970][  0]LogDerivedDataCache: Display: Pak cache opened for reading ../../../Engine/DerivedDataCache/Compressed.ddp.
[2021.11.19-03.18.31:971][  0]LogDerivedDataCache: FDerivedDataBackendGraph:  EnterprisePak pak cache file ../../../Enterprise/DerivedDataCache/Compressed.ddp not found, will not use a pak cache.
[2021.11.19-03.18.31:971][  0]LogDerivedDataCache: Unable to find inner node EnterprisePak for hierarchical cache Hierarchy.
[2021.11.19-03.18.31:990][  0]LogDerivedDataCache: Speed tests for C:/Users/fraci/AppData/Local/UnrealEngine/Common/DerivedDataCache took 0.02 seconds
[2021.11.19-03.18.31:990][  0]LogDerivedDataCache: Display: Performance to C:/Users/fraci/AppData/Local/UnrealEngine/Common/DerivedDataCache: Latency=0.22ms. RandomReadSpeed=83.93MBs, RandomWriteSpeed=179.17MBs. Assigned SpeedClass 'Local'
[2021.11.19-03.18.31:991][  0]LogDerivedDataCache: Using Local data cache path C:/Users/fraci/AppData/Local/UnrealEngine/Common/DerivedDataCache: Writable
[2021.11.19-03.18.31:991][  0]LogDerivedDataCache: Shared data cache path not found in *engine.ini, will not use an Shared cache.
[2021.11.19-03.18.31:991][  0]LogDerivedDataCache: Unable to find inner node Shared for hierarchical cache Hierarchy.
[2021.11.19-03.18.32:036][  0]LogSlate: Using FreeType 2.10.0
[2021.11.19-03.18.32:058][  0]LogSlate: SlateFontServices - WITH_FREETYPE: 1, WITH_HARFBUZZ: 1
[2021.11.19-03.18.32:113][  0]LogAssetRegistry: FAssetRegistry took 0.0036 seconds to start up
[2021.11.19-03.18.32:547][  0]LogInit: Selected Device Profile: [Windows]
[2021.11.19-03.18.32:547][  0]LogInit: Active device profile: [000001FEB85F9400][000001FEAA7305C0 49] Windows
[2021.11.19-03.18.32:547][  0]LogInit: Profiles: [000001FEB85F9400][000001FEAA7305C0 49] Windows, [000001FEB8576A00][000001FEB8078740 49] WindowsNoEditor, [000001FEB855FF00][000001FEB807C8C0 49] WindowsServer, [000001FEB85F8100][000001FEB5E2AA00 49] WindowsClient, [000001FEB8577E00][000001FEB8080B40 49] IOS, [000001FEB855C200][000001FEB8084C80 49] iPadAir, [000001FEB8574600][000001FEB8088DC0 49] iPadAir2, [000001FEB8524100][000001FEB8095080 49] IPadPro, [000001FEB8524200][000001FEB80910C0 49] iPadAir3, [000001FEB855C100][000001FEB8099240 49] iPadAir4, [000001FEB8526D00][000001FEB809D3C0 49] iPadMini2, [000001FEB855FA00][000001FEB80A1540 49] iPadMini3, [000001FEB8524F00][000001FEB80A56C0 49] iPadMini4, [000001FEB8574500][000001FEB80A9840 49] iPadMini5, [000001FEB851FA00][000001FEB80B1B00 49] iPhone6, [000001FEB851FB00][000001FEB80ADB40 49] iPodTouch6, [000001FEB8525800][000001FEB80B8280 49] iPhone7, [000001FEB8525C00][000001FEB80B42C0 49] iPodTouch7, [000001FEB851C300][000001FEB80EC440 49] iPhone5S, [000001FEB855F400][000001FEB80F05C0 49] iPhone6Plus, [000001FEB8525000][000001FEB80F4740 49] iPhone6S, [000001FEB855CF00][000001FEB80F88C0 49] iPhone6SPlus, [000001FEB8524B00][000001FEB80FCA40 49] iPhone7Plus, [000001FEB855F000][000001FEB808CB80 49] iPhoneSE, [000001FEB8527F00][000001FEB8100CC0 49] iPhone8, [000001FEB855EE00][000001FEB8104E00 49] iPhone8Plus, [000001FEB8525A00][000001FEB8108F40 49] iPhoneX, [000001FEB855C300][000001FEB81110C0 49] iPhoneXS, [000001FEB8524700][000001FEB8115240 49] iPhoneXSMax, [000001FEB855E700][000001FEB81193C0 49] iPhoneXR, [000001FEB8525E00][000001FEB811D540 49] iPhone11, [000001FEB855E000][000001FEB81216C0 49] iPhone11Pro, [000001FEB8526400][000001FEB8125840 49] iPhone11ProMax, [000001FEB855D600][000001FEB81299C0 49] iPhoneSE2, [000001FEB8524600][000001FEB812DB40 49] iPhone12Mini, [000001FEB855E200][000001FEB8130140 49] iPhone12, [000001FEB8526600][000001FEB81342C0 49] iPhone12Pro, [000001FEB855D100][000001FEB8138440 49] iPhone12ProMax, [000001FEB8525B00][000001FEB813C5C0 49] iPadPro105, [000001FEB855C400][000001FEB8140740 49] iPadPro129, [000001FEB8524C00][000001FEB81448C0 49] iPadPro97, [000001FEB855D800][000001FEB8148A40 49] iPadPro2_129, [000001FEB8525100][000001FEB815CBC0 49] iPad5, [000001FEB855E600][000001FEB8160D40 49] iPad6, [000001FEB8527900][000001FEB810CE80 49] iPad7, [000001FEB855ED00][000001FEB8164FC0 49] iPad8, [000001FEB8525500][000001FEB8169100 49] iPadPro11, [000001FEB855C800][000001FEB8199280 49] iPadPro2_11, [000001FEB8524900][000001FEB819D400 49] iPadPro3_129, [000001FEB855D900][000001FEB81C9580 49] iPadPro4_129, [000001FEB8526E00][000001FEB81CD700 49] AppleTV, [000001FEB855CB00][000001FEB81D1880 49] AppleTV4K, [000001FEB8524E00][000001FEB81D5A00 49] TVOS, [000001FEB855E800][000001FEB81D9B80 49] Mac, [000001FEB8526900][000001FEB81DC180 49] MacClient, [000001FEB855F700][000001FEB81E0300 49] MacNoEditor, [000001FEB8527D00][000001FEB81E4480 49] MacServer, [000001FEB855C500][000001FEB81E8600 49] Linux, [000001FEB8527A00][000001FEB81EC780 49] LinuxAArch64, [000001FEB855C700][000001FEB81F0900 49] LinuxNoEditor, [000001FEB8527000][000001FEB81F4A80 49] LinuxAArch64NoEditor, [000001FEB855FB00][000001FEB81F8C00 49] LinuxClient, [000001FEB8525400][000001FEB81FCD80 49] LinuxAArch64Client, [000001FEB855F800][000001FEB8200F00 49] LinuxServer, [000001FEB8527700][000001FEB8195040 49] LinuxAArch64Server, [000001FEB855F500][000001FEB8205180 49] Android, [000001FEB8525900][000001FEB82092C0 49] Android_Low, [000001FEB85F9800][000001FEB8211440 49] Android_Mid, [000001FEB851DE00][000001FEB82155C0 49] Android_High, [000001FEB85F9A00][000001FEB8219740 49] Android_Default, [000001FEB851E000][000001FEB821D8C0 49] Android_Adreno4xx, [000001FEB85FAE00][000001FEB8221A40 49] Android_Adreno5xx_Low, [000001FEB851E300][000001FEB8225BC0 49] Android_Adreno5xx, [000001FEB85F9600][000001FEB82281C0 49] Android_Adreno6xx, [000001FEB851DF00][000001FEB822C340 49] Android_Adreno6xx_Vulkan, [000001FEB85FB400][000001FEB82304C0 49] Android_Mali_T6xx, [000001FEB851FE00][000001FEB8234640 49] Android_Mali_T7xx, [000001FEB85FB700][000001FEB82387C0 49] Android_Mali_T8xx, [000001FEB851C400][000001FEB823C940 49] Android_Mali_G71, [000001FEB85F8500][000001FEB9250AC0 49] Android_Mali_G72, [000001FEB851E400][000001FEB9254C40 49] Android_Mali_G72_Vulkan, [000001FEB85FA200][000001FEB9258DC0 49] Android_Mali_G76, [000001FEB851DB00][000001FEB925CF40 49] Android_Mali_G76_Vulkan, [000001FEB85F8D00][000001FEB92610C0 49] Android_Mali_G77, [000001FEB851F900][000001FEB820D200 49] Android_Mali_G77_Vulkan, [000001FEB85FAB00][000001FEB9265340 49] Android_Mali_G78, [000001FEB851C900][000001FEB9269480 49] Android_Mali_G78_Vulkan, [000001FEB85F9700][000001FEB926D5C0 49] Android_Mali_G710, [000001FEB851D800][000001FEB9275740 49] Android_Mali_G710_Vulkan, [000001FEB85F9300][000001FEB92798C0 49] Android_Vulkan_SM5, [000001FEB851C200][000001FEB927DA40 49] Android_PowerVR_G6xxx, [000001FEB85F8F00][000001FEB9281BC0 49] Android_PowerVR_GT7xxx, [000001FEB8526700][000001FEB92841C0 49] Android_PowerVR_GE8xxx, [000001FEB85F8600][000001FEB9288340 49] Android_PowerVR_GM9xxx, [000001FEB8526000][000001FEB928C4C0 49] Android_PowerVR_GM9xxx_Vulkan, [000001FEB85F8E00][000001FEB9290640 49] Android_TegraK1, [000001FEB8526B00][000001FEB92947C0 49] Android_Unknown_Vulkan, [000001FEB85FB600][000001FEB9298940 49] Lumin, [000001FEB8525D00][000001FEB929CAC0 49] Lumin_Desktop, [000001FEB85FA000][000001FEB92A0C40 49] HoloLens, 
[2021.11.19-03.18.32:975][  0]LogMeshReduction: Using QuadricMeshReduction for automatic static mesh reduction
[2021.11.19-03.18.32:975][  0]LogMeshReduction: Using SimplygonMeshReduction for automatic skeletal mesh reduction
[2021.11.19-03.18.32:975][  0]LogMeshReduction: Using ProxyLODMeshReduction for automatic mesh merging
[2021.11.19-03.18.32:975][  0]LogMeshReduction: No distributed automatic mesh merging module available
[2021.11.19-03.18.32:977][  0]LogMeshMerging: No distributed automatic mesh merging module available
[2021.11.19-03.18.33:018][  0]LogNetVersion: MyProject 1.0.0, NetCL: 17155196, EngineNetVer: 17, GameNetVer: 0 (Checksum: 3629800737)
[2021.11.19-03.18.34:389][  0]LogTexture: Default maximum texture size for cubemaps generated from long-lat sources has been changed from 512 to unlimited. In order to preserve old behaiour for '/Engine/MapTemplates/Sky/DaylightAmbientCubemap.DaylightAmbientCubemap', its maximum texture size has been explicitly set to 512.
[2021.11.19-03.18.34:488][  0]LogHMD: PokeAHoleMaterial loaded successfully
[2021.11.19-03.18.34:499][  0]LogUObjectArray: 17178 objects as part of root set at end of initial load.
[2021.11.19-03.18.34:499][  0]LogUObjectAllocator: 4301856 out of 0 bytes used by permanent object pool.
[2021.11.19-03.18.34:499][  0]LogUObjectArray: CloseDisregardForGC: 0/0 objects in disregard for GC pool
[2021.11.19-03.18.35:497][  0]LogNiagaraDebuggerClient: Niagara Debugger Client Initialized | Session: CE1D08724CDA14CBDC96ACBDA4598799 | Instance: 073DFDEC44CF40FF85C508B82027DAFA (DESKTOP-LC84CI9-10468).
[2021.11.19-03.18.35:830][  0]LogImageWrapper: Warning: PNG Warning: Duplicate iCCP chunk
[2021.11.19-03.18.35:830][  0]LogImageWrapper: Warning: PNG Warning: Duplicate iCCP chunk
[2021.11.19-03.18.35:830][  0]LogPython: Using Python 3.7.7
[2021.11.19-03.18.37:015][  0]LogTcpMessaging: Initializing TcpMessaging bridge
[2021.11.19-03.18.37:025][  0]LogUdpMessaging: Initializing bridge on interface 0.0.0.0:0 to multicast group 230.0.0.1:6666.
[2021.11.19-03.18.37:129][  0]LogConsoleManager: Warning: Console object named 'MaterialBaking.UseMaterialProxyCaching' already exists but is being registered again, but we weren't expected it to be! (FConsoleManager::AddConsoleObject)
[2021.11.19-03.18.37:129][  0]LogConsoleManager: Warning: Console object named 'MaterialBaking.SaveIntermediateTextures' already exists but is being registered again, but we weren't expected it to be! (FConsoleManager::AddConsoleObject)
[2021.11.19-03.18.37:489][  0]SourceControl: El control de código fuente está desactivado
[2021.11.19-03.18.37:490][  0]SourceControl: El control de código fuente está desactivado
[2021.11.19-03.18.37:500][  0]SourceControl: El control de código fuente está desactivado
[2021.11.19-03.18.37:507][  0]SourceControl: El control de código fuente está desactivado
[2021.11.19-03.18.37:536][  0]SourceControl: El control de código fuente está desactivado
[2021.11.19-03.18.37:548][  0]LogUProjectInfo: Found projects:
[2021.11.19-03.18.38:136][  0]LogOpenImageDenoise: OIDN starting up
[2021.11.19-03.18.38:200][  0]LogAndroidPermission: UAndroidPermissionCallbackProxy::GetInstance
[2021.11.19-03.18.38:397][  0]LogAudioCaptureCore: Display: No Audio Capture implementations found. Audio input will be silent.
[2021.11.19-03.18.38:397][  0]LogAudioCaptureCore: Display: No Audio Capture implementations found. Audio input will be silent.
[2021.11.19-03.18.38:598][  0]LogCollectionManager: Loaded 0 collections in 0.001935 seconds
[2021.11.19-03.18.38:643][  0]LogFileCache: Scanning file cache for directory 'C:/Users/fraci/Documents/Unreal Projects/Grafica 1/Saved/Collections/' took 0.00s
[2021.11.19-03.18.38:643][  0]LogFileCache: Scanning file cache for directory 'C:/Users/fraci/Documents/Unreal Projects/Grafica 1/Content/Developers/fraci/Collections/' took 0.00s
[2021.11.19-03.18.38:643][  0]LogFileCache: Scanning file cache for directory 'C:/Users/fraci/Documents/Unreal Projects/Grafica 1/Content/Collections/' took 0.00s
[2021.11.19-03.18.38:643][  0]LogOcInput: OculusInput pre-init called
[2021.11.19-03.18.38:974][  0]LogImageWrapper: Warning: PNG Warning: Duplicate iCCP chunk
[2021.11.19-03.18.38:974][  0]LogImageWrapper: Warning: PNG Warning: Duplicate iCCP chunk
[2021.11.19-03.18.38:974][  0]LogClass: Warning: ObjectProperty FGLTFImportContext::Parent is not initialized properly. Module:SketchfabGLTF File:Private/SKGLTFImporter.h
[2021.11.19-03.18.38:974][  0]LogClass: Warning: ObjectProperty FGLTFImportContext::ImportOptions is not initialized properly. Module:SketchfabGLTF File:Private/SKGLTFImporter.h
[2021.11.19-03.18.38:974][  0]LogClass: Warning: ObjectProperty FGLTFImportContext::PrimResolver is not initialized properly. Module:SketchfabGLTF File:Private/SKGLTFImporter.h
[2021.11.19-03.18.38:974][  0]LogClass: Display: 3 Uninitialized script struct members found including 3 object properties
[2021.11.19-03.18.38:975][  0]LogAutomationTest: Warning: PNG Warning: Duplicate iCCP chunk
[2021.11.19-03.18.38:975][  0]LogAutomationTest: Warning: PNG Warning: Duplicate iCCP chunk
[2021.11.19-03.18.38:975][  0]LogAutomationTest: Warning: ObjectProperty FGLTFImportContext::Parent is not initialized properly. Module:SketchfabGLTF File:Private/SKGLTFImporter.h
[2021.11.19-03.18.38:975][  0]LogAutomationTest: Warning: ObjectProperty FGLTFImportContext::ImportOptions is not initialized properly. Module:SketchfabGLTF File:Private/SKGLTFImporter.h
[2021.11.19-03.18.38:975][  0]LogAutomationTest: Warning: ObjectProperty FGLTFImportContext::PrimResolver is not initialized properly. Module:SketchfabGLTF File:Private/SKGLTFImporter.h
[2021.11.19-03.18.38:978][  0]LogEngine: Initializing Engine...
[2021.11.19-03.18.38:990][  0]LogHMD: Failed to enumerate extensions. Please check that you have a valid OpenXR runtime installed.
[2021.11.19-03.18.38:990][  0]LogHMD: Failed to initialize OpenVR with code 110
[2021.11.19-03.18.38:990][  0]LogMagicLeap: Warning: VR disabled because ZI is not enabled.  To enable, in the editor, Edit -> Project Settings -> Plugins -> Magic Leap Plugin -> Enable Zero Iteration
[2021.11.19-03.18.38:992][  0]LogStats: UGameplayTagsManager::InitializeManager -  0.001 s
[2021.11.19-03.18.39:132][  0]LogInit: Initializing FReadOnlyCVARCache
[2021.11.19-03.18.39:152][  0]LogAIModule: Creating AISystem for world Untitled
[2021.11.19-03.18.39:153][  0]LogAudio: Display: Initializing Audio Device Manager...
[2021.11.19-03.18.39:160][  0]LogAudio: Display: Loading Default Audio Settings Objects...
[2021.11.19-03.18.39:160][  0]LogAudio: Display: No default SoundConcurrencyObject specified (or failed to load).
[2021.11.19-03.18.39:162][  0]LogAudio: Display: Audio Device Manager Initialized
[2021.11.19-03.18.39:162][  0]LogAudio: Display: Creating Audio Device:                 Id: 1, Scope: Shared, Realtime: True
[2021.11.19-03.18.39:162][  0]LogAudioMixer: Display: Audio Mixer Platform Settings:
[2021.11.19-03.18.39:162][  0]LogAudioMixer: Display: 	Sample Rate:						  48000
[2021.11.19-03.18.39:162][  0]LogAudioMixer: Display: 	Callback Buffer Frame Size Requested: 1024
[2021.11.19-03.18.39:162][  0]LogAudioMixer: Display: 	Callback Buffer Frame Size To Use:	  1024
[2021.11.19-03.18.39:162][  0]LogAudioMixer: Display: 	Number of buffers to queue:			  2
[2021.11.19-03.18.39:162][  0]LogAudioMixer: Display: 	Max Channels (voices):				  32
[2021.11.19-03.18.39:162][  0]LogAudioMixer: Display: 	Number of Async Source Workers:		  0
[2021.11.19-03.18.39:162][  0]LogAudio: Display: AudioDevice MaxSources: 32
[2021.11.19-03.18.39:162][  0]LogAudio: Display: Audio Spatialization Plugin: None (built-in).
[2021.11.19-03.18.39:162][  0]LogAudio: Display: Audio Reverb Plugin: None (built-in).
[2021.11.19-03.18.39:162][  0]LogAudio: Display: Audio Occlusion Plugin: None (built-in).
[2021.11.19-03.18.39:162][  0]LogAudioMixer: Display: Initializing audio mixer.
[2021.11.19-03.18.40:073][  0]LogAudioMixer: Display: 0: FrontLeft
[2021.11.19-03.18.40:073][  0]LogAudioMixer: Display: 1: FrontRight
[2021.11.19-03.18.40:073][  0]LogAudioMixer: Display: 2: FrontCenter
[2021.11.19-03.18.40:073][  0]LogAudioMixer: Display: 3: LowFrequency
[2021.11.19-03.18.40:073][  0]LogAudioMixer: Display: 4: BackLeft
[2021.11.19-03.18.40:073][  0]LogAudioMixer: Display: 5: BackRight
[2021.11.19-03.18.40:073][  0]LogAudioMixer: Display: 6: SideLeft
[2021.11.19-03.18.40:073][  0]LogAudioMixer: Display: 7: SideRight
[2021.11.19-03.18.40:153][  0]LogAudioMixer: Display: Using Audio Device Altavoces (Logitech PRO X Gaming Headset)
[2021.11.19-03.18.40:157][  0]LogAudioMixer: Display: Initializing Sound Submixes...
[2021.11.19-03.18.40:160][  0]LogAudioMixer: Display: Creating Master Submix 'MasterSubmixDefault'
[2021.11.19-03.18.40:160][  0]LogAudioMixer: Display: Creating Master Submix 'MasterReverbSubmixDefault'
[2021.11.19-03.18.40:161][  0]LogAudioMixer: Display: Creating Master Submix 'MasterEQSubmixDefault'
[2021.11.19-03.18.40:161][  0]LogAudioMixer: FMixerPlatformXAudio2::StartAudioStream() called
[2021.11.19-03.18.40:161][  0]LogAudioMixer: Display: Output buffers initialized: Frames=1024, Channels=8, Samples=8192
[2021.11.19-03.18.40:165][  0]LogAudioMixer: Display: Starting AudioMixerPlatformInterface::RunInternal()
[2021.11.19-03.18.40:165][  0]LogAudioMixer: Display: FMixerPlatformXAudio2::SubmitBuffer() called for the first time
[2021.11.19-03.18.40:165][  0]LogInit: FAudioDevice initialized.
[2021.11.19-03.18.40:166][  0]LogAudio: Display: Audio Device (ID: 1) registered with world 'Untitled'.
[2021.11.19-03.18.40:166][  0]LogNetVersion: Set ProjectVersion to 1.0.0.0. Version Checksum will be recalculated on next use.
[2021.11.19-03.18.40:330][  0]LogDerivedDataCache: Saved boot cache 0.16s 95MB C:/Users/fraci/AppData/Local/UnrealEngine/4.27/DerivedDataCache/Boot.ddc.
[2021.11.19-03.18.40:330][  0]LogInit: Texture streaming: Enabled
[2021.11.19-03.18.40:355][  0]LogAnalytics: Display: [UEEditor.Rocket.Release] APIServer = https://datarouter.ol.epicgames.com/. AppVersion = 4.27.1-17735300+++UE4+Release-4.27
[2021.11.19-03.18.40:363][  0]LogEngineSessionManager: EngineSessionManager initialized
[2021.11.19-03.18.40:363][  0]LogEditorSessionSummary: Verbose: Initializing EditorSessionSummaryWriter for editor session tracking
[2021.11.19-03.18.40:365][  0]LogEditorSessionSummary: EditorSessionSummaryWriter initialized
[2021.11.19-03.18.40:418][  0]LogInit: Transaction tracking system initialized
[2021.11.19-03.18.40:472][  0]BlueprintLog: New page: Cargar el editor
[2021.11.19-03.18.40:612][  0]LocalizationService: Localization service is disabled
[2021.11.19-03.18.40:675][  0]TimingProfiler: Initialize
[2021.11.19-03.18.40:675][  0]TimingProfiler: OnSessionChanged
[2021.11.19-03.18.40:675][  0]LoadingProfiler: Initialize
[2021.11.19-03.18.40:676][  0]LoadingProfiler: OnSessionChanged
[2021.11.19-03.18.40:676][  0]NetworkingProfiler: Initialize
[2021.11.19-03.18.40:677][  0]NetworkingProfiler: OnSessionChanged
[2021.11.19-03.18.40:677][  0]MemoryProfiler: Initialize
[2021.11.19-03.18.40:677][  0]MemoryProfiler: OnSessionChanged
[2021.11.19-03.18.40:941][  0]LogCook: Display: CookSettings for Memory: MemoryMaxUsedVirtual 0MiB, MemoryMaxUsedPhysical 16384MiB, MemoryMinFreeVirtual 0MiB, MemoryMinFreePhysical 1024MiB
[2021.11.19-03.18.40:942][  0]LogCook: Display: Mobile HDR setting 1
[2021.11.19-03.18.41:280][  0]LogFileCache: Scanning file cache for directory 'C:/Users/fraci/Documents/Unreal Projects/Grafica 1/Content/' took 0.01s
[2021.11.19-03.18.43:549][  0]LogImageWrapper: Warning: PNG Warning: Duplicate iCCP chunk
[2021.11.19-03.18.43:549][  0]LogImageWrapper: Warning: PNG Warning: Duplicate iCCP chunk
[2021.11.19-03.18.43:614][  0]LogInit: Display: Engine is initialized. Leaving FEngineLoop::Init()
[2021.11.19-03.18.43:622][  0]SourceControl: El control de código fuente está desactivado
[2021.11.19-03.18.43:622][  0]LogUnrealEdMisc: Loading editor; pre map load, took 21.698
[2021.11.19-03.18.43:623][  0]Cmd: MAP LOAD FILE="../../../../../../Users/fraci/Documents/Unreal Projects/Grafica 1/Content/Maps/Example_Map.umap" TEMPLATE=0 SHOWPROGRESS=1 FEATURELEVEL=3
[2021.11.19-03.18.43:624][  0]LightingResults: New page: Diseñar la iluminación
[2021.11.19-03.18.43:628][  0]LogWorld: UWorld::CleanupWorld for Untitled, bSessionEnded=true, bCleanupResources=true
[2021.11.19-03.18.43:628][  0]LogSlate: InvalidateAllWidgets triggered.  All widgets were invalidated
[2021.11.19-03.18.43:628][  0]MapCheck: New page: Revisión del mapa
[2021.11.19-03.18.43:628][  0]LightingResults: New page: Diseñar la iluminación
[2021.11.19-03.18.43:633][  0]LogAudio: Display: Audio Device unregistered from world 'None'.
[2021.11.19-03.18.43:638][  0]LogUObjectHash: Compacting FUObjectHashTables data took   1.22ms
[2021.11.19-03.18.43:698][  0]LogLinker: Warning: [AssetLog] C:\Users\fraci\Documents\Unreal Projects\Grafica 1\Content\Materials\Ball_material.uasset: Failed to load '/Game/Textures/Bloom_Mask': Can't find file.
[2021.11.19-03.18.43:699][  0]LogLinker: Warning: [AssetLog] C:\Users\fraci\Documents\Unreal Projects\Grafica 1\Content\Materials\Ball_material.uasset: Failed to load '/Game/Textures/Bloom_Mask': Can't find file.
[2021.11.19-03.18.43:700][  0]LogLinker: Warning: [AssetLog] C:\Users\fraci\Documents\Unreal Projects\Grafica 1\Content\Materials\Ball_material.uasset: Failed to load '/Game/Textures/T_Tech_Hex_Tile_M': Can't find file.
[2021.11.19-03.18.43:700][  0]LogLinker: Warning: [AssetLog] C:\Users\fraci\Documents\Unreal Projects\Grafica 1\Content\Materials\Ball_material.uasset: Failed to load '/Game/Textures/T_Tech_Hex_Tile_M': Can't find file.
[2021.11.19-03.18.43:700][  0]LogLinker: Warning: [AssetLog] C:\Users\fraci\Documents\Unreal Projects\Grafica 1\Content\Materials\Ball_material.uasset: Failed to load '/Game/Textures/T_Tech_Hex_Tile_N': Can't find file.
[2021.11.19-03.18.43:700][  0]LogLinker: Warning: [AssetLog] C:\Users\fraci\Documents\Unreal Projects\Grafica 1\Content\Materials\Ball_material.uasset: Failed to load '/Game/Textures/T_Tech_Hex_Tile_N': Can't find file.
[2021.11.19-03.18.43:701][  0]LogLinker: Warning: [AssetLog] C:\Users\fraci\Documents\Unreal Projects\Grafica 1\Content\Materials\Ball_material.uasset: Failed to load '/Game/Textures/Bloom_Mask': Can't find file.
[2021.11.19-03.18.43:701][  0]LogLinker: Warning: [AssetLog] C:\Users\fraci\Documents\Unreal Projects\Grafica 1\Content\Materials\Ball_material.uasset: Failed to load '/Game/Textures/T_Tech_Hex_Tile_M': Can't find file.
[2021.11.19-03.18.43:701][  0]LogLinker: Warning: [AssetLog] C:\Users\fraci\Documents\Unreal Projects\Grafica 1\Content\Materials\Ball_material.uasset: Failed to load '/Game/Textures/T_Tech_Hex_Tile_N': Can't find file.
[2021.11.19-03.18.43:826][  0]LogLinker: Warning: [AssetLog] C:\Users\fraci\Documents\Unreal Projects\Grafica 1\Content\Materials\Ball_material.uasset: Failed to load '/Game/Textures/T_Tech_Hex_Tile_M': Can't find file.
[2021.11.19-03.18.43:826][  0]LoadErrors: Error al cargar /Game/Textures/T_Tech_Hex_Tile_M.T_Tech_Hex_Tile_M Referenciado por MaterialExpressionTextureSample_10
[2021.11.19-03.18.43:826][  0]LogLinker: Warning: [AssetLog] C:\Users\fraci\Documents\Unreal Projects\Grafica 1\Content\Materials\Ball_material.uasset: Failed to load '/Game/Textures/T_Tech_Hex_Tile_N': Can't find file.
[2021.11.19-03.18.43:826][  0]LoadErrors: Error al cargar /Game/Textures/T_Tech_Hex_Tile_N.T_Tech_Hex_Tile_N Referenciado por MaterialExpressionTextureSample_11
[2021.11.19-03.18.43:826][  0]LogLinker: Warning: [AssetLog] C:\Users\fraci\Documents\Unreal Projects\Grafica 1\Content\Materials\Ball_material.uasset: Failed to load '/Game/Textures/Bloom_Mask': Can't find file.
[2021.11.19-03.18.43:826][  0]LoadErrors: Error al cargar /Game/Textures/Bloom_Mask.Bloom_Mask Referenciado por MaterialExpressionTextureSample_4
[2021.11.19-03.20.12:022][  0]LogTexture: Display: Building textures: 8 (OODLE_AutoDXT, 15840X7920)
[2021.11.19-03.20.13:324][  0]LogTexture: Display: Building textures: 0 (OODLE_AutoDXT, 15840X7920)
[2021.11.19-03.20.14:503][  0]LogTexture: Display: Building textures: 1 (OODLE_AutoDXT, 15840X7920)
[2021.11.19-03.20.16:129][  0]LogTexture: Display: Building textures: Tierra (OODLE_AutoDXT, 4100X2428)
[2021.11.19-03.20.17:892][  0]LogTexture: Display: Building textures: 6 (OODLE_AutoDXT, 15840X7920)
[2021.11.19-03.20.22:102][  0]LogTexture: Display: Building textures: 3 (OODLE_AutoDXT, 15840X7920)
[2021.11.19-03.20.25:925][  0]LogTextureFormatOodle: Display: non-RDO encode 4100 x 2428 x 1 to format OODLE_AutoDXT (Oodle OodleTex_BC1_WithTransparency) lambda=0 effort=20 
[2021.11.19-03.20.29:201][  0]LogTextureFormatOodle: Display: non-RDO encode 15840 x 7920 x 1 to format OODLE_AutoDXT (Oodle OodleTex_BC3) lambda=0 effort=20 
[2021.11.19-03.20.31:582][  0]LogTextureFormatOodle: Display: non-RDO encode 15840 x 7920 x 1 to format OODLE_AutoDXT (Oodle OodleTex_BC1_WithTransparency) lambda=0 effort=20 
[2021.11.19-03.20.33:966][  0]LogAudioMixer: Display: Audio Buffer Underrun (starvation) detected.
[2021.11.19-03.20.35:781][  0]LogTexture: Display: Building textures: 7 (OODLE_AutoDXT, 15840X7920)
[2021.11.19-03.20.38:533][  0]LogTexture: Display: Building textures: 4 (OODLE_AutoDXT, 15840X7920)
[2021.11.19-03.20.44:936][  0]LogTexture: Display: Building textures: 5 (OODLE_AutoDXT, 15840X7920)
[2021.11.19-03.20.47:050][  0]LogTextureFormatOodle: Display: non-RDO encode 15840 x 7920 x 1 to format OODLE_AutoDXT (Oodle OodleTex_BC3) lambda=0 effort=20 
[2021.11.19-03.20.48:929][  0]LogTextureFormatOodle: Display: non-RDO encode 15840 x 7920 x 1 to format OODLE_AutoDXT (Oodle OodleTex_BC3) lambda=0 effort=20 
[2021.11.19-03.20.50:217][  0]LogTexture: Display: Building textures: 2 (OODLE_AutoDXT, 15840X7920)
[2021.11.19-03.20.51:180][  0]LogTextureFormatOodle: Display: non-RDO encode 15840 x 7920 x 1 to format OODLE_AutoDXT (Oodle OodleTex_BC3) lambda=0 effort=20 
[2021.11.19-03.20.51:188][  0]LogAudioMixer: Display: Audio Buffer Underrun (starvation) detected.
[2021.11.19-03.20.51:188][  0]LogTextureFormatOodle: Display: non-RDO encode 15840 x 7920 x 1 to format OODLE_AutoDXT (Oodle OodleTex_BC3) lambda=0 effort=20 
[2021.11.19-03.20.51:188][  0]LogAudioMixer: Display: Audio Buffer Underrun (starvation) detected.
[2021.11.19-03.20.51:188][  0]LogTextureFormatOodle: Display: non-RDO encode 15840 x 7920 x 1 to format OODLE_AutoDXT (Oodle OodleTex_BC3) lambda=0 effort=20 
[2021.11.19-03.20.51:188][  0]LogAudioMixer: Display: Audio Buffer Underrun (starvation) detected.
[2021.11.19-03.20.51:188][  0]LogTextureFormatOodle: Display: non-RDO encode 15840 x 7920 x 1 to format OODLE_AutoDXT (Oodle OodleTex_BC3) lambda=0 effort=20 
[2021.11.19-03.20.51:188][  0]LogMemory: Warning: Freeing 33554432 bytes from backup pool to handle out of memory.
[2021.11.19-03.20.51:206][  0]LogMemory: Warning: MemoryStats:
	AvailablePhysical 651264
	 AvailableVirtual 344121344
	     UsedPhysical 419086336
	 PeakUsedPhysical 6768214016
	      UsedVirtual 24583290880
	  PeakUsedVirtual 29413588992
[2021.11.19-03.20.51:223][  0]Allocator Stats for TBB: (not implemented)
[2021.11.19-03.20.51:223][  0]LogWindows: Windows GetLastError: La operación se completó correctamente. (0)
[2021.11.19-03.21.19:303][  0]LogTexture: Display: Building textures: Skin_piso (OODLE_AutoDXT, 4100X2428)
[2021.11.19-03.21.19:303][  0]LogTextureFormatOodle: Display: non-RDO encode 15840 x 7920 x 1 to format OODLE_AutoDXT (Oodle OodleTex_BC3) lambda=0 effort=20 
[2021.11.19-03.21.19:303][  0]LogTextureFormatOodle: Display: non-RDO encode 4100 x 2428 x 1 to format OODLE_AutoDXT (Oodle OodleTex_BC1_WithTransparency) lambda=0 effort=20 
[2021.11.19-03.21.19:303][  0]LogWindows: Error: Error reentered: Assertion failed: Ret != nullptr [File:D:\Build\++UE4\Sync\Engine\Plugins\Developer\TextureFormatOodle\Source\Private\TextureFormatOodle.cpp] [Line: 826] 


[2021.11.19-03.21.19:303][  0]LogWindows: Error: Error reentered: Assertion failed: Ret != nullptr [File:D:\Build\++UE4\Sync\Engine\Plugins\Developer\TextureFormatOodle\Source\Private\TextureFormatOodle.cpp] [Line: 826] 


[2021.11.19-03.21.19:303][  0]LogWindows: Error: Error reentered: Assertion failed: Ret != nullptr [File:D:\Build\++UE4\Sync\Engine\Plugins\Developer\TextureFormatOodle\Source\Private\TextureFormatOodle.cpp] [Line: 826] 


[2021.11.19-03.21.19:303][  0]LogAudioMixer: Display: Audio Buffer Underrun (starvation) detected.
[2021.11.19-03.21.19:303][  0]LogTextureFormatOodle: Display: Oodle Texture encode failed!? 潏汤呥硥䕟牲䉟晵敦呲潯浓污l
[2021.11.19-03.21.19:303][  0]LogTexture: Warning: Failed to build OODLE_AutoDXT derived data for /Game/Fondos/2.2
[2021.11.19-03.21.19:303][  0]LogThreadingWindows: Error: Runnable thread PoolThread 18 crashed.
[2021.11.19-03.21.19:304][  0]LogDerivedDataCache: Warning: C:/Users/fraci/AppData/Local/UnrealEngine/Common/DerivedDataCache is very slow (0.00MB/s) when accessing C:/Users/fraci/AppData/Local/UnrealEngine/Common/DerivedDataCache/0/5/7/TEXTURE_E01F4250BECD420DA9CE63B5EECEC2C2_OODLE_DXT1_11_76B34ACD4B54C84990EB349__3A8F3E025699F82CF9B0A8F13538508341339D57.udd, consider disabling it.
[2021.11.19-03.21.19:308][  0]LogDerivedDataCache: Warning: C:/Users/fraci/AppData/Local/UnrealEngine/Common/DerivedDataCache is very slow (0.00MB/s) when accessing C:/Users/fraci/AppData/Local/UnrealEngine/Common/DerivedDataCache/1/1/0/TEXTURE_E01F4250BECD420DA9CE63B5EECEC2C2_OODLE_DXT1_11_9DE89BDE416ED6A4D61886B__00F78803782C1B82B1263A78AA5AC00B4022CC3E.udd, consider disabling it.
[2021.11.19-03.21.19:308][  0]LogDerivedDataCache: Warning: C:/Users/fraci/AppData/Local/UnrealEngine/Common/DerivedDataCache is very slow (0.00MB/s) when accessing C:/Users/fraci/AppData/Local/UnrealEngine/Common/DerivedDataCache/8/0/0/TEXTURE_E01F4250BECD420DA9CE63B5EECEC2C2_OODLE_AUTODXT_11_3EB7BF6B4168D11EB855__83C43BCC3D240AE23A28869E4DD5608D65F7E5AF.udd, consider disabling it.
[2021.11.19-03.21.19:308][  0]LogDerivedDataCache: Warning: C:/Users/fraci/AppData/Local/UnrealEngine/Common/DerivedDataCache is very slow (0.00MB/s) when accessing C:/Users/fraci/AppData/Local/UnrealEngine/Common/DerivedDataCache/2/3/7/TEXTURE_E01F4250BECD420DA9CE63B5EECEC2C2_OODLE_AUTODXT_11_52D9B90543B0310CBF3B__DB3F83167E8B8B23DC28965E306415B274F707B2.udd, consider disabling it.
[2021.11.19-03.21.19:308][  0]LogDerivedDataCache: Warning: C:/Users/fraci/AppData/Local/UnrealEngine/Common/DerivedDataCache is very slow (0.00MB/s) when accessing C:/Users/fraci/AppData/Local/UnrealEngine/Common/DerivedDataCache/5/0/4/TEXTURE_E01F4250BECD420DA9CE63B5EECEC2C2_OODLE_AUTODXT_11_3CD4E04C4ED9990052DA__CD5EB1E945D1371742F5907A26E272C771CC2461.udd, consider disabling it.
[2021.11.19-03.21.19:308][  0]LogDerivedDataCache: Warning: C:/Users/fraci/AppData/Local/UnrealEngine/Common/DerivedDataCache is very slow (0.00MB/s) when accessing C:/Users/fraci/AppData/Local/UnrealEngine/Common/DerivedDataCache/7/3/1/TEXTURE_E01F4250BECD420DA9CE63B5EECEC2C2_OODLE_AUTODXT_11_37B20A4F4868B3C14D3C__C5A5E73496A2448E407F60E57A81225A57905085.udd, consider disabling it.
[2021.11.19-03.21.19:308][  0]LogWindows: Error: === Critical error: ===
[2021.11.19-03.21.19:309][  0]LogWindows: Error: 
[2021.11.19-03.21.19:310][  0]LogWindows: Error: Fatal error: [File:D:/Build/++UE4/Sync/Engine/Source/Runtime/Core/Private/GenericPlatform/GenericPlatformMemory.cpp] [Line: 197] 
[2021.11.19-03.21.19:310][  0]LogWindows: Error: Ran out of memory allocating 501811200 bytes with alignment 0
[2021.11.19-03.21.19:310][  0]LogWindows: Error: 
[2021.11.19-03.21.19:310][  0]LogWindows: Error: 
[2021.11.19-03.21.19:310][  0]LogWindows: Error: 
[2021.11.19-03.21.19:310][  0]LogWindows: Error: Crash in runnable thread PoolThread 18
[2021.11.19-03.21.19:465][  0]LogTexture: Display: Building textures: Skin_montaña (OODLE_AutoDXT, 4100X2428)
[2021.11.19-03.21.19:465][  0]LogThreadingWindows: Error: Runnable thread PoolThread 19 crashed.
[2021.11.19-03.21.19:465][  0]LogWindows: Error: HandleError re-entered.
[2021.11.19-03.21.19:465][  0]LogThreadingWindows: Error: Runnable thread PoolThread 16 crashed.
[2021.11.19-03.21.19:465][  0]LogWindows: Error: HandleError re-entered.
[2021.11.19-03.21.19:465][  0]LogWindows: FPlatformMisc::RequestExit(1)
[2021.11.19-03.21.19:465][  0]LogWindows: FPlatformMisc::RequestExitWithStatus(1, 3)
[2021.11.19-03.21.19:465][  0]LogWindows: FPlatformMisc::RequestExit(1)
[2021.11.19-03.21.19:540][  0]LogWindows: FPlatformMisc::RequestExitWithStatus(1, 3)
[2021.11.19-03.21.19:540][  0]LogCore: Engine exit requested (reason: Win RequestExit)
[2021.11.19-03.21.19:540][  0]LogCore: Engine exit requested (reason: Win RequestExit)
[2021.11.19-03.21.19:540][  0]LogThreadingWindows: Error: Runnable thread PoolThread 17 crashed.
[2021.11.19-03.21.19:540][  0]LogWindows: Error: HandleError re-entered.
[2021.11.19-03.21.19:540][  0]LogWindows: FPlatformMisc::RequestExit(1)
[2021.11.19-03.21.19:540][  0]LogWindows: FPlatformMisc::RequestExitWithStatus(1, 3)
[2021.11.19-03.21.19:540][  0]LogCore: Engine exit requested (reason: Win RequestExit; note: exit was already requested)
[2021.11.19-03.21.19:540][  0]Log file closed, 11/19/21 00:21:19
