Log file open, 12/20/21 23:21:01
LogWindows: Failed to load 'aqProf.dll' (GetLastError=126)
LogWindows: File 'aqProf.dll' does not exist
LogWindows: Failed to load 'VtuneApi.dll' (GetLastError=126)
LogWindows: File 'VtuneApi.dll' does not exist
LogWindows: Failed to load 'VtuneApi32e.dll' (GetLastError=126)
LogWindows: File 'VtuneApi32e.dll' does not exist
LogConsoleResponse: Display: Failed to find resolution value strings in scalability ini. Falling back to default.
LogConsoleResponse: Display: Failed to find resolution value strings in scalability ini. Falling back to default.
LogInit: Display: Running engine for game: MyProject
LogPlatformFile: Not using cached read wrapper
LogTaskGraph: Started task graph with 5 named threads and 35 total threads with 3 sets of task threads.
LogStats: Stats thread started at 0.355681
LogICUInternationalization: ICU TimeZone Detection - Raw Offset: -4:00, Platform Override: ''
LogInit: Display: Loading text-based GConfig....
LogPluginManager: Mounting plugin MeshPainting
LogPluginManager: Mounting plugin Sketchfab
LogPluginManager: Mounting plugin XGEController
LogPluginManager: Mounting plugin Paper2D
LogPluginManager: Mounting plugin AISupport
LogPluginManager: Mounting plugin EnvironmentQueryEditor
LogPluginManager: Mounting plugin LightPropagationVolume
LogPluginManager: Mounting plugin LiveLink
LogPluginManager: Mounting plugin CameraShakePreviewer
LogPluginManager: Mounting plugin GameplayCameras
LogPluginManager: Mounting plugin AssetManagerEditor
LogPluginManager: Mounting plugin CurveEditorTools
LogPluginManager: Mounting plugin EditorScriptingUtilities
LogPluginManager: Mounting plugin CryptoKeys
LogPluginManager: Mounting plugin DataValidation
LogPluginManager: Mounting plugin GameplayTagsEditor
LogPluginManager: Mounting plugin FacialAnimation
LogPluginManager: Mounting plugin MobileLauncherProfileWizard
LogPluginManager: Mounting plugin MaterialAnalyzer
LogPluginManager: Mounting plugin MacGraphicsSwitching
LogPluginManager: Mounting plugin PluginBrowser
LogPluginManager: Mounting plugin AnimationSharing
LogPluginManager: Mounting plugin SpeedTreeImporter
LogPluginManager: Mounting plugin CodeLiteSourceCodeAccess
LogPluginManager: Mounting plugin GitSourceControl
LogPluginManager: Mounting plugin CLionSourceCodeAccess
LogPluginManager: Mounting plugin KDevelopSourceCodeAccess
LogPluginManager: Mounting plugin NullSourceCodeAccess
LogPluginManager: Mounting plugin PerforceSourceControl
LogPluginManager: Mounting plugin PixWinPlugin
LogPluginManager: Mounting plugin PlasticSourceControl
LogPluginManager: Mounting plugin PluginUtils
LogPluginManager: Mounting plugin PropertyAccessNode
LogPluginManager: Mounting plugin TextureFormatOodle
LogPluginManager: Mounting plugin GeometryMode
LogPluginManager: Mounting plugin SubversionSourceControl
LogPluginManager: Mounting plugin UObjectPlugin
LogPluginManager: Mounting plugin VisualStudioCodeSourceCodeAccess
LogPluginManager: Mounting plugin OodleData
LogPluginManager: Mounting plugin RiderSourceCodeAccess
LogPluginManager: Mounting plugin VisualStudioSourceCodeAccess
LogPluginManager: Mounting plugin XCodeSourceCodeAccess
LogPluginManager: Mounting plugin DatasmithContent
LogPluginManager: Mounting plugin OodleNetwork
LogPluginManager: Mounting plugin LuminPlatformFeatures
LogPluginManager: Mounting plugin MagicLeap
LogPluginManager: Mounting plugin VariantManagerContent
LogPluginManager: Mounting plugin AlembicImporter
LogPluginManager: Mounting plugin MagicLeapLightEstimation
LogPluginManager: Mounting plugin MagicLeapMedia
LogPluginManager: Mounting plugin AutomationUtils
LogPluginManager: Mounting plugin BackChannel
LogPluginManager: Mounting plugin MagicLeapPassableWorld
LogPluginManager: Mounting plugin MLSDK
LogPluginManager: Mounting plugin ChaosCloth
LogPluginManager: Mounting plugin ChaosEditor
LogPluginManager: Mounting plugin ChaosClothEditor
LogPluginManager: Mounting plugin ChaosSolverPlugin
LogPluginManager: Mounting plugin CharacterAI
LogPluginManager: Mounting plugin ChaosNiagara
LogPluginManager: Mounting plugin Niagara
LogPluginManager: Mounting plugin GeometryCache
LogPluginManager: Mounting plugin GeometryCollectionPlugin
LogPluginManager: Mounting plugin AndroidMedia
LogPluginManager: Mounting plugin AvfMedia
LogPluginManager: Mounting plugin ImgMedia
LogPluginManager: Mounting plugin MediaPlayerEditor
LogPluginManager: Mounting plugin WebMMedia
LogPluginManager: Mounting plugin WmfMedia
LogPluginManager: Mounting plugin MediaCompositing
LogPluginManager: Mounting plugin MotoSynth
LogPluginManager: Mounting plugin OpenImageDenoise
LogPluginManager: Mounting plugin PlanarCut
LogPluginManager: Mounting plugin PlatformCrypto
LogPluginManager: Mounting plugin ProxyLODPlugin
LogPluginManager: Mounting plugin PythonScriptPlugin
LogPluginManager: Mounting plugin ActorSequence
LogPluginManager: Mounting plugin LevelSequenceEditor
LogPluginManager: Mounting plugin MatineeToLevelSequence
LogPluginManager: Mounting plugin SkeletalReduction
LogPluginManager: Mounting plugin TemplateSequence
LogPluginManager: Mounting plugin GeometryProcessing
LogPluginManager: Mounting plugin UdpMessaging
LogPluginManager: Mounting plugin OnlineSubsystem
LogPluginManager: Mounting plugin OnlineSubsystemNull
LogPluginManager: Mounting plugin TcpMessaging
LogPluginManager: Mounting plugin LauncherChunkInstaller
LogPluginManager: Mounting plugin OnlineSubsystemUtils
LogPluginManager: Mounting plugin ActorLayerUtilities
LogPluginManager: Mounting plugin AndroidDeviceProfileSelector
LogPluginManager: Mounting plugin AndroidMoviePlayer
LogPluginManager: Mounting plugin AndroidPermission
LogPluginManager: Mounting plugin AppleMoviePlayer
LogPluginManager: Mounting plugin AppleImageUtils
LogPluginManager: Mounting plugin AssetTags
LogPluginManager: Mounting plugin AudioCapture
LogPluginManager: Mounting plugin CableComponent
LogPluginManager: Mounting plugin ChunkDownloader
LogPluginManager: Mounting plugin CustomMeshComponent
LogPluginManager: Mounting plugin ExampleDeviceProfileSelector
LogPluginManager: Mounting plugin AudioSynesthesia
LogPluginManager: Mounting plugin EditableMesh
LogPluginManager: Mounting plugin GoogleCloudMessaging
LogPluginManager: Mounting plugin GooglePAD
LogPluginManager: Mounting plugin ArchVisCharacter
LogPluginManager: Mounting plugin HDRIBackdrop
LogPluginManager: Mounting plugin ScreenshotTools
LogPluginManager: Mounting plugin IOSDeviceProfileSelector
LogPluginManager: Mounting plugin LinuxDeviceProfileSelector
LogPluginManager: Mounting plugin LocationServicesBPLibrary
LogPluginManager: Mounting plugin MobilePatchingUtils
LogPluginManager: Mounting plugin OpenXR
LogPluginManager: Mounting plugin OpenXREyeTracker
LogPluginManager: Mounting plugin OpenXRHandTracking
LogPluginManager: Mounting plugin PhysXVehicles
LogPluginManager: Mounting plugin PostSplashScreen
LogPluginManager: Mounting plugin ProceduralMeshComponent
LogPluginManager: Mounting plugin PropertyAccessEditor
LogPluginManager: Mounting plugin RuntimePhysXCooking
LogPluginManager: Mounting plugin SignificanceManager
LogPluginManager: Mounting plugin SoundFields
LogPluginManager: Mounting plugin Synthesis
LogPluginManager: Mounting plugin WebMMoviePlayer
LogPluginManager: Mounting plugin WindowsMoviePlayer
LogPluginManager: Mounting plugin Takes
LogPluginManager: Mounting plugin ContentBrowserClassDataSource
LogPluginManager: Mounting plugin ContentBrowserAssetDataSource
LogPluginManager: Mounting plugin ContentBrowserFileDataSource
LogPluginManager: Mounting plugin OnlineSubsystemGooglePlay
LogPluginManager: Mounting plugin OnlineSubsystemIOS
LogPluginManager: Mounting plugin OculusVR
LogPluginManager: Mounting plugin SteamVR
PixWinPlugin: PIX capture plugin failed to initialize! Check that the process is launched from PIX.
LogInit: Using libcurl 7.55.1-DEV
LogInit:  - built for x86_64-pc-win32
LogInit:  - supports SSL with OpenSSL/1.1.1
LogInit:  - supports HTTP deflate (compression) using libz 1.2.8
LogInit:  - other features:
LogInit:      CURL_VERSION_SSL
LogInit:      CURL_VERSION_LIBZ
LogInit:      CURL_VERSION_IPV6
LogInit:      CURL_VERSION_ASYNCHDNS
LogInit:      CURL_VERSION_LARGEFILE
LogInit:      CURL_VERSION_IDN
LogInit:  CurlRequestOptions (configurable via config and command line):
LogInit:  - bVerifyPeer = true  - Libcurl will verify peer certificate
LogInit:  - bUseHttpProxy = false  - Libcurl will NOT use HTTP proxy
LogInit:  - bDontReuseConnections = false  - Libcurl will reuse connections
LogInit:  - MaxHostConnections = 16  - Libcurl will limit the number of connections to a host
LogInit:  - LocalHostAddr = Default
LogInit:  - BufferSize = 65536
LogOnline: OSS: Creating online subsystem instance for: NULL
LogInit: WinSock: version 1.1 (2.2), MaxSocks=32767, MaxUdp=65467
LogOnline: OSS: TryLoadSubsystemAndSetDefault: Loaded subsystem for module [NULL]
LogOculusPluginWrapper: OculusPlugin initialized successfully
LogHMD: Failed initializing OVRPlugin 1.59.0
LogInit: Build: ++UE4+Release-4.27-CL-18319896
LogInit: Engine Version: 4.27.2-18319896+++UE4+Release-4.27
LogInit: Compatible Engine Version: 4.27.0-17155196+++UE4+Release-4.27
LogInit: Net CL: 17155196
LogInit: OS: Windows 10 (Release 2009) (), CPU: AMD Ryzen 5 3600 6-Core Processor              , GPU: Radeon RX550/550 Series
LogInit: Compiled (64-bit): Nov 30 2021 07:12:08
LogInit: Compiled with Visual C++: 19.24.28315.00
LogInit: Build Configuration: Development
LogInit: Branch Name: ++UE4+Release-4.27
LogInit: Command Line: 
LogInit: Base Directory: C:/Program Files/Epic Games/UE_4.27/Engine/Binaries/Win64/
LogInit: Allocator: TBB
LogInit: Installed Engine Build: 1
LogDevObjectVersion: Number of dev versions registered: 29
LogDevObjectVersion:   Dev-Blueprints (B0D832E4-1F89-4F0D-ACCF-7EB736FD4AA2): 10
LogDevObjectVersion:   Dev-Build (E1C64328-A22C-4D53-A36C-8E866417BD8C): 0
LogDevObjectVersion:   Dev-Core (375EC13C-06E4-48FB-B500-84F0262A717E): 4
LogDevObjectVersion:   Dev-Editor (E4B068ED-F494-42E9-A231-DA0B2E46BB41): 40
LogDevObjectVersion:   Dev-Framework (CFFC743F-43B0-4480-9391-14DF171D2073): 37
LogDevObjectVersion:   Dev-Mobile (B02B49B5-BB20-44E9-A304-32B752E40360): 3
LogDevObjectVersion:   Dev-Networking (A4E4105C-59A1-49B5-A7C5-40C4547EDFEE): 0
LogDevObjectVersion:   Dev-Online (39C831C9-5AE6-47DC-9A44-9C173E1C8E7C): 0
LogDevObjectVersion:   Dev-Physics (78F01B33-EBEA-4F98-B9B4-84EACCB95AA2): 14
LogDevObjectVersion:   Dev-Platform (6631380F-2D4D-43E0-8009-CF276956A95A): 0
LogDevObjectVersion:   Dev-Rendering (12F88B9F-8875-4AFC-A67C-D90C383ABD29): 45
LogDevObjectVersion:   Dev-Sequencer (7B5AE74C-D270-4C10-A958-57980B212A5A): 13
LogDevObjectVersion:   Dev-VR (D7296918-1DD6-4BDD-9DE2-64A83CC13884): 3
LogDevObjectVersion:   Dev-LoadTimes (C2A15278-BFE7-4AFE-6C17-90FF531DF755): 1
LogDevObjectVersion:   Private-Geometry (6EACA3D4-40EC-4CC1-B786-8BED09428FC5): 3
LogDevObjectVersion:   Dev-AnimPhys (29E575DD-E0A3-4627-9D10-D276232CDCEA): 17
LogDevObjectVersion:   Dev-Anim (AF43A65D-7FD3-4947-9873-3E8ED9C1BB05): 15
LogDevObjectVersion:   Dev-ReflectionCapture (6B266CEC-1EC7-4B8F-A30B-E4D90942FC07): 1
LogDevObjectVersion:   Dev-Automation (0DF73D61-A23F-47EA-B727-89E90C41499A): 1
LogDevObjectVersion:   FortniteMain (601D1886-AC64-4F84-AA16-D3DE0DEAC7D6): 47
LogDevObjectVersion:   FortniteRelease (E7086368-6B23-4C58-8439-1B7016265E91): 1
LogDevObjectVersion:   Dev-Enterprise (9DFFBCD6-494F-0158-E221-12823C92A888): 10
LogDevObjectVersion:   Dev-Niagara (F2AED0AC-9AFE-416F-8664-AA7FFA26D6FC): 1
LogDevObjectVersion:   Dev-Destruction (174F1F0B-B4C6-45A5-B13F-2EE8D0FB917D): 10
LogDevObjectVersion:   Dev-Physics-Ext (35F94A83-E258-406C-A318-09F59610247C): 41
LogDevObjectVersion:   Dev-PhysicsMaterial-Chaos (B68FC16E-8B1B-42E2-B453-215C058844FE): 1
LogDevObjectVersion:   Dev-CineCamera (B2E18506-4273-CFC2-A54E-F4BB758BBA07): 1
LogDevObjectVersion:   Dev-VirtualProduction (64F58936-FD1B-42BA-BA96-7289D5D0FA4E): 1
LogDevObjectVersion:   Dev-MediaFramework (6F0ED827-A609-4895-9C91-998D90180EA4): 2
LogInit: Presizing for max 25165824 objects, including 0 objects not considered by GC, pre-allocating 0 bytes for permanent pool.
LogConfig: Applying CVar settings from Section [/Script/Engine.StreamingSettings] File [C:/Users/fraci/Documents/Unreal Projects/Grafica 1/Saved/Config/Windows/Engine.ini]
LogConfig: Setting CVar [[s.MinBulkDataSizeForAsyncLoading:131072]]
LogConfig: Setting CVar [[s.AsyncLoadingThreadEnabled:0]]
LogConfig: Setting CVar [[s.EventDrivenLoaderEnabled:1]]
LogConfig: Setting CVar [[s.WarnIfTimeLimitExceeded:0]]
LogConfig: Setting CVar [[s.TimeLimitExceededMultiplier:1.5]]
LogConfig: Setting CVar [[s.TimeLimitExceededMinTime:0.005]]
LogConfig: Setting CVar [[s.UseBackgroundLevelStreaming:1]]
LogConfig: Setting CVar [[s.PriorityAsyncLoadingExtraTime:15.0]]
LogConfig: Setting CVar [[s.LevelStreamingActorsUpdateTimeLimit:5.0]]
LogConfig: Setting CVar [[s.PriorityLevelStreamingActorsUpdateExtraTime:5.0]]
LogConfig: Setting CVar [[s.LevelStreamingComponentsRegistrationGranularity:10]]
LogConfig: Setting CVar [[s.UnregisterComponentsTimeLimit:1.0]]
LogConfig: Setting CVar [[s.LevelStreamingComponentsUnregistrationGranularity:5]]
LogConfig: Setting CVar [[s.FlushStreamingOnExit:1]]
LogInit: Object subsystem initialized
LogConfig: Setting CVar [[con.DebugEarlyDefault:1]]
LogConfig: Setting CVar [[r.setres:1280x720]]
[2021.12.21-02.21.02:322][  0]LogConfig: Setting CVar [[r.VSync:0]]
[2021.12.21-02.21.02:322][  0]LogConfig: Setting CVar [[r.RHICmdBypass:0]]
[2021.12.21-02.21.02:322][  0]LogConfig: Applying CVar settings from Section [/Script/Engine.RendererSettings] File [C:/Users/fraci/Documents/Unreal Projects/Grafica 1/Saved/Config/Windows/Engine.ini]
[2021.12.21-02.21.02:322][  0]LogConfig: Setting CVar [[r.GPUCrashDebugging:0]]
[2021.12.21-02.21.02:322][  0]LogConfig: Setting CVar [[r.GenerateMeshDistanceFields:1]]
[2021.12.21-02.21.02:322][  0]LogConfig: Applying CVar settings from Section [/Script/Engine.RendererOverrideSettings] File [C:/Users/fraci/Documents/Unreal Projects/Grafica 1/Saved/Config/Windows/Engine.ini]
[2021.12.21-02.21.02:322][  0]LogConfig: Applying CVar settings from Section [/Script/Engine.StreamingSettings] File [C:/Users/fraci/Documents/Unreal Projects/Grafica 1/Saved/Config/Windows/Engine.ini]
[2021.12.21-02.21.02:322][  0]LogConfig: Setting CVar [[s.MinBulkDataSizeForAsyncLoading:131072]]
[2021.12.21-02.21.02:322][  0]LogConfig: Setting CVar [[s.AsyncLoadingThreadEnabled:0]]
[2021.12.21-02.21.02:322][  0]LogConfig: Setting CVar [[s.EventDrivenLoaderEnabled:1]]
[2021.12.21-02.21.02:322][  0]LogConfig: Setting CVar [[s.WarnIfTimeLimitExceeded:0]]
[2021.12.21-02.21.02:322][  0]LogConfig: Setting CVar [[s.TimeLimitExceededMultiplier:1.5]]
[2021.12.21-02.21.02:322][  0]LogConfig: Setting CVar [[s.TimeLimitExceededMinTime:0.005]]
[2021.12.21-02.21.02:322][  0]LogConfig: Setting CVar [[s.UseBackgroundLevelStreaming:1]]
[2021.12.21-02.21.02:322][  0]LogConfig: Setting CVar [[s.PriorityAsyncLoadingExtraTime:15.0]]
[2021.12.21-02.21.02:322][  0]LogConfig: Setting CVar [[s.LevelStreamingActorsUpdateTimeLimit:5.0]]
[2021.12.21-02.21.02:322][  0]LogConfig: Setting CVar [[s.PriorityLevelStreamingActorsUpdateExtraTime:5.0]]
[2021.12.21-02.21.02:322][  0]LogConfig: Setting CVar [[s.LevelStreamingComponentsRegistrationGranularity:10]]
[2021.12.21-02.21.02:322][  0]LogConfig: Setting CVar [[s.UnregisterComponentsTimeLimit:1.0]]
[2021.12.21-02.21.02:323][  0]LogConfig: Setting CVar [[s.LevelStreamingComponentsUnregistrationGranularity:5]]
[2021.12.21-02.21.02:323][  0]LogConfig: Setting CVar [[s.FlushStreamingOnExit:1]]
[2021.12.21-02.21.02:323][  0]LogConfig: Applying CVar settings from Section [/Script/Engine.GarbageCollectionSettings] File [C:/Users/fraci/Documents/Unreal Projects/Grafica 1/Saved/Config/Windows/Engine.ini]
[2021.12.21-02.21.02:323][  0]LogConfig: Setting CVar [[gc.MaxObjectsNotConsideredByGC:1]]
[2021.12.21-02.21.02:323][  0]LogConfig: Setting CVar [[gc.SizeOfPermanentObjectPool:0]]
[2021.12.21-02.21.02:323][  0]LogConfig: Setting CVar [[gc.FlushStreamingOnGC:0]]
[2021.12.21-02.21.02:323][  0]LogConfig: Setting CVar [[gc.NumRetriesBeforeForcingGC:10]]
[2021.12.21-02.21.02:323][  0]LogConfig: Setting CVar [[gc.AllowParallelGC:1]]
[2021.12.21-02.21.02:323][  0]LogConfig: Setting CVar [[gc.TimeBetweenPurgingPendingKillObjects:61.1]]
[2021.12.21-02.21.02:323][  0]LogConfig: Setting CVar [[gc.MaxObjectsInEditor:25165824]]
[2021.12.21-02.21.02:323][  0]LogConfig: Setting CVar [[gc.IncrementalBeginDestroyEnabled:1]]
[2021.12.21-02.21.02:323][  0]LogConfig: Setting CVar [[gc.CreateGCClusters:1]]
[2021.12.21-02.21.02:323][  0]LogConfig: Setting CVar [[gc.MinGCClusterSize:5]]
[2021.12.21-02.21.02:323][  0]LogConfig: Setting CVar [[gc.ActorClusteringEnabled:0]]
[2021.12.21-02.21.02:323][  0]LogConfig: Setting CVar [[gc.BlueprintClusteringEnabled:0]]
[2021.12.21-02.21.02:323][  0]LogConfig: Setting CVar [[gc.UseDisregardForGCOnDedicatedServers:0]]
[2021.12.21-02.21.02:323][  0]LogConfig: Setting CVar [[gc.MultithreadedDestructionEnabled:1]]
[2021.12.21-02.21.02:323][  0]LogConfig: Applying CVar settings from Section [/Script/Engine.NetworkSettings] File [C:/Users/fraci/Documents/Unreal Projects/Grafica 1/Saved/Config/Windows/Engine.ini]
[2021.12.21-02.21.02:323][  0]LogConfig: Applying CVar settings from Section [/Script/UnrealEd.CookerSettings] File [C:/Users/fraci/Documents/Unreal Projects/Grafica 1/Saved/Config/Windows/Engine.ini]
[2021.12.21-02.21.02:331][  0]LogConfig: Applying CVar settings from Section [ViewDistanceQuality@3] File [C:/Users/fraci/Documents/Unreal Projects/Grafica 1/Saved/Config/Windows/Scalability.ini]
[2021.12.21-02.21.02:331][  0]LogConfig: Setting CVar [[r.SkeletalMeshLODBias:0]]
[2021.12.21-02.21.02:332][  0]LogConfig: Setting CVar [[r.ViewDistanceScale:1.0]]
[2021.12.21-02.21.02:332][  0]LogConfig: Applying CVar settings from Section [AntiAliasingQuality@3] File [C:/Users/fraci/Documents/Unreal Projects/Grafica 1/Saved/Config/Windows/Scalability.ini]
[2021.12.21-02.21.02:332][  0]LogConfig: Setting CVar [[r.PostProcessAAQuality:4]]
[2021.12.21-02.21.02:332][  0]LogConfig: Applying CVar settings from Section [ShadowQuality@3] File [C:/Users/fraci/Documents/Unreal Projects/Grafica 1/Saved/Config/Windows/Scalability.ini]
[2021.12.21-02.21.02:332][  0]LogConfig: Setting CVar [[r.LightFunctionQuality:1]]
[2021.12.21-02.21.02:332][  0]LogConfig: Setting CVar [[r.ShadowQuality:5]]
[2021.12.21-02.21.02:332][  0]LogConfig: Setting CVar [[r.Shadow.CSM.MaxCascades:10]]
[2021.12.21-02.21.02:332][  0]LogConfig: Setting CVar [[r.Shadow.MaxResolution:2048]]
[2021.12.21-02.21.02:332][  0]LogConfig: Setting CVar [[r.Shadow.MaxCSMResolution:2048]]
[2021.12.21-02.21.02:332][  0]LogConfig: Setting CVar [[r.Shadow.RadiusThreshold:0.01]]
[2021.12.21-02.21.02:332][  0]LogConfig: Setting CVar [[r.Shadow.DistanceScale:1.0]]
[2021.12.21-02.21.02:332][  0]LogConfig: Setting CVar [[r.Shadow.CSM.TransitionScale:1.0]]
[2021.12.21-02.21.02:332][  0]LogConfig: Setting CVar [[r.Shadow.PreShadowResolutionFactor:1.0]]
[2021.12.21-02.21.02:332][  0]LogConfig: Setting CVar [[r.DistanceFieldShadowing:1]]
[2021.12.21-02.21.02:332][  0]LogConfig: Setting CVar [[r.DistanceFieldAO:1]]
[2021.12.21-02.21.02:332][  0]LogConfig: Setting CVar [[r.AOQuality:2]]
[2021.12.21-02.21.02:332][  0]LogConfig: Setting CVar [[r.VolumetricFog:1]]
[2021.12.21-02.21.02:332][  0]LogConfig: Setting CVar [[r.VolumetricFog.GridPixelSize:8]]
[2021.12.21-02.21.02:332][  0]LogConfig: Setting CVar [[r.VolumetricFog.GridSizeZ:128]]
[2021.12.21-02.21.02:332][  0]LogConfig: Setting CVar [[r.VolumetricFog.HistoryMissSupersampleCount:4]]
[2021.12.21-02.21.02:332][  0]LogConfig: Setting CVar [[r.LightMaxDrawDistanceScale:1]]
[2021.12.21-02.21.02:332][  0]LogConfig: Setting CVar [[r.CapsuleShadows:1]]
[2021.12.21-02.21.02:332][  0]LogConfig: Applying CVar settings from Section [PostProcessQuality@3] File [C:/Users/fraci/Documents/Unreal Projects/Grafica 1/Saved/Config/Windows/Scalability.ini]
[2021.12.21-02.21.02:332][  0]LogConfig: Setting CVar [[r.MotionBlurQuality:4]]
[2021.12.21-02.21.02:332][  0]LogConfig: Setting CVar [[r.AmbientOcclusionMipLevelFactor:0.4]]
[2021.12.21-02.21.02:332][  0]LogConfig: Setting CVar [[r.AmbientOcclusionMaxQuality:100]]
[2021.12.21-02.21.02:332][  0]LogConfig: Setting CVar [[r.AmbientOcclusionLevels:-1]]
[2021.12.21-02.21.02:332][  0]LogConfig: Setting CVar [[r.AmbientOcclusionRadiusScale:1.0]]
[2021.12.21-02.21.02:332][  0]LogConfig: Setting CVar [[r.DepthOfFieldQuality:2]]
[2021.12.21-02.21.02:332][  0]LogConfig: Setting CVar [[r.RenderTargetPoolMin:400]]
[2021.12.21-02.21.02:332][  0]LogConfig: Setting CVar [[r.LensFlareQuality:2]]
[2021.12.21-02.21.02:332][  0]LogConfig: Setting CVar [[r.SceneColorFringeQuality:1]]
[2021.12.21-02.21.02:332][  0]LogConfig: Setting CVar [[r.EyeAdaptationQuality:2]]
[2021.12.21-02.21.02:332][  0]LogConfig: Setting CVar [[r.BloomQuality:5]]
[2021.12.21-02.21.02:332][  0]LogConfig: Setting CVar [[r.FastBlurThreshold:100]]
[2021.12.21-02.21.02:332][  0]LogConfig: Setting CVar [[r.Upscale.Quality:3]]
[2021.12.21-02.21.02:332][  0]LogConfig: Setting CVar [[r.Tonemapper.GrainQuantization:1]]
[2021.12.21-02.21.02:332][  0]LogConfig: Setting CVar [[r.LightShaftQuality:1]]
[2021.12.21-02.21.02:332][  0]LogConfig: Setting CVar [[r.Filter.SizeScale:1]]
[2021.12.21-02.21.02:332][  0]LogConfig: Setting CVar [[r.Tonemapper.Quality:5]]
[2021.12.21-02.21.02:332][  0]LogConfig: Setting CVar [[r.DOF.Gather.AccumulatorQuality:1        ; higher gathering accumulator quality]]
[2021.12.21-02.21.02:332][  0]LogConfig: Setting CVar [[r.DOF.Gather.PostfilterMethod:1          ; Median3x3 postfilering method]]
[2021.12.21-02.21.02:332][  0]LogConfig: Setting CVar [[r.DOF.Gather.EnableBokehSettings:0       ; no bokeh simulation when gathering]]
[2021.12.21-02.21.02:332][  0]LogConfig: Setting CVar [[r.DOF.Gather.RingCount:4                 ; medium number of samples when gathering]]
[2021.12.21-02.21.02:332][  0]LogConfig: Setting CVar [[r.DOF.Scatter.ForegroundCompositing:1    ; additive foreground scattering]]
[2021.12.21-02.21.02:332][  0]LogConfig: Setting CVar [[r.DOF.Scatter.BackgroundCompositing:2    ; additive background scattering]]
[2021.12.21-02.21.02:332][  0]LogConfig: Setting CVar [[r.DOF.Scatter.EnableBokehSettings:1      ; bokeh simulation when scattering]]
[2021.12.21-02.21.02:332][  0]LogConfig: Setting CVar [[r.DOF.Scatter.MaxSpriteRatio:0.1         ; only a maximum of 10% of scattered bokeh]]
[2021.12.21-02.21.02:332][  0]LogConfig: Setting CVar [[r.DOF.Recombine.Quality:1                ; cheap slight out of focus]]
[2021.12.21-02.21.02:332][  0]LogConfig: Setting CVar [[r.DOF.Recombine.EnableBokehSettings:0    ; no bokeh simulation on slight out of focus]]
[2021.12.21-02.21.02:332][  0]LogConfig: Setting CVar [[r.DOF.TemporalAAQuality:1                ; more stable temporal accumulation]]
[2021.12.21-02.21.02:332][  0]LogConfig: Setting CVar [[r.DOF.Kernel.MaxForegroundRadius:0.025]]
[2021.12.21-02.21.02:332][  0]LogConfig: Setting CVar [[r.DOF.Kernel.MaxBackgroundRadius:0.025]]
[2021.12.21-02.21.02:332][  0]LogConfig: Applying CVar settings from Section [TextureQuality@3] File [C:/Users/fraci/Documents/Unreal Projects/Grafica 1/Saved/Config/Windows/Scalability.ini]
[2021.12.21-02.21.02:332][  0]LogConfig: Setting CVar [[r.Streaming.MipBias:0]]
[2021.12.21-02.21.02:332][  0]LogConfig: Setting CVar [[r.Streaming.AmortizeCPUToGPUCopy:0]]
[2021.12.21-02.21.02:332][  0]LogConfig: Setting CVar [[r.Streaming.MaxNumTexturesToStreamPerFrame:0]]
[2021.12.21-02.21.02:332][  0]LogConfig: Setting CVar [[r.Streaming.Boost:1]]
[2021.12.21-02.21.02:332][  0]LogConfig: Setting CVar [[r.MaxAnisotropy:8]]
[2021.12.21-02.21.02:332][  0]LogConfig: Setting CVar [[r.VT.MaxAnisotropy:8]]
[2021.12.21-02.21.02:332][  0]LogConfig: Setting CVar [[r.Streaming.LimitPoolSizeToVRAM:0]]
[2021.12.21-02.21.02:332][  0]LogConfig: Setting CVar [[r.Streaming.PoolSize:1000]]
[2021.12.21-02.21.02:332][  0]LogConfig: Setting CVar [[r.Streaming.MaxEffectiveScreenSize:0]]
[2021.12.21-02.21.02:332][  0]LogConfig: Applying CVar settings from Section [EffectsQuality@3] File [C:/Users/fraci/Documents/Unreal Projects/Grafica 1/Saved/Config/Windows/Scalability.ini]
[2021.12.21-02.21.02:332][  0]LogConfig: Setting CVar [[r.TranslucencyLightingVolumeDim:64]]
[2021.12.21-02.21.02:332][  0]LogConfig: Setting CVar [[r.RefractionQuality:2]]
[2021.12.21-02.21.02:332][  0]LogConfig: Setting CVar [[r.SSR.Quality:3]]
[2021.12.21-02.21.02:332][  0]LogConfig: Setting CVar [[r.SSR.HalfResSceneColor:0]]
[2021.12.21-02.21.02:332][  0]LogConfig: Setting CVar [[r.SceneColorFormat:4]]
[2021.12.21-02.21.02:332][  0]LogConfig: Setting CVar [[r.DetailMode:2]]
[2021.12.21-02.21.02:332][  0]LogConfig: Setting CVar [[r.TranslucencyVolumeBlur:1]]
[2021.12.21-02.21.02:332][  0]LogConfig: Setting CVar [[r.MaterialQualityLevel:1 ; High quality]]
[2021.12.21-02.21.02:332][  0]LogConfig: Setting CVar [[r.AnisotropicMaterials:1]]
[2021.12.21-02.21.02:332][  0]LogConfig: Setting CVar [[r.SSS.Scale:1]]
[2021.12.21-02.21.02:332][  0]LogConfig: Setting CVar [[r.SSS.SampleSet:2]]
[2021.12.21-02.21.02:332][  0]LogConfig: Setting CVar [[r.SSS.Quality:1]]
[2021.12.21-02.21.02:332][  0]LogConfig: Setting CVar [[r.SSS.HalfRes:0]]
[2021.12.21-02.21.02:332][  0]LogConfig: Setting CVar [[r.SSGI.Quality:3]]
[2021.12.21-02.21.02:332][  0]LogConfig: Setting CVar [[r.EmitterSpawnRateScale:1.0]]
[2021.12.21-02.21.02:332][  0]LogConfig: Setting CVar [[r.ParticleLightQuality:2]]
[2021.12.21-02.21.02:332][  0]LogConfig: Setting CVar [[r.SkyAtmosphere.AerialPerspectiveLUT.FastApplyOnOpaque:1 ; Always have FastSkyLUT 1 in this case to avoid wrong sky]]
[2021.12.21-02.21.02:332][  0]LogConfig: Setting CVar [[r.SkyAtmosphere.AerialPerspectiveLUT.SampleCountMaxPerSlice:4]]
[2021.12.21-02.21.02:332][  0]LogConfig: Setting CVar [[r.SkyAtmosphere.AerialPerspectiveLUT.DepthResolution:16.0]]
[2021.12.21-02.21.02:332][  0]LogConfig: Setting CVar [[r.SkyAtmosphere.FastSkyLUT:1]]
[2021.12.21-02.21.02:332][  0]LogConfig: Setting CVar [[r.SkyAtmosphere.FastSkyLUT.SampleCountMin:4.0]]
[2021.12.21-02.21.02:332][  0]LogConfig: Setting CVar [[r.SkyAtmosphere.FastSkyLUT.SampleCountMax:128.0]]
[2021.12.21-02.21.02:332][  0]LogConfig: Setting CVar [[r.SkyAtmosphere.SampleCountMin:4.0]]
[2021.12.21-02.21.02:332][  0]LogConfig: Setting CVar [[r.SkyAtmosphere.SampleCountMax:128.0]]
[2021.12.21-02.21.02:332][  0]LogConfig: Setting CVar [[r.SkyAtmosphere.TransmittanceLUT.UseSmallFormat:0]]
[2021.12.21-02.21.02:333][  0]LogConfig: Setting CVar [[r.SkyAtmosphere.TransmittanceLUT.SampleCount:10.0]]
[2021.12.21-02.21.02:333][  0]LogConfig: Setting CVar [[r.SkyAtmosphere.MultiScatteringLUT.SampleCount:15.0]]
[2021.12.21-02.21.02:333][  0]LogConfig: Setting CVar [[r.SkyLight.RealTimeReflectionCapture:1]]
[2021.12.21-02.21.02:333][  0]LogConfig: Applying CVar settings from Section [FoliageQuality@3] File [C:/Users/fraci/Documents/Unreal Projects/Grafica 1/Saved/Config/Windows/Scalability.ini]
[2021.12.21-02.21.02:333][  0]LogConfig: Setting CVar [[foliage.DensityScale:1.0]]
[2021.12.21-02.21.02:333][  0]LogConfig: Setting CVar [[grass.DensityScale:1.0]]
[2021.12.21-02.21.02:333][  0]LogConfig: Applying CVar settings from Section [ShadingQuality@3] File [C:/Users/fraci/Documents/Unreal Projects/Grafica 1/Saved/Config/Windows/Scalability.ini]
[2021.12.21-02.21.02:333][  0]LogConfig: Setting CVar [[r.HairStrands.SkyLighting.IntegrationType:2]]
[2021.12.21-02.21.02:333][  0]LogConfig: Setting CVar [[r.HairStrands.SkyAO.SampleCount:4]]
[2021.12.21-02.21.02:333][  0]LogConfig: Setting CVar [[r.HairStrands.Visibility.MSAA.SamplePerPixel:4]]
[2021.12.21-02.21.02:333][  0]LogInit: Selected Device Profile: [Windows]
[2021.12.21-02.21.02:333][  0]LogInit: Applying CVar settings loaded from the selected device profile: [Windows]
[2021.12.21-02.21.02:333][  0]LogHAL: Display: Platform has ~ 16 GB [17078771712 / 17179869184 / 16], which maps to Larger [LargestMinGB=32, LargerMinGB=12, DefaultMinGB=8, SmallerMinGB=6, SmallestMinGB=0)
[2021.12.21-02.21.02:333][  0]LogInit: Going up to parent DeviceProfile []
[2021.12.21-02.21.02:333][  0]LogConfig: Applying CVar settings from Section [ViewDistanceQuality@1] File [C:/Users/fraci/Documents/Unreal Projects/Grafica 1/Saved/Config/Windows/Scalability.ini]
[2021.12.21-02.21.02:333][  0]LogConfig: Setting CVar [[r.SkeletalMeshLODBias:1]]
[2021.12.21-02.21.02:333][  0]LogConfig: Setting CVar [[r.ViewDistanceScale:0.6]]
[2021.12.21-02.21.02:333][  0]LogConfig: Applying CVar settings from Section [AntiAliasingQuality@1] File [C:/Users/fraci/Documents/Unreal Projects/Grafica 1/Saved/Config/Windows/Scalability.ini]
[2021.12.21-02.21.02:333][  0]LogConfig: Setting CVar [[r.PostProcessAAQuality:2]]
[2021.12.21-02.21.02:333][  0]LogConfig: Applying CVar settings from Section [ShadowQuality@1] File [C:/Users/fraci/Documents/Unreal Projects/Grafica 1/Saved/Config/Windows/Scalability.ini]
[2021.12.21-02.21.02:333][  0]LogConfig: Setting CVar [[r.LightFunctionQuality:1]]
[2021.12.21-02.21.02:333][  0]LogConfig: Setting CVar [[r.ShadowQuality:3]]
[2021.12.21-02.21.02:333][  0]LogConfig: Setting CVar [[r.Shadow.CSM.MaxCascades:1]]
[2021.12.21-02.21.02:333][  0]LogConfig: Setting CVar [[r.Shadow.MaxResolution:1024]]
[2021.12.21-02.21.02:333][  0]LogConfig: Setting CVar [[r.Shadow.MaxCSMResolution:1024]]
[2021.12.21-02.21.02:333][  0]LogConfig: Setting CVar [[r.Shadow.RadiusThreshold:0.05]]
[2021.12.21-02.21.02:333][  0]LogConfig: Setting CVar [[r.Shadow.DistanceScale:0.7]]
[2021.12.21-02.21.02:333][  0]LogConfig: Setting CVar [[r.Shadow.CSM.TransitionScale:0.25]]
[2021.12.21-02.21.02:333][  0]LogConfig: Setting CVar [[r.Shadow.PreShadowResolutionFactor:0.5]]
[2021.12.21-02.21.02:333][  0]LogConfig: Setting CVar [[r.DistanceFieldShadowing:0]]
[2021.12.21-02.21.02:333][  0]LogConfig: Setting CVar [[r.DistanceFieldAO:0]]
[2021.12.21-02.21.02:333][  0]LogConfig: Setting CVar [[r.VolumetricFog:0]]
[2021.12.21-02.21.02:333][  0]LogConfig: Setting CVar [[r.LightMaxDrawDistanceScale:.5]]
[2021.12.21-02.21.02:333][  0]LogConfig: Setting CVar [[r.CapsuleShadows:1]]
[2021.12.21-02.21.02:333][  0]LogConfig: Applying CVar settings from Section [PostProcessQuality@1] File [C:/Users/fraci/Documents/Unreal Projects/Grafica 1/Saved/Config/Windows/Scalability.ini]
[2021.12.21-02.21.02:333][  0]LogConfig: Setting CVar [[r.MotionBlurQuality:3]]
[2021.12.21-02.21.02:333][  0]LogConfig: Setting CVar [[r.AmbientOcclusionMipLevelFactor:1.0]]
[2021.12.21-02.21.02:333][  0]LogConfig: Setting CVar [[r.AmbientOcclusionMaxQuality:60]]
[2021.12.21-02.21.02:333][  0]LogConfig: Setting CVar [[r.AmbientOcclusionLevels:-1]]
[2021.12.21-02.21.02:333][  0]LogConfig: Setting CVar [[r.AmbientOcclusionRadiusScale:1.5]]
[2021.12.21-02.21.02:333][  0]LogConfig: Setting CVar [[r.DepthOfFieldQuality:1]]
[2021.12.21-02.21.02:333][  0]LogConfig: Setting CVar [[r.RenderTargetPoolMin:350]]
[2021.12.21-02.21.02:333][  0]LogConfig: Setting CVar [[r.LensFlareQuality:0]]
[2021.12.21-02.21.02:333][  0]LogConfig: Setting CVar [[r.SceneColorFringeQuality:0]]
[2021.12.21-02.21.02:333][  0]LogConfig: Setting CVar [[r.EyeAdaptationQuality:2]]
[2021.12.21-02.21.02:333][  0]LogConfig: Setting CVar [[r.BloomQuality:4]]
[2021.12.21-02.21.02:333][  0]LogConfig: Setting CVar [[r.FastBlurThreshold:2]]
[2021.12.21-02.21.02:333][  0]LogConfig: Setting CVar [[r.Upscale.Quality:2]]
[2021.12.21-02.21.02:333][  0]LogConfig: Setting CVar [[r.Tonemapper.GrainQuantization:0]]
[2021.12.21-02.21.02:333][  0]LogConfig: Setting CVar [[r.LightShaftQuality:0]]
[2021.12.21-02.21.02:333][  0]LogConfig: Setting CVar [[r.Filter.SizeScale:0.7]]
[2021.12.21-02.21.02:333][  0]LogConfig: Setting CVar [[r.Tonemapper.Quality:2]]
[2021.12.21-02.21.02:333][  0]LogConfig: Setting CVar [[r.DOF.Gather.AccumulatorQuality:0        ; lower gathering accumulator quality]]
[2021.12.21-02.21.02:333][  0]LogConfig: Setting CVar [[r.DOF.Gather.PostfilterMethod:2          ; Max3x3 postfilering method]]
[2021.12.21-02.21.02:333][  0]LogConfig: Setting CVar [[r.DOF.Gather.EnableBokehSettings:0       ; no bokeh simulation when gathering]]
[2021.12.21-02.21.02:333][  0]LogConfig: Setting CVar [[r.DOF.Gather.RingCount:3                 ; low number of samples when gathering]]
[2021.12.21-02.21.02:333][  0]LogConfig: Setting CVar [[r.DOF.Scatter.ForegroundCompositing:0    ; no foreground scattering]]
[2021.12.21-02.21.02:333][  0]LogConfig: Setting CVar [[r.DOF.Scatter.BackgroundCompositing:0    ; no foreground scattering]]
[2021.12.21-02.21.02:333][  0]LogConfig: Setting CVar [[r.DOF.Recombine.Quality:0                ; no slight out of focus]]
[2021.12.21-02.21.02:333][  0]LogConfig: Setting CVar [[r.DOF.TemporalAAQuality:0                ; faster temporal accumulation]]
[2021.12.21-02.21.02:333][  0]LogConfig: Setting CVar [[r.DOF.Kernel.MaxForegroundRadius:0.006   ; required because low gathering and no scattering and not looking great at 1080p]]
[2021.12.21-02.21.02:333][  0]LogConfig: Setting CVar [[r.DOF.Kernel.MaxBackgroundRadius:0.006   ; required because low gathering and no scattering and not looking great at 1080p]]
[2021.12.21-02.21.02:333][  0]LogConfig: Applying CVar settings from Section [TextureQuality@1] File [C:/Users/fraci/Documents/Unreal Projects/Grafica 1/Saved/Config/Windows/Scalability.ini]
[2021.12.21-02.21.02:333][  0]LogConfig: Setting CVar [[r.Streaming.MipBias:1]]
[2021.12.21-02.21.02:333][  0]LogConfig: Setting CVar [[r.Streaming.AmortizeCPUToGPUCopy:0]]
[2021.12.21-02.21.02:333][  0]LogConfig: Setting CVar [[r.Streaming.MaxNumTexturesToStreamPerFrame:0]]
[2021.12.21-02.21.02:333][  0]LogConfig: Setting CVar [[r.Streaming.Boost:1]]
[2021.12.21-02.21.02:333][  0]LogConfig: Setting CVar [[r.MaxAnisotropy:2]]
[2021.12.21-02.21.02:333][  0]LogConfig: Setting CVar [[r.VT.MaxAnisotropy:4]]
[2021.12.21-02.21.02:333][  0]LogConfig: Setting CVar [[r.Streaming.LimitPoolSizeToVRAM:1]]
[2021.12.21-02.21.02:333][  0]LogConfig: Setting CVar [[r.Streaming.PoolSize:600]]
[2021.12.21-02.21.02:333][  0]LogConfig: Setting CVar [[r.Streaming.MaxEffectiveScreenSize:0]]
[2021.12.21-02.21.02:333][  0]LogConfig: Applying CVar settings from Section [EffectsQuality@1] File [C:/Users/fraci/Documents/Unreal Projects/Grafica 1/Saved/Config/Windows/Scalability.ini]
[2021.12.21-02.21.02:333][  0]LogConfig: Setting CVar [[r.TranslucencyLightingVolumeDim:32]]
[2021.12.21-02.21.02:333][  0]LogConfig: Setting CVar [[r.RefractionQuality:0]]
[2021.12.21-02.21.02:333][  0]LogConfig: Setting CVar [[r.SSR.Quality:0]]
[2021.12.21-02.21.02:333][  0]LogConfig: Setting CVar [[r.SSR.HalfResSceneColor:1]]
[2021.12.21-02.21.02:333][  0]LogConfig: Setting CVar [[r.SceneColorFormat:3]]
[2021.12.21-02.21.02:334][  0]LogConfig: Setting CVar [[r.DetailMode:1]]
[2021.12.21-02.21.02:334][  0]LogConfig: Setting CVar [[r.TranslucencyVolumeBlur:0]]
[2021.12.21-02.21.02:334][  0]LogConfig: Setting CVar [[r.MaterialQualityLevel:2 ; Medium quality]]
[2021.12.21-02.21.02:334][  0]LogConfig: Setting CVar [[r.AnisotropicMaterials:0]]
[2021.12.21-02.21.02:334][  0]LogConfig: Setting CVar [[r.SSS.Scale:0.75]]
[2021.12.21-02.21.02:334][  0]LogConfig: Setting CVar [[r.SSS.SampleSet:0]]
[2021.12.21-02.21.02:334][  0]LogConfig: Setting CVar [[r.SSS.Quality:0]]
[2021.12.21-02.21.02:334][  0]LogConfig: Setting CVar [[r.SSS.HalfRes:1]]
[2021.12.21-02.21.02:334][  0]LogConfig: Setting CVar [[r.SSGI.Quality:1]]
[2021.12.21-02.21.02:334][  0]LogConfig: Setting CVar [[r.EmitterSpawnRateScale:0.25]]
[2021.12.21-02.21.02:334][  0]LogConfig: Setting CVar [[r.ParticleLightQuality:0]]
[2021.12.21-02.21.02:334][  0]LogConfig: Setting CVar [[r.SkyAtmosphere.AerialPerspectiveLUT.FastApplyOnOpaque:1 ; Always have FastSkyLUT 1 in this case to avoid wrong sky]]
[2021.12.21-02.21.02:334][  0]LogConfig: Setting CVar [[r.SkyAtmosphere.AerialPerspectiveLUT.SampleCountMaxPerSlice:1]]
[2021.12.21-02.21.02:334][  0]LogConfig: Setting CVar [[r.SkyAtmosphere.AerialPerspectiveLUT.DepthResolution:16.0]]
[2021.12.21-02.21.02:334][  0]LogConfig: Setting CVar [[r.SkyAtmosphere.FastSkyLUT:1]]
[2021.12.21-02.21.02:334][  0]LogConfig: Setting CVar [[r.SkyAtmosphere.FastSkyLUT.SampleCountMin:4.0]]
[2021.12.21-02.21.02:334][  0]LogConfig: Setting CVar [[r.SkyAtmosphere.FastSkyLUT.SampleCountMax:32.0]]
[2021.12.21-02.21.02:334][  0]LogConfig: Setting CVar [[r.SkyAtmosphere.SampleCountMin:4.0]]
[2021.12.21-02.21.02:334][  0]LogConfig: Setting CVar [[r.SkyAtmosphere.SampleCountMax:32.0]]
[2021.12.21-02.21.02:334][  0]LogConfig: Setting CVar [[r.SkyAtmosphere.TransmittanceLUT.UseSmallFormat:0]]
[2021.12.21-02.21.02:334][  0]LogConfig: Setting CVar [[r.SkyAtmosphere.TransmittanceLUT.SampleCount:10.0]]
[2021.12.21-02.21.02:334][  0]LogConfig: Setting CVar [[r.SkyAtmosphere.MultiScatteringLUT.SampleCount:15.0]]
[2021.12.21-02.21.02:334][  0]LogConfig: Setting CVar [[r.SkyLight.RealTimeReflectionCapture:0]]
[2021.12.21-02.21.02:334][  0]LogConfig: Applying CVar settings from Section [FoliageQuality@1] File [C:/Users/fraci/Documents/Unreal Projects/Grafica 1/Saved/Config/Windows/Scalability.ini]
[2021.12.21-02.21.02:334][  0]LogConfig: Setting CVar [[foliage.DensityScale:0.4]]
[2021.12.21-02.21.02:334][  0]LogConfig: Setting CVar [[grass.DensityScale:0.4]]
[2021.12.21-02.21.02:334][  0]LogConfig: Applying CVar settings from Section [ShadingQuality@1] File [C:/Users/fraci/Documents/Unreal Projects/Grafica 1/Saved/Config/Windows/Scalability.ini]
[2021.12.21-02.21.02:334][  0]LogConfig: Setting CVar [[r.HairStrands.SkyLighting.IntegrationType:2]]
[2021.12.21-02.21.02:334][  0]LogConfig: Setting CVar [[r.HairStrands.SkyAO.SampleCount:4]]
[2021.12.21-02.21.02:334][  0]LogConfig: Setting CVar [[r.HairStrands.Visibility.MSAA.SamplePerPixel:1]]
[2021.12.21-02.21.02:334][  0]LogConfig: Applying CVar settings from Section [Startup] File [../../../Engine/Config/ConsoleVariables.ini]
[2021.12.21-02.21.02:335][  0]LogConfig: Setting CVar [[net.UseAdaptiveNetUpdateFrequency:0]]
[2021.12.21-02.21.02:335][  0]LogConfig: Setting CVar [[p.chaos.AllowCreatePhysxBodies:1]]
[2021.12.21-02.21.02:335][  0]LogConfig: Setting CVar [[fx.SkipVectorVMBackendOptimizations:1]]
[2021.12.21-02.21.02:335][  0]LogConfig: Applying CVar settings from Section [ConsoleVariables] File [C:/Users/fraci/Documents/Unreal Projects/Grafica 1/Saved/Config/Windows/Engine.ini]
[2021.12.21-02.21.02:335][  0]LogConfig: Applying CVar settings from Section [ConsoleVariables] File [C:/Users/fraci/Documents/Unreal Projects/Grafica 1/Saved/Config/Windows/Editor.ini]
[2021.12.21-02.21.02:335][  0]LogInit: Computer: DESKTOP-LC84CI9
[2021.12.21-02.21.02:335][  0]LogInit: User: fraci
[2021.12.21-02.21.02:335][  0]LogInit: CPU Page size=4096, Cores=6
[2021.12.21-02.21.02:335][  0]LogInit: High frequency timer resolution =10.000000 MHz
[2021.12.21-02.21.02:335][  0]LogMemory: Memory total: Physical=15.9GB (16GB approx)
[2021.12.21-02.21.02:335][  0]LogMemory: Platform Memory Stats for Windows
[2021.12.21-02.21.02:335][  0]LogMemory: Process Physical Memory: 146.52 MB used, 146.52 MB peak
[2021.12.21-02.21.02:335][  0]LogMemory: Process Virtual Memory: 131.93 MB used, 131.93 MB peak
[2021.12.21-02.21.02:335][  0]LogMemory: Physical Memory: 9197.21 MB used,  7090.38 MB free, 16287.59 MB total
[2021.12.21-02.21.02:335][  0]LogMemory: Virtual Memory: 134211576.00 MB used,  6149.03 MB free, 134217728.00 MB total
[2021.12.21-02.21.02:681][  0]LogWindows: WindowsPlatformFeatures enabled
[2021.12.21-02.21.02:731][  0]LogInit: Physics initialised using underlying interface: PhysX
[2021.12.21-02.21.02:734][  0]LogInit: Using OS detected language (es-MX).
[2021.12.21-02.21.02:734][  0]LogInit: Using OS detected locale (es-CL).
[2021.12.21-02.21.02:742][  0]LogTextLocalizationResource: LocRes '../../../Engine/Content/Localization/Editor/es-MX/Editor.locres' could not be opened for reading!
[2021.12.21-02.21.02:742][  0]LogTextLocalizationResource: LocRes '../../../Engine/Content/Localization/EditorTutorials/es-MX/EditorTutorials.locres' could not be opened for reading!
[2021.12.21-02.21.02:742][  0]LogTextLocalizationResource: LocRes '../../../Engine/Content/Localization/Keywords/es-MX/Keywords.locres' could not be opened for reading!
[2021.12.21-02.21.02:742][  0]LogTextLocalizationResource: LocRes '../../../Engine/Content/Localization/Category/es-MX/Category.locres' could not be opened for reading!
[2021.12.21-02.21.02:742][  0]LogTextLocalizationResource: LocRes '../../../Engine/Content/Localization/ToolTips/es-MX/ToolTips.locres' could not be opened for reading!
[2021.12.21-02.21.02:742][  0]LogTextLocalizationResource: LocRes '../../../Engine/Content/Localization/PropertyNames/es-MX/PropertyNames.locres' could not be opened for reading!
[2021.12.21-02.21.02:743][  0]LogTextLocalizationResource: LocRes '../../../Engine/Content/Localization/Engine/es-MX/Engine.locres' could not be opened for reading!
[2021.12.21-02.21.02:743][  0]LogTextLocalizationResource: LocRes '../../../Engine/Plugins/Online/OnlineSubsystemUtils/Content/Localization/OnlineSubsystemUtils/es-MX/OnlineSubsystemUtils.locres' could not be opened for reading!
[2021.12.21-02.21.02:743][  0]LogTextLocalizationResource: LocRes '../../../Engine/Plugins/Online/Android/OnlineSubsystemGooglePlay/Content/Localization/OnlineSubsystemGooglePlay/es-MX/OnlineSubsystemGooglePlay.locres' could not be opened for reading!
[2021.12.21-02.21.02:743][  0]LogTextLocalizationResource: LocRes '../../../Engine/Plugins/Online/IOS/OnlineSubsystemIOS/Content/Localization/OnlineSubsystemIOS/es-MX/OnlineSubsystemIOS.locres' could not be opened for reading!
[2021.12.21-02.21.02:797][  0]LogInit: Setting process to per monitor DPI aware
[2021.12.21-02.21.02:810][  0]LogWindowsTextInputMethodSystem: Display: IME system deactivated.
[2021.12.21-02.21.02:828][  0]LogSlate: New Slate User Created.  User Index 0, Is Virtual User: 0
[2021.12.21-02.21.02:828][  0]LogSlate: Slate User Registered.  User Index 0, Is Virtual User: 0
[2021.12.21-02.21.03:120][  0]LogD3D11RHI: Loaded GFSDK_Aftermath_Lib.x64.dll
[2021.12.21-02.21.03:124][  0]LogHMD: Failed to initialize OpenVR with code 110
[2021.12.21-02.21.03:124][  0]LogD3D11RHI: D3D11 min allowed feature level: 11_0
[2021.12.21-02.21.03:124][  0]LogD3D11RHI: D3D11 max allowed feature level: 11_0
[2021.12.21-02.21.03:124][  0]LogD3D11RHI: D3D11 adapters:
[2021.12.21-02.21.03:210][  0]LogD3D11RHI:    0. 'Radeon RX550/550 Series' (Feature Level 11_0)
[2021.12.21-02.21.03:211][  0]LogD3D11RHI:       2028/0/8143 MB DedicatedVideo/DedicatedSystem/SharedSystem, Outputs:1, VendorId:0x1002
[2021.12.21-02.21.03:218][  0]LogD3D11RHI:    1. 'Microsoft Basic Render Driver' (Feature Level 11_0)
[2021.12.21-02.21.03:218][  0]LogD3D11RHI:       0/0/8143 MB DedicatedVideo/DedicatedSystem/SharedSystem, Outputs:0, VendorId:0x1414
[2021.12.21-02.21.03:218][  0]LogD3D11RHI: Chosen D3D11 Adapter:
[2021.12.21-02.21.03:218][  0]LogD3D11RHI:     Description : Radeon RX550/550 Series
[2021.12.21-02.21.03:218][  0]LogD3D11RHI:     VendorId    : 1002
[2021.12.21-02.21.03:218][  0]LogD3D11RHI:     DeviceId    : 699f
[2021.12.21-02.21.03:218][  0]LogD3D11RHI:     SubSysId    : 8a901462
[2021.12.21-02.21.03:218][  0]LogD3D11RHI:     Revision    : 00c7
[2021.12.21-02.21.03:218][  0]LogD3D11RHI:     DedicatedVideoMemory : 2126999552 bytes
[2021.12.21-02.21.03:218][  0]LogD3D11RHI:     DedicatedSystemMemory : 0 bytes
[2021.12.21-02.21.03:218][  0]LogD3D11RHI:     SharedSystemMemory : 8539385856 bytes
[2021.12.21-02.21.03:218][  0]LogD3D11RHI:     AdapterLuid : 0 61091
[2021.12.21-02.21.03:228][  0]LogD3D11RHI: Creating new Direct3DDevice
[2021.12.21-02.21.03:228][  0]LogD3D11RHI:     GPU DeviceId: 0x699f (for the marketing name, search the web for "GPU Device Id")
[2021.12.21-02.21.03:228][  0]LogWindows: EnumDisplayDevices:
[2021.12.21-02.21.03:228][  0]LogWindows:    0. 'Radeon RX550/550 Series' (P:1 D:1)
[2021.12.21-02.21.03:228][  0]LogWindows:    1. 'Radeon RX550/550 Series' (P:0 D:0)
[2021.12.21-02.21.03:229][  0]LogWindows:    2. 'Radeon RX550/550 Series' (P:0 D:0)
[2021.12.21-02.21.03:229][  0]LogWindows:    3. 'Radeon RX550/550 Series' (P:0 D:0)
[2021.12.21-02.21.03:229][  0]LogWindows:    4. 'Radeon RX550/550 Series' (P:0 D:0)
[2021.12.21-02.21.03:230][  0]LogWindows:    5. 'Radeon RX550/550 Series' (P:0 D:0)
[2021.12.21-02.21.03:230][  0]LogWindows: DebugString: FoundDriverCount:6 
[2021.12.21-02.21.03:230][  0]LogD3D11RHI:     Adapter Name: Radeon RX550/550 Series
[2021.12.21-02.21.03:230][  0]LogD3D11RHI:   Driver Version: Adrenalin 2020 21.10.2 (internal:30.0.13025.5005, unified:30.0.13025.5005)
[2021.12.21-02.21.03:230][  0]LogD3D11RHI:      Driver Date: 10-5-2021
[2021.12.21-02.21.03:230][  0]LogRHI: Texture pool is 1206 MB (70% of 1724 MB)
[2021.12.21-02.21.03:269][  0]LogD3D11RHI: Creating D3DDevice with AMD AGS, using adapter:
[2021.12.21-02.21.03:269][  0]LogD3D11RHI:     Description : Radeon RX550/550 Series
[2021.12.21-02.21.03:269][  0]LogD3D11RHI:     VendorId    : 1002
[2021.12.21-02.21.03:269][  0]LogD3D11RHI:     DeviceId    : 699f
[2021.12.21-02.21.03:269][  0]LogD3D11RHI:     SubSysId    : 8a901462
[2021.12.21-02.21.03:269][  0]LogD3D11RHI:     Revision    : 00c7
[2021.12.21-02.21.03:269][  0]LogD3D11RHI:     DedicatedVideoMemory : 2126999552 bytes
[2021.12.21-02.21.03:269][  0]LogD3D11RHI:     DedicatedSystemMemory : 0 bytes
[2021.12.21-02.21.03:269][  0]LogD3D11RHI:     SharedSystemMemory : 8539385856 bytes
[2021.12.21-02.21.03:269][  0]LogD3D11RHI:     AdapterLuid : 0 61091
[2021.12.21-02.21.03:312][  0]LogD3D11RHI: Created device via AGS, feature level 11_0, supported extensions 1fffffbf.
[2021.12.21-02.21.03:312][  0]LogD3D11RHI: RHI has support for 64 bit atomics
[2021.12.21-02.21.03:312][  0]LogD3D11RHI: Async texture creation enabled
[2021.12.21-02.21.03:312][  0]LogD3D11RHI: Array index from any shader is supported
[2021.12.21-02.21.03:323][  0]LogD3D11RHI: GPU Timing Frequency: 25.000000 (Debug: 2 1)
[2021.12.21-02.21.03:806][  0]LogTargetPlatformManager: Display: Loaded TargetPlatform 'AllDesktop'
[2021.12.21-02.21.03:831][  0]LogTargetPlatformManager: Display: Loaded TargetPlatform 'Android'
[2021.12.21-02.21.03:831][  0]LogTargetPlatformManager: Display: Loaded TargetPlatform 'Android_ASTC'
[2021.12.21-02.21.03:831][  0]LogTargetPlatformManager: Display: Loaded TargetPlatform 'Android_DXT'
[2021.12.21-02.21.03:831][  0]LogTargetPlatformManager: Display: Loaded TargetPlatform 'Android_ETC2'
[2021.12.21-02.21.03:831][  0]LogTargetPlatformManager: Display: Loaded TargetPlatform 'AndroidClient'
[2021.12.21-02.21.03:831][  0]LogTargetPlatformManager: Display: Loaded TargetPlatform 'Android_ASTCClient'
[2021.12.21-02.21.03:831][  0]LogTargetPlatformManager: Display: Loaded TargetPlatform 'Android_DXTClient'
[2021.12.21-02.21.03:831][  0]LogTargetPlatformManager: Display: Loaded TargetPlatform 'Android_ETC2Client'
[2021.12.21-02.21.03:831][  0]LogTargetPlatformManager: Display: Loaded TargetPlatform 'Android_Multi'
[2021.12.21-02.21.03:831][  0]LogTargetPlatformManager: Display: Loaded TargetPlatform 'Android_MultiClient'
[2021.12.21-02.21.03:855][  0]LogTargetPlatformManager: Display: Loaded TargetPlatform 'IOSClient'
[2021.12.21-02.21.03:855][  0]LogTargetPlatformManager: Display: Loaded TargetPlatform 'IOS'
[2021.12.21-02.21.03:867][  0]LogTargetPlatformManager: Display: Loaded TargetPlatform 'Linux'
[2021.12.21-02.21.03:874][  0]LogTargetPlatformManager: Display: Loaded TargetPlatform 'LinuxNoEditor'
[2021.12.21-02.21.03:879][  0]LogTargetPlatformManager: Display: Loaded TargetPlatform 'LinuxClient'
[2021.12.21-02.21.03:885][  0]LogTargetPlatformManager: Display: Loaded TargetPlatform 'LinuxServer'
[2021.12.21-02.21.03:897][  0]LogTargetPlatformManager: Display: Loaded TargetPlatform 'LinuxAArch64NoEditor'
[2021.12.21-02.21.03:903][  0]LogTargetPlatformManager: Display: Loaded TargetPlatform 'LinuxAArch64Client'
[2021.12.21-02.21.03:908][  0]LogTargetPlatformManager: Display: Loaded TargetPlatform 'LinuxAArch64Server'
[2021.12.21-02.21.03:937][  0]LogTargetPlatformManager: Display: Loaded TargetPlatform 'Lumin'
[2021.12.21-02.21.03:937][  0]LogTargetPlatformManager: Display: Loaded TargetPlatform 'LuminClient'
[2021.12.21-02.21.03:948][  0]LogTargetPlatformManager: Display: Loaded TargetPlatform 'MacNoEditor'
[2021.12.21-02.21.03:954][  0]LogTargetPlatformManager: Display: Loaded TargetPlatform 'Mac'
[2021.12.21-02.21.03:959][  0]LogTargetPlatformManager: Display: Loaded TargetPlatform 'MacClient'
[2021.12.21-02.21.03:963][  0]LogTargetPlatformManager: Display: Loaded TargetPlatform 'MacServer'
[2021.12.21-02.21.03:974][  0]LogTargetPlatformManager: Display: Loaded TargetPlatform 'TVOSClient'
[2021.12.21-02.21.03:974][  0]LogTargetPlatformManager: Display: Loaded TargetPlatform 'TVOS'
[2021.12.21-02.21.03:986][  0]LogTargetPlatformManager: Display: Loaded TargetPlatform 'WindowsNoEditor'
[2021.12.21-02.21.03:993][  0]LogTargetPlatformManager: Display: Loaded TargetPlatform 'Windows'
[2021.12.21-02.21.03:999][  0]LogTargetPlatformManager: Display: Loaded TargetPlatform 'WindowsClient'
[2021.12.21-02.21.04:005][  0]LogTargetPlatformManager: Display: Loaded TargetPlatform 'WindowsServer'
[2021.12.21-02.21.04:005][  0]LogTargetPlatformManager: Display: Building Assets For Windows
[2021.12.21-02.21.04:021][  0]LogAudioDebug: Display: Lib vorbis DLL was dynamically loaded.
[2021.12.21-02.21.04:067][  0]LogTextureFormatOodle: Display: Oodle Texture 2.9.0 init RDO Off
[2021.12.21-02.21.04:113][  0]LogRendererCore: Ray tracing is disabled. Reason: r.RayTracing=0.
[2021.12.21-02.21.04:113][  0]LogShaderCompilers: Guid format shader working directory is -20 characters bigger than the processId version (../../../../../../Users/fraci/Documents/Unreal Projects/Grafica 1/Intermediate/Shaders/WorkingDirectory/24304/).
[2021.12.21-02.21.04:114][  0]LogShaderCompilers: Cleaned the shader compiler working directory 'C:/Users/fraci/AppData/Local/Temp/UnrealShaderWorkingDir/974C274A45330612F52510AD50A8F23E/'.
[2021.12.21-02.21.04:114][  0]LogXGEController: Cannot use XGE Controller as Incredibuild is not installed on this machine.
[2021.12.21-02.21.04:114][  0]LogShaderCompilers: Cannot use XGE Shader Compiler as Incredibuild is not installed on this machine.
[2021.12.21-02.21.04:114][  0]LogShaderCompilers: Display: Using Local Shader Compiler.
[2021.12.21-02.21.05:028][  0]LogDerivedDataCache: Display: Max Cache Size: 512 MB
[2021.12.21-02.21.05:380][  0]LogDerivedDataCache: Loaded boot cache 0.35s 95MB C:/Users/fraci/AppData/Local/UnrealEngine/4.27/DerivedDataCache/Boot.ddc.
[2021.12.21-02.21.05:380][  0]LogDerivedDataCache: Display: Loaded Boot cache: C:/Users/fraci/AppData/Local/UnrealEngine/4.27/DerivedDataCache/Boot.ddc
[2021.12.21-02.21.05:380][  0]LogDerivedDataCache: FDerivedDataBackendGraph:  Pak pak cache file ../../../../../../Users/fraci/Documents/Unreal Projects/Grafica 1/DerivedDataCache/DDC.ddp not found, will not use a pak cache.
[2021.12.21-02.21.05:380][  0]LogDerivedDataCache: Unable to find inner node Pak for hierarchical cache Hierarchy.
[2021.12.21-02.21.05:380][  0]LogDerivedDataCache: FDerivedDataBackendGraph:  CompressedPak pak cache file ../../../../../../Users/fraci/Documents/Unreal Projects/Grafica 1/DerivedDataCache/Compressed.ddp not found, will not use a pak cache.
[2021.12.21-02.21.05:380][  0]LogDerivedDataCache: Unable to find inner node CompressedPak for hierarchical cache Hierarchy.
[2021.12.21-02.21.05:401][  0]LogDerivedDataCache: Display: Pak cache opened for reading ../../../Engine/DerivedDataCache/Compressed.ddp.
[2021.12.21-02.21.05:401][  0]LogDerivedDataCache: FDerivedDataBackendGraph:  EnterprisePak pak cache file ../../../Enterprise/DerivedDataCache/Compressed.ddp not found, will not use a pak cache.
[2021.12.21-02.21.05:401][  0]LogDerivedDataCache: Unable to find inner node EnterprisePak for hierarchical cache Hierarchy.
[2021.12.21-02.21.05:421][  0]LogDerivedDataCache: Speed tests for C:/Users/fraci/AppData/Local/UnrealEngine/Common/DerivedDataCache took 0.02 seconds
[2021.12.21-02.21.05:421][  0]LogDerivedDataCache: Display: Performance to C:/Users/fraci/AppData/Local/UnrealEngine/Common/DerivedDataCache: Latency=0.05ms. RandomReadSpeed=71.25MBs, RandomWriteSpeed=158.07MBs. Assigned SpeedClass 'Local'
[2021.12.21-02.21.05:422][  0]LogDerivedDataCache: Using Local data cache path C:/Users/fraci/AppData/Local/UnrealEngine/Common/DerivedDataCache: Writable
[2021.12.21-02.21.05:422][  0]LogDerivedDataCache: Shared data cache path not found in *engine.ini, will not use an Shared cache.
[2021.12.21-02.21.05:422][  0]LogDerivedDataCache: Unable to find inner node Shared for hierarchical cache Hierarchy.
[2021.12.21-02.21.05:474][  0]LogSlate: Using FreeType 2.10.0
[2021.12.21-02.21.05:475][  0]LogSlate: SlateFontServices - WITH_FREETYPE: 1, WITH_HARFBUZZ: 1
[2021.12.21-02.21.05:512][  0]LogAssetRegistry: FAssetRegistry took 0.0036 seconds to start up
[2021.12.21-02.21.05:746][  0]LogInit: Selected Device Profile: [Windows]
[2021.12.21-02.21.05:746][  0]LogInit: Active device profile: [000001C152A2A900][000001C14F8CAA80 49] Windows
[2021.12.21-02.21.05:746][  0]LogInit: Profiles: [000001C152A2A900][000001C14F8CAA80 49] Windows, [000001C1529E7100][000001C151C90BC0 49] WindowsNoEditor, [000001C152A2B900][000001C151C94D00 49] WindowsServer, [000001C1529E5000][000001C151C9CE80 49] WindowsClient, [000001C152A2B200][000001C151CA1000 49] IOS, [000001C1529E4D00][000001C151CA5180 49] iPadAir, [000001C152A28900][000001C151CA9300 49] iPadAir2, [000001C1529A2000][000001C151CB15C0 49] IPadPro, [000001C1529A2100][000001C151CAD600 49] iPadAir3, [000001C152A2BB00][000001C151CB5780 49] iPadAir4, [000001C1529A2400][000001C151CB9900 49] iPadMini2, [000001C152A28600][000001C151CBDA80 49] iPadMini3, [000001C1529A2700][000001C151CC1C00 49] iPadMini4, [000001C152A28400][000001C151CC4200 49] iPadMini5, [000001C1529E1900][000001C151CCC4C0 49] iPhone6, [000001C1529E1A00][000001C151CC8500 49] iPodTouch6, [000001C1529A2300][000001C151CD47C0 49] iPhone7, [000001C1529A1B00][000001C151CD0800 49] iPodTouch7, [000001C1529E2000][000001C151CD8980 49] iPhone5S, [000001C1529A1C00][000001C151CDCB00 49] iPhone6Plus, [000001C1529E2A00][000001C151C98C40 49] iPhone6S, [000001C1529A1F00][000001C152CF0D80 49] iPhone6SPlus, [000001C1529E2800][000001C152CF4EC0 49] iPhone7Plus, [000001C1529A1D00][000001C152CFD040 49] iPhoneSE, [000001C1529E3A00][000001C152D011C0 49] iPhone8, [000001C1529A0D00][000001C152D05340 49] iPhone8Plus, [000001C1529E3E00][000001C152D094C0 49] iPhoneX, [000001C1529A2800][000001C152D0D640 49] iPhoneXS, [000001C1529E3D00][000001C152D117C0 49] iPhoneXSMax, [000001C1529A3000][000001C152D15940 49] iPhoneXR, [000001C1529E3600][000001C152D19AC0 49] iPhone11, [000001C1529A2D00][000001C152D1C0C0 49] iPhone11Pro, [000001C1529E2E00][000001C152D20240 49] iPhone11ProMax, [000001C1529A1300][000001C152D243C0 49] iPhoneSE2, [000001C1529E2500][000001C152D28540 49] iPhone12Mini, [000001C1529A2E00][000001C152D2C6C0 49] iPhone12, [000001C1529E1800][000001C152D30840 49] iPhone12Pro, [000001C1529A2500][000001C152D349C0 49] iPhone12ProMax, [000001C1529E3500][000001C152D38B40 49] iPadPro105, [000001C1529A0900][000001C152D3CCC0 49] iPadPro129, [000001C1529E2600][000001C152CF8E00 49] iPadPro97, [000001C1529A0A00][000001C152D40F40 49] iPadPro2_129, [000001C1529E3B00][000001C152D45080 49] iPad5, [000001C1529A0600][000001C152D491C0 49] iPad6, [000001C1529E4200][000001C152D51340 49] iPad7, [000001C152A68800][000001C152D554C0 49] iPad8, [000001C1529E6A00][000001C152D59640 49] iPadPro11, [000001C152A69A00][000001C152D5D7C0 49] iPadPro2_11, [000001C1529E5700][000001C152D61940 49] iPadPro3_129, [000001C152A69700][000001C152D65AC0 49] iPadPro4_129, [000001C1529E5200][000001C152D680C0 49] AppleTV, [000001C152A69100][000001C152D6C240 49] AppleTV4K, [000001C1529E6C00][000001C152D703C0 49] TVOS, [000001C152A69800][000001C152D74540 49] Mac, [000001C1529E4800][000001C152D786C0 49] MacClient, [000001C152A69400][000001C152D7C840 49] MacNoEditor, [000001C1529E5600][000001C152D809C0 49] MacServer, [000001C152A69E00][000001C152D84B40 49] Linux, [000001C1529A1500][000001C152D88CC0 49] LinuxAArch64, [000001C1529E0B00][000001C152D8CE40 49] LinuxNoEditor, [000001C1529A3100][000001C152D4CF80 49] LinuxAArch64NoEditor, [000001C1529E2F00][000001C152D910C0 49] LinuxClient, [000001C1529A1100][000001C152D95200 49] LinuxAArch64Client, [000001C1529E0900][000001C152D99340 49] LinuxServer, [000001C1529A2900][000001C152DA14C0 49] LinuxAArch64Server, [000001C1529E1500][000001C152DA5640 49] Android, [000001C1529A3600][000001C152DA97C0 49] Android_Low, [000001C1529E3200][000001C152DAD940 49] Android_Mid, [000001C1529A3B00][000001C152DB1AC0 49] Android_High, [000001C1529E0400][000001C152DB40C0 49] Android_Default, [000001C1529A1400][000001C152DB8240 49] Android_Adreno4xx, [000001C1529E1C00][000001C152DBC3C0 49] Android_Adreno5xx_Low, [000001C1529A0800][000001C152DC0540 49] Android_Adreno5xx, [000001C152A68200][000001C152DC46C0 49] Android_Adreno6xx, [000001C1529A0E00][000001C152DC8840 49] Android_Adreno6xx_Vulkan, [000001C152A69C00][000001C152DCC9C0 49] Android_Mali_T6xx, [000001C1529A3500][000001C152DD0B40 49] Android_Mali_T7xx, [000001C152A6A000][000001C152DD4CC0 49] Android_Mali_T8xx, [000001C1529A1700][000001C152DD8E40 49] Android_Mali_G71, [000001C1529E1700][000001C152DDCFC0 49] Android_Mali_G72, [000001C1529A0700][000001C152DE1140 49] Android_Mali_G72_Vulkan, [000001C1529E3400][000001C152D9D280 49] Android_Mali_G76, [000001C1529A3900][000001C152DE53C0 49] Android_Mali_G76_Vulkan, [000001C1529E3900][000001C152DE9500 49] Android_Mali_G77, [000001C1529A3D00][000001C152DF1680 49] Android_Mali_G77_Vulkan, [000001C1529E3700][000001C152DF5800 49] Android_Mali_G78, [000001C1529A0500][000001C152DF9980 49] Android_Mali_G78_Vulkan, [000001C1529E0500][000001C152DFDB00 49] Android_Mali_G710, [000001C1529A3E00][000001C152E00100 49] Android_Mali_G710_Vulkan, [000001C1529E0D00][000001C152E04280 49] Android_Vulkan_SM5, [000001C1529A3A00][000001C152E08400 49] Android_PowerVR_G6xxx, [000001C1529E1200][000001C152E0C580 49] Android_PowerVR_GT7xxx, [000001C1529A3700][000001C152E10700 49] Android_PowerVR_GE8xxx, [000001C1529E1B00][000001C152E14880 49] Android_PowerVR_GM9xxx, [000001C1529A2C00][000001C152E18A00 49] Android_PowerVR_GM9xxx_Vulkan, [000001C1529E0300][000001C152E1CB80 49] Android_TegraK1, [000001C1529A2B00][000001C152E20D00 49] Android_Unknown_Vulkan, [000001C1529E1000][000001C152E24E80 49] Lumin, [000001C1529A1900][000001C152E29000 49] Lumin_Desktop, [000001C1529E0F00][000001C152E2D180 49] HoloLens, 
[2021.12.21-02.21.05:920][  0]LogMeshReduction: Using QuadricMeshReduction for automatic static mesh reduction
[2021.12.21-02.21.05:920][  0]LogMeshReduction: Using SimplygonMeshReduction for automatic skeletal mesh reduction
[2021.12.21-02.21.05:920][  0]LogMeshReduction: Using ProxyLODMeshReduction for automatic mesh merging
[2021.12.21-02.21.05:920][  0]LogMeshReduction: No distributed automatic mesh merging module available
[2021.12.21-02.21.05:920][  0]LogMeshMerging: No distributed automatic mesh merging module available
[2021.12.21-02.21.05:939][  0]LogNetVersion: MyProject 1.0.0, NetCL: 17155196, EngineNetVer: 17, GameNetVer: 0 (Checksum: 3629800737)
[2021.12.21-02.21.06:711][  0]LogTexture: Default maximum texture size for cubemaps generated from long-lat sources has been changed from 512 to unlimited. In order to preserve old behaiour for '/Engine/MapTemplates/Sky/DaylightAmbientCubemap.DaylightAmbientCubemap', its maximum texture size has been explicitly set to 512.
[2021.12.21-02.21.06:778][  0]LogHMD: PokeAHoleMaterial loaded successfully
[2021.12.21-02.21.06:788][  0]LogUObjectArray: 17178 objects as part of root set at end of initial load.
[2021.12.21-02.21.06:788][  0]LogUObjectAllocator: 4302048 out of 0 bytes used by permanent object pool.
[2021.12.21-02.21.06:788][  0]LogUObjectArray: CloseDisregardForGC: 0/0 objects in disregard for GC pool
[2021.12.21-02.21.07:447][  0]LogNiagaraDebuggerClient: Niagara Debugger Client Initialized | Session: 955BCB67465D068D367A0AA7E08E4115 | Instance: FEF4BC0F4FA79CA1E97BDDA0CD18BC00 (DESKTOP-LC84CI9-24304).
[2021.12.21-02.21.07:513][  0]LogPython: Using Python 3.7.7
[2021.12.21-02.21.08:130][  0]LogUdpMessaging: Initializing bridge on interface 0.0.0.0:0 to multicast group 230.0.0.1:6666.
[2021.12.21-02.21.08:139][  0]LogTcpMessaging: Initializing TcpMessaging bridge
[2021.12.21-02.21.08:232][  0]LogConsoleManager: Warning: Console object named 'MaterialBaking.UseMaterialProxyCaching' already exists but is being registered again, but we weren't expected it to be! (FConsoleManager::AddConsoleObject)
[2021.12.21-02.21.08:232][  0]LogConsoleManager: Warning: Console object named 'MaterialBaking.SaveIntermediateTextures' already exists but is being registered again, but we weren't expected it to be! (FConsoleManager::AddConsoleObject)
[2021.12.21-02.21.08:560][  0]SourceControl: El control de código fuente está desactivado
[2021.12.21-02.21.08:560][  0]SourceControl: El control de código fuente está desactivado
[2021.12.21-02.21.08:574][  0]SourceControl: El control de código fuente está desactivado
[2021.12.21-02.21.08:579][  0]SourceControl: El control de código fuente está desactivado
[2021.12.21-02.21.08:584][  0]SourceControl: El control de código fuente está desactivado
[2021.12.21-02.21.08:594][  0]LogUProjectInfo: Found projects:
[2021.12.21-02.21.08:907][  0]LogOpenImageDenoise: OIDN starting up
[2021.12.21-02.21.08:929][  0]LogAndroidPermission: UAndroidPermissionCallbackProxy::GetInstance
[2021.12.21-02.21.08:955][  0]LogAudioCaptureCore: Display: No Audio Capture implementations found. Audio input will be silent.
[2021.12.21-02.21.08:956][  0]LogAudioCaptureCore: Display: No Audio Capture implementations found. Audio input will be silent.
[2021.12.21-02.21.09:182][  0]LogCollectionManager: Loaded 0 collections in 0.001865 seconds
[2021.12.21-02.21.09:192][  0]LogFileCache: Scanning file cache for directory 'C:/Users/fraci/Documents/Unreal Projects/Grafica 1/Saved/Collections/' took 0.00s
[2021.12.21-02.21.09:192][  0]LogFileCache: Scanning file cache for directory 'C:/Users/fraci/Documents/Unreal Projects/Grafica 1/Content/Developers/fraci/Collections/' took 0.00s
[2021.12.21-02.21.09:192][  0]LogFileCache: Scanning file cache for directory 'C:/Users/fraci/Documents/Unreal Projects/Grafica 1/Content/Collections/' took 0.00s
[2021.12.21-02.21.09:224][  0]LogOcInput: OculusInput pre-init called
[2021.12.21-02.21.09:502][  0]LogClass: Warning: ObjectProperty FGLTFImportContext::Parent is not initialized properly. Module:SketchfabGLTF File:Private/SKGLTFImporter.h
[2021.12.21-02.21.09:502][  0]LogClass: Warning: ObjectProperty FGLTFImportContext::ImportOptions is not initialized properly. Module:SketchfabGLTF File:Private/SKGLTFImporter.h
[2021.12.21-02.21.09:502][  0]LogClass: Warning: ObjectProperty FGLTFImportContext::PrimResolver is not initialized properly. Module:SketchfabGLTF File:Private/SKGLTFImporter.h
[2021.12.21-02.21.09:502][  0]LogClass: Display: 3 Uninitialized script struct members found including 3 object properties
[2021.12.21-02.21.09:503][  0]LogAutomationTest: Warning: ObjectProperty FGLTFImportContext::Parent is not initialized properly. Module:SketchfabGLTF File:Private/SKGLTFImporter.h
[2021.12.21-02.21.09:503][  0]LogAutomationTest: Warning: ObjectProperty FGLTFImportContext::ImportOptions is not initialized properly. Module:SketchfabGLTF File:Private/SKGLTFImporter.h
[2021.12.21-02.21.09:503][  0]LogAutomationTest: Warning: ObjectProperty FGLTFImportContext::PrimResolver is not initialized properly. Module:SketchfabGLTF File:Private/SKGLTFImporter.h
[2021.12.21-02.21.09:505][  0]LogEngine: Initializing Engine...
[2021.12.21-02.21.09:510][  0]LogHMD: Failed to enumerate extensions. Please check that you have a valid OpenXR runtime installed.
[2021.12.21-02.21.09:510][  0]LogHMD: Failed to initialize OpenVR with code 110
[2021.12.21-02.21.09:510][  0]LogMagicLeap: Warning: VR disabled because ZI is not enabled.  To enable, in the editor, Edit -> Project Settings -> Plugins -> Magic Leap Plugin -> Enable Zero Iteration
[2021.12.21-02.21.09:511][  0]LogStats: UGameplayTagsManager::InitializeManager -  0.000 s
[2021.12.21-02.21.09:709][  0]LogInit: Initializing FReadOnlyCVARCache
[2021.12.21-02.21.09:725][  0]LogAIModule: Creating AISystem for world Untitled
[2021.12.21-02.21.09:734][  0]LogAudio: Display: Initializing Audio Device Manager...
[2021.12.21-02.21.09:741][  0]LogAudio: Display: Loading Default Audio Settings Objects...
[2021.12.21-02.21.09:742][  0]LogAudio: Display: No default SoundConcurrencyObject specified (or failed to load).
[2021.12.21-02.21.09:743][  0]LogAudio: Display: Audio Device Manager Initialized
[2021.12.21-02.21.09:743][  0]LogAudio: Display: Creating Audio Device:                 Id: 1, Scope: Shared, Realtime: True
[2021.12.21-02.21.09:743][  0]LogAudioMixer: Display: Audio Mixer Platform Settings:
[2021.12.21-02.21.09:743][  0]LogAudioMixer: Display: 	Sample Rate:						  48000
[2021.12.21-02.21.09:743][  0]LogAudioMixer: Display: 	Callback Buffer Frame Size Requested: 1024
[2021.12.21-02.21.09:743][  0]LogAudioMixer: Display: 	Callback Buffer Frame Size To Use:	  1024
[2021.12.21-02.21.09:743][  0]LogAudioMixer: Display: 	Number of buffers to queue:			  2
[2021.12.21-02.21.09:743][  0]LogAudioMixer: Display: 	Max Channels (voices):				  32
[2021.12.21-02.21.09:743][  0]LogAudioMixer: Display: 	Number of Async Source Workers:		  0
[2021.12.21-02.21.09:743][  0]LogAudio: Display: AudioDevice MaxSources: 32
[2021.12.21-02.21.09:743][  0]LogAudio: Display: Audio Spatialization Plugin: None (built-in).
[2021.12.21-02.21.09:743][  0]LogAudio: Display: Audio Reverb Plugin: None (built-in).
[2021.12.21-02.21.09:743][  0]LogAudio: Display: Audio Occlusion Plugin: None (built-in).
[2021.12.21-02.21.09:743][  0]LogAudioMixer: Display: Initializing audio mixer.
[2021.12.21-02.21.09:910][  0]LogAudioMixer: Display: 0: FrontLeft
[2021.12.21-02.21.09:910][  0]LogAudioMixer: Display: 1: FrontRight
[2021.12.21-02.21.09:910][  0]LogAudioMixer: Display: 2: FrontCenter
[2021.12.21-02.21.09:910][  0]LogAudioMixer: Display: 3: LowFrequency
[2021.12.21-02.21.09:910][  0]LogAudioMixer: Display: 4: BackLeft
[2021.12.21-02.21.09:910][  0]LogAudioMixer: Display: 5: BackRight
[2021.12.21-02.21.09:910][  0]LogAudioMixer: Display: 6: SideLeft
[2021.12.21-02.21.09:910][  0]LogAudioMixer: Display: 7: SideRight
[2021.12.21-02.21.09:929][  0]LogAudioMixer: Display: Using Audio Device Altavoces (Logitech PRO X Gaming Headset)
[2021.12.21-02.21.09:933][  0]LogAudioMixer: Display: Initializing Sound Submixes...
[2021.12.21-02.21.09:938][  0]LogAudioMixer: Display: Creating Master Submix 'MasterSubmixDefault'
[2021.12.21-02.21.09:938][  0]LogAudioMixer: Display: Creating Master Submix 'MasterReverbSubmixDefault'
[2021.12.21-02.21.09:940][  0]LogAudioMixer: Display: Creating Master Submix 'MasterEQSubmixDefault'
[2021.12.21-02.21.09:940][  0]LogAudioMixer: FMixerPlatformXAudio2::StartAudioStream() called
[2021.12.21-02.21.09:940][  0]LogAudioMixer: Display: Output buffers initialized: Frames=1024, Channels=8, Samples=8192
[2021.12.21-02.21.09:941][  0]LogAudioMixer: Display: Starting AudioMixerPlatformInterface::RunInternal()
[2021.12.21-02.21.09:941][  0]LogAudioMixer: Display: FMixerPlatformXAudio2::SubmitBuffer() called for the first time
[2021.12.21-02.21.09:942][  0]LogInit: FAudioDevice initialized.
[2021.12.21-02.21.09:942][  0]LogAudio: Display: Audio Device (ID: 1) registered with world 'Untitled'.
[2021.12.21-02.21.09:942][  0]LogNetVersion: Set ProjectVersion to 1.0.0.0. Version Checksum will be recalculated on next use.
[2021.12.21-02.21.10:057][  0]LogDerivedDataCache: Saved boot cache 0.11s 95MB C:/Users/fraci/AppData/Local/UnrealEngine/4.27/DerivedDataCache/Boot.ddc.
[2021.12.21-02.21.10:057][  0]LogInit: Texture streaming: Enabled
[2021.12.21-02.21.10:082][  0]LogAnalytics: Display: [UEEditor.Rocket.Release] APIServer = https://datarouter.ol.epicgames.com/. AppVersion = 4.27.2-18319896+++UE4+Release-4.27
[2021.12.21-02.21.10:086][  0]LogEngineSessionManager: EngineSessionManager initialized
[2021.12.21-02.21.10:087][  0]LogEditorSessionSummary: Verbose: Initializing EditorSessionSummaryWriter for editor session tracking
[2021.12.21-02.21.10:096][  0]LogEditorSessionSummary: EditorSessionSummaryWriter initialized
[2021.12.21-02.21.10:143][  0]LogInit: Transaction tracking system initialized
[2021.12.21-02.21.10:187][  0]BlueprintLog: New page: Cargar el editor
[2021.12.21-02.21.10:296][  0]LocalizationService: Localization service is disabled
[2021.12.21-02.21.10:340][  0]TimingProfiler: Initialize
[2021.12.21-02.21.10:340][  0]TimingProfiler: OnSessionChanged
[2021.12.21-02.21.10:340][  0]LoadingProfiler: Initialize
[2021.12.21-02.21.10:340][  0]LoadingProfiler: OnSessionChanged
[2021.12.21-02.21.10:340][  0]NetworkingProfiler: Initialize
[2021.12.21-02.21.10:340][  0]NetworkingProfiler: OnSessionChanged
[2021.12.21-02.21.10:340][  0]MemoryProfiler: Initialize
[2021.12.21-02.21.10:340][  0]MemoryProfiler: OnSessionChanged
[2021.12.21-02.21.10:588][  0]LogCook: Display: CookSettings for Memory: MemoryMaxUsedVirtual 0MiB, MemoryMaxUsedPhysical 16384MiB, MemoryMinFreeVirtual 0MiB, MemoryMinFreePhysical 1024MiB
[2021.12.21-02.21.10:588][  0]LogCook: Display: Mobile HDR setting 1
[2021.12.21-02.21.12:556][  0]LogFileCache: Scanning file cache for directory 'C:/Users/fraci/Documents/Unreal Projects/Grafica 1/Content/' took 0.01s
[2021.12.21-02.21.12:916][  0]LogInit: Display: Engine is initialized. Leaving FEngineLoop::Init()
[2021.12.21-02.21.12:921][  0]SourceControl: El control de código fuente está desactivado
[2021.12.21-02.21.12:921][  0]LogUnrealEdMisc: Loading editor; pre map load, took 12.414
[2021.12.21-02.21.12:921][  0]Cmd: MAP LOAD FILE="../../../../../../Users/fraci/Documents/Unreal Projects/Grafica 1/Content/Maps/Example_Map.umap" TEMPLATE=0 SHOWPROGRESS=1 FEATURELEVEL=3
[2021.12.21-02.21.12:922][  0]LightingResults: New page: Diseñar la iluminación
[2021.12.21-02.21.12:925][  0]LogWorld: UWorld::CleanupWorld for Untitled, bSessionEnded=true, bCleanupResources=true
[2021.12.21-02.21.12:925][  0]LogSlate: InvalidateAllWidgets triggered.  All widgets were invalidated
[2021.12.21-02.21.12:925][  0]MapCheck: New page: Revisión del mapa
[2021.12.21-02.21.12:925][  0]LightingResults: New page: Diseñar la iluminación
[2021.12.21-02.21.12:930][  0]LogAudio: Display: Audio Device unregistered from world 'None'.
[2021.12.21-02.21.12:934][  0]LogUObjectHash: Compacting FUObjectHashTables data took   0.95ms
[2021.12.21-02.21.17:897][  0]LogAudio: Display: Audio Device (ID: 1) registered with world 'Mapa_Inicial'.
[2021.12.21-02.21.17:922][  0]LogEditorServer: Finished looking for orphan Actors (0.000 secs)
[2021.12.21-02.21.17:922][  0]LogAIModule: Creating AISystem for world Mapa_Inicial
[2021.12.21-02.21.17:954][  0]LogUObjectHash: Compacting FUObjectHashTables data took   1.16ms
[2021.12.21-02.21.17:959][  0]Cmd: MAP CHECKDEP NOCLEARLOG
[2021.12.21-02.21.17:959][  0]MapCheck: Map check complete: 0 Error(s), 0 Warning(s), took 0,237ms to complete.
[2021.12.21-02.21.17:959][  0]LogFileHelpers: Loading map 'Example_Map' took 5.038
[2021.12.21-02.21.17:961][  0]LogUnrealEdMisc: Total Editor Startup Time, took 17.454
[2021.12.21-02.21.18:080][  0]LogSlate: Updating window title bar state: overlay mode, drag disabled, window buttons hidden, title bar hidden
[2021.12.21-02.21.18:088][  0]LogSlate: Updating window title bar state: overlay mode, drag disabled, window buttons hidden, title bar hidden
[2021.12.21-02.21.18:095][  0]LogSlate: Updating window title bar state: overlay mode, drag disabled, window buttons hidden, title bar hidden
[2021.12.21-02.21.18:102][  0]LogSlate: Updating window title bar state: overlay mode, drag disabled, window buttons hidden, title bar hidden
[2021.12.21-02.21.18:119][  0]LogNativeClassHierarchy: Verbose: Native class hierarchy populated in 0.0109 seconds. Added 3851 classes and 947 folders.
[2021.12.21-02.21.18:126][  0]LogNativeClassHierarchy: Verbose: Native class hierarchy updated for 'WidgetCarousel' in 0.0003 seconds. Added 0 classes and 0 folders.
[2021.12.21-02.21.18:128][  0]LogPakFile: PakFile PrimaryIndexSize=187
[2021.12.21-02.21.18:129][  0]LogPakFile: PakFile PathHashIndexSize=101
[2021.12.21-02.21.18:129][  0]LogPakFile: PakFile FullDirectoryIndexSize=148
[2021.12.21-02.21.18:129][  0]LogShaderLibrary: Display: ShaderCodeLibraryPakFileMountedCallback: PakFile 'C:/Program Files/Epic Games/UE_4.27/FeaturePacks/FP_FirstPerson.upack' (chunk index -1, root 'root:/') mounted
[2021.12.21-02.21.18:129][  0]LogShaderLibrary: Display: ShaderCodeLibraryPakFileMountedCallback: pending pak file info (ChunkID:-1 Root:root:/ File:C:/Program Files/Epic Games/UE_4.27/FeaturePacks/FP_FirstPerson.upack)
[2021.12.21-02.21.18:129][  0]LogPakFile: OnPakFileMounted2Time == 0.000070
[2021.12.21-02.21.18:132][  0]LogPakFile: PakFile PrimaryIndexSize=189
[2021.12.21-02.21.18:132][  0]LogPakFile: PakFile PathHashIndexSize=101
[2021.12.21-02.21.18:132][  0]LogPakFile: PakFile FullDirectoryIndexSize=152
[2021.12.21-02.21.18:132][  0]LogShaderLibrary: Display: ShaderCodeLibraryPakFileMountedCallback: PakFile 'C:/Program Files/Epic Games/UE_4.27/FeaturePacks/FP_FirstPersonBP.upack' (chunk index -1, root 'root:/') mounted
[2021.12.21-02.21.18:132][  0]LogShaderLibrary: Display: ShaderCodeLibraryPakFileMountedCallback: pending pak file info (ChunkID:-1 Root:root:/ File:C:/Program Files/Epic Games/UE_4.27/FeaturePacks/FP_FirstPersonBP.upack)
[2021.12.21-02.21.18:132][  0]LogPakFile: OnPakFileMounted2Time == 0.000053
[2021.12.21-02.21.18:135][  0]LogPakFile: PakFile PrimaryIndexSize=191
[2021.12.21-02.21.18:135][  0]LogPakFile: PakFile PathHashIndexSize=101
[2021.12.21-02.21.18:135][  0]LogPakFile: PakFile FullDirectoryIndexSize=160
[2021.12.21-02.21.18:135][  0]LogShaderLibrary: Display: ShaderCodeLibraryPakFileMountedCallback: PakFile 'C:/Program Files/Epic Games/UE_4.27/FeaturePacks/MobileStarterContent.upack' (chunk index -1, root 'root:/') mounted
[2021.12.21-02.21.18:135][  0]LogShaderLibrary: Display: ShaderCodeLibraryPakFileMountedCallback: pending pak file info (ChunkID:-1 Root:root:/ File:C:/Program Files/Epic Games/UE_4.27/FeaturePacks/MobileStarterContent.upack)
[2021.12.21-02.21.18:135][  0]LogPakFile: OnPakFileMounted2Time == 0.000043
[2021.12.21-02.21.18:139][  0]LogPakFile: PakFile PrimaryIndexSize=185
[2021.12.21-02.21.18:139][  0]LogPakFile: PakFile PathHashIndexSize=101
[2021.12.21-02.21.18:139][  0]LogPakFile: PakFile FullDirectoryIndexSize=148
[2021.12.21-02.21.18:139][  0]LogShaderLibrary: Display: ShaderCodeLibraryPakFileMountedCallback: PakFile 'C:/Program Files/Epic Games/UE_4.27/FeaturePacks/StarterContent.upack' (chunk index -1, root 'root:/') mounted
[2021.12.21-02.21.18:139][  0]LogShaderLibrary: Display: ShaderCodeLibraryPakFileMountedCallback: pending pak file info (ChunkID:-1 Root:root:/ File:C:/Program Files/Epic Games/UE_4.27/FeaturePacks/StarterContent.upack)
[2021.12.21-02.21.18:139][  0]LogPakFile: OnPakFileMounted2Time == 0.000034
[2021.12.21-02.21.18:142][  0]LogPakFile: PakFile PrimaryIndexSize=190
[2021.12.21-02.21.18:142][  0]LogPakFile: PakFile PathHashIndexSize=101
[2021.12.21-02.21.18:142][  0]LogPakFile: PakFile FullDirectoryIndexSize=154
[2021.12.21-02.21.18:142][  0]LogShaderLibrary: Display: ShaderCodeLibraryPakFileMountedCallback: PakFile 'C:/Program Files/Epic Games/UE_4.27/FeaturePacks/TP_2DSideScroller.upack' (chunk index -1, root 'root:/') mounted
[2021.12.21-02.21.18:142][  0]LogShaderLibrary: Display: ShaderCodeLibraryPakFileMountedCallback: pending pak file info (ChunkID:-1 Root:root:/ File:C:/Program Files/Epic Games/UE_4.27/FeaturePacks/TP_2DSideScroller.upack)
[2021.12.21-02.21.18:142][  0]LogPakFile: OnPakFileMounted2Time == 0.000040
[2021.12.21-02.21.18:146][  0]LogPakFile: PakFile PrimaryIndexSize=192
[2021.12.21-02.21.18:146][  0]LogPakFile: PakFile PathHashIndexSize=101
[2021.12.21-02.21.18:146][  0]LogPakFile: PakFile FullDirectoryIndexSize=158
[2021.12.21-02.21.18:146][  0]LogShaderLibrary: Display: ShaderCodeLibraryPakFileMountedCallback: PakFile 'C:/Program Files/Epic Games/UE_4.27/FeaturePacks/TP_2DSideScrollerBP.upack' (chunk index -1, root 'root:/') mounted
[2021.12.21-02.21.18:146][  0]LogShaderLibrary: Display: ShaderCodeLibraryPakFileMountedCallback: pending pak file info (ChunkID:-1 Root:root:/ File:C:/Program Files/Epic Games/UE_4.27/FeaturePacks/TP_2DSideScrollerBP.upack)
[2021.12.21-02.21.18:146][  0]LogPakFile: OnPakFileMounted2Time == 0.000037
[2021.12.21-02.21.18:149][  0]LogPakFile: PakFile PrimaryIndexSize=182
[2021.12.21-02.21.18:149][  0]LogPakFile: PakFile PathHashIndexSize=101
[2021.12.21-02.21.18:149][  0]LogPakFile: PakFile FullDirectoryIndexSize=138
[2021.12.21-02.21.18:149][  0]LogShaderLibrary: Display: ShaderCodeLibraryPakFileMountedCallback: PakFile 'C:/Program Files/Epic Games/UE_4.27/FeaturePacks/TP_Flying.upack' (chunk index -1, root 'root:/') mounted
[2021.12.21-02.21.18:149][  0]LogShaderLibrary: Display: ShaderCodeLibraryPakFileMountedCallback: pending pak file info (ChunkID:-1 Root:root:/ File:C:/Program Files/Epic Games/UE_4.27/FeaturePacks/TP_Flying.upack)
[2021.12.21-02.21.18:149][  0]LogPakFile: OnPakFileMounted2Time == 0.000032
[2021.12.21-02.21.18:152][  0]LogPakFile: PakFile PrimaryIndexSize=184
[2021.12.21-02.21.18:152][  0]LogPakFile: PakFile PathHashIndexSize=101
[2021.12.21-02.21.18:152][  0]LogPakFile: PakFile FullDirectoryIndexSize=142
[2021.12.21-02.21.18:152][  0]LogShaderLibrary: Display: ShaderCodeLibraryPakFileMountedCallback: PakFile 'C:/Program Files/Epic Games/UE_4.27/FeaturePacks/TP_FlyingBP.upack' (chunk index -1, root 'root:/') mounted
[2021.12.21-02.21.18:152][  0]LogShaderLibrary: Display: ShaderCodeLibraryPakFileMountedCallback: pending pak file info (ChunkID:-1 Root:root:/ File:C:/Program Files/Epic Games/UE_4.27/FeaturePacks/TP_FlyingBP.upack)
[2021.12.21-02.21.18:152][  0]LogPakFile: OnPakFileMounted2Time == 0.000030
[2021.12.21-02.21.18:154][  0]LogPakFile: PakFile PrimaryIndexSize=188
[2021.12.21-02.21.18:154][  0]LogPakFile: PakFile PathHashIndexSize=101
[2021.12.21-02.21.18:154][  0]LogPakFile: PakFile FullDirectoryIndexSize=150
[2021.12.21-02.21.18:154][  0]LogShaderLibrary: Display: ShaderCodeLibraryPakFileMountedCallback: PakFile 'C:/Program Files/Epic Games/UE_4.27/FeaturePacks/TP_HandheldARBP.upack' (chunk index -1, root 'root:/') mounted
[2021.12.21-02.21.18:154][  0]LogShaderLibrary: Display: ShaderCodeLibraryPakFileMountedCallback: pending pak file info (ChunkID:-1 Root:root:/ File:C:/Program Files/Epic Games/UE_4.27/FeaturePacks/TP_HandheldARBP.upack)
[2021.12.21-02.21.18:154][  0]LogPakFile: OnPakFileMounted2Time == 0.000030
[2021.12.21-02.21.18:162][  0]LogPakFile: PakFile PrimaryIndexSize=182
[2021.12.21-02.21.18:162][  0]LogPakFile: PakFile PathHashIndexSize=101
[2021.12.21-02.21.18:162][  0]LogPakFile: PakFile FullDirectoryIndexSize=138
[2021.12.21-02.21.18:162][  0]LogShaderLibrary: Display: ShaderCodeLibraryPakFileMountedCallback: PakFile 'C:/Program Files/Epic Games/UE_4.27/FeaturePacks/TP_Puzzle.upack' (chunk index -1, root 'root:/') mounted
[2021.12.21-02.21.18:162][  0]LogShaderLibrary: Display: ShaderCodeLibraryPakFileMountedCallback: pending pak file info (ChunkID:-1 Root:root:/ File:C:/Program Files/Epic Games/UE_4.27/FeaturePacks/TP_Puzzle.upack)
[2021.12.21-02.21.18:162][  0]LogPakFile: OnPakFileMounted2Time == 0.000040
[2021.12.21-02.21.18:165][  0]LogPakFile: PakFile PrimaryIndexSize=184
[2021.12.21-02.21.18:165][  0]LogPakFile: PakFile PathHashIndexSize=101
[2021.12.21-02.21.18:165][  0]LogPakFile: PakFile FullDirectoryIndexSize=142
[2021.12.21-02.21.18:165][  0]LogShaderLibrary: Display: ShaderCodeLibraryPakFileMountedCallback: PakFile 'C:/Program Files/Epic Games/UE_4.27/FeaturePacks/TP_PuzzleBP.upack' (chunk index -1, root 'root:/') mounted
[2021.12.21-02.21.18:165][  0]LogShaderLibrary: Display: ShaderCodeLibraryPakFileMountedCallback: pending pak file info (ChunkID:-1 Root:root:/ File:C:/Program Files/Epic Games/UE_4.27/FeaturePacks/TP_PuzzleBP.upack)
[2021.12.21-02.21.18:165][  0]LogPakFile: OnPakFileMounted2Time == 0.000030
[2021.12.21-02.21.18:168][  0]LogPakFile: PakFile PrimaryIndexSize=183
[2021.12.21-02.21.18:168][  0]LogPakFile: PakFile PathHashIndexSize=101
[2021.12.21-02.21.18:168][  0]LogPakFile: PakFile FullDirectoryIndexSize=140
[2021.12.21-02.21.18:168][  0]LogShaderLibrary: Display: ShaderCodeLibraryPakFileMountedCallback: PakFile 'C:/Program Files/Epic Games/UE_4.27/FeaturePacks/TP_Rolling.upack' (chunk index -1, root 'root:/') mounted
[2021.12.21-02.21.18:168][  0]LogShaderLibrary: Display: ShaderCodeLibraryPakFileMountedCallback: pending pak file info (ChunkID:-1 Root:root:/ File:C:/Program Files/Epic Games/UE_4.27/FeaturePacks/TP_Rolling.upack)
[2021.12.21-02.21.18:168][  0]LogPakFile: OnPakFileMounted2Time == 0.000039
[2021.12.21-02.21.18:172][  0]LogPakFile: PakFile PrimaryIndexSize=185
[2021.12.21-02.21.18:172][  0]LogPakFile: PakFile PathHashIndexSize=101
[2021.12.21-02.21.18:172][  0]LogPakFile: PakFile FullDirectoryIndexSize=144
[2021.12.21-02.21.18:172][  0]LogShaderLibrary: Display: ShaderCodeLibraryPakFileMountedCallback: PakFile 'C:/Program Files/Epic Games/UE_4.27/FeaturePacks/TP_RollingBP.upack' (chunk index -1, root 'root:/') mounted
[2021.12.21-02.21.18:172][  0]LogShaderLibrary: Display: ShaderCodeLibraryPakFileMountedCallback: pending pak file info (ChunkID:-1 Root:root:/ File:C:/Program Files/Epic Games/UE_4.27/FeaturePacks/TP_RollingBP.upack)
[2021.12.21-02.21.18:172][  0]LogPakFile: OnPakFileMounted2Time == 0.000037
[2021.12.21-02.21.18:175][  0]LogPakFile: PakFile PrimaryIndexSize=188
[2021.12.21-02.21.18:175][  0]LogPakFile: PakFile PathHashIndexSize=101
[2021.12.21-02.21.18:175][  0]LogPakFile: PakFile FullDirectoryIndexSize=150
[2021.12.21-02.21.18:175][  0]LogShaderLibrary: Display: ShaderCodeLibraryPakFileMountedCallback: PakFile 'C:/Program Files/Epic Games/UE_4.27/FeaturePacks/TP_SideScroller.upack' (chunk index -1, root 'root:/') mounted
[2021.12.21-02.21.18:175][  0]LogShaderLibrary: Display: ShaderCodeLibraryPakFileMountedCallback: pending pak file info (ChunkID:-1 Root:root:/ File:C:/Program Files/Epic Games/UE_4.27/FeaturePacks/TP_SideScroller.upack)
[2021.12.21-02.21.18:175][  0]LogPakFile: OnPakFileMounted2Time == 0.000030
[2021.12.21-02.21.18:178][  0]LogPakFile: PakFile PrimaryIndexSize=190
[2021.12.21-02.21.18:178][  0]LogPakFile: PakFile PathHashIndexSize=101
[2021.12.21-02.21.18:178][  0]LogPakFile: PakFile FullDirectoryIndexSize=154
[2021.12.21-02.21.18:178][  0]LogShaderLibrary: Display: ShaderCodeLibraryPakFileMountedCallback: PakFile 'C:/Program Files/Epic Games/UE_4.27/FeaturePacks/TP_SideScrollerBP.upack' (chunk index -1, root 'root:/') mounted
[2021.12.21-02.21.18:178][  0]LogShaderLibrary: Display: ShaderCodeLibraryPakFileMountedCallback: pending pak file info (ChunkID:-1 Root:root:/ File:C:/Program Files/Epic Games/UE_4.27/FeaturePacks/TP_SideScrollerBP.upack)
[2021.12.21-02.21.18:178][  0]LogPakFile: OnPakFileMounted2Time == 0.000030
[2021.12.21-02.21.18:181][  0]LogPakFile: PakFile PrimaryIndexSize=187
[2021.12.21-02.21.18:181][  0]LogPakFile: PakFile PathHashIndexSize=101
[2021.12.21-02.21.18:181][  0]LogPakFile: PakFile FullDirectoryIndexSize=148
[2021.12.21-02.21.18:181][  0]LogShaderLibrary: Display: ShaderCodeLibraryPakFileMountedCallback: PakFile 'C:/Program Files/Epic Games/UE_4.27/FeaturePacks/TP_ThirdPerson.upack' (chunk index -1, root 'root:/') mounted
[2021.12.21-02.21.18:181][  0]LogShaderLibrary: Display: ShaderCodeLibraryPakFileMountedCallback: pending pak file info (ChunkID:-1 Root:root:/ File:C:/Program Files/Epic Games/UE_4.27/FeaturePacks/TP_ThirdPerson.upack)
[2021.12.21-02.21.18:181][  0]LogPakFile: OnPakFileMounted2Time == 0.000031
[2021.12.21-02.21.18:184][  0]LogPakFile: PakFile PrimaryIndexSize=189
[2021.12.21-02.21.18:184][  0]LogPakFile: PakFile PathHashIndexSize=101
[2021.12.21-02.21.18:184][  0]LogPakFile: PakFile FullDirectoryIndexSize=152
[2021.12.21-02.21.18:184][  0]LogShaderLibrary: Display: ShaderCodeLibraryPakFileMountedCallback: PakFile 'C:/Program Files/Epic Games/UE_4.27/FeaturePacks/TP_ThirdPersonBP.upack' (chunk index -1, root 'root:/') mounted
[2021.12.21-02.21.18:184][  0]LogShaderLibrary: Display: ShaderCodeLibraryPakFileMountedCallback: pending pak file info (ChunkID:-1 Root:root:/ File:C:/Program Files/Epic Games/UE_4.27/FeaturePacks/TP_ThirdPersonBP.upack)
[2021.12.21-02.21.18:184][  0]LogPakFile: OnPakFileMounted2Time == 0.000033
[2021.12.21-02.21.18:186][  0]LogPakFile: PakFile PrimaryIndexSize=183
[2021.12.21-02.21.18:186][  0]LogPakFile: PakFile PathHashIndexSize=101
[2021.12.21-02.21.18:186][  0]LogPakFile: PakFile FullDirectoryIndexSize=140
[2021.12.21-02.21.18:186][  0]LogShaderLibrary: Display: ShaderCodeLibraryPakFileMountedCallback: PakFile 'C:/Program Files/Epic Games/UE_4.27/FeaturePacks/TP_TopDown.upack' (chunk index -1, root 'root:/') mounted
[2021.12.21-02.21.18:186][  0]LogShaderLibrary: Display: ShaderCodeLibraryPakFileMountedCallback: pending pak file info (ChunkID:-1 Root:root:/ File:C:/Program Files/Epic Games/UE_4.27/FeaturePacks/TP_TopDown.upack)
[2021.12.21-02.21.18:187][  0]LogPakFile: OnPakFileMounted2Time == 0.000047
[2021.12.21-02.21.18:189][  0]LogPakFile: PakFile PrimaryIndexSize=185
[2021.12.21-02.21.18:189][  0]LogPakFile: PakFile PathHashIndexSize=101
[2021.12.21-02.21.18:189][  0]LogPakFile: PakFile FullDirectoryIndexSize=144
[2021.12.21-02.21.18:189][  0]LogShaderLibrary: Display: ShaderCodeLibraryPakFileMountedCallback: PakFile 'C:/Program Files/Epic Games/UE_4.27/FeaturePacks/TP_TopDownBP.upack' (chunk index -1, root 'root:/') mounted
[2021.12.21-02.21.18:189][  0]LogShaderLibrary: Display: ShaderCodeLibraryPakFileMountedCallback: pending pak file info (ChunkID:-1 Root:root:/ File:C:/Program Files/Epic Games/UE_4.27/FeaturePacks/TP_TopDownBP.upack)
[2021.12.21-02.21.18:189][  0]LogPakFile: OnPakFileMounted2Time == 0.000032
[2021.12.21-02.21.18:192][  0]LogPakFile: PakFile PrimaryIndexSize=185
[2021.12.21-02.21.18:192][  0]LogPakFile: PakFile PathHashIndexSize=101
[2021.12.21-02.21.18:192][  0]LogPakFile: PakFile FullDirectoryIndexSize=144
[2021.12.21-02.21.18:192][  0]LogShaderLibrary: Display: ShaderCodeLibraryPakFileMountedCallback: PakFile 'C:/Program Files/Epic Games/UE_4.27/FeaturePacks/TP_TwinStick.upack' (chunk index -1, root 'root:/') mounted
[2021.12.21-02.21.18:192][  0]LogShaderLibrary: Display: ShaderCodeLibraryPakFileMountedCallback: pending pak file info (ChunkID:-1 Root:root:/ File:C:/Program Files/Epic Games/UE_4.27/FeaturePacks/TP_TwinStick.upack)
[2021.12.21-02.21.18:192][  0]LogPakFile: OnPakFileMounted2Time == 0.000032
[2021.12.21-02.21.18:195][  0]LogPakFile: PakFile PrimaryIndexSize=187
[2021.12.21-02.21.18:195][  0]LogPakFile: PakFile PathHashIndexSize=101
[2021.12.21-02.21.18:195][  0]LogPakFile: PakFile FullDirectoryIndexSize=148
[2021.12.21-02.21.18:195][  0]LogShaderLibrary: Display: ShaderCodeLibraryPakFileMountedCallback: PakFile 'C:/Program Files/Epic Games/UE_4.27/FeaturePacks/TP_TwinStickBP.upack' (chunk index -1, root 'root:/') mounted
[2021.12.21-02.21.18:195][  0]LogShaderLibrary: Display: ShaderCodeLibraryPakFileMountedCallback: pending pak file info (ChunkID:-1 Root:root:/ File:C:/Program Files/Epic Games/UE_4.27/FeaturePacks/TP_TwinStickBP.upack)
[2021.12.21-02.21.18:195][  0]LogPakFile: OnPakFileMounted2Time == 0.000040
[2021.12.21-02.21.18:197][  0]LogPakFile: PakFile PrimaryIndexSize=183
[2021.12.21-02.21.18:197][  0]LogPakFile: PakFile PathHashIndexSize=101
[2021.12.21-02.21.18:197][  0]LogPakFile: PakFile FullDirectoryIndexSize=140
[2021.12.21-02.21.18:197][  0]LogShaderLibrary: Display: ShaderCodeLibraryPakFileMountedCallback: PakFile 'C:/Program Files/Epic Games/UE_4.27/FeaturePacks/TP_Vehicle.upack' (chunk index -1, root 'root:/') mounted
[2021.12.21-02.21.18:197][  0]LogShaderLibrary: Display: ShaderCodeLibraryPakFileMountedCallback: pending pak file info (ChunkID:-1 Root:root:/ File:C:/Program Files/Epic Games/UE_4.27/FeaturePacks/TP_Vehicle.upack)
[2021.12.21-02.21.18:197][  0]LogPakFile: OnPakFileMounted2Time == 0.000033
[2021.12.21-02.21.18:201][  0]LogPakFile: PakFile PrimaryIndexSize=186
[2021.12.21-02.21.18:201][  0]LogPakFile: PakFile PathHashIndexSize=101
[2021.12.21-02.21.18:201][  0]LogPakFile: PakFile FullDirectoryIndexSize=146
[2021.12.21-02.21.18:201][  0]LogShaderLibrary: Display: ShaderCodeLibraryPakFileMountedCallback: PakFile 'C:/Program Files/Epic Games/UE_4.27/FeaturePacks/TP_VehicleAdv.upack' (chunk index -1, root 'root:/') mounted
[2021.12.21-02.21.18:201][  0]LogShaderLibrary: Display: ShaderCodeLibraryPakFileMountedCallback: pending pak file info (ChunkID:-1 Root:root:/ File:C:/Program Files/Epic Games/UE_4.27/FeaturePacks/TP_VehicleAdv.upack)
[2021.12.21-02.21.18:201][  0]LogPakFile: OnPakFileMounted2Time == 0.000044
[2021.12.21-02.21.18:205][  0]LogPakFile: PakFile PrimaryIndexSize=188
[2021.12.21-02.21.18:205][  0]LogPakFile: PakFile PathHashIndexSize=101
[2021.12.21-02.21.18:205][  0]LogPakFile: PakFile FullDirectoryIndexSize=150
[2021.12.21-02.21.18:205][  0]LogShaderLibrary: Display: ShaderCodeLibraryPakFileMountedCallback: PakFile 'C:/Program Files/Epic Games/UE_4.27/FeaturePacks/TP_VehicleAdvBP.upack' (chunk index -1, root 'root:/') mounted
[2021.12.21-02.21.18:205][  0]LogShaderLibrary: Display: ShaderCodeLibraryPakFileMountedCallback: pending pak file info (ChunkID:-1 Root:root:/ File:C:/Program Files/Epic Games/UE_4.27/FeaturePacks/TP_VehicleAdvBP.upack)
[2021.12.21-02.21.18:205][  0]LogPakFile: OnPakFileMounted2Time == 0.000036
[2021.12.21-02.21.18:209][  0]LogPakFile: PakFile PrimaryIndexSize=185
[2021.12.21-02.21.18:209][  0]LogPakFile: PakFile PathHashIndexSize=101
[2021.12.21-02.21.18:209][  0]LogPakFile: PakFile FullDirectoryIndexSize=144
[2021.12.21-02.21.18:209][  0]LogShaderLibrary: Display: ShaderCodeLibraryPakFileMountedCallback: PakFile 'C:/Program Files/Epic Games/UE_4.27/FeaturePacks/TP_VehicleBP.upack' (chunk index -1, root 'root:/') mounted
[2021.12.21-02.21.18:209][  0]LogShaderLibrary: Display: ShaderCodeLibraryPakFileMountedCallback: pending pak file info (ChunkID:-1 Root:root:/ File:C:/Program Files/Epic Games/UE_4.27/FeaturePacks/TP_VehicleBP.upack)
[2021.12.21-02.21.18:209][  0]LogPakFile: OnPakFileMounted2Time == 0.000041
[2021.12.21-02.21.18:212][  0]LogPakFile: PakFile PrimaryIndexSize=192
[2021.12.21-02.21.18:212][  0]LogPakFile: PakFile PathHashIndexSize=101
[2021.12.21-02.21.18:212][  0]LogPakFile: PakFile FullDirectoryIndexSize=158
[2021.12.21-02.21.18:212][  0]LogShaderLibrary: Display: ShaderCodeLibraryPakFileMountedCallback: PakFile 'C:/Program Files/Epic Games/UE_4.27/FeaturePacks/TP_VirtualRealityBP.upack' (chunk index -1, root 'root:/') mounted
[2021.12.21-02.21.18:212][  0]LogShaderLibrary: Display: ShaderCodeLibraryPakFileMountedCallback: pending pak file info (ChunkID:-1 Root:root:/ File:C:/Program Files/Epic Games/UE_4.27/FeaturePacks/TP_VirtualRealityBP.upack)
[2021.12.21-02.21.18:212][  0]LogPakFile: OnPakFileMounted2Time == 0.000058
[2021.12.21-02.21.18:354][  0]LogNativeClassHierarchy: Verbose: Native class hierarchy updated for 'AddContentDialog' in 0.0003 seconds. Added 0 classes and 0 folders.
[2021.12.21-02.21.18:355][  0]LogNativeClassHierarchy: Verbose: Native class hierarchy updated for 'SceneOutliner' in 0.0002 seconds. Added 2 classes and 0 folders.
[2021.12.21-02.21.18:451][  0]LogSlate: Took 0.001318 seconds to synchronously load lazily loaded font '../../../Engine/Content/Slate/Fonts/Roboto-Regular.ttf' (155K)
[2021.12.21-02.21.18:452][  0]LogSlate: Took 0.001176 seconds to synchronously load lazily loaded font '../../../Engine/Content/Editor/Slate/Fonts/FontAwesome.ttf' (139K)
[2021.12.21-02.21.18:455][  0]LogSlate: Took 0.001725 seconds to synchronously load lazily loaded font '../../../Engine/Content/Slate/Fonts/Roboto-Bold.ttf' (160K)
[2021.12.21-02.21.18:543][  0]LogRenderer: Reallocating scene render targets to support 1208x608 Format 9 NumSamples 1 (Frame:1).
[2021.12.21-02.21.19:059][  0]LogNativeClassHierarchy: Verbose: Native class hierarchy updated for 'HierarchicalLODOutliner' in 0.0003 seconds. Added 0 classes and 0 folders.
[2021.12.21-02.21.19:059][  0]LogLoad: (Engine Initialization) Total time: 18.55 seconds
[2021.12.21-02.21.19:059][  0]LogLoad: (Engine Initialization) Total Blueprint compile time: 0.00 seconds
[2021.12.21-02.21.19:116][  0]LogAssetRegistry: Asset discovery search completed in 13.6057 seconds
[2021.12.21-02.21.19:159][  0]LogCollectionManager: Fixed up redirectors for 0 collections in 0.000004 seconds (updated 0 objects)
[2021.12.21-02.21.19:161][  0]LogContentStreaming: Texture pool size now 600 MB
[2021.12.21-02.21.19:410][  1]LogFileCache: Retrieving MD5 hashes for directory 'C:/Users/fraci/Documents/Unreal Projects/Grafica 1/Content/' took 0.33s
[2021.12.21-02.21.20:417][  4]LogSlate: Took 0.001747 seconds to synchronously load lazily loaded font '../../../Engine/Content/Slate/Fonts/Roboto-Light.ttf' (167K)
